Beat    Tag    Timestamp    Global Rate    Window Rate    Instant Rate
0    0    1516799399270753314    0.000000    0.000000    0.000000
1    1    1516799399421595176    13.258919    6.629460    6.629459
2    2    1516799399535858905    11.316246    7.544164    8.751684
3    3    1516799399657904372    10.331884    7.748913    8.193668
4    4    1516799399803904045    9.378211    7.502569    6.849330
5    5    1516799400041621190    7.783435    6.486196    4.206680
6    6    1516799400187322680    7.637174    6.546149    6.863348
7    7    1516799400292927002    7.826459    6.848151    9.469309
8    8    1516799400402425937    7.952830    7.069182    9.132509
9    9    1516799400512485513    8.053266    7.247940    9.085988
10    10    1516799400662631134    7.902993    7.184539    6.660201
11    11    1516799400786324361    7.917808    7.327461    8.084517
12    12    1516799401046107940    7.322481    6.621425    3.849358
13    13    1516799401175322015    7.350746    6.590144    7.739095
14    14    1516799401427201237    6.955883    6.160302    3.970157
15    15    1516799401567874157    6.965241    6.551994    7.108689
16    16    1516799401711934514    6.963842    6.559047    6.941535
17    17    1516799401838843608    7.009099    6.468654    7.879656
18    18    1516799402082616607    6.757085    5.951705    4.102177
19    19    1516799402198220278    6.831845    5.932131    8.650244
20    20    1516799402317998974    6.891469    6.040954    8.348730
21    21    1516799402435841829    6.950832    6.062379    8.485877
22    22    1516799402607120729    6.893725    6.406097    5.838431
23    23    1516799402876330483    6.656355    5.878865    3.714576
24    24    1516799402985098135    6.730662    6.418910    9.193910
25    25    1516799403132866590    6.732066    6.389807    6.767344
26    26    1516799403244993038    6.793752    6.522908    8.918502
27    27    1516799403362139464    6.843646    6.564713    8.536325
28    28    1516799403480635541    6.888554    7.152979    8.439098
29    29    1516799403641035590    6.864545    6.930894    6.234412
30    30    1516799403770622406    6.889089    6.884097    7.716834
31    31    1516799403905796885    6.903926    6.802929    7.397846
32    32    1516799404027515789    6.937492    7.040295    8.215651
33    33    1516799404193689864    6.906447    7.590943    6.017786
34    34    1516799404312528482    6.941999    7.533352    8.414773
35    35    1516799404428960660    6.979169    7.715489    8.588691
36    36    1516799404546486216    7.013244    7.683482    8.508788
37    37    1516799404678467897    7.026998    7.596889    7.576809
38    38    1516799404798754375    7.054991    7.586570    8.313486
39    39    1516799404922783542    7.077103    7.801846    8.062620
40    40    1516799405037875255    7.109265    7.891085    8.688723
41    41    1516799405165236179    7.125307    7.940042    7.851702
42    42    1516799405466563380    6.940174    6.949041    3.318652
43    43    1516799405653445608    6.893643    6.850461    5.350964
44    44    1516799405781875055    6.911252    6.805747    7.786376
45    45    1516799405901737970    6.937130    6.789893    8.342864
46    46    1516799406194297379    6.788431    6.068656    3.418109
47    47    1516799406386952499    6.745174    5.853140    5.190622
48    48    1516799406528616637    6.751298    5.780807    7.058950
49    49    1516799406646007796    6.779427    5.803075    8.518529
50    50    1516799406754638358    6.814642    5.824916    9.205513
51    51    1516799406884924304    6.829371    5.815008    7.675425
52    52    1516799407005619159    6.852090    6.497490    8.285357
53    53    1516799407129867741    6.871003    6.773131    8.048382
54    54    1516799407307657966    6.843431    6.554012    5.624606
55    55    1516799407611623946    6.713927    5.848343    3.289842
56    56    1516799407808644448    6.676122    6.194455    5.075614
57    57    1516799407982277659    6.657847    6.268315    5.759267
58    58    1516799408120243322    6.667051    6.282880    7.248180
59    59    1516799408244149575    6.686432    6.257267    8.070618
60    60    1516799408375334231    6.699924    6.170189    7.622843
61    61    1516799408673369507    6.593909    5.591449    3.355308
62    62    1516799408799752327    6.611397    5.573722    7.912468
63    63    1516799408932905896    6.623783    5.546195    7.510125
64    64    1516799409051554663    6.645672    5.734285    8.428238
65    65    1516799409179089050    6.661058    6.379727    7.841023
66    66    1516799409470772168    6.568615    6.016385    3.428378
67    67    1516799409659324889    6.545654    5.962862    5.303556
68    68    1516799409958230835    6.456154    5.440733    3.345534
69    69    1516799410146373936    6.436414    5.257004    5.315103
70    70    1516799410434508975    6.359867    4.856315    3.470595
71    71    1516799410633593632    6.336444    5.101458    5.022989
72    72    1516799410761580223    6.352894    5.097287    7.813319
73    73    1516799410894364927    6.366352    5.098246    7.530988
74    74    1516799411020661588    6.383029    5.078444    7.917866
75    75    1516799411152086145    6.396589    5.068431    7.608928
76    76    1516799411328359039    6.386011    5.383328    5.673022
77    77    1516799411482803963    6.387134    5.484023    6.474800
78    78    1516799411639183064    6.387230    5.949009    6.394716
79    79    1516799411931320421    6.318832    5.602408    3.423047
80    80    1516799412290211511    6.221457    5.388794    2.786361
81    81    1516799412470699734    6.212146    5.443344    5.540528
82    82    1516799412764245301    6.151113    4.993346    3.406626
83    83    1516799413080801963    6.082527    4.573651    3.158992
84    84    1516799413386555155    6.021620    4.226733    3.270612
85    85    1516799413542802165    6.025764    4.182847    6.400122
86    86    1516799413713891422    6.023622    4.191936    5.844902
87    87    1516799413841721663    6.039406    4.239232    7.822875
88    88    1516799413972808834    6.053575    4.285177    7.628512
89    89    1516799414094647724    6.071279    4.622509    8.207560
90    90    1516799414217504322    6.088280    5.188625    8.139571
91    91    1516799414407645910    6.077866    5.162766    5.259239
92    92    1516799414704910162    6.025596    5.152874    3.364010
93    93    1516799414889933089    6.018242    5.527515    5.404736
94    94    1516799415193315017    5.966377    5.534770    3.296175
95    95    1516799415504914293    5.913456    5.096549    3.209250
96    96    1516799415680685771    5.911054    5.084415    5.689205
97    97    1516799415853163523    5.909877    4.971558    5.797849
98    98    1516799416033659655    5.905897    4.852365    5.540285
99    99    1516799416180644349    5.913699    4.793871    6.803429
100    100    1516799416318418117    5.924565    4.759834    7.258276
101    101    1516799416452287879    5.936606    4.890832    7.469947
102    102    1516799416632052577    5.932736    5.189030    5.562827
103    103    1516799416774023834    5.941747    5.307600    7.043679
104    104    1516799416910131223    5.952591    5.824736    7.347140
105    105    1516799417044591863    5.963821    6.494866    7.437121
106    106    1516799417177629285    5.975358    6.680279    7.516682
107    107    1516799417312030504    5.986272    6.854634    7.440409
108    108    1516799417624882691    5.938718    6.284474    3.196398
109    109    1516799417937376879    5.892871    5.692386    3.200060
110    110    1516799418096948859    5.896040    5.622619    6.266764
111    111    1516799418228889316    5.907754    5.628725    7.579176
112    112    1516799418353948560    5.921440    5.807552    7.996210
113    113    1516799418483559056    5.933543    5.849543    7.715425
114    114    1516799418621990474    5.942772    5.841602    7.223794
115    115    1516799418748773369    5.955431    5.867920    7.887499
116    116    1516799418860571567    5.972490    5.941975    8.944688
117    117    1516799418989912234    5.984028    5.959896    7.731520
118    118    1516799419162280932    5.982447    6.504496    5.801517
119    119    1516799419462793370    5.942936    6.555587    3.327649
120    120    1516799419627075099    5.944099    6.535408    6.087104
121    121    1516799419938329988    5.902966    5.849867    3.212801
122    122    1516799420243076300    5.864872    5.293448    3.281418
123    123    1516799420427420952    5.861036    5.144398    5.424622
124    124    1516799420604992927    5.859126    5.042858    5.631519
125    125    1516799420920312963    5.819980    4.605028    3.171381
126    126    1516799421222867982    5.785320    4.233169    3.305184
127    127    1516799421394654457    5.785598    4.158450    5.821180
128    128    1516799421573732729    5.783981    4.146879    5.584150
129    129    1516799421708670787    5.793764    4.452603    7.410808
130    130    1516799422033994296    5.754892    4.154689    3.073863
131    131    1516799422280847340    5.736613    4.268912    4.050993
132    132    1516799422457414877    5.736056    4.516021    5.663555
133    133    1516799422650714284    5.731404    4.497832    5.173322
134    134    1516799422776185451    5.743353    4.605764    7.969959
135    135    1516799422901582886    5.755194    5.047268    7.974645
136    136    1516799423034265937    5.765141    5.520598    7.536758
137    137    1516799423333835578    5.734926    5.156816    3.338122
138    138    1516799423641710237    5.703510    4.835643    3.248075
139    139    1516799423779751575    5.712188    4.828397    7.244207
140    140    1516799423911134529    5.722314    5.327253    7.611337
141    141    1516799424040316428    5.732842    5.683533    7.741023
142    142    1516799424221458463    5.731301    5.668794    5.520530
143    143    1516799424346298217    5.742647    5.897673    8.010269
144    144    1516799424477219335    5.752492    5.878778    7.638187
145    145    1516799424656198305    5.751327    5.699255    5.587249
146    146    1516799424793514329    5.759565    5.684246    7.282471
147    147    1516799424925303861    5.768957    6.283505    7.587856
148    148    1516799425225548534    5.740750    6.313776    3.330617
149    149    1516799425544138079    5.709200    5.667692    3.138835
150    150    1516799425838624276    5.683557    5.188095    3.395745
151    151    1516799426042671318    5.677591    4.994120    4.900831
152    152    1516799426225300913    5.676222    4.990412    5.475564
153    153    1516799426403683576    5.675760    4.860538    5.605926
154    154    1516799426539414237    5.684181    4.849202    7.367532
155    155    1516799426734478421    5.680220    4.811671    5.126518
156    156    1516799426920456697    5.678180    4.701585    5.376972
157    157    1516799427058631065    5.685933    4.687513    7.237232
158    158    1516799427372538949    5.658003    4.657683    3.185648
159    159    1516799427702990774    5.627415    4.632090    3.026160
160    160    1516799427908230313    5.622004    4.831837    4.872356
161    161    1516799428208451201    5.598234    4.617274    3.330881
162    162    1516799428519516173    5.572885    4.358789    3.214762
163    163    1516799428705193864    5.571704    4.344973    5.385677
164    164    1516799428905665923    5.567757    4.226093    4.988226
165    165    1516799429015915017    5.580740    4.383203    9.070369
166    166    1516799429150856456    5.589003    4.483501    7.410622
167    167    1516799429287766106    5.596826    4.486045    7.304087
168    168    1516799429465722734    5.596959    4.777411    5.619347
169    169    1516799429650559031    5.595822    5.134608    5.410193
170    170    1516799429835949763    5.594598    5.187477    5.394013
171    171    1516799429960452947    5.604486    5.707757    8.031923
172    172    1516799430139702977    5.604337    6.172128    5.578800
173    173    1516799430272995299    5.612497    6.378359    7.502308
174    174    1516799430384717101    5.624484    6.761091    8.950804
175    175    1516799430512612099    5.633468    6.681378    7.818914
176    176    1516799430644432589    5.641672    6.695340    7.586074
177    177    1516799430782443939    5.648697    6.690405    7.245781
178    178    1516799430918708706    5.655974    6.882379    7.338654
179    179    1516799431046581133    5.664683    7.163210    7.820294
180    180    1516799431188490010    5.670828    7.393495    7.046776
181    181    1516799431362936850    5.671163    7.130207    5.732405
182    182    1516799431487927394    5.680200    7.417162    8.000605
183    183    1516799431656248610    5.681556    7.229334    5.941022
184    184    1516799431951696991    5.660791    6.381703    3.384686
185    185    1516799432176866557    5.652445    6.008697    4.441098
186    186    1516799432380585226    5.647869    5.759862    4.908730
187    187    1516799432520613927    5.654159    5.753178    7.141393
188    188    1516799432819778610    5.633547    5.260196    3.342641
189    189    1516799433027923227    5.628434    5.047084    4.804352
190    190    1516799433216493870    5.626626    4.930957    5.303052
191    191    1516799433347252045    5.634382    5.039522    7.647705
192    192    1516799433482719985    5.641301    5.013052    7.381820
193    193    1516799433665434925    5.640407    4.977139    5.473006
194    194    1516799433806387215    5.646342    5.391736    7.094599
195    195    1516799433935203656    5.654208    5.687191    7.762984
196    196    1516799434123277773    5.652388    5.738247    5.317053
197    197    1516799434257911664    5.659219    5.756066    7.427550
198    198    1516799434430378909    5.659901    6.208865    5.798202
199    199    1516799434558620213    5.667670    6.532972    7.797800
200    200    1516799434688691189    5.675090    6.792568    7.688110
201    201    1516799434822690135    5.681828    6.777648    7.462745
202    202    1516799434957196910    5.688435    6.782066    7.434570
203    203    1516799435101930146    5.693366    6.961388    6.909263
204    204    1516799435399606875    5.674135    6.276598    3.359349
205    205    1516799435635852006    5.664772    5.880110    4.232891
206    206    1516799435819894680    5.663608    5.894082    5.433522
207    207    1516799435952987931    5.670320    5.899439    7.513529
208    208    1516799436080501370    5.677844    6.060156    7.842311
209    209    1516799436254812784    5.678122    5.895557    5.736859
210    210    1516799436426515156    5.678796    5.754323    5.824031
211    211    1516799436558384067    5.685532    5.761384    7.583289
212    212    1516799436692966692    5.691807    5.761133    7.430380
213    213    1516799436873762571    5.691034    5.643875    5.531100
214    214    1516799437021014961    5.695325    6.167479    6.791061
215    215    1516799437150619602    5.702238    6.601673    7.715773
216    216    1516799437280296294    5.709093    6.847432    7.711486
217    217    1516799437586997005    5.689493    6.119917    3.260508
218    218    1516799437815167947    5.681757    5.764797    4.382679
219    219    1516799437995098362    5.681181    5.746183    5.557704
220    220    1516799438169964661    5.681349    5.735755    5.718655
221    221    1516799438289180107    5.689619    5.777689    8.388175
222    222    1516799438412643534    5.697221    5.815046    8.099565
223    223    1516799438554014123    5.702174    5.951490    7.073607
224    224    1516799438682974281    5.708889    6.016994    7.754333
225    225    1516799438875418700    5.706398    5.797777    5.196306
226    226    1516799439043421120    5.707437    5.671748    5.952295
227    227    1516799439249072946    5.703091    6.016572    4.862588
228    228    1516799439428707997    5.702482    6.197553    5.566842
229    229    1516799439560228684    5.708687    6.389244    7.603367
230    230    1516799439690492145    5.715030    6.576665    7.676750
231    231    1516799439818959869    5.721585    6.536888    7.784056
232    232    1516799439944967913    5.728445    6.526033    7.936001
233    233    1516799440066592515    5.735879    6.611228    8.222021
234    234    1516799440242043021    5.735724    6.414085    5.699613
235    235    1516799440378540142    5.741005    6.652822    7.326162
236    236    1516799440522618767    5.745195    6.760422    6.940655
237    237    1516799440654894430    5.750995    7.113279    7.559970
238    238    1516799440821836654    5.751956    7.178088    5.990096
239    239    1516799440946010533    5.758813    7.216143    8.053223
240    240    1516799441077618176    5.764604    7.209150    7.598343
241    241    1516799441206986737    5.770666    7.204472    7.729853
242    242    1516799441341706130    5.775957    7.159538    7.422836
243    243    1516799441464257844    5.782881    7.154789    8.159821
244    244    1516799441590261722    5.789292    7.417194    7.936264
245    245    1516799441795897598    5.784813    7.055383    4.862965
246    246    1516799441927418172    5.790420    7.118454    7.603373
247    247    1516799442051180083    5.797044    7.161859    8.080030
248    248    1516799442183965110    5.802409    7.341451    7.530970
249    249    1516799442322514048    5.806963    7.264783    7.217666
250    250    1516799442455460738    5.812243    7.257723    7.521812
251    251    1516799442587875913    5.817561    7.241711    7.552005
252    252    1516799442713107570    5.823810    7.291811    7.985201
253    253    1516799442842518848    5.829463    7.255520    7.727302
254    254    1516799442972497537    5.835007    7.234655    7.693569
255    255    1516799443158013373    5.833128    7.341519    5.390375
256    256    1516799443286994548    5.838754    7.355233    7.753069
257    257    1516799443467069413    5.837591    7.062699    5.553246
258    258    1516799443604135641    5.842099    7.041408    7.295743
259    259    1516799443785781876    5.840724    6.834019    5.505206
260    260    1516799443920370915    5.845515    6.826357    7.430026
261    261    1516799444093385282    5.845261    6.642270    5.779867
262    262    1516799444219844053    5.851064    6.636861    7.907716
263    263    1516799444339879100    5.857669    6.678419    8.330900
264    264    1516799444468313268    5.863148    6.685316    7.786090
265    265    1516799444604738889    5.867563    6.912161    7.330001
266    266    1516799444788712488    5.865817    6.659040    5.435563
267    267    1516799444911901647    5.871894    6.921219    8.117597
268    268    1516799445039243666    5.877406    6.968117    7.852867
269    269    1516799445161141693    5.883585    7.270824    8.203578
270    270    1516799445340410158    5.882397    7.042059    5.578226
271    271    1516799445521691482    5.880962    7.001300    5.516288
272    272    1516799445651720123    5.886035    6.983845    7.690613
273    273    1516799445782825448    5.890944    6.930264    7.627455
274    274    1516799445917864938    5.895328    6.898685    7.405241
275    275    1516799446040874755    5.901203    6.963130    8.129432
276    276    1516799446163659962    5.907077    7.273005    8.144304
277    277    1516799446290704491    5.912384    7.252668    7.871256
278    278    1516799446416797026    5.917782    7.259247    7.930684
279    279    1516799446544001676    5.923012    7.231390    7.861348
280    280    1516799446667425651    5.928686    7.535707    8.102154
281    281    1516799446803047056    5.932809    7.804235    7.373467
282    282    1516799446929470727    5.938053    7.826253    7.909911
283    283    1516799447058765117    5.942913    7.837361    7.734288
284    284    1516799447183236385    5.948345    7.902818    8.033983
285    285    1516799447317569877    5.952528    7.832724    7.444160
286    286    1516799447444612658    5.957588    7.806689    7.871364
287    287    1516799447575318382    5.962169    7.784440    7.650774
288    288    1516799447893928070    5.943668    6.769880    3.138637
289    289    1516799448072802312    5.942373    6.541075    5.590520
290    290    1516799448284601335    5.937098    6.183620    4.721457
291    291    1516799448467707991    5.935327    6.007229    5.461298
292    292    1516799448800622371    5.915622    5.344302    3.003775
293    293    1516799449018617912    5.909801    5.102424    4.587250
294    294    1516799449150113145    5.914270    5.084203    7.604838
295    295    1516799449281457602    5.918733    5.091941    7.613568
296    296    1516799449587499544    5.902607    4.666602    3.267526
297    297    1516799449792280168    5.898476    4.510678    4.883275
298    298    1516799449985913275    5.895673    4.780149    5.164406
299    299    1516799450107955300    5.901190    4.913636    8.193899
300    300    1516799450232612148    5.906378    5.133441    8.022022
301    301    1516799450361978731    5.910995    5.279077    7.729972
302    302    1516799450500145772    5.914573    5.884003    7.237616
303    303    1516799450690358729    5.912142    5.981789    5.257265
304    304    1516799450870662375    5.910863    5.812098    5.546200
305    305    1516799451059921040    5.908571    5.622832    5.283774
306    306    1516799451240423656    5.907292    6.049884    5.540086
307    307    1516799451372161850    5.911548    6.329587    7.590813
308    308    1516799451674494609    5.896526    5.922131    3.307614
309    309    1516799451811382428    5.900196    5.870518    7.305252
310    310    1516799451937025673    5.905108    5.867121    7.959043
311    311    1516799452057503716    5.910574    5.897878    8.300268
312    312    1516799452187729214    5.914926    5.925632    7.678988
313    313    1516799452310618653    5.920075    6.171849    8.137396
314    314    1516799452430396615    5.925548    6.411349    8.348781
315    315    1516799452555145952    5.930442    6.687957    8.016075
316    316    1516799452679657506    5.935340    6.948141    8.031383
317    317    1516799452811731767    5.939376    6.946519    7.571498
318    318    1516799452952435003    5.942437    7.825091    7.107157
319    319    1516799453087670247    5.946086    7.835223    7.394522
320    320    1516799453214976894    5.950591    7.825025    7.855049
321    321    1516799453346064572    5.954658    7.760596    7.628482
322    322    1516799453472787226    5.959186    7.781750    7.891249
323    323    1516799453623466161    5.961064    7.617031    6.636628
324    324    1516799453751463457    5.965414    7.569640    7.812665
325    325    1516799453882837993    5.969375    7.531867    7.611825
326    326    1516799454069108083    5.967332    7.197090    5.368548
327    327    1516799454199247059    5.971400    7.207128    7.684093
328    328    1516799454334511600    5.974892    7.235489    7.392921
329    329    1516799454460340443    5.979389    7.285071    7.947303
330    330    1516799454632225875    5.978887    7.055923    5.817829
331    331    1516799454810817780    5.977667    6.827088    5.599358
332    332    1516799454953924588    5.980263    6.751568    6.987788
333    333    1516799455116557888    5.980754    6.697512    6.148802
334    334    1516799455297111942    5.979328    6.469776    5.538508
335    335    1516799455499566053    5.975584    6.185332    4.939391
336    336    1516799455803833115    5.961112    5.764603    3.286586
337    337    1516799455971076367    5.961165    5.643885    5.979314
338    338    1516799456156713804    5.959291    5.487865    5.386844
339    339    1516799456324409591    5.959303    5.364608    5.963179
340    340    1516799456640097725    5.943941    4.980398    3.167683
341    341    1516799456942559846    5.930107    4.690999    3.306199
342    342    1516799457085341520    5.932759    4.691715    7.003700
343    343    1516799457219287614    5.936302    4.755723    7.465690
344    344    1516799457362722589    5.938859    4.841183    6.971800
345    345    1516799457483684277    5.943697    5.040022    8.267080
346    346    1516799457611058408    5.947861    5.533344    7.850888
347    347    1516799457737103125    5.952142    5.662428    7.933692
348    348    1516799457871966242    5.955508    5.830046    7.414926
349    349    1516799458050012500    5.954481    5.795076    5.616518
350    350    1516799458175151234    5.958808    6.514431    7.991131
351    351    1516799458307116264    5.962427    7.328389    7.577765
352    352    1516799458437703935    5.966169    7.394468    7.657691
353    353    1516799458562775889    5.970449    7.443310    7.995398
354    354    1516799458692131871    5.974281    7.522138    7.730605
355    355    1516799458820035531    5.978242    7.483062    7.818385
356    356    1516799458945783974    5.982402    7.492177    7.952385
357    357    1516799459074020302    5.986295    7.479895    7.798102
358    358    1516799459201243282    5.990273    7.522886    7.860215
359    359    1516799459382192578    5.988877    7.506493    5.526410
360    360    1516799459552213554    5.988574    7.261836    5.881627
361    361    1516799459734373276    5.987071    7.006447    5.489688
362    362    1516799459868727608    5.990299    6.988005    7.443005
363    363    1516799459997148416    5.994099    6.971690    7.786900
364    364    1516799460134464232    5.997005    6.933215    7.282482
365    365    1516799460273305838    5.999749    6.881032    7.202452
366    366    1516799460404687664    6.003213    6.854462    7.611403
367    367    1516799460532614523    6.007000    6.855917    7.816967
368    368    1516799460655965975    6.011220    6.874162    8.106917
369    369    1516799460836979780    6.009789    6.873857    5.524441
370    370    1516799460967257859    6.013307    7.066916    7.675888
371    371    1516799461143022603    6.012387    7.098999    5.689423
372    372    1516799461267037125    6.016490    7.151493    8.063572
373    373    1516799461397594842    6.019942    7.140580    7.659448
374    374    1516799461520913337    6.024081    7.212670    8.109084
375    375    1516799461657288104    6.026942    7.225526    7.332735
376    376    1516799461799428431    6.029234    7.169791    7.035301
377    377    1516799461927871488    6.032834    7.167139    7.785551
378    378    1516799462058648599    6.036195    7.129197    7.646598
379    379    1516799462188196494    6.039661    7.400738    7.719153
380    380    1516799462333778144    6.041575    7.317857    6.868998
381    381    1516799462465342505    6.044821    7.562467    7.600843
382    382    1516799462596656862    6.048078    7.520947    7.615314
383    383    1516799462783228867    6.046056    7.216913    5.359861
384    384    1516799462939308198    6.046941    7.050223    6.406998
385    385    1516799463068885578    6.050334    7.084173    7.717396
386    386    1516799463189759669    6.054537    7.192531    8.273072
387    387    1516799463365168421    6.053570    6.957504    5.700970
388    388    1516799463477886683    6.058517    7.046034    8.871677
389    389    1516799463793344457    6.044395    6.229955    3.169996
390    390    1516799463981996885    6.042227    6.067156    5.300753
391    391    1516799464164105988    6.040680    5.886634    5.491214
392    392    1516799464286673712    6.044673    5.917101    8.158755
393    393    1516799464414346095    6.048177    6.130767    7.832547
394    394    1516799464560471885    6.049957    6.168408    6.843419
395    395    1516799464689166599    6.053342    6.171769    7.770327
396    396    1516799464816381061    6.056849    6.147712    7.860741
397    397    1516799464949067189    6.059839    6.313535    7.536583
398    398    1516799465251545233    6.047214    5.638064    3.306025
399    399    1516799465435698891    6.045497    6.088820    5.430248
400    400    1516799465654329839    6.040651    5.979671    4.573918
401    401    1516799465836030728    6.039185    5.981130    5.503550
402    402    1516799465960899251    6.042872    5.972911    8.008423
403    403    1516799466081924264    6.046893    5.996720    8.262755
404    404    1516799466392671030    6.033797    5.457922    3.218054
405    405    1516799466702508720    6.020902    4.966866    3.227496
406    406    1516799466893193804    6.018712    4.815071    5.244249
407    407    1516799467043671588    6.020104    4.774171    6.645499
408    408    1516799467172742551    6.023388    5.205088    7.747676
409    409    1516799467303249231    6.026532    5.354608    7.662443
410    410    1516799467430805103    6.029925    5.629125    7.839702
411    411    1516799467561421017    6.033035    5.795790    7.656035
412    412    1516799467736346902    6.032227    5.632382    5.716707
413    413    1516799467859421157    6.035983    5.625889    8.125176
414    414    1516799468168901846    6.023384    5.629899    3.231219
415    415    1516799468370751901    6.020261    5.994330    4.954173
416    416    1516799468496690789    6.023754    6.236370    7.940359
417    417    1516799468695620515    6.020897    6.053456    5.026901
418    418    1516799468982726282    6.010445    5.524912    3.483037
419    419    1516799469192419507    6.006722    5.293329    4.768871
420    420    1516799469391309438    6.003946    5.100729    5.027907
421    421    1516799469569426976    6.002958    4.980065    5.614270
422    422    1516799469752993323    6.001512    4.958727    5.447622
423    423    1516799469903567751    6.002876    4.892017    6.641234
424    424    1516799470083572287    6.001738    5.222831    5.555416
425    425    1516799470263987680    6.000572    5.281962    5.542764
426    426    1516799470409655953    6.002342    5.227487    6.864913
427    427    1516799470534521279    6.005857    5.438031    8.008628
428    428    1516799470663131430    6.009045    5.950946    7.775436
429    429    1516799470790438006    6.012331    6.257750    7.855054
430    430    1516799470968045815    6.011385    6.342215    5.630383
431    431    1516799471146571407    6.010366    6.340573    5.601438
432    432    1516799471272059137    6.013780    6.582994    7.968907
433    433    1516799471412993480    6.015893    6.625036    7.095503
434    434    1516799471550976239    6.018244    6.814756    7.247282
435    435    1516799471691819453    6.020348    7.003626    7.100094
436    436    1516799471821241867    6.023392    7.084230    7.726637
437    437    1516799471959007186    6.025733    7.020076    7.258721
438    438    1516799472126206535    6.025630    6.834919    5.980885
439    439    1516799472255661436    6.028644    6.824898    7.724698
440    440    1516799472432426171    6.027746    6.828827    5.657237
441    441    1516799472559551780    6.030935    7.077240    7.866236
442    442    1516799472684335499    6.034306    7.080767    8.013866
443    443    1516799472817673383    6.036963    7.119060    7.499744
444    444    1516799472947774294    6.039875    7.159231    7.686341
445    445    1516799473071761111    6.043278    7.246684    8.065374
446    446    1516799473242870926    6.042817    7.034184    5.844200
447    447    1516799473420306140    6.041844    6.843227    5.635860
448    448    1516799473648611975    6.036743    6.568552    4.380090
449    449    1516799473970840195    6.024089    5.830296    3.103391
450    450    1516799474153090025    6.022782    5.811710    5.486974
451    451    1516799474290853746    6.025052    5.776000    7.258805
452    452    1516799474440707768    6.026344    5.693553    6.673161
453    453    1516799474577299573    6.028692    5.683025    7.321083
454    454    1516799474711073104    6.031258    5.671188    7.475320
455    455    1516799475006663648    6.020922    5.168219    3.383058
456    456    1516799475196017005    6.019077    5.119945    5.281132
457    457    1516799475374747527    6.018081    5.116551    5.595015
458    458    1516799475571992609    6.015630    5.199179    5.069835
459    459    1516799475767528732    6.013325    5.565795    5.114145
460    460    1516799475905838896    6.015521    5.705324    7.230127
461    461    1516799476040213289    6.018018    5.716378    7.441894
462    462    1516799476217779634    6.017127    5.627234    5.631698
463    463    1516799476533415576    6.005488    5.112171    3.168207
464    464    1516799476761968235    6.000680    4.875919    4.375359
465    465    1516799477059060473    5.990618    4.872352    3.365958
466    466    1516799477265060410    5.987616    4.833151    4.854370
467    467    1516799477569450043    5.977111    4.556426    3.285263
468    468    1516799477896251690    5.964986    4.302446    3.059960
469    469    1516799478230478513    5.952402    4.060172    2.991980
470    470    1516799478418840109    5.950870    3.979306    5.308938
471    471    1516799478621445396    5.948278    3.874119    4.935705
472    472    1516799478922684425    5.938337    3.696988    3.319623
473    473    1516799479144103361    5.934395    3.830408    4.516326
474    474    1516799479268853829    5.937641    3.989013    8.016002
475    475    1516799479401154834    5.940317    4.269683    7.558522
476    476    1516799479519952639    5.943985    4.434802    8.417664
477    477    1516799479838685909    5.932882    4.406770    3.137420
478    478    1516799480072351838    5.928101    4.595376    4.279614
479    479    1516799480259975498    5.926715    4.927330    5.329818
480    480    1516799480401677743    5.928689    5.043277    7.057051
481    481    1516799480539666179    5.930927    5.213164    7.246984
482    482    1516799480721227217    5.929984    5.560057    5.507790
483    483    1516799480847987898    5.933028    5.868942    7.888882
484    484    1516799480976025012    5.935969    5.857643    7.810235
485    485    1516799481105913721    5.938768    5.865932    7.698899
486    486    1516799481279864023    5.938365    5.682105    5.748768
487    487    1516799481402744350    5.941656    6.393623    8.137999
488    488    1516799481698994590    5.932433    6.147632    3.375525
489    489    1516799481912464383    5.929209    6.051477    4.684504
490    490    1516799482097451975    5.928040    5.897011    5.405768
491    491    1516799482284084903    5.926759    5.732569    5.358111
492    492    1516799482413030370    5.929595    5.910853    7.755216
493    493    1516799482586659410    5.929240    5.751518    5.759405
494    494    1516799482765610690    5.928509    5.587886    5.588113
495    495    1516799482959469000    5.926725    5.395038    5.158407
496    496    1516799483140895439    5.925828    5.373364    5.511876
497    497    1516799483335867743    5.923979    5.172976    5.128934
498    498    1516799483521096987    5.922825    5.488166    5.398716
499    499    1516799483841683301    5.912197    5.183445    3.119285
500    500    1516799484151034779    5.902431    4.869538    3.232569
501    501    1516799484465833096    5.892359    4.583480    3.176637
502    502    1516799484599506167    5.894848    4.573570    7.480938
503    503    1516799484723589119    5.897990    4.679611    8.059125
504    504    1516799484906716897    5.897055    4.670483    5.460668
505    505    1516799485034352800    5.899939    4.819547    7.834786
506    506    1516799485342232395    5.890453    4.542694    3.248023
507    507    1516799485652167102    5.880895    4.317231    3.226486
508    508    1516799485865188257    5.877976    4.266046    4.694369
509    509    1516799486178683245    5.868279    4.278990    3.189844
510    510    1516799486302272886    5.871436    4.648486    8.091293
511    511    1516799486437596237    5.873793    5.071603    7.389708
512    512    1516799486617031489    5.873175    4.956567    5.573041
513    513    1516799486761521481    5.874906    4.906934    6.920895
514    514    1516799486878854049    5.878452    5.070642    8.522783
515    515    1516799487011120466    5.880987    5.058764    7.560498
516    516    1516799487131366180    5.884320    5.589297    8.316305
517    517    1516799487280488476    5.885713    6.141294    6.705905
518    518    1516799487415886056    5.888017    6.448710    7.385656
519    519    1516799487592157367    5.887588    7.074767    5.673073
520    520    1516799487765260096    5.887371    6.835330    5.776916
521    521    1516799487888761746    5.890451    6.891013    8.097058
522    522    1516799488074840875    5.889369    6.859607    5.374058
523    523    1516799488257373039    5.888526    6.685155    5.478487
524    524    1516799488439907094    5.887686    6.405932    5.478430
525    525    1516799488640599322    5.885654    6.136931    4.982754
526    526    1516799488823562123    5.884796    5.909481    5.465592
527    527    1516799489000806524    5.884316    5.812879    5.641927
528    528    1516799489151248894    5.885593    5.762484    6.647064
529    529    1516799489275369185    5.888587    5.941023    8.056700
530    530    1516799489571018981    5.880381    5.537838    3.382380
531    531    1516799489729880156    5.881109    5.431481    6.294804
532    532    1516799490045307264    5.871690    5.074941    3.170305
533    533    1516799490320501389    5.864926    4.847008    3.633799
534    534    1516799490467837423    5.866416    4.931136    6.787206
535    535    1516799490597941022    5.869008    5.108970    7.686182
536    536    1516799490772321195    5.868752    5.131471    5.734597
537    537    1516799490904001892    5.871231    5.254322    7.594127
538    538    1516799491032469695    5.873909    5.315697    7.784052
539    539    1516799491159759801    5.876655    5.306756    7.856070
540    540    1516799491341347923    5.875926    5.648668    5.506968
541    541    1516799491464721357    5.878910    5.764216    8.105473
542    542    1516799491598194961    5.881242    6.439616    7.492118
543    543    1516799491777274348    5.880667    6.864488    5.584116
544    544    1516799491909886506    5.883043    6.934577    7.540787
545    545    1516799492048724519    5.885018    6.892827    7.202638
546    546    1516799492188081990    5.886954    7.063340    7.175790
547    547    1516799492372381784    5.886041    6.810227    5.425942
548    548    1516799492560935753    5.884864    6.542507    5.303521
549    549    1516799492708469884    5.886274    6.456986    6.778093
550    550    1516799492831150060    5.889244    6.712301    8.151276
551    551    1516799492967184145    5.891366    6.655739    7.351099
552    552    1516799493106957097    5.893248    6.627950    7.154460
553    553    1516799493240634736    5.895506    6.833587    7.480683
554    554    1516799493376106626    5.897645    6.820258    7.381605
555    555    1516799493570872732    5.896069    6.569663    5.134364
556    556    1516799493703014239    5.898408    6.600955    7.567645
557    557    1516799493828330559    5.901166    6.868373    7.979807
558    558    1516799493957145380    5.903699    7.162249    7.763082
559    559    1516799494091360711    5.905889    7.231228    7.450714
560    560    1516799494268737533    5.905388    6.956098    5.637715
561    561    1516799494571769352    5.897104    6.232140    3.299983
562    562    1516799494891465373    5.887846    5.603785    3.127971
563    563    1516799495202365318    5.879188    5.097540    3.216469
564    564    1516799495381143775    5.878657    4.987439    5.593515
565    565    1516799495564071643    5.877874    5.017061    5.466636
566    566    1516799495740289257    5.877503    4.908517    5.674802
567    567    1516799495877701067    5.879494    4.879547    7.277395
568    568    1516799496051354313    5.879277    4.775073    5.758602
569    569    1516799496185697469    5.881446    4.774781    7.443624
570    570    1516799496358159913    5.881298    4.786012    5.798364
571    571    1516799496537358920    5.880744    5.087532    5.580388
572    572    1516799496862225431    5.871415    5.074184    3.078187
573    573    1516799497163815589    5.863541    5.098269    3.315758
574    574    1516799497457123241    5.856210    4.817003    3.409389
575    575    1516799497753699308    5.848728    4.566987    3.371816
576    576    1516799497941596601    5.847725    4.542755    5.322056
577    577    1516799498255596745    5.839278    4.205399    3.184712
578    578    1516799498466177516    5.836963    4.141090    4.748772
579    579    1516799498770149032    5.829181    3.869293    3.289782
580    580    1516799499096237098    5.820157    3.652198    3.066656
581    581    1516799499410834706    5.811859    3.480106    3.178664
582    582    1516799499707765343    5.804633    3.514272    3.367790
583    583    1516799500039409350    5.795453    3.477542    3.015281
584    584    1516799500338139255    5.788217    3.470998    3.347505
585    585    1516799500510953133    5.788215    3.626797    5.786572
586    586    1516799500691851853    5.787750    3.636026    5.527955
587    587    1516799500878411749    5.786965    3.812697    5.360209
588    588    1516799501019398015    5.788775    3.916622    7.092889
589    589    1516799501207362351    5.787911    4.103047    5.320158
590    590    1516799501351196913    5.789552    4.434669    6.952432
591    591    1516799501525569158    5.789458    4.728726    5.734858
592    592    1516799501669213949    5.791103    5.098273    6.961617
593    593    1516799501961788523    5.784341    5.201887    3.417932
594    594    1516799502268717508    5.776813    5.179795    3.258083
595    595    1516799502592922382    5.768365    4.803145    3.084469
596    596    1516799502775196949    5.767868    4.799973    5.486229
597    597    1516799502975245453    5.766385    4.769095    4.998788
598    598    1516799503161261664    5.765686    4.668831    5.375876
599    599    1516799503314381622    5.766812    4.746041    6.530827
600    600    1516799503481935284    5.767135    4.693209    5.968237
601    601    1516799503664742676    5.766616    4.674703    5.470238
602    602    1516799503843100804    5.766343    4.600055    5.606697
603    603    1516799503975921286    5.768579    4.964916    7.528959
604    604    1516799504157382030    5.768133    5.294747    5.510834
605    605    1516799504342632927    5.767480    5.715231    5.398085
606    606    1516799504522120513    5.767146    5.724349    5.571416
607    607    1516799504755294183    5.763878    5.617824    4.288649
608    608    1516799504890306077    5.765978    5.783541    7.406755
609    609    1516799505017295323    5.768510    5.872288    7.874683
610    610    1516799505142098592    5.771156    6.023504    8.012611
611    611    1516799505319097878    5.770953    6.044651    5.649740
612    612    1516799505492609395    5.770940    6.062411    5.763306
613    613    1516799505795263728    5.763932    5.496491    3.304099
614    614    1516799506106479965    5.756501    5.130579    3.213200
615    615    1516799506416653842    5.749170    4.821552    3.223998
616    616    1516799506657061746    5.745611    4.683969    4.159597
617    617    1516799506840448778    5.745112    4.795807    5.452948
618    618    1516799507006105527    5.745561    4.726346    6.036579
619    619    1516799507189953220    5.745039    4.602657    5.439285
620    620    1516799507378250765    5.744282    4.471968    5.310744
621    621    1516799507572940787    5.743190    4.436866    5.136370
622    622    1516799507711561685    5.745070    4.506631    7.213920
623    623    1516799507891128245    5.744779    4.771301    5.568966
624    624    1516799508071761346    5.744432    5.088330    5.536084
625    625    1516799508270425463    5.743137    5.394408    5.033622
626    626    1516799508444931193    5.743116    5.593250    5.730471
627    627    1516799508605909512    5.743807    5.664244    6.212017
628    628    1516799508773827484    5.744131    5.656998    5.955289
629    629    1516799508952364034    5.743898    5.674046    5.601094
630    630    1516799509263418083    5.736746    5.304569    3.214875
631    631    1516799509509558683    5.733008    5.163641    4.062719
632    632    1516799509720400985    5.731118    4.977999    4.742881
633    633    1516799509889714239    5.731386    5.003538    5.906212
634    634    1516799510029552648    5.733179    5.107797    7.151111
635    635    1516799510209430967    5.732897    5.157283    5.559314
636    636    1516799510335036667    5.735417    5.290710    7.961422
637    637    1516799510525144860    5.734605    5.210408    5.260163
638    638    1516799510718619489    5.733623    5.141938    5.168636
639    639    1516799510875479375    5.734524    5.199896    6.375116
640    640    1516799511053784002    5.734323    5.585450    5.608379
641    641    1516799511181793961    5.736699    5.980020    7.811892
642    642    1516799511357183526    5.736644    6.109547    5.701593
643    643    1516799511530948349    5.736673    6.092976    5.754905
644    644    1516799511703525979    5.736761    5.973811    5.794494
645    645    1516799512014520090    5.729807    5.539893    3.215495
646    646    1516799512305919801    5.723882    5.073867    3.431712
647    647    1516799512480504351    5.723889    5.114149    5.727884
648    648    1516799512799598716    5.716609    4.805430    3.133869
649    649    1516799513000968595    5.715280    4.704799    4.965986
650    650    1516799513191996590    5.714474    4.676803    5.234835
651    651    1516799513320464959    5.716805    4.675801    7.784017
652    652    1516799513517018905    5.715723    4.629982    5.087662
653    653    1516799513705361422    5.715054    4.598942    5.309476
654    654    1516799513887689250    5.714688    4.578413    5.484626
655    655    1516799514016205882    5.717002    4.995789    7.781094
656    656    1516799514199494945    5.716586    5.281015    5.455863
657    657    1516799514373738793    5.716620    5.281966    5.739084
658    658    1516799514557820964    5.716166    5.687563    5.432357
659    659    1516799514729959306    5.716305    5.783721    5.809281
660    660    1516799514892701087    5.716908    5.879916    6.144704
661    661    1516799515213660324    5.709707    5.282075    3.115660
662    662    1516799515384924849    5.709897    5.353589    5.838921
663    663    1516799515541958905    5.710786    5.444851    6.368045
664    664    1516799515666568327    5.713264    5.621518    8.025075
665    665    1516799515797315411    5.715435    5.614478    7.648354
666    666    1516799515949871447    5.716533    5.713057    6.554968
667    667    1516799516281514020    5.708877    5.241708    3.015294
668    668    1516799516609515115    5.701441    4.874021    3.048770
669    669    1516799516828113268    5.699345    4.766095    4.574604
670    670    1516799517162458508    5.691664    4.405757    2.990920
671    671    1516799517476691870    5.684994    4.418851    3.182348
672    672    1516799517783040376    5.678736    4.169941    3.264256
673    673    1516799517970894317    5.678174    4.117030    5.323285
674    674    1516799518138761612    5.678567    4.044991    5.957087
675    675    1516799518277055308    5.680371    4.032681    7.230988
676    676    1516799518460051000    5.680040    3.983779    5.464610
677    677    1516799518603360814    5.681599    4.306917    6.977889
678    678    1516799518776126827    5.681753    4.615502    5.788175
679    679    1516799518952694010    5.681726    4.706811    5.663567
680    680    1516799519141952038    5.681098    5.051797    5.283792
681    681    1516799519330698550    5.680496    5.393723    5.298111
682    682    1516799519645926067    5.673927    5.368016    3.172312
683    683    1516799519852301610    5.672510    5.315170    4.845535
684    684    1516799520015823055    5.673109    5.327476    6.115406
685    685    1516799520155562140    5.674824    5.323377    7.156194
686    686    1516799520324030970    5.675187    5.364864    5.935816
687    687    1516799520442872889    5.677874    5.436224    8.414539
688    688    1516799520564768473    5.680412    5.590835    8.203743
689    689    1516799520746220580    5.680159    5.575607    5.511096
690    690    1516799520934747033    5.679577    5.577882    5.304295
691    691    1516799521078959226    5.681062    5.719971    6.934226
692    692    1516799521254198534    5.681099    6.217852    5.706482
693    693    1516799521444271231    5.680445    6.281527    5.261145
694    694    1516799521614444877    5.680718    6.255388    5.876351
695    695    1516799521906838601    5.675328    5.710121    3.420046
696    696    1516799522112699588    5.673958    5.590750    4.857647
697    697    1516799522309687008    5.673001    5.356720    5.076466
698    698    1516799522613375471    5.667141    4.881366    3.292848
699    699    1516799522843938364    5.664659    4.767086    4.337211
700    700    1516799523134713950    5.659435    4.545523    3.439078
701    701    1516799523418975325    5.654531    4.273475    3.517889
702    702    1516799523627928572    5.653071    4.212779    4.785760
703    703    1516799523921337235    5.647787    4.037034    3.408216
704    704    1516799524153224793    5.645308    3.938900    4.312435
705    705    1516799524344036673    5.644691    4.103072    5.240764
706    706    1516799524539563244    5.643863    4.120544    5.114394
707    707    1516799524863399569    5.637273    3.915867    3.087980
708    708    1516799525066874802    5.636104    4.075811    4.914603
709    709    1516799525246318431    5.636014    4.162539    5.572781
710    710    1516799525550528242    5.630355    4.139391    3.287205
711    711    1516799525821597692    5.626197    4.162119    3.689091
712    712    1516799525990725823    5.626580    4.232272    5.912677
713    713    1516799526170856439    5.626473    4.445395    5.551527
714    714    1516799526300656503    5.628596    4.656725    7.704156
715    715    1516799526607399288    5.622890    4.418205    3.260060
716    716    1516799526819455320    5.621382    4.386173    4.715735
717    717    1516799526953352097    5.623319    4.784798    7.468440
718    718    1516799527093411606    5.624981    4.934527    7.139822
719    719    1516799527228824583    5.626843    5.044121    7.384817
720    720    1516799527353497889    5.629174    5.546405    8.020963
721    721    1516799527477621877    5.631524    6.038559    8.056460
722    722    1516799527607597260    5.633612    6.184784    7.693765
723    723    1516799527732251479    5.635930    6.404529    8.022191
724    724    1516799527865630727    5.637861    6.389882    7.497418
725    725    1516799528004625814    5.639541    7.157035    7.194499
726    726    1516799528301570634    5.634313    6.747113    3.367629
727    727    1516799528612468396    5.628501    6.027305    3.216491
728    728    1516799528757083779    5.629938    6.010799    6.914894
729    729    1516799528896654357    5.631591    5.995816    7.164834
730    730    1516799529077011161    5.631470    5.802102    5.544565
731    731    1516799529234244935    5.632351    5.692741    6.359957
732    732    1516799529369071721    5.634200    5.677063    7.416924
733    733    1516799529677988854    5.628522    5.139440    3.237114
734    734    1516799529883526334    5.627321    4.955657    4.865293
735    735    1516799530185792116    5.621967    4.584703    3.308347
736    736    1516799530495253299    5.616329    4.558544    3.231423
737    737    1516799530637655595    5.617853    4.937815    7.022359
738    738    1516799530761051015    5.620187    4.990102    8.104028
739    739    1516799530943709473    5.619985    4.885067    5.474699
740    740    1516799531084010205    5.621589    4.982563    7.127547
741    741    1516799531217083722    5.623499    5.043274    7.514643
742    742    1516799531387452574    5.623816    4.954466    5.869618
743    743    1516799531508625242    5.626225    5.462582    8.252686
744    744    1516799531685319169    5.626269    5.550028    5.659504
745    745    1516799531804681041    5.628747    6.177076    8.377885
746    746    1516799531929385567    5.630994    6.972857    8.018955
747    747    1516799532060981809    5.632945    7.025796    7.599001
748    748    1516799532246280934    5.632615    6.732965    5.396680
749    749    1516799532377846006    5.634561    6.972837    7.600802
750    750    1516799532555636492    5.634547    6.795204    5.624598
751    751    1516799532734401336    5.634493    6.590578    5.593941
752    752    1516799532866516809    5.636406    6.761032    7.569136
753    753    1516799533006027345    5.638004    6.678233    7.167917
754    754    1516799533128317500    5.640324    6.930015    8.177273
755    755    1516799533251276608    5.642611    6.912782    8.132785
756    756    1516799533381289347    5.644598    6.887508    7.691554
757    757    1516799533506451716    5.646784    6.918165    7.989622
758    758    1516799533824627908    5.640863    6.335742    3.142913
759    759    1516799534117401882    5.636032    5.748594    3.415604
760    760    1516799534423762397    5.630655    5.352958    3.264128
761    761    1516799534629331289    5.629492    5.277240    4.864549
762    762    1516799534809234202    5.629398    5.147429    5.558554
763    763    1516799534937328097    5.631453    5.177857    7.806773
764    764    1516799535060681834    5.633702    5.175007    8.106767
765    765    1516799535183654647    5.635962    5.174971    8.131879
766    766    1516799535363418848    5.635866    5.045079    5.562843
767    767    1516799535494446058    5.637786    5.030195    7.632003
768    768    1516799535620074144    5.639925    5.569646    7.960003
769    769    1516799535749020098    5.641924    6.128885    7.755187
770    770    1516799535875791422    5.644009    6.886915    7.888219
771    771    1516799536006216927    5.645938    7.262767    7.667212
772    772    1516799536124630349    5.648360    7.602273    8.444989
773    773    1516799536254010975    5.650326    7.594843    7.729132
774    774    1516799536389686774    5.652028    7.524426    7.370511
775    775    1516799536521876494    5.653870    7.472602    7.564885
776    776    1516799536660121985    5.655459    7.711865    7.233509
777    777    1516799536792529568    5.657286    7.703665    7.552438
778    778    1516799536953652565    5.657929    7.498622    6.206439
779    779    1516799537081510061    5.659936    7.504747    7.821207
780    780    1516799537203239891    5.662190    7.533249    8.214913
781    781    1516799537333297356    5.664100    7.535338    7.688909
782    782    1516799537517823211    5.663773    7.177757    5.419295
783    783    1516799537669079520    5.664808    7.066796    6.611294
784    784    1516799537791884511    5.667005    7.131662    8.142992
785    785    1516799537912758572    5.669277    7.189682    8.273074
786    786    1516799538034510780    5.671510    7.275961    8.213403
787    787    1516799538172674219    5.673068    7.245617    7.237805
788    788    1516799538347621760    5.673122    7.173760    5.715999
789    789    1516799538475408246    5.675098    7.174125    7.825554
790    790    1516799538612001035    5.676711    7.098435    7.321031
791    791    1516799538750987712    5.678224    7.053726    7.194934
792    792    1516799538881607732    5.680074    7.332537    7.655794
793    793    1516799539181769086    5.675036    6.610742    3.331541
794    794    1516799539313828487    5.676825    6.570544    7.572350
795    795    1516799539435867766    5.679017    6.565518    8.194083
796    796    1516799539554501504    5.681342    6.578988    8.429305
797    797    1516799539741390495    5.680903    6.374639    5.350770
798    798    1516799539886132779    5.682167    6.499791    6.908831
799    799    1516799540176900536    5.677538    5.877194    3.439171
800    800    1516799540353812257    5.677507    5.741150    5.652537
801    801    1516799540669014264    5.671923    5.213692    3.172569
802    802    1516799540966937806    5.667055    4.795404    3.356566
803    803    1516799541271667090    5.661935    4.784922    3.281601
804    804    1516799541465331485    5.661257    4.647913    5.163572
805    805    1516799541644668786    5.661149    4.527343    5.576085
806    806    1516799541943119247    5.656316    4.186522    3.350640
807    807    1516799542244098360    5.651403    3.995672    3.322490
808    808    1516799542377198922    5.653135    4.014346    7.513116
809    809    1516799542534389100    5.653912    4.241802    6.361721
810    810    1516799542737780671    5.652867    4.194686    4.916625
811    811    1516799542865563490    5.654800    4.552595    7.825778
812    812    1516799542984015068    5.657098    4.957668    8.442268
813    813    1516799543169299594    5.656763    5.269724    5.397105
814    814    1516799543345877633    5.656771    5.317605    5.663218
815    815    1516799543524058848    5.656716    5.320875    5.612264
816    816    1516799543712856848    5.656246    5.650555    5.296666
817    817    1516799543896446015    5.655980    6.051995    5.446944
818    818    1516799544071931779    5.656031    5.900635    5.698468
819    819    1516799544254374334    5.655811    5.814003    5.481177
820    820    1516799544432387182    5.655764    5.901075    5.617572
821    821    1516799544571092596    5.657248    5.863283    7.209524
822    822    1516799544709110188    5.658755    5.796782    7.245453
823    823    1516799544837235913    5.660644    5.995433    7.804834
824    824    1516799544963044638    5.662619    6.183653    7.948574
825    825    1516799545102232778    5.664072    6.336437    7.184520
826    826    1516799545227698367    5.666054    6.601351    7.970313
827    827    1516799545355766499    5.667933    6.852504    7.808344
828    828    1516799545481776961    5.669887    7.092978    7.935849
829    829    1516799545612174929    5.671668    7.364851    7.668831
830    830    1516799545797087431    5.671335    7.327616    5.407963
831    831    1516799545931036842    5.672974    7.353242    7.465505
832    832    1516799546055357246    5.674982    7.428057    8.043732
833    833    1516799546242496646    5.674560    7.116117    5.343610
834    834    1516799546370040954    5.676438    7.107339    7.840413
835    835    1516799546501591412    5.678158    7.146132    7.601646
836    836    1516799546621347060    5.680330    7.175410    8.350337
837    837    1516799546814361911    5.679677    6.855911    5.180948
838    838    1516799546945113803    5.681420    6.833697    7.648073
839    839    1516799547238665850    5.676906    6.148205    3.406551
840    840    1516799547436887735    5.676061    6.098303    5.044852
841    841    1516799547571417372    5.677655    6.096147    7.433306
842    842    1516799547691730662    5.679790    6.111074    8.311634
843    843    1516799547818741935    5.681666    6.344190    7.873317
844    844    1516799547944340369    5.683592    6.352032    7.961883
845    845    1516799548072698842    5.685410    6.364937    7.790682
846    846    1516799548393397998    5.679889    5.643179    3.118187
847    847    1516799548689387768    5.675330    5.333260    3.378495
848    848    1516799548844634055    5.676125    5.264487    6.441378
849    849    1516799549020187880    5.676148    5.613178    5.696259
850    850    1516799549156974717    5.677640    5.813659    7.310645
851    851    1516799549281560352    5.679591    5.847464    8.026608
852    852    1516799549417767853    5.681099    5.793618    7.341740
853    853    1516799549541971543    5.683058    5.803057    8.051291
854    854    1516799549722185256    5.682897    5.624787    5.548967
855    855    1516799549854494304    5.684545    5.612316    7.558062
856    856    1516799549992855894    5.685961    6.252118    7.227439
857    857    1516799550164591858    5.686117    6.778723    5.822892
858    858    1516799550339514391    5.686152    6.689499    5.716816
859    859    1516799550530251467    5.685593    6.622238    5.242819
860    860    1516799550679707100    5.686586    6.567142    6.690949
861    861    1516799550809919836    5.688298    6.542963    7.679740
862    862    1516799550933236413    5.690267    6.598619    8.109210
863    863    1516799551062967963    5.691992    6.574637    7.708225
864    864    1516799551193873781    5.693669    6.794916    7.639080
865    865    1516799551327755450    5.695233    6.787663    7.469282
866    866    1516799551455528357    5.697022    6.836801    7.826385
867    867    1516799551651159889    5.696270    6.726904    5.111650
868    868    1516799551834088195    5.695995    6.690871    5.466623
869    869    1516799551972166786    5.697393    6.935220    7.242252
870    870    1516799552102634930    5.699073    7.027763    7.664706
871    871    1516799552235860042    5.700646    7.012917    7.506092
872    872    1516799552363187882    5.702437    6.993244    7.853742
873    873    1516799552549084081    5.702045    6.728949    5.379346
874    874    1516799552673951461    5.703923    6.756402    8.008497
875    875    1516799552790018954    5.706124    6.838713    8.615677
876    876    1516799552909369998    5.708200    6.878328    8.378645
877    877    1516799553043323041    5.709731    7.183066    7.465303
878    878    1516799553195160547    5.710595    7.347148    6.585988
879    879    1516799553494698265    5.705988    6.568008    3.338478
880    880    1516799553683611738    5.705483    6.325203    5.293429
881    881    1516799553865259524    5.705248    6.137230    5.505159
882    882    1516799554054483190    5.704734    5.912628    5.284751
883    883    1516799554359221070    5.699972    5.524444    3.281509
884    884    1516799554656870735    5.695489    5.043070    3.359654
885    885    1516799554972140393    5.690380    4.582696    3.171888
886    886    1516799555298308321    5.684893    4.185960    3.065905
887    887    1516799555603879314    5.680178    3.905401    3.272562
888    888    1516799555790680471    5.679788    3.852793    5.353286
889    889    1516799555929567270    5.681136    4.106997    7.200108
890    890    1516799556053774111    5.683013    4.219120    8.051086
891    891    1516799556179728901    5.684825    4.320645    7.939357
892    892    1516799556367801337    5.684384    4.322795    5.317100
893    893    1516799556515507774    5.685404    4.637602    6.770186
894    894    1516799556649789334    5.686907    5.017766    7.447039
895    895    1516799556769470500    5.688935    5.563808    8.355534
896    896    1516799556892644608    5.690834    6.272202    8.118589
897    897    1516799557085554437    5.690214    6.749117    5.183769
898    898    1516799557210234032    5.692054    7.044468    8.020559
899    899    1516799557392918427    5.691802    6.833630    5.473921
900    900    1516799557531803978    5.693125    6.765763    7.200173
901    901    1516799557662359725    5.694746    6.744767    7.659563
902    902    1516799557794817080    5.696296    7.007631    7.549600
903    903    1516799557927523168    5.697834    7.082076    7.535449
904    904    1516799558060993652    5.699343    7.086146    7.492293
905    905    1516799558376419263    5.694329    6.222974    3.170320
906    906    1516799558572646644    5.693592    5.952374    5.096129
907    907    1516799558872433143    5.689163    5.596351    3.335707
908    908    1516799559198046990    5.683833    5.030654    3.071122
909    909    1516799559445693095    5.681288    4.871455    4.038020
910    910    1516799559580530110    5.682748    4.881082    7.416361
911    911    1516799559718737245    5.684085    4.862920    7.235516
912    912    1516799559853372300    5.685547    4.857776    7.427486
913    913    1516799559986605005    5.687056    4.856534    7.505665
914    914    1516799560167230907    5.686886    4.747803    5.536305
915    915    1516799560308851417    5.688095    5.174826    7.061124
916    916    1516799560490468863    5.687890    5.214248    5.506079
917    917    1516799560657557924    5.688197    5.601849    5.984832
918    918    1516799560788374917    5.689782    6.288011    7.644267
919    919    1516799560911057027    5.691650    6.824243    8.151148
920    920    1516799561044354898    5.693141    6.831419    7.501995
921    921    1516799561179946192    5.694550    6.843648    7.375105
922    922    1516799561294964276    5.696679    6.936776    8.694285
923    923    1516799561493458447    5.695873    6.636345    5.037931
924    924    1516799561639663176    5.696903    6.791483    6.839724
925    925    1516799561814913825    5.696913    6.639831    5.706113
926    926    1516799561992114604    5.696855    6.659360    5.643316
927    927    1516799562115817100    5.698668    6.857491    8.083911
928    928    1516799562238897330    5.700501    6.894068    8.124782
929    929    1516799562423706495    5.700173    6.610917    5.410987
930    930    1516799562728812213    5.695651    5.936630    3.277552
931    931    1516799563034657333    5.691120    5.391675    3.269629
932    932    1516799563238877543    5.690130    5.144262    4.896675
933    933    1516799563556615178    5.685212    4.846941    3.147251
934    934    1516799563890681075    5.679750    4.442435    2.993421
935    935    1516799564087099028    5.679048    4.401050    5.091184
936    936    1516799564318906436    5.677131    4.297763    4.313926
937    937    1516799564602772877    5.673432    4.020980    3.522783
938    938    1516799564793996519    5.672919    3.913742    5.229479
939    939    1516799564977996222    5.672655    3.914983    5.434791
940    940    1516799565291634544    5.667962    3.901948    3.188386
941    941    1516799565513560432    5.666411    4.034042    4.506009
942    942    1516799565821179909    5.661949    3.872513    3.250769
943    943    1516799566004841131    5.661710    4.084590    5.444808
944    944    1516799566303276233    5.657581    4.144914    3.350812
945    945    1516799566519172230    5.656257    4.111718    4.631860
946    946    1516799566648318870    5.657867    4.292928    7.743136
947    947    1516799566825856721    5.657840    4.498256    5.632602
948    948    1516799567004216192    5.657786    4.524437    5.606655
949    949    1516799567173383946    5.658041    4.555004    5.911292
950    950    1516799567312449643    5.659310    4.948498    7.190846
951    951    1516799567486114938    5.659412    5.069568    5.758203
952    952    1516799567674276765    5.659026    5.396372    5.314574
953    953    1516799567980919665    5.654668    5.060527    3.261122
954    954    1516799568179485079    5.653941    5.329897    5.036124
955    955    1516799568527075760    5.648238    4.980319    2.876947
956    956    1516799568836872811    5.643816    4.569227    3.227920
957    957    1516799569142868568    5.639537    4.315904    3.268019
958    958    1516799569485248839    5.634068    4.030580    2.920729
959    959    1516799569713064197    5.632404    3.937503    4.389520
960    960    1516799569896069814    5.632224    3.870538    5.464313
961    961    1516799570069585844    5.632357    3.870762    5.763156
962    962    1516799570205519328    5.633728    3.950629    7.356539
963    963    1516799570380928016    5.633797    4.166652    5.700972
964    964    1516799570494860429    5.635889    4.318954    8.777134
965    965    1516799570661033428    5.636259    4.686129    6.017825
966    966    1516799570841071914    5.636173    4.989524    5.554368
967    967    1516799571036312720    5.635588    5.281381    5.121880
968    968    1516799571192133960    5.636297    5.858625    6.417610
969    969    1516799571493342821    5.632246    5.617098    3.319955
970    970    1516799571802204937    5.627959    5.246218    3.237691
971    971    1516799571985284850    5.627784    5.220026    5.462096
972    972    1516799572106151479    5.629634    5.261407    8.273582
973    973    1516799572244774304    5.630903    5.365250    7.213819
974    974    1516799572428896311    5.630691    5.170535    5.431181
975    975    1516799572553800330    5.632403    5.283271    8.006148
976    976    1516799572680478979    5.634055    5.436534    7.893990
977    977    1516799572853605757    5.634197    5.502690    5.776114
978    978    1516799572975213558    5.636010    5.608275    8.223157
979    979    1516799573160023995    5.635770    5.999948    5.410950
980    980    1516799573342505142    5.635607    6.492241    5.480018
981    981    1516799573469601151    5.637236    6.737108    7.868068
982    982    1516799573659828259    5.636821    6.436345    5.256874
983    983    1516799573840669233    5.636710    6.266077    5.529720
984    984    1516799574149907755    5.632461    5.810536    3.233750
985    985    1516799574370528577    5.631075    5.504400    4.532664
986    986    1516799574501995549    5.632557    5.489931    7.606473
987    987    1516799574726906381    5.631036    5.338171    4.446206
988    988    1516799574907768202    5.630932    5.174498    5.529083
989    989    1516799575080601180    5.631084    5.206768    5.785933
990    990    1516799575216190000    5.632428    5.337077    7.375239
991    991    1516799575393841996    5.632425    5.196855    5.628983
992    992    1516799575518921604    5.634101    5.378966    7.994908
993    993    1516799575819582430    5.630170    5.053279    3.326007
994    994    1516799575979923257    5.630721    5.464435    6.236715
995    995    1516799576158615958    5.630686    5.592568    5.596199
996    996    1516799576340430920    5.630552    5.439408    5.500097
997    997    1516799576506015610    5.630934    5.620790    6.039206
998    998    1516799576694358400    5.630592    5.597254    5.309468
999    999    1516799576990959356    5.626822    5.234620    3.371533
