Beat    Tag    Timestamp    Global Rate    Window Rate    Instant Rate
0    0    1516799637372662925    0.000000    0.000000    0.000000
1    1    1516799637410246194    53.215169    26.607586    26.607584
2    2    1516799637445350981    41.272255    27.514837    28.486143
3    3    1516799637473679183    39.597586    29.698189    35.300511
4    4    1516799637509938184    36.423169    29.138535    27.579359
5    5    1516799637549658622    33.899129    28.249273    25.175956
6    6    1516799637580266043    33.718183    28.901300    32.671815
7    7    1516799637617464621    32.679512    28.594572    26.882748
8    8    1516799637653496764    32.047420    28.486597    27.752998
9    9    1516799637678709175    32.674800    29.407318    39.663006
10    10    1516799637710208572    32.588185    29.625624    31.746639
11    11    1516799637744627507    32.261136    29.905977    29.053775
12    12    1516799637774055255    32.387266    30.422482    33.981533
13    13    1516799637802626606    32.560890    30.399996    35.000095
14    14    1516799637841897318    31.966966    30.124189    25.464270
15    15    1516799637877376956    31.701120    30.514008    28.185180
16    16    1516799637906005166    31.874468    30.699413    34.930581
17    17    1516799637941500678    31.643469    30.860764    28.172576
18    18    1516799637982199984    31.171197    30.422581    24.570444
19    19    1516799638007454265    31.506416    30.418705    39.597247
20    20    1516799638045049900    31.232015    29.864893    26.598833
21    21    1516799638080842835    31.065552    29.742844    27.938474
22    22    1516799638108635891    31.251148    29.888161    35.980210
23    23    1516799638141487677    31.216477    29.510618    30.439745
24    24    1516799638177909827    31.046378    29.760796    27.455820
25    25    1516799638207402269    31.147448    30.300705    33.906992
26    26    1516799638246600443    30.894657    29.360359    25.511392
27    27    1516799638286129180    30.652473    29.016750    25.298051
28    28    1516799638311253065    30.897405    30.390234    39.802761
29    29    1516799638347547488    30.772874    29.403702    27.552442
30    30    1516799638382791324    30.689168    29.608448    28.373756
31    31    1516799638408640975    30.888685    30.506580    38.685242
32    32    1516799638446591707    30.728295    29.589668    26.349953
33    33    1516799638481926732    30.650959    29.373835    28.300532
34    34    1516799638506960928    30.856089    30.390417    39.945361
35    35    1516799638542413601    30.775789    29.849735    28.206618
36    36    1516799638577891112    30.699581    30.184975    28.186870
37    37    1516799638607066307    30.784102    31.158752    34.275692
38    38    1516799638643751980    30.682351    30.075285    27.258598
39    39    1516799638680063516    30.595060    30.073738    27.539457
40    40    1516799638708688350    30.688039    30.684540    34.934700
41    41    1516799638744010954    30.626799    29.817816    28.310484
42    42    1516799638779651670    30.561723    30.024624    28.057798
43    43    1516799638808475799    30.644662    30.623270    34.693156
44    44    1516799638848111149    30.499206    29.312599    25.230003
45    45    1516799638883554046    30.445609    29.313440    28.214398
46    46    1516799638911416712    30.544198    29.982706    35.890320
47    47    1516799638949366987    30.443253    29.214081    26.350270
48    48    1516799638990244649    30.292133    28.860638    24.463239
49    49    1516799639016090407    30.424220    29.759523    38.691069
50    50    1516799639056141010    30.294425    28.780901    24.968413
51    51    1516799639083969032    30.386148    29.415392    35.935001
52    52    1516799639120112692    30.329913    29.371937    27.667370
53    53    1516799639159602664    30.219262    28.479734    25.322885
54    54    1516799639187868980    30.299590    29.432728    35.377797
55    55    1516799639225325311    30.226770    29.259335    26.697756
56    56    1516799639265475305    30.113920    28.243912    24.906604
57    57    1516799639290649787    30.240040    29.301212    39.722764
58    58    1516799639328647365    30.163839    29.550591    26.317467
59    59    1516799639364051203    30.129734    28.738869    28.245525
60    60    1516799639392129319    30.205999    29.762939    35.614925
61    61    1516799639430203460    30.133064    28.882164    26.264545
62    62    1516799639467628246    30.072097    28.775690    26.720260
63    63    1516799639496181526    30.138658    29.710718    35.022246
64    64    1516799639529601830    30.135300    29.262625    29.921930
65    65    1516799639565759820    30.094430    29.374224    27.656405
66    66    1516799639601458971    30.061073    29.763350    28.011871
67    67    1516799639629651007    30.128648    29.498421    35.471010
68    68    1516799639664934572    30.101144    29.736486    28.341807
69    69    1516799639700220595    30.074443    29.746908    28.339833
70    70    1516799639736318639    30.038216    29.053778    27.702332
71    71    1516799639765066083    30.095262    29.862993    34.785701
72    72    1516799639801326009    30.057689    29.967237    27.578655
73    73    1516799639838651621    30.008248    29.199631    26.791255
74    74    1516799639867336203    30.064057    29.609070    34.861934
75    75    1516799639904500840    30.017719    29.521076    26.907299
76    76    1516799639940567156    29.985542    29.489113    27.726702
77    77    1516799639966451429    30.071843    29.691174    38.633498
78    78    1516799640004449731    30.017629    29.453766    26.316965
79    79    1516799640030721209    30.097158    30.257130    38.064094
80    80    1516799640059208588    30.150241    30.970304    35.103265
81    81    1516799640096238553    30.107480    30.195745    27.005156
82    82    1516799640131549583    30.084599    30.282513    28.319763
83    83    1516799640159993802    30.136358    31.119474    35.156529
84    84    1516799640196634295    30.099455    30.367620    27.292209
85    85    1516799640232069256    30.076173    30.527973    28.220717
86    86    1516799640261638597    30.114480    31.145716    33.818813
87    87    1516799640297466251    30.087493    30.210127    27.911401
88    88    1516799640332603794    30.068168    30.473492    28.459588
89    89    1516799640360519872    30.121924    30.321529    35.821651
90    90    1516799640396559214    30.093625    29.642748    27.747454
91    91    1516799640434233444    30.049937    29.586246    26.543343
92    92    1516799640460283430    30.120282    30.419746    38.387737
93    93    1516799640496588739    30.090343    29.709301    27.544181
94    94    1516799640527218090    30.115181    30.249516    32.648423
95    95    1516799640563739036    30.083895    30.150471    27.381547
96    96    1516799640592155050    30.128976    30.255680    35.191424
97    97    1516799640629457273    30.090939    30.121296    26.808054
98    98    1516799640666017015    30.060539    29.992811    27.352491
99    99    1516799640691637662    30.129786    30.200731    39.031021
100    100    1516799640728612013    30.095808    30.115692    27.045776
101    101    1516799640769007022    30.032293    29.870935    24.755534
102    102    1516799640796946024    30.079289    29.703329    35.792259
103    103    1516799640833036578    30.054558    29.722290    27.708081
104    104    1516799640861497542    30.096010    29.915091    35.135844
105    105    1516799640887172791    30.160678    30.918232    38.948016
106    106    1516799640926487952    30.108404    29.910309    25.435480
107    107    1516799640951758077    30.175225    31.026917    39.572420
108    108    1516799640990030102    30.132413    30.862951    26.128745
109    109    1516799641024615029    30.120877    30.032072    28.914330
110    110    1516799641056362679    30.132749    30.511000    31.498394
111    111    1516799641092300031    30.110464    30.931694    27.826202
112    112    1516799641120409710    30.151450    30.915373    35.574935
113    113    1516799641145631146    30.214938    31.990320    39.648813
114    114    1516799641181885533    30.189887    31.212154    27.582869
115    115    1516799641207109792    30.252082    31.256153    39.644376
116    116    1516799641242674452    30.232468    31.626904    28.117800
117    117    1516799641281683946    30.186586    30.309839    25.634785
118    118    1516799641308512188    30.234898    31.398941    37.274153
119    119    1516799641344000270    30.216521    31.310150    28.178474
120    120    1516799641372128144    30.254045    31.669075    35.551923
121    121    1516799641410095732    30.217221    31.466757    26.338255
122    122    1516799641438186237    30.254408    31.468657    35.599218
123    123    1516799641466210473    30.291574    31.193527    35.683399
124    124    1516799641507002745    30.234573    30.758137    24.514447
125    125    1516799641532347085    30.290761    30.746780    39.456541
126    126    1516799641565468617    30.289980    30.979494    30.191840
127    127    1516799641600910042    30.272592    31.325760    28.215570
128    128    1516799641628665880    30.310129    31.234997    36.028456
129    129    1516799641664502525    30.290042    31.201029    27.904398
130    130    1516799641693552112    30.317834    31.111557    34.423897
131    131    1516799641720776793    30.357991    32.187351    36.731376
132    132    1516799641756219505    30.340660    31.443253    28.214545
133    133    1516799641783956236    30.376579    31.471703    36.053275
134    134    1516799641809173274    30.429322    33.093895    39.655728
135    135    1516799641844732753    30.410974    32.011711    28.121897
136    136    1516799641880092857    30.394261    31.783947    28.280460
137    137    1516799641911558759    30.403870    32.190701    31.780433
138    138    1516799641948602452    30.376276    31.256195    26.995149
139    139    1516799641976296073    30.410764    32.072506    36.109399
140    140    1516799642004123294    30.443961    32.198738    35.936035
141    141    1516799642042745132    30.406317    31.058954    25.892087
142    142    1516799642072309943    30.427817    31.636515    33.823994
143    143    1516799642101464217    30.451692    31.495272    34.300288
144    144    1516799642126800336    30.499749    31.483463    39.469344
145    145    1516799642154206318    30.534074    32.312939    36.488384
146    146    1516799642188665857    30.523237    32.407242    29.019541
147    147    1516799642217088674    30.550577    32.730019    35.183001
148    148    1516799642252672679    30.532726    32.887142    28.102514
149    149    1516799642281081390    30.559742    32.809978    35.200471
150    150    1516799642317223676    30.538607    31.938639    27.668421
151    151    1516799642344854389    30.570022    33.100609    36.191610
152    152    1516799642380296864    30.553352    32.468910    28.214734
153    153    1516799642419329500    30.515192    31.459869    25.619587
154    154    1516799642445310825    30.556034    31.396141    38.489184
155    155    1516799642472683506    30.588112    31.399424    36.532775
156    156    1516799642505091163    30.589809    31.603035    30.856905
157    157    1516799642530622167    30.632270    31.894518    39.168064
158    158    1516799642568652294    30.600525    31.647612    26.294942
159    159    1516799642593893955    30.644114    31.968025    39.617044
160    160    1516799642630030042    30.623694    31.968660    27.673168
161    161    1516799642667000694    30.598728    31.041798    27.048482
162    162    1516799642703615712    30.576148    30.929222    27.311198
163    163    1516799642739500179    30.558035    31.233341    27.867211
164    164    1516799642764707188    30.600639    31.309061    39.671506
165    165    1516799642791960270    30.631277    31.320789    36.693098
166    166    1516799642817422307    30.671695    32.017300    39.274155
167    167    1516799642851815694    30.661675    31.133879    29.075357
168    168    1516799642884973702    30.658649    31.613417    30.158627
169    169    1516799642920860633    30.640581    30.584156    27.865297
170    170    1516799642956159848    30.625968    30.662638    28.329242
171    171    1516799642985305937    30.645099    31.416386    34.309921
172    172    1516799643010505467    30.685497    32.584991    39.683280
173    173    1516799643042165994    30.690520    33.039742    31.585071
174    174    1516799643079997870    30.662297    31.716764    26.432736
175    175    1516799643111384014    30.668854    31.306377    31.861193
176    176    1516799643148612398    30.644312    30.194139    26.861225
177    177    1516799643176908979    30.667204    30.760403    35.339959
178    178    1516799643212766854    30.650139    30.507044    27.887877
179    179    1516799643240467740    30.675867    31.288416    36.099928
180    180    1516799643280724182    30.636108    30.810532    24.840745
181    181    1516799643317035165    30.617194    30.145069    27.539877
182    182    1516799643346804485    30.632016    29.735443    33.591631
183    183    1516799643375549809    30.651919    29.995457    34.788267
184    184    1516799643414490821    30.619873    29.895996    25.679867
185    185    1516799643439846995    30.656726    30.444832    39.438127
186    186    1516799643468140412    30.678483    31.296160    35.343911
187    187    1516799643497043524    30.696982    31.236866    34.598351
188    188    1516799643532599373    30.682135    31.266363    28.124768
189    189    1516799643558474822    30.715451    31.445841    38.646672
190    190    1516799643586119183    30.739735    32.744480    36.173743
191    191    1516799643611253356    30.776183    33.988380    39.786469
192    192    1516799643639056412    30.799215    34.217056    35.967269
193    193    1516799643674346952    30.785422    33.467522    28.336206
194    194    1516799643703397594    30.802112    34.613239    34.422647
195    195    1516799643728627328    30.837177    34.628395    39.635773
196    196    1516799643767230629    30.807399    33.434727    25.904520
197    197    1516799643802667702    30.793134    32.719925    28.219035
198    198    1516799643827871303    30.827820    33.867085    39.676870
199    199    1516799643863941613    30.810571    32.736782    27.723632
200    200    1516799643892978285    30.826730    32.588245    34.439208
201    201    1516799643929332194    30.808325    31.438745    27.507358
202    202    1516799643966136684    30.788020    30.573534    27.170598
203    203    1516799643991467459    30.821276    31.533754    39.477671
204    204    1516799644027786620    30.803334    30.827185    27.533676
205    205    1516799644056541210    30.820430    30.495811    34.777056
206    206    1516799644091811244    30.807476    30.808987    28.352680
207    207    1516799644123223664    30.812255    31.195801    31.834542
208    208    1516799644163311001    30.777622    29.811617    24.945533
209    209    1516799644191234136    30.798241    30.553707    35.812598
210    210    1516799644228509403    30.776652    29.803495    26.827440
211    211    1516799644257168413    30.793788    30.503036    34.893041
212    212    1516799644295404885    30.768155    30.370378    26.153040
213    213    1516799644336007916    30.732356    29.024170    24.628703
214    214    1516799644364196163    30.751481    29.725672    35.475778
215    215    1516799644391826306    30.772898    29.825363    36.192357
216    216    1516799644428242924    30.755799    29.723717    27.459991
217    217    1516799644457585508    30.769567    29.907719    34.080161
218    218    1516799644489081789    30.773905    30.696430    31.749780
219    219    1516799644525499234    30.757030    29.916374    27.459367
220    220    1516799644550793792    30.787959    31.028498    39.534195
221    221    1516799644589298932    30.762255    30.108644    25.970559
222    222    1516799644614499164    30.793295    31.338699    39.682174
223    223    1516799644643040442    30.809954    32.569839    35.036973
224    224    1516799644675240498    30.811039    32.149757    31.055847
225    225    1516799644702940263    30.831030    32.142563    36.101389
226    226    1516799644731364720    30.847832    32.990040    35.180971
227    227    1516799644767493111    30.832351    32.267681    27.679063
228    228    1516799644796956148    30.844687    32.480782    33.940832
229    229    1516799644833031702    30.829575    32.516891    27.719602
230    230    1516799644861220918    30.847060    32.213680    35.474559
231    231    1516799644895166138    30.840798    32.693928    29.459229
232    232    1516799644934419930    30.812945    31.257740    25.475246
233    233    1516799644962724413    30.829790    31.280891    35.330092
234    234    1516799644998211345    30.817456    30.962547    28.179387
235    235    1516799645034444577    30.802235    30.165520    27.598973
236    236    1516799645063295646    30.816710    30.126751    34.660761
237    237    1516799645098731959    30.804799    30.189697    28.219640
238    238    1516799645134106573    30.793240    29.660349    28.268860
239    239    1516799645163445776    30.805633    30.265055    34.084089
240    240    1516799645199027485    30.793352    29.602741    28.104327
241    241    1516799645227529041    30.808927    30.087593    35.085804
242    242    1516799645267226997    30.780674    30.047440    25.190214
243    243    1516799645306658376    30.753736    29.075350    25.360513
244    244    1516799645334765702    30.770766    29.712883    35.577913
245    245    1516799645371246556    30.755445    29.691038    27.411639
246    246    1516799645407496283    30.741148    29.052822    27.586415
247    247    1516799645435758711    30.757417    29.671234    35.382664
248    248    1516799645468884021    30.755089    29.870590    30.188397
249    249    1516799645497781878    30.768780    29.910021    34.604642
250    250    1516799645523084485    30.795953    30.858768    39.521619
251    251    1516799645557355978    30.789182    30.318930    29.178770
252    252    1516799645585417294    30.805743    31.427734    35.636247
253    253    1516799645617908837    30.805631    32.128468    30.777239
254    254    1516799645647468561    30.816434    31.979240    33.829815
255    255    1516799645678319415    30.822368    32.565559    32.414014
256    256    1516799645713403446    30.812612    32.689655    28.502996
257    257    1516799645742398431    30.825347    32.611561    34.488723
258    258    1516799645777627325    30.815122    32.389366    28.385790
259    259    1516799645805360016    30.832366    32.512062    36.058527
260    260    1516799645830521970    30.858873    32.526939    39.742541
261    261    1516799645856197682    30.883353    33.462532    38.947313
262    262    1516799645892676913    30.868494    32.545769    27.412859
263    263    1516799645920782068    30.883987    33.017113    35.580661
264    264    1516799645949547080    30.897001    33.103977    34.764456
265    265    1516799645982394223    30.895273    32.886646    30.444048
266    266    1516799646009103836    30.915513    33.818012    37.439704
267    267    1516799646047953185    30.892338    32.727360    25.740457
268    268    1516799646085712947    30.873230    32.458508    26.483218
269    269    1516799646115204227    30.883469    32.274284    33.908328
270    270    1516799646144053283    30.895900    31.894741    34.663179
271    271    1516799646173039853    30.907767    31.561455    34.498735
272    272    1516799646204626620    30.910453    32.056450    31.658827
273    273    1516799646232596803    30.925739    32.070324    35.752358
274    274    1516799646260433334    30.941393    32.166103    35.924017
275    275    1516799646291178782    30.946853    32.385040    32.525140
276    276    1516799646319285886    30.961403    32.239132    35.578194
277    277    1516799646344625192    30.985418    33.707260    39.464380
278    278    1516799646372401395    31.000901    34.881073    36.002041
279    279    1516799646408568106    30.987488    34.087360    27.649736
280    280    1516799646436571725    31.002077    34.185879    35.709670
281    281    1516799646464387005    31.017219    34.323315    35.951463
282    282    1516799646499865186    31.006215    33.870914    28.186338
283    283    1516799646528437696    31.018675    33.801952    34.998675
284    284    1516799646563839611    31.007999    32.959106    28.247060
285    285    1516799646591831858    31.022319    33.260925    35.724177
286    286    1516799646631889445    30.996110    31.989399    24.964060
287    287    1516799646661473630    31.005046    31.560831    33.801844
288    288    1516799646697412168    30.992791    30.768209    27.825283
289    289    1516799646732901829    30.982115    30.832439    28.177220
290    290    1516799646761120242    30.995508    30.812035    35.437854
291    291    1516799646788783917    31.010647    30.826433    36.148487
292    292    1516799646821996748    31.007477    31.043217    30.108846
293    293    1516799646850725825    31.018997    31.028137    34.807940
294    294    1516799646880385891    31.027408    31.590958    33.715367
295    295    1516799646917493324    31.011552    30.706734    26.948779
296    296    1516799646943024558    31.033310    32.140377    39.167711
297    297    1516799646970463218    31.048781    32.363552    36.444928
298    298    1516799647005969443    31.038149    32.408894    28.164075
299    299    1516799647034672070    31.049443    33.137794    34.840017
300    300    1516799647063610431    31.059914    33.058926    34.556207
301    301    1516799647099795725    31.047176    32.153122    27.635536
302    302    1516799647128133560    31.059496    32.665134    35.288511
303    303    1516799647164454796    31.046412    31.874645    27.532103
304    304    1516799647192448495    31.059741    32.044853    35.722325
305    305    1516799647220452879    31.072962    33.007706    35.708695
306    306    1516799647258112729    31.055744    31.737148    26.553478
307    307    1516799647292885152    31.047692    31.015259    28.758422
308    308    1516799647321617506    31.058540    31.680853    34.803970
309    309    1516799647351219272    31.066618    31.590866    33.781768
310    310    1516799647391635023    31.041109    30.485519    24.742829
311    311    1516799647419812303    31.053584    31.248381    35.489586
312    312    1516799647452224773    31.052937    30.855511    30.852323
313    313    1516799647482091867    31.060112    31.482470    33.481664
314    314    1516799647517896722    31.049063    30.726854    27.929173
315    315    1516799647544586297    31.065904    30.851494    37.467813
316    316    1516799647572388402    31.079268    31.819199    35.968500
317    317    1516799647607847813    31.069297    31.749796    28.201258
318    318    1516799647636657847    31.079517    31.741966    34.710129
319    319    1516799647665566279    31.089382    31.811979    34.591983
320    320    1516799647696594376    31.092806    32.791256    32.228854
321    321    1516799647723888785    31.107427    32.886463    36.637540
322    322    1516799647756623314    31.105666    32.851669    30.548782
323    323    1516799647785774119    31.114620    32.929153    34.304370
324    324    1516799647821968839    31.102544    32.886936    27.628339
325    325    1516799647851416684    31.110570    32.591297    33.958342
326    326    1516799647889279163    31.093651    31.556616    26.411372
327    327    1516799647924588913    31.084373    31.571526    28.320790
328    328    1516799647952646876    31.096455    31.646669    35.640506
329    329    1516799647980491990    31.109099    31.753519    35.912943
330    330    1516799648009255291    31.118989    31.983530    34.766524
331    331    1516799648046070413    31.105343    31.038393    27.162751
332    332    1516799648072610474    31.121648    31.646856    37.678889
333    333    1516799648108048692    31.112063    31.029440    28.218123
334    334    1516799648136186157    31.123638    31.825108    35.539804
335    335    1516799648164325009    31.135148    31.958242    35.538053
336    336    1516799648192009753    31.147906    33.032669    36.120977
337    337    1516799648229937629    31.131201    32.749443    26.365832
338    338    1516799648259509060    31.138495    32.587921    33.816422
339    339    1516799648287791696    31.149426    32.541523    35.357383
340    340    1516799648323996827    31.137759    31.772100    27.620394
341    341    1516799648351763699    31.150092    32.712528    36.014139
342    342    1516799648388960826    31.135687    31.610521    26.883797
343    343    1516799648417313774    31.146299    32.334721    35.269701
344    344    1516799648455948261    31.127954    31.273251    25.883610
345    345    1516799648482398325    31.143856    31.439293    37.807092
346    346    1516799648521252072    31.125015    30.372766    25.737543
347    347    1516799648557366314    31.113923    30.541002    27.689907
348    348    1516799648582503407    31.133360    30.960295    39.781847
349    349    1516799648609768172    31.146812    31.058168    36.677375
350    350    1516799648641310818    31.148369    31.514524    31.703111
351    351    1516799648678669614    31.133893    30.589840    26.767458
352    352    1516799648714776638    31.122947    30.692186    27.695442
353    353    1516799648750054481    31.114337    30.053432    28.346404
354    354    1516799648775442841    31.132759    31.299435    39.388129
355    355    1516799648811977711    31.120745    30.341703    27.371111
356    356    1516799648847247418    31.112238    30.675285    28.352943
357    357    1516799648876069603    31.121216    31.377148    34.695496
358    358    1516799648912394494    31.109909    30.313036    27.529332
359    359    1516799648947825670    31.101075    29.580769    28.223732
360    360    1516799648975825613    31.112207    29.894043    35.714358
361    361    1516799649012504035    31.100081    29.954969    27.263986
362    362    1516799649048319252    31.090329    29.981176    27.921093
363    363    1516799649077210882    31.099022    30.566420    34.612100
364    364    1516799649112573532    31.090526    29.662088    28.278424
365    365    1516799649141036130    31.100305    30.389740    35.133827
366    366    1516799649176490335    31.091610    30.372711    28.205399
367    367    1516799649212535934    31.081414    29.720657    27.742638
368    368    1516799649240306930    31.092945    30.495945    36.008791
369    369    1516799649276617074    31.082109    30.414421    27.540513
370    370    1516799649312025675    31.073685    29.744192    28.241726
371    371    1516799649340229915    31.084012    30.513306    35.455662
372    372    1516799649376484199    31.073438    30.472481    27.582947
373    373    1516799649412489712    31.063570    29.825920    27.773525
374    374    1516799649441483309    31.071802    30.403475    34.490374
375    375    1516799649477677271    31.061508    29.705221    27.628918
376    376    1516799649512574498    31.054592    29.754452    28.655572
377    377    1516799649537811490    31.072370    30.743164    39.624374
378    378    1516799649572892357    31.064990    30.067463    28.505567
379    379    1516799649608659194    31.055910    30.116661    27.958860
380    380    1516799649637094966    31.065442    30.762671    35.166972
381    381    1516799649672852825    31.056431    30.064074    27.965880
382    382    1516799649709427484    31.045417    30.035147    27.341335
383    383    1516799649734640411    31.062991    31.041372    39.662194
384    384    1516799649773217843    31.046998    30.144585    25.921891
385    385    1516799649808547914    31.039206    30.223291    28.304500
386    386    1516799649837374007    31.047651    30.788225    34.690792
387    387    1516799649873854143    31.037042    29.758129    27.412179
388    388    1516799649908936686    31.029954    29.757980    28.504205
389    389    1516799649938939098    31.035447    30.277349    33.330654
390    390    1516799649974233258    31.027879    29.661419    28.333299
391    391    1516799650008929615    31.021821    29.755104    28.821470
392    392    1516799650044381411    31.013947    29.854853    28.207316
393    393    1516799650073850020    31.020722    29.480297    33.934415
394    394    1516799650108913231    31.013838    29.788910    28.519921
395    395    1516799650144651685    31.005351    29.752716    27.981065
396    396    1516799650169967079    31.022159    30.066771    39.501657
397    397    1516799650205418372    31.014384    30.160070    28.207716
398    398    1516799650241936554    31.004081    30.030043    27.383619
399    399    1516799650271791167    31.009848    30.043377    33.495661
400    400    1516799650310542669    30.994259    29.734524    25.805451
401    401    1516799650345995527    30.986641    29.667788    28.206471
402    402    1516799650375728048    30.992693    30.179874    33.633206
403    403    1516799650413426944    30.979780    29.448408    26.525976
404    404    1516799650449807663    30.970063    29.334595    27.487087
405    405    1516799650474864582    30.987159    30.283493    39.909136
406    406    1516799650512118185    30.975409    29.226852    26.843041
407    407    1516799650540581712    30.984395    29.836199    35.132681
408    408    1516799650576500691    30.975843    29.889635    27.840435
409    409    1516799650611773239    30.968848    29.413315    28.350660
410    410    1516799650640013164    30.978303    30.351730    35.410859
411    411    1516799650678114049    30.964752    30.109734    26.246110
412    412    1516799650713542257    30.957480    29.602072    28.226096
413    413    1516799650741025734    30.968639    30.525143    36.385498
414    414    1516799650777189862    30.959690    30.545338    27.651711
415    415    1516799650813347205    30.950805    29.543613    27.656899
416    416    1516799650839765170    30.964345    30.520653    37.853029
417    417    1516799650878148220    30.950387    29.623791    26.053167
418    418    1516799650913892772    30.942537    29.639107    27.976291
419    419    1516799650955701734    30.920916    29.075813    23.918317
420    420    1516799650991758939    30.912478    28.429625    27.733708
421    421    1516799651030667989    30.897631    28.364452    25.700962
422    422    1516799651068759958    30.884711    28.151749    26.252253
423    423    1516799651105877964    30.874052    27.408356    26.941102
424    424    1516799651140536416    30.868965    27.521935    28.852991
425    425    1516799651168516741    30.878843    28.155569    35.739399
426    426    1516799651204535593    30.870730    27.414501    27.763239
427    427    1516799651240135566    30.863591    27.625275    28.089909
428    428    1516799651268592774    30.872349    28.192839    35.140482
429    429    1516799651304509085    30.864538    28.669119    27.842503
430    430    1516799651339937729    30.857845    28.720875    28.225749
431    431    1516799651367511159    30.868502    29.687407    36.266797
432    432    1516799651404868420    30.857587    29.752298    26.768558
433    433    1516799651440514571    30.850482    29.883163    28.053520
434    434    1516799651468674600    30.859793    30.474966    35.511327
435    435    1516799651504062043    30.853279    29.802233    28.258611
436    436    1516799651540623538    30.844242    29.754116    27.351179
437    437    1516799651570082376    30.850677    30.307915    33.945670
438    438    1516799651605444215    30.844288    29.686678    28.279072
439    439    1516799651641246188    30.836979    29.696756    27.931422
440    440    1516799651667884021    30.849470    30.492798    37.540591
441    441    1516799651704278652    30.840905    29.694078    27.476580
442    442    1516799651740911842    30.831871    29.758057    27.297650
443    443    1516799651766180560    30.847220    30.706308    39.574623
444    444    1516799651801617638    30.840765    30.035168    28.219031
445    445    1516799651836527910    30.835465    30.078276    28.644864
446    446    1516799651865355250    30.843130    30.794651    34.689291
447    447    1516799651900828159    30.836654    30.234701    28.190527
448    448    1516799651936117841    30.830596    30.241299    28.336895
449    449    1516799651963490878    30.841293    31.032318    36.532300
450    450    1516799652000413876    30.831807    30.072487    27.083391
451    451    1516799652036553560    30.824016    30.095562    27.670413
452    452    1516799652065226721    30.831923    30.834230    34.875820
453    453    1516799652101154853    30.824609    29.853037    27.833342
454    454    1516799652139346329    30.812606    29.609568    26.183853
455    455    1516799652176598656    30.802620    29.405645    26.843961
456    456    1516799652204630557    30.811826    29.474586    35.673642
457    457    1516799652233365156    30.819540    30.071842    34.801251
458    458    1516799652261903819    30.827629    30.694998    35.040184
459    459    1516799652290657203    30.835244    30.565493    34.778515
460    460    1516799652328409548    30.824272    30.488207    26.488421
461    461    1516799652357284763    30.831609    31.178757    34.631777
462    462    1516799652385913296    30.839424    31.183094    34.930187
463    463    1516799652414406013    30.847489    31.923265    35.096688
464    464    1516799652454947556    30.830873    31.685556    24.666057
465    465    1516799652483269958    30.839264    32.608204    35.307740
466    466    1516799652520552406    30.829377    31.653399    26.822273
467    467    1516799652556002473    30.823259    30.994555    28.208691
468    468    1516799652591580476    30.816909    30.332750    28.107255
469    469    1516799652619778399    30.825503    30.383944    35.463605
470    470    1516799652658793802    30.812244    30.267786    25.630903
471    471    1516799652687825768    30.819130    30.253433    34.444791
472    472    1516799652723274327    30.813105    29.641834    28.209891
473    473    1516799652758684467    30.807184    29.046257    28.240498
474    474    1516799652784673126    30.820120    30.328251    38.478322
475    475    1516799652811750584    30.830837    30.443197    36.931089
476    476    1516799652837514036    30.844138    31.549559    38.814674
477    477    1516799652865117534    30.853729    32.350414    36.227293
478    478    1516799652901498099    30.845842    32.266640    27.487204
479    479    1516799652930398000    30.852820    32.193718    34.602195
480    480    1516799652955627838    30.867040    33.688858    39.635609
481    481    1516799652991781218    30.859616    32.899555    27.659931
482    482    1516799653027979652    30.852139    32.818592    27.625504
483    483    1516799653056093132    30.860596    33.623768    35.570125
484    484    1516799653093677628    30.850426    32.361988    26.606716
485    485    1516799653122518374    30.857426    32.178368    34.673167
486    486    1516799653159364627    30.848749    31.070316    27.139802
487    487    1516799653187932401    30.856256    30.977509    35.004477
488    488    1516799653225194750    30.846808    30.893120    26.836741
489    489    1516799653253534537    30.854730    30.946671    35.286080
490    490    1516799653297431650    30.832473    29.256550    22.780541
491    491    1516799653326907453    30.838188    29.839502    33.926133
492    492    1516799653363747350    30.829679    29.782497    27.144484
493    493    1516799653400487913    30.821400    29.036444    27.217874
494    494    1516799653425654668    30.835374    30.122564    39.734960
495    495    1516799653461935920    30.827993    29.462234    27.562445
496    496    1516799653493942903    30.828818    29.888372    31.243182
497    497    1516799653522438204    30.836342    29.894848    35.093505
498    498    1516799653547824976    30.849768    30.995237    39.390593
499    499    1516799653583223831    30.844090    30.331589    28.249501
500    500    1516799653611640849    30.851695    31.825930    35.190181
501    501    1516799653648808290    30.842683    31.065468    26.905269
502    502    1516799653680252376    30.844534    31.595076    31.802483
503    503    1516799653705477716    30.858123    32.787983    39.642677
504    504    1516799653733347249    30.866680    32.499969    35.881477
505    505    1516799653758713193    30.879925    33.695301    39.422937
506    506    1516799653797193783    30.868462    32.975998    25.987128
507    507    1516799653825280310    30.876546    33.020508    35.604260
508    508    1516799653863906162    30.864865    31.637442    25.889397
509    509    1516799653894477717    30.868280    32.128113    32.710145
510    510    1516799653930072209    30.862316    31.403942    28.094234
511    511    1516799653970338985    30.847692    31.101229    24.834370
512    512    1516799653995496612    30.861164    31.721436    39.749377
513    513    1516799654031003113    30.855415    30.719568    28.163857
514    514    1516799654066741952    30.849261    29.994478    27.980763
515    515    1516799654101007725    30.845849    29.214607    29.183640
516    516    1516799654136368542    30.840437    29.483326    28.279890
517    517    1516799654171895595    30.834742    28.850430    28.147564
518    518    1516799654197184196    30.847832    30.004976    39.543508
519    519    1516799654240280306    30.828302    28.918232    23.203950
520    520    1516799654268425414    30.836134    29.554914    35.530153
521    521    1516799654293620231    30.849318    30.932819    39.690703
522    522    1516799654320179921    30.859978    30.799244    37.651042
523    523    1516799654356049253    30.853682    30.764864    27.878969
524    524    1516799654383934462    30.861891    31.526594    35.861306
525    525    1516799654420547534    30.854268    31.295006    27.312649
526    526    1516799654445661306    30.867454    32.331825    39.818789
527    527    1516799654473658000    30.875396    33.138657    35.718503
528    528    1516799654508899258    30.870256    32.080582    28.375832
529    529    1516799654536134978    30.879533    33.800377    36.716488
530    530    1516799654561388624    30.892342    34.133980    39.598243
531    531    1516799654594434456    30.891131    33.243111    30.261002
532    532    1516799654622823332    30.898263    33.042187    35.225065
533    533    1516799654653615230    30.901075    33.605991    32.476075
534    534    1516799654688884089    30.895886    32.792301    28.353625
535    535    1516799654714172846    30.908497    34.057007    39.543264
536    536    1516799654741784320    30.916935    33.769749    36.216828
537    537    1516799654777276273    30.911345    32.936092    28.175401
538    538    1516799654804892145    30.919740    33.784595    36.211060
539    539    1516799654840298965    30.914315    32.877003    28.243146
540    540    1516799654868733979    30.921228    32.536686    35.167910
541    541    1516799654904761737    30.914724    32.224045    27.756376
542    542    1516799654933424365    30.921210    32.195641    34.888636
543    543    1516799654969872671    30.913992    31.619810    27.436117
544    544    1516799655003888475    30.911067    31.745590    29.398100
545    545    1516799655031954523    30.918568    31.468145    35.630239
546    546    1516799655060712281    30.924835    31.355043    34.773225
547    547    1516799655090172077    30.929856    31.959522    33.944566
548    548    1516799655118417863    30.936976    31.895309    35.403511
549    549    1516799655143630612    30.949356    32.967216    39.662474
550    550    1516799655179584967    30.943023    32.169754    27.813042
551    551    1516799655204857107    30.955248    33.322739    39.569265
552    552    1516799655240305707    30.949802    32.585884    28.209859
553    553    1516799655278611621    30.939439    32.389824    26.105630
554    554    1516799655310499004    30.940187    32.614666    31.360366
555    555    1516799655346712542    30.933485    31.770437    27.613982
556    556    1516799655385102110    30.923075    30.827108    26.048743
557    557    1516799655410418236    30.935113    31.225979    39.500514
558    558    1516799655438717787    30.942007    31.220737    35.336250
559    559    1516799655474192968    30.936611    30.251478    28.188722
560    560    1516799655502556154    30.943370    30.962515    35.256970
561    561    1516799655537954355    30.938122    30.021263    28.250023
562    562    1516799655569506471    30.939432    30.376600    31.693595
563    563    1516799655599282281    30.943753    31.184643    33.584309
564    564    1516799655628362878    30.949238    31.460007    34.387190
565    565    1516799655657099857    30.955287    32.217812    34.798369
566    566    1516799655692438746    30.950160    32.537609    28.297437
567    567    1516799655727205193    30.946018    31.566956    28.763365
568    568    1516799655761910787    30.941994    30.941265    28.813799
569    569    1516799655791468291    30.946632    31.518368    33.832356
570    570    1516799655816577678    30.958720    31.844952    39.825743
571    571    1516799655852524995    30.952612    31.789362    27.818488
572    572    1516799655880790287    30.959372    32.125023    35.379079
573    573    1516799655917339438    30.952279    31.440889    27.360417
574    574    1516799655949256413    30.952930    31.162983    31.331290
575    575    1516799655978155177    30.958600    31.147280    34.603556
576    576    1516799656013456099    30.953618    31.150963    28.327872
577    577    1516799656048815872    30.948558    31.093494    28.280725
578    578    1516799656078585134    30.952764    31.578182    33.591696
579    579    1516799656117801185    30.941356    30.643555    25.499763
580    580    1516799656143432454    30.952380    30.594627    39.014845
581    581    1516799656178673448    30.947553    30.660883    28.376044
582    582    1516799656206315550    30.955227    30.719582    36.176699
583    583    1516799656234838159    30.961434    31.496189    35.059906
584    584    1516799656267921139    30.960148    31.380945    30.227023
585    585    1516799656293908065    30.970478    31.670336    38.480888
586    586    1516799656322678461    30.976228    32.339188    34.757950
587    587    1516799656355197093    30.975843    32.639076    30.751601
588    588    1516799656380434549    30.987325    33.129101    39.623645
589    589    1516799656417391755    30.979701    33.378887    27.058323
590    590    1516799656451258711    30.977123    32.485859    29.527307
591    591    1516799656476656778    30.988285    33.558922    39.373075
592    592    1516799656512638703    30.982275    32.645264    27.791732
593    593    1516799656542069661    30.986874    32.548744    33.977827
594    594    1516799656570998970    30.992269    32.994823    34.567020
595    595    1516799656600637437    30.996505    32.602028    33.739937
596    596    1516799656625839990    31.007869    32.985718    39.678520
597    597    1516799656653847127    31.014693    33.484009    35.705185
598    598    1516799656692386043    31.004585    32.056267    25.947798
599    599    1516799656720485370    31.011242    32.993107    35.588041
600    600    1516799656755785471    31.006356    32.837837    28.328531
601    601    1516799656784036693    31.012746    32.533028    35.396699
602    602    1516799656812121367    31.019383    33.390915    35.606609
603    603    1516799656841248357    31.024339    33.424839    34.332418
604    604    1516799656868633513    31.032053    33.598251    36.516133
605    605    1516799656898975385    31.035046    33.519035    32.957756
606    606    1516799656934298714    31.030125    32.419250    28.309903
607    607    1516799656962466000    31.036555    32.402424    35.502178
608    608    1516799657001971434    31.025036    32.301266    25.312973
609    609    1516799657030055201    31.031583    32.302887    35.607759
610    610    1516799657065435324    31.026612    32.294540    28.264458
611    611    1516799657093751008    31.032770    32.287819    35.316117
612    612    1516799657129382070    31.027419    31.519819    28.065400
613    613    1516799657164813375    31.022400    30.905689    28.223629
614    614    1516799657192618431    31.029333    30.865635    35.964682
615    615    1516799657224573627    31.029759    30.712696    31.293815
616    616    1516799657252470587    31.036518    31.429554    35.846200
617    617    1516799657289483562    31.029049    30.579397    27.017553
618    618    1516799657327538748    31.019988    30.715614    26.277627
619    619    1516799657355793668    31.026169    30.699476    35.392066
620    620    1516799657389474083    31.023923    30.860506    29.690846
621    621    1516799657419132217    31.027908    30.733183    33.717563
622    622    1516799657454559680    31.022966    30.752424    28.226690
623    623    1516799657489108502    31.019396    30.836109    28.944547
624    624    1516799657527895018    31.009318    29.826122    25.782156
625    625    1516799657563156393    31.004690    29.534876    28.359643
626    626    1516799657592492153    31.009164    29.409901    34.088089
627    627    1516799657617707482    31.019937    30.467005    39.658416
628    628    1516799657646468101    31.025256    31.354906    34.769766
629    629    1516799657698067398    30.995693    29.216383    19.380109
630    630    1516799657726513979    31.001504    29.670080    35.153609
631    631    1516799657754905570    31.007383    29.781994    35.221696
632    632    1516799657782790304    31.014015    30.466383    35.861916
633    633    1516799657807946898    31.024771    31.363852    39.751009
634    634    1516799657844137856    31.018771    31.621269    27.631211
635    635    1516799657872168672    31.025138    32.361172    35.675023
636    636    1516799657903592455    31.026359    32.143974    31.823030
637    637    1516799657928813913    31.036939    32.143341    39.648778
638    638    1516799657964086085    31.032338    31.484364    28.350962
639    639    1516799657989618293    31.042411    34.299328    39.166217
640    640    1516799658028409501    31.032526    33.124043    25.779037
641    641    1516799658053565622    31.043132    33.482883    39.751757
642    642    1516799658090626805    31.035868    32.484776    26.982409
643    643    1516799658125911356    31.031287    31.450056    28.341015
644    644    1516799658161864014    31.025723    31.473644    27.814355
645    645    1516799658187127634    31.036109    31.750168    39.582609
646    646    1516799658213978273    31.044106    32.217968    37.243062
647    647    1516799658248542804    31.040608    31.276497    28.931392
648    648    1516799658276372325    31.047121    32.021904    35.933065
649    649    1516799658302156607    31.056652    31.996077    38.783318
650    650    1516799658341617530    31.045897    31.927662    25.341526
651    651    1516799658366904103    31.056136    31.914370    39.546680
652    652    1516799658404946776    31.047508    31.814713    26.286271
653    653    1516799658430087989    31.057928    32.875633    39.775328
654    654    1516799658457485767    31.064999    33.827011    36.499310
655    655    1516799658493895883    31.058793    32.597900    27.464895
656    656    1516799658526210012    31.058621    32.027493    30.946216
657    657    1516799658562659643    31.052388    31.835287    27.435120
658    658    1516799658590373964    31.058958    31.846968    36.082428
659    659    1516799658615645087    31.069084    31.899099    39.570857
660    660    1516799658653187724    31.061264    32.095497    26.636381
661    661    1516799658681695614    31.066638    31.767057    35.078008
662    662    1516799658714859518    31.065218    32.267147    30.153265
663    663    1516799658750169836    31.060685    31.242010    28.320334
664    664    1516799658778640609    31.066089    31.137629    35.123739
665    665    1516799658814860950    31.060249    31.156038    27.608796
666    666    1516799658844152521    31.064449    31.452229    34.139514
667    667    1516799658879709326    31.059588    31.540798    28.124012
668    668    1516799658915861331    31.053885    30.723160    27.660983
669    669    1516799658941088446    31.063927    30.727312    39.639887
670    670    1516799658976542256    31.059237    30.925806    28.205713
671    671    1516799659012580073    31.053723    30.222031    27.748629
672    672    1516799659037851740    31.063657    30.960499    39.570005
673    673    1516799659073953440    31.058061    30.884825    27.699527
674    674    1516799659104785608    31.060012    30.661209    32.433658
675    675    1516799659132823344    31.065947    31.450260    35.666218
676    676    1516799659168653046    31.060759    30.816591    27.909805
677    677    1516799659196497177    31.066951    31.566866    35.914211
678    678    1516799659229855699    31.065289    31.847706    29.977347
679    679    1516799659257889610    31.071188    31.565540    35.671084
680    680    1516799659293801927    31.065904    31.519920    27.845600
681    681    1516799659329549696    31.060870    31.548765    27.973774
682    682    1516799659365723181    31.055251    30.499760    27.644558
683    683    1516799659394481639    31.060105    31.198503    34.772379
684    684    1516799659419724925    31.069899    31.752148    39.614494
685    685    1516799659447517435    31.076083    31.776890    35.980917
686    686    1516799659486586993    31.066400    31.453075    25.595375
687    687    1516799659516319368    31.069846    31.267372    33.633371
688    688    1516799659552540498    31.064193    30.989994    27.608194
689    689    1516799659578985135    31.072232    31.143381    37.814851
690    690    1516799659614536644    31.067526    31.178415    28.128201
691    691    1516799659643253831    31.072368    31.877169    34.822352
692    692    1516799659681669329    31.063687    31.650965    26.031161
693    693    1516799659708137656    31.071648    31.882059    37.781005
694    694    1516799659733420776    31.081236    31.878012    39.552081
695    695    1516799659764449984    31.082825    31.552456    32.227700
696    696    1516799659799887200    31.078300    31.918268    28.218921
697    697    1516799659828877492    31.082710    31.994049    34.494306
698    698    1516799659861468647    31.082131    32.369987    30.683172
699    699    1516799659891257667    31.085421    32.023308    33.569416
700    700    1516799659926974950    31.080531    32.006321    27.997650
701    701    1516799659958196460    31.081843    31.751816    32.029200
702    702    1516799659986550071    31.087092    32.799709    35.268876
703    703    1516799660016550565    31.090068    32.424065    33.332784
704    704    1516799660045390607    31.094627    32.054382    34.674013
705    705    1516799660078339504    31.093546    31.858343    30.350030
706    706    1516799660107849070    31.097172    32.471550    33.887316
707    707    1516799660145341162    31.089887    31.599203    26.672291
708    708    1516799660181402783    31.084576    31.256433    27.730312
709    709    1516799660221023180    31.074440    30.324577    25.239525
710    710    1516799660249567332    31.079380    30.998873    35.033446
711    711    1516799660285853760    31.073804    30.519691    27.558513
712    712    1516799660320732983    31.070151    29.923731    28.670363
713    713    1516799660353914301    31.068804    29.641598    30.137441
714    714    1516799660379002590    31.078390    29.974943    39.859235
715    715    1516799660415250890    31.072899    29.681395    27.587501
716    716    1516799660443573367    31.078097    29.786346    35.307646
717    717    1516799660471800444    31.083412    30.631691    35.426977
718    718    1516799660506424631    31.080116    30.767162    28.881545
719    719    1516799660536503908    31.082928    31.697659    33.245480
720    720    1516799660564145551    31.089000    31.788597    36.177300
721    721    1516799660591860680    31.094959    32.679001    36.081376
722    722    1516799660627315993    31.090552    32.617592    28.204518
723    723    1516799660664473707    31.083886    32.199959    26.912312
724    724    1516799660703249744    31.075086    30.840672    25.789123
725    725    1516799660729982197    31.082334    31.773134    37.407716
726    726    1516799660758183289    31.087613    31.785393    35.459620
727    727    1516799660786704033    31.092454    31.755753    35.062199
728    728    1516799660825383162    31.083814    31.352037    25.853736
729    729    1516799660854379896    31.088016    31.458809    34.486643
730    730    1516799660887063627    31.087333    30.967606    30.596262
731    731    1516799660926707620    31.077465    29.864391    25.224502
732    732    1516799660955876305    31.081430    30.435812    34.283342
733    733    1516799660994586891    31.072829    30.292641    25.832727
734    734    1516799661026526011    31.073148    30.933296    31.309566
735    735    1516799661055948027    31.076770    30.678061    33.988154
736    736    1516799661092587081    31.070926    29.903967    27.293281
737    737    1516799661120658376    31.076307    29.944214    35.623579
738    738    1516799661156693457    31.071269    30.183186    27.750735
739    739    1516799661193849460    31.064783    29.457722    26.913551
740    740    1516799661223279092    31.068380    29.742830    33.979358
741    741    1516799661258681994    31.064197    30.122807    28.246272
742    742    1516799661294184513    31.059897    29.558846    28.167015
743    743    1516799661323774704    31.063276    30.377794    33.794983
744    744    1516799661359005806    31.059341    30.077015    28.384011
745    745    1516799661388404259    31.062959    30.079147    34.015395
746    746    1516799661424571428    31.057826    30.121902    27.649386
747    747    1516799661452500338    31.063333    30.134827    35.805193
748    748    1516799661481251314    31.067767    30.811148    34.781428
749    749    1516799661520613277    31.058537    30.603144    25.405237
750    750    1516799661549894466    31.062283    30.617052    34.151619
751    751    1516799661576475014    31.069486    31.467022    37.621497
752    752    1516799661601639524    31.078490    32.525082    39.738505
753    753    1516799661637845961    31.073328    31.839909    27.619398
754    754    1516799661671015530    31.072065    32.050285    30.148116
755    755    1516799661696312059    31.080863    32.477253    39.531115
756    756    1516799661731286218    31.077290    32.603577    28.592539
757    757    1516799661765674295    31.074474    31.931135    29.079846
758    758    1516799661792342994    31.081488    32.144863    37.497142
759    759    1516799661820045992    31.087172    33.396484    36.097176
760    760    1516799661855548407    31.082938    32.716740    28.167098
761    761    1516799661882081247    31.090089    32.721844    37.689143
762    762    1516799661907188307    31.099032    32.727997    39.829434
763    763    1516799661943663128    31.093565    32.699276    27.416173
764    764    1516799661979541189    31.088868    32.412216    27.872186
765    765    1516799662008349224    31.093106    32.047466    34.712538
766    766    1516799662040976319    31.092519    32.290344    30.649373
767    767    1516799662068627849    31.098198    33.008358    36.164364
768    768    1516799662104162979    31.093949    32.069786    28.141166
769    769    1516799662142213092    31.086556    31.039793    26.281131
770    770    1516799662181997301    31.077013    30.632666    25.135601
771    771    1516799662211674398    31.080142    30.340435    33.696018
772    772    1516799662240516414    31.084307    30.000471    34.671640
773    773    1516799662278667864    31.076843    29.850325    26.211324
774    774    1516799662307675743    31.080794    30.475302    34.473393
775    775    1516799662345386223    31.073904    29.670334    26.517827
776    776    1516799662374295736    31.077970    30.001253    34.590690
777    777    1516799662408469649    31.075492    29.425457    29.262087
778    778    1516799662436437564    31.080714    30.095591    35.755257
779    779    1516799662476035909    31.071522    29.956011    25.253581
780    780    1516799662512559837    31.066158    30.251461    27.379311
781    781    1516799662540022813    31.071992    30.455454    36.412660
782    782    1516799662575293978    31.068185    29.870581    28.351771
783    783    1516799662611437311    31.063315    30.050837    27.667620
784    784    1516799662636622985    31.071930    30.400011    39.705112
785    785    1516799662664054300    31.077768    31.380613    36.454687
786    786    1516799662702445342    31.070145    30.473906    26.047743
787    787    1516799662729931633    31.075902    31.107878    36.381773
788    788    1516799662764919891    31.072464    30.443039    28.581017
789    789    1516799662792478859    31.078116    31.601273    36.285829
790    790    1516799662820103794    31.083676    32.515678    36.199180
791    791    1516799662857628796    31.077146    31.485554    26.648899
792    792    1516799662885616009    31.082251    32.224586    35.730603
793    793    1516799662914044914    31.086807    33.046097    35.175467
794    794    1516799662941923001    31.092022    32.754665    35.870467
795    795    1516799662979750115    31.085144    31.676062    26.436064
796    796    1516799663008358215    31.089463    32.689045    34.955135
797    797    1516799663043772675    31.085528    31.863264    28.237053
798    798    1516799663079064650    31.081752    31.832458    28.335054
799    799    1516799663107547283    31.086209    31.739138    35.109114
800    800    1516799663144579002    31.080343    30.818996    27.003877
801    801    1516799663172336589    31.085665    31.775507    36.026186
802    802    1516799663207792565    31.081710    31.038881    28.203990
803    803    1516799663243179695    31.077848    30.382690    28.258861
804    804    1516799663271211069    31.082823    30.368547    35.674313
805    805    1516799663296524248    31.091047    31.568233    39.505113
806    806    1516799663333436349    31.085360    30.761835    27.091387
807    807    1516799663358645611    31.093687    31.758842    39.667960
808    808    1516799663386163116    31.099237    32.562847    36.340504
809    809    1516799663420553907    31.096567    31.948206    29.077552
810    810    1516799663448439677    31.101662    32.909821    35.860584
811    811    1516799663484598536    31.096890    32.024395    27.655740
812    812    1516799663522917476    31.089564    31.733448    26.096755
813    813    1516799663563864452    31.079139    31.183271    24.421828
814    814    1516799663599767039    31.074723    30.436214    27.853146
815    815    1516799663628842038    31.078399    30.091677    34.393810
816    816    1516799663661012812    31.078406    30.527224    31.084114
817    817    1516799663691084359    31.080891    30.080730    33.254026
818    818    1516799663729096392    31.074007    29.160191    26.307459
819    819    1516799663757613271    31.078323    29.668365    35.066951
820    820    1516799663792604735    31.075012    29.055828    28.578398
821    821    1516799663829541320    31.069425    28.990314    27.073429
822    822    1516799663854568041    31.077825    30.152218    39.957292
823    823    1516799663893862867    31.069484    30.303175    25.448643
824    824    1516799663919259687    31.077430    31.299625    39.375008
825    825    1516799663955758082    31.072379    30.588894    27.398465
826    826    1516799663993548838    31.065833    30.071930    26.461498
827    827    1516799664022395696    31.069730    30.183090    34.665820
828    828    1516799664050993773    31.073908    31.065802    34.967386
829    829    1516799664079900075    31.077719    31.028265    34.594532
830    830    1516799664108680462    31.081667    31.637989    34.745884
831    831    1516799664144088907    31.077911    31.791693    28.241850
832    832    1516799664179537592    31.074118    30.772114    28.209791
833    833    1516799664209225423    31.077005    31.709534    33.683835
834    834    1516799664241727113    31.076631    31.010885    30.767631
835    835    1516799664275224762    31.075107    31.302170    29.852841
836    836    1516799664304070296    31.078955    32.203892    34.667412
837    837    1516799664339484832    31.075223    31.536873    28.236993
838    838    1516799664374746647    31.071676    30.887756    28.359289
839    839    1516799664400010583    31.079631    31.239212    39.582114
840    840    1516799664427094082    31.085481    31.405691    36.922851
841    841    1516799664454359904    31.091109    32.229889    36.675953
842    842    1516799664479566857    31.099088    33.330082    39.671594
843    843    1516799664515463336    31.094802    32.654350    27.857885
844    844    1516799664544281291    31.098626    33.051933    34.700589
845    845    1516799664569455077    31.106610    33.986980    39.723862
846    846    1516799664597642295    31.111135    34.063194    35.477073
847    847    1516799664627300051    31.113971    34.744514    33.717993
848    848    1516799664655130159    31.118886    35.665436    35.932308
849    849    1516799664690630051    31.115053    34.409260    28.169100
850    850    1516799664719455879    31.118823    34.204193    34.691111
851    851    1516799664744690424    31.126668    34.443504    39.628216
852    852    1516799664780105703    31.122933    33.273571    28.236400
853    853    1516799664807770759    31.127999    34.210560    36.146683
854    854    1516799664843031880    31.124445    33.472740    28.359847
855    855    1516799664881313905    31.117484    32.065792    26.121920
856    856    1516799664921660826    31.108210    30.862431    24.785039
857    857    1516799664948370465    31.114342    31.145815    37.439667
858    858    1516799664983808151    31.110626    30.424913    28.218547
859    859    1516799665019169059    31.107005    30.437786    28.279817
860    860    1516799665051006121    31.107353    30.161341    31.409933
861    861    1516799665079511160    31.111442    29.866728    35.081517
862    862    1516799665105330129    31.118536    30.747999    38.731213
863    863    1516799665132741288    31.123831    30.772022    36.481493
864    864    1516799665164683392    31.124042    31.089546    31.306642
865    865    1516799665192620112    31.128732    32.122715    35.795183
866    866    1516799665229644806    31.123257    32.469223    27.009001
867    867    1516799665257802893    31.127690    32.317234    35.513776
868    868    1516799665294237217    31.122887    32.213478    27.446646
869    869    1516799665336313157    31.111818    31.531408    23.766552
870    870    1516799665364189909    31.116559    31.930134    35.872185
871    871    1516799665399597206    31.112928    31.241600    28.242766
872    872    1516799665435885083    31.108331    30.252155    27.557413
873    873    1516799665464070298    31.112717    30.181480    35.479595
874    874    1516799665489378691    31.120278    30.798105    39.512584
875    875    1516799665518121284    31.124027    30.721855    34.791572
876    876    1516799665552600343    31.121432    30.964014    29.003112
877    877    1516799665578076033    31.128776    31.223349    39.253108
878    878    1516799665614235145    31.124330    31.250202    27.655546
879    879    1516799665642741354    31.128318    32.634071    35.080077
880    880    1516799665678246639    31.124601    31.841383    28.164821
881    881    1516799665718221837    31.115985    31.384892    25.015511
882    882    1516799665752616751    31.113511    31.572468    29.074066
883    883    1516799665787788768    31.110191    30.891039    28.431693
884    884    1516799665823831550    31.105928    29.899580    27.744806
885    885    1516799665849086484    31.113458    30.214657    39.596223
886    886    1516799665884583077    31.109795    30.122047    28.171718
887    887    1516799665913712287    31.113082    29.794161    34.329802
888    888    1516799665953188773    31.105096    29.502560    25.331535
889    889    1516799665978898135    31.112098    29.748022    38.896337
890    890    1516799666018231685    31.104287    29.413059    25.423589
891    891    1516799666046718419    31.108261    30.441717    35.104059
892    892    1516799666079081919    31.108025    30.631140    30.899007
893    893    1516799666107887764    31.111641    31.240335    34.715177
894    894    1516799666133248731    31.118977    32.318825    39.430673
895    895    1516799666168987596    31.115082    31.259659    27.980743
896    896    1516799666194222007    31.122536    32.295681    39.628426
897    897    1516799666233006318    31.115361    31.319094    25.783622
898    898    1516799666268511654    31.111735    31.713526    28.164781
899    899    1516799666297274254    31.115371    31.409391    34.767372
900    900    1516799666332654542    31.111887    31.804304    28.264326
901    901    1516799666369339176    31.107014    30.996145    27.259370
902    902    1516799666394538627    31.114460    31.700071    39.683404
903    903    1516799666426708825    31.114427    31.365557    31.084670
904    904    1516799666451895091    31.121867    31.382753    39.704178
905    905    1516799666485938952    31.119823    31.550583    29.373872
906    906    1516799666511498045    31.126845    31.518295    39.125019
907    907    1516799666539203673    31.131563    32.658676    36.093750
908    908    1516799666572887210    31.129898    32.854149    29.688094
909    909    1516799666598090860    31.137269    33.242847    39.676793
910    910    1516799666633399213    31.133871    33.250797    28.321910
911    911    1516799666671844507    31.127149    33.057266    26.010986
912    912    1516799666707329578    31.123585    31.970234    28.180865
913    913    1516799666732843051    31.130599    32.665409    39.194977
914    914    1516799666759867343    31.136000    32.470455    37.003745
915    915    1516799666798918872    31.128663    31.950932    25.607192
916    916    1516799666827354916    31.132561    31.659908    35.166636
917    917    1516799666863577135    31.128231    30.828663    27.607364
918    918    1516799666896575331    31.127311    30.893936    30.304687
919    919    1516799666925700726    31.130471    30.524113    34.334298
920    920    1516799666956618628    31.131739    30.938736    32.343721
921    921    1516799666984361266    31.136343    31.998283    36.045599
922    922    1516799667019694948    31.132965    32.013794    28.301608
923    923    1516799667055470786    31.129131    30.995476    27.951826
924    924    1516799667084015325    31.132881    30.850107    35.032971
925    925    1516799667117714828    31.131228    31.368027    29.674028
926    926    1516799667143520422    31.137833    31.629004    38.751288
927    927    1516799667174327634    31.139200    32.180157    32.459932
928    928    1516799667202900261    31.142897    32.645077    34.998532
929    929    1516799667241347470    31.136289    31.680986    26.009690
930    930    1516799667269480881    31.140438    31.962948    35.544926
931    931    1516799667309405489    31.132312    30.765045    25.047209
932    932    1516799667337207777    31.136799    31.494791    35.968263
933    933    1516799667373272227    31.132701    31.466188    27.728137
934    934    1516799667401654016    31.136577    31.482309    35.233861
935    935    1516799667426886315    31.143709    32.344509    39.631743
936    936    1516799667464617986    31.137890    31.143183    26.502934
937    937    1516799667492201437    31.142575    31.459026    36.253622
938    938    1516799667527602703    31.139177    30.797428    28.247577
939    939    1516799667555802157    31.143215    31.801085    35.461680
940    940    1516799667591223479    31.139802    31.080746    28.231583
941    941    1516799667626617354    31.136426    31.524672    28.253476
942    942    1516799667655592943    31.139655    31.408499    34.511809
943    943    1516799667680778784    31.146773    32.519630    39.704848
944    944    1516799667716889198    31.142663    31.722347    27.692842
945    945    1516799667742190534    31.149645    31.715403    39.523605
946    946    1516799667777893525    31.145957    31.920782    28.008858
947    947    1516799667803093461    31.153026    32.165508    39.682640
948    948    1516799667830508384    31.157818    33.013577    36.476484
949    949    1516799667866680665    31.153651    32.166908    27.645478
950    950    1516799667895044485    31.157464    32.914116    35.256182
951    951    1516799667928645929    31.155928    33.109451    29.760626
952    952    1516799667956868994    31.159874    33.192150    35.432013
953    953    1516799667984870318    31.164038    32.884834    35.712597
954    954    1516799668021388616    31.159534    32.840786    27.383532
955    955    1516799668046584466    31.166540    32.852165    39.689076
956    956    1516799668082768189    31.162381    32.800365    27.636736
957    957    1516799668111823141    31.165458    32.390797    34.417541
958    958    1516799668147789187    31.161529    31.517822    27.804002
959    959    1516799668175639123    31.165820    32.366810    35.906725
960    960    1516799668209185155    31.164344    31.832872    29.809785
961    961    1516799668237637114    31.168016    32.363384    35.146965
962    962    1516799668272576185    31.165136    31.674919    28.621253
963    963    1516799668311624647    31.158124    30.604033    25.609203
964    964    1516799668343510073    31.158334    31.044191    31.362291
965    965    1516799668368741797    31.165232    31.040733    39.632647
966    966    1516799668404525319    31.161520    31.079342    27.945824
967    967    1516799668432706135    31.165443    31.164007    35.485133
968    968    1516799668468406813    31.161821    31.189802    28.010673
969    969    1516799668503966646    31.158348    30.457392    28.121617
970    970    1516799668533883234    31.160525    30.797842    33.426272
971    971    1516799668569339155    31.157165    30.147539    28.204034
972    972    1516799668605370906    31.153238    30.048553    27.753300
973    973    1516799668630584904    31.160101    31.351868    39.660509
974    974    1516799668668672987    31.154131    30.753815    26.254931
975    975    1516799668706250822    31.148683    29.628836    26.611432
976    976    1516799668735790466    31.151230    30.187300    33.852811
977    977    1516799668771117021    31.148030    29.549877    28.307317
978    978    1516799668810553645    31.140766    29.227217    25.357140
979    979    1516799668838135693    31.145250    29.924974    36.255466
980    980    1516799668873396453    31.142132    29.453936    28.360137
981    981    1516799668909789565    31.137903    29.372854    27.477727
982    982    1516799668935291036    31.144428    30.310366    39.213424
983    983    1516799668972958151    31.138950    29.207890    26.548357
984    984    1516799669001334575    31.142629    30.060579    35.240522
985    985    1516799669036920362    31.139211    30.241673    28.101107
986    986    1516799669073799803    31.134530    29.584984    27.115378
987    987    1516799669098945292    31.141373    30.503775    39.768564
988    988    1516799669137683602    31.134877    30.568892    25.814239
989    989    1516799669164246150    31.140318    30.664457    37.646991
990    990    1516799669200612362    31.136156    30.560862    27.498052
991    991    1516799669237795425    31.131206    30.487261    26.893965
992    992    1516799669262929410    31.138028    30.521454    39.786767
993    993    1516799669293918259    31.139126    31.156521    32.269672
994    994    1516799669322483127    31.142585    31.138237    35.008039
995    995    1516799669361612501    31.135752    30.798405    25.556248
996    996    1516799669397789147    31.131805    30.865213    27.642142
997    997    1516799669426536135    31.135083    30.525885    34.786253
998    998    1516799669464543407    31.129369    30.594156    26.310754
999    999    1516799669503466575    31.122782    29.479355    25.691639
