Beat    Tag    Timestamp    Global Rate    Window Rate    Instant Rate
0    0    1516747958481340620    0.000000    0.000000    0.000000
1    1    1516747958687250196    9.713001    4.856501    4.856501
2    2    1516747958883680553    7.456381    4.970921    5.090863
3    3    1516747959079496925    6.687215    5.015411    5.106825
4    4    1516747959275127832    6.298917    5.039134    5.111667
5    5    1516747959470706931    6.064488    5.053740    5.113021
6    6    1516747959666635115    5.905705    5.062033    5.103911
7    7    1516747959862391718    5.792689    5.068604    5.108385
8    8    1516747960057968990    5.708384    5.074119    5.113069
9    9    1516747960253634227    5.642406    5.078166    5.110770
10    10    1516747960449289249    5.589577    5.081433    5.111037
11    11    1516747960645283593    5.545433    5.107165    5.102188
12    12    1516747960841248709    5.508689    5.108379    5.102949
13    13    1516747961037076516    5.477874    5.108349    5.106527
14    14    1516747961232555452    5.452137    5.108746    5.115641
15    15    1516747961427970911    5.429931    5.109173    5.117302
16    16    1516747961623660731    5.410015    5.109795    5.110128
17    17    1516747961819545319    5.392120    5.109461    5.105047
18    18    1516747962015119396    5.376681    5.109469    5.113152
19    19    1516747962210844659    5.362643    5.109313    5.109202
20    20    1516747962406386117    5.350256    5.109609    5.114005
21    21    1516747962602240333    5.338640    5.109975    5.105839
22    22    1516747962797914675    5.328300    5.110734    5.110532
23    23    1516747962993800647    5.318607    5.110582    5.105011
24    24    1516747963189488021    5.309944    5.110038    5.110192
25    25    1516747963384926875    5.302242    5.109977    5.116690
26    26    1516747963587732110    5.287491    5.091465    4.930839
27    27    1516747963783860298    5.280508    5.090833    5.098706
28    28    1516747963979615742    5.274381    5.090364    5.108415
29    29    1516747964175140268    5.268889    5.090883    5.114448
30    30    1516747964371052503    5.263415    5.089922    5.104326
31    31    1516747964566924765    5.258328    5.089876    5.105368
32    32    1516747964762656211    5.253676    5.089728    5.109041
33    33    1516747964958594040    5.249138    5.089593    5.103660
34    34    1516747965154369701    5.244994    5.089365    5.107887
35    35    1516747965349862182    5.241303    5.089226    5.115286
36    36    1516747965545260256    5.237885    5.108483    5.117758
37    37    1516747965741267674    5.234212    5.108799    5.101848
38    38    1516747965937095470    5.230859    5.108610    5.106527
39    39    1516747966132608187    5.227892    5.108641    5.114757
40    40    1516747966328066894    5.225109    5.109825    5.116170
41    41    1516747966523862731    5.222242    5.110024    5.107361
42    42    1516747966719536882    5.219589    5.110174    5.110537
43    43    1516747966915161448    5.217090    5.110992    5.111832
44    44    1516747967110633933    5.214796    5.111784    5.115810
45    45    1516747967306114759    5.212598    5.111814    5.115591
46    46    1516747967501705994    5.210432    5.111310    5.112704
47    47    1516747967697372704    5.208315    5.112200    5.110731
48    48    1516747967893070203    5.206269    5.112541    5.109927
49    49    1516747968088604938    5.204395    5.112483    5.114181
50    50    1516747968284216176    5.202555    5.112084    5.112181
51    51    1516747968479664416    5.200872    5.112993    5.116444
52    52    1516747968682317271    5.195581    5.094814    4.934547
53    53    1516747968878568060    5.193692    5.093189    5.095521
54    54    1516747969074262931    5.192146    5.092612    5.109996
55    55    1516747969270186468    5.190546    5.091464    5.104032
56    56    1516747969465641557    5.189224    5.091817    5.116265
57    57    1516747969661656550    5.187689    5.090914    5.101651
58    58    1516747969857552985    5.186260    5.090399    5.104738
59    59    1516747970053055130    5.185057    5.090483    5.115033
60    60    1516747970248647283    5.183854    5.090532    5.112680
61    61    1516747970444269502    5.182677    5.090081    5.111894
62    62    1516747970640119412    5.181441    5.107769    5.105951
63    63    1516747970835530631    5.180429    5.109960    5.117413
64    64    1516747971031437053    5.179243    5.109407    5.104478
65    65    1516747971227171968    5.178164    5.109900    5.108951
66    66    1516747971422818957    5.177152    5.109399    5.111247
67    67    1516747971618618622    5.176110    5.109961    5.107261
68    68    1516747971814542906    5.175051    5.109889    5.104013
69    69    1516747972010447022    5.174030    5.108839    5.104538
70    70    1516747972205795440    5.173247    5.109475    5.119059
71    71    1516747972401350879    5.172410    5.109649    5.113639
72    72    1516747972597355964    5.171431    5.109245    5.101908
73    73    1516747972792931163    5.170634    5.108817    5.113123
74    74    1516747972988818999    5.169747    5.108865    5.104962
75    75    1516747973184456638    5.168972    5.109119    5.111491
76    76    1516747973380194339    5.168183    5.108882    5.108878
77    77    1516747973582859266    5.165043    5.091026    4.934253
78    78    1516747973778774703    5.164265    5.091049    5.104243
79    79    1516747973974602379    5.163535    5.091247    5.106530
80    80    1516747974170432934    5.162823    5.089998    5.106455
81    81    1516747974366085713    5.162185    5.089745    5.111095
82    82    1516747974561871398    5.161521    5.090314    5.107626
83    83    1516747974757999571    5.160764    5.088881    5.098707
84    84    1516747974953970038    5.160075    5.088667    5.102810
85    85    1516747975149486468    5.159542    5.088982    5.114660
86    86    1516747975345303568    5.158930    5.088776    5.106806
87    87    1516747975540990132    5.158371    5.106911    5.110213
88    88    1516747975737030972    5.157719    5.106584    5.100978
89    89    1516747975933047221    5.157089    5.106092    5.101618
90    90    1516747976128844310    5.156537    5.106180    5.107328
91    91    1516747976324577125    5.156015    5.105971    5.109005
92    92    1516747976520149095    5.155551    5.106528    5.113207
93    93    1516747976716070495    5.154998    5.107068    5.104088
94    94    1516747976911906774    5.154481    5.107417    5.106306
95    95    1516747977107783209    5.153963    5.106478    5.105259
96    96    1516747977303051557    5.153623    5.107910    5.121158
97    97    1516747977498738020    5.153176    5.107910    5.110216
98    98    1516747977694472178    5.152726    5.108710    5.108970
99    99    1516747977890335386    5.152250    5.109110    5.105604
100    100    1516747978086038110    5.151826    5.109356    5.109791
101    101    1516747978281668549    5.151430    5.109623    5.111679
102    102    1516747978477321462    5.151035    5.109412    5.111092
103    103    1516747978679892863    5.148884    5.092110    4.936531
104    104    1516747978875927147    5.148425    5.091597    5.101149
105    105    1516747979071854521    5.148002    5.091465    5.103932
106    106    1516747979267492281    5.147658    5.090507    5.111488
107    107    1516747979463222369    5.147298    5.090394    5.109077
108    108    1516747979659139321    5.146899    5.089921    5.104204
109    109    1516747979855004986    5.146520    5.089914    5.105540
110    110    1516747980051487273    5.146001    5.087896    5.089517
111    111    1516747980247208736    5.145671    5.087660    5.109302
112    112    1516747980442975277    5.145336    5.087366    5.108125
113    113    1516747980638942613    5.144961    5.104516    5.102891
114    114    1516747980834590242    5.144666    5.105524    5.111230
115    115    1516747981030309444    5.144359    5.106066    5.109361
116    116    1516747981226243167    5.144010    5.105294    5.103767
117    117    1516747981422156156    5.143671    5.104818    5.104307
118    118    1516747981617603717    5.143441    5.106041    5.116462
119    119    1516747981813611780    5.143091    5.105670    5.101831
120    120    1516747982009658350    5.142739    5.106806    5.100829
121    121    1516747982205203971    5.142501    5.107265    5.113896
122    122    1516747982400776792    5.142262    5.107770    5.113185
123    123    1516747982596474438    5.141999    5.108474    5.109923
124    124    1516747982792486502    5.141675    5.107523    5.101727
125    125    1516747982988357695    5.141385    5.107126    5.105396
126    126    1516747983184033526    5.141140    5.107799    5.110493
127    127    1516747983379679757    5.140905    5.108495    5.111266
128    128    1516747983582346127    5.139236    5.089726    4.934218
129    129    1516747983778552465    5.138906    5.089212    5.096675
130    130    1516747983974360242    5.138662    5.089830    5.107049
131    131    1516747984170313654    5.138391    5.088774    5.103254
132    132    1516747984365923763    5.138194    5.088678    5.112210
133    133    1516747984561622871    5.137981    5.088674    5.109885
134    134    1516747984757483477    5.137740    5.089067    5.105672
135    135    1516747984953058095    5.137559    5.089834    5.113138
136    136    1516747985148925061    5.137323    5.089339    5.105506
137    137    1516747985344548092    5.137138    5.089400    5.111873
138    138    1516747985540150580    5.136959    5.107762    5.112409
139    139    1516747985735668469    5.136799    5.109559    5.114622
140    140    1516747985931782110    5.136529    5.108761    5.099084
141    141    1516747986127941846    5.136255    5.108222    5.097886
142    142    1516747986323572356    5.136083    5.108169    5.111677
143    143    1516747986519222549    5.135909    5.108297    5.111163
144    144    1516747986715081329    5.135699    5.108301    5.105720
145    145    1516747986910761624    5.135525    5.108026    5.110377
146    146    1516747987106700773    5.135307    5.107838    5.103625
147    147    1516747987302301839    5.135151    5.107895    5.112447
148    148    1516747987498006591    5.134980    5.107628    5.109738
149    149    1516747987693629817    5.134825    5.107353    5.111867
150    150    1516747987889725768    5.134590    5.107399    5.099544
151    151    1516747988085907298    5.134343    5.107342    5.097320
152    152    1516747988281625459    5.134179    5.107114    5.109388
153    153    1516747988477324603    5.134021    5.106986    5.109884
154    154    1516747988679834347    5.132706    5.089698    4.938034
155    155    1516747988876050618    5.132472    5.088310    5.096417
156    156    1516747989071902856    5.132302    5.088535    5.105890
157    157    1516747989267454389    5.132184    5.088664    5.113742
158    158    1516747989463174063    5.132040    5.088624    5.109348
159    159    1516747989658582389    5.131949    5.089181    5.117489
160    160    1516747989854387504    5.131794    5.089935    5.107119
161    161    1516747990050394682    5.131608    5.090386    5.101854
162    162    1516747990245964322    5.131495    5.090771    5.113268
163    163    1516747990441429773    5.131400    5.091377    5.115994
164    164    1516747990637031662    5.131285    5.109347    5.112425
165    165    1516747990832834372    5.131139    5.110427    5.107182
166    166    1516747991028499241    5.131016    5.110916    5.110779
167    167    1516747991224062760    5.130911    5.110885    5.113428
168    168    1516747991419843979    5.130773    5.110724    5.107742
169    169    1516747991615497270    5.130657    5.110085    5.111082
170    170    1516747991811252717    5.130527    5.110214    5.108415
171    171    1516747992007328811    5.130348    5.110034    5.100061
172    172    1516747992203055751    5.130225    5.109623    5.109159
173    173    1516747992398580043    5.130134    5.109470    5.114454
174    174    1516747992594321609    5.130012    5.109105    5.108777
175    175    1516747992790354074    5.129847    5.108505    5.101196
176    176    1516747992986012250    5.129740    5.108523    5.110954
177    177    1516747993181576360    5.129648    5.108521    5.113413
178    178    1516747993377239927    5.129543    5.108828    5.110814
179    179    1516747993579950834    5.128408    5.090474    4.933134
180    180    1516747993775973033    5.128259    5.089783    5.101463
181    181    1516747993971935441    5.128119    5.090078    5.103020
182    182    1516747994167902600    5.127981    5.089455    5.102896
183    183    1516747994363643685    5.127876    5.088893    5.108790
184    184    1516747994559191439    5.127800    5.089396    5.113840
185    185    1516747994755486537    5.127619    5.088716    5.094371
186    186    1516747994951275899    5.127511    5.088376    5.107530
187    187    1516747995147446931    5.127351    5.086805    5.097593
188    188    1516747995343233524    5.127246    5.086486    5.107602
189    189    1516747995538952676    5.127152    5.104640    5.109362
190    190    1516747995734511390    5.127080    5.105848    5.113554
191    191    1516747995930394429    5.126965    5.106055    5.105087
192    192    1516747996126377553    5.126838    5.106014    5.102480
193    193    1516747996322069803    5.126751    5.106141    5.110064
194    194    1516747996517661491    5.126679    5.106027    5.112692
195    195    1516747996713234476    5.126610    5.107910    5.113181
196    196    1516747996909381109    5.126465    5.106977    5.098227
197    197    1516747997105412945    5.126337    5.107341    5.101212
198    198    1516747997301048932    5.126262    5.107734    5.111534
199    199    1516747997496912709    5.126158    5.107357    5.105589
200    200    1516747997692428561    5.126101    5.107469    5.114675
201    201    1516747997888237828    5.126006    5.107661    5.107011
202    202    1516747998083958205    5.125924    5.108346    5.109330
203    203    1516747998279465384    5.125870    5.108829    5.114902
204    204    1516747998475197601    5.125787    5.108462    5.109021
205    205    1516747998677482654    5.124870    5.091006    4.943519
206    206    1516747998873871796    5.124710    5.090378    5.091931
207    207    1516747999069606978    5.124634    5.091146    5.108944
208    208    1516747999265621563    5.124523    5.090166    5.101661
209    209    1516747999461237782    5.124464    5.090807    5.112051
210    210    1516747999656905954    5.124398    5.090412    5.110693
211    211    1516747999852555900    5.124336    5.090825    5.111169
212    212    1516748000048677466    5.124216    5.089786    5.098878
213    213    1516748000244628408    5.124118    5.088636    5.103318
214    214    1516748000440201393    5.124067    5.089048    5.113181
215    215    1516748000635641346    5.124032    5.106838    5.116661
216    216    1516748000831603081    5.123935    5.107953    5.103037
217    217    1516748001027213167    5.123881    5.108280    5.112211
218    218    1516748001223063435    5.123799    5.108708    5.105941
219    219    1516748001418714818    5.123741    5.108617    5.111132
220    220    1516748001614531724    5.123664    5.108229    5.106811
221    221    1516748001810236959    5.123602    5.108084    5.109725
222    222    1516748002006125480    5.123518    5.108693    5.104944
223    223    1516748002202114817    5.123423    5.108593    5.102318
224    224    1516748002397690345    5.123377    5.108586    5.113114
225    225    1516748002593257836    5.123332    5.108253    5.113324
226    226    1516748002788796109    5.123291    5.109358    5.114088
227    227    1516748002984773306    5.123200    5.108400    5.102634
228    228    1516748003180575685    5.123130    5.108525    5.107190
229    229    1516748003376367806    5.123062    5.108158    5.107458
230    230    1516748003579144434    5.122201    5.090062    4.931535
231    231    1516748003775138086    5.122114    5.089314    5.102206
232    232    1516748003971059223    5.122037    5.089230    5.104095
233    233    1516748004166988500    5.121959    5.089386    5.103882
234    234    1516748004362518849    5.121926    5.089503    5.114296
235    235    1516748004558004323    5.121899    5.089715    5.115470
236    236    1516748004753626841    5.121856    5.089497    5.111886
237    237    1516748004949299043    5.121809    5.090287    5.110588
238    238    1516748005145068893    5.121751    5.090371    5.108039
239    239    1516748005340912584    5.121686    5.090238    5.106113
240    240    1516748005536558160    5.121642    5.108782    5.111283
241    241    1516748005732387371    5.121580    5.109211    5.106490
242    242    1516748005928387215    5.121499    5.109006    5.102045
243    243    1516748006124477199    5.121409    5.108586    5.099700
244    244    1516748006319882417    5.121394    5.108913    5.117571
245    245    1516748006515561842    5.121349    5.108407    5.110399
246    246    1516748006711089656    5.121320    5.108654    5.114362
247    247    1516748006907180958    5.121233    5.107560    5.099665
248    248    1516748007102760605    5.121200    5.108057    5.113006
249    249    1516748007298671099    5.121132    5.107882    5.104372
250    250    1516748007494603832    5.121063    5.107133    5.103792
251    251    1516748007690557244    5.120992    5.106809    5.103254
252    252    1516748007886383485    5.120935    5.107262    5.106568
253    253    1516748008082228228    5.120876    5.107902    5.106085
254    254    1516748008278132236    5.120812    5.106601    5.104541
255    255    1516748008473900305    5.120762    5.106370    5.108085
256    256    1516748008676531234    5.120012    5.087915    4.935081
257    257    1516748008872626035    5.119933    5.087906    5.099574
258    258    1516748009068139653    5.119913    5.088077    5.114733
259    259    1516748009263861630    5.119872    5.088565    5.109288
260    260    1516748009459615120    5.119828    5.089029    5.108466
261    261    1516748009655204950    5.119801    5.089971    5.112740
262    262    1516748009850804392    5.119773    5.090559    5.112489
263    263    1516748010046909755    5.119695    5.089883    5.099300
264    264    1516748010242600697    5.119659    5.090436    5.110099
265    265    1516748010438188946    5.119633    5.090901    5.112782
266    266    1516748010633955512    5.119590    5.108754    5.108125
267    267    1516748010829722029    5.119547    5.109612    5.108126
268    268    1516748011025804792    5.119474    5.108126    5.099887
269    269    1516748011221789916    5.119410    5.107439    5.102428
270    270    1516748011417140278    5.119409    5.108491    5.119008
271    271    1516748011612730143    5.119384    5.108491    5.112739
272    272    1516748011808253133    5.119366    5.108690    5.114488
273    273    1516748012003972796    5.119330    5.109697    5.109349
274    274    1516748012199544361    5.119307    5.110009    5.113218
275    275    1516748012394964555    5.119300    5.110448    5.117178
276    276    1516748012590542270    5.119277    5.110941    5.113057
277    277    1516748012786214646    5.119246    5.111187    5.110583
278    278    1516748012982021504    5.119202    5.111908    5.107073
279    279    1516748013177573049    5.119183    5.113041    5.113741
280    280    1516748013373567246    5.119122    5.111359    5.102192
281    281    1516748013576373279    5.118429    5.092575    4.930820
282    282    1516748013772193764    5.118387    5.091804    5.106718
283    283    1516748013967838907    5.118362    5.091997    5.111295
284    284    1516748014163792922    5.118309    5.091005    5.103238
285    285    1516748014359520265    5.118277    5.090209    5.109148
286    286    1516748014555218839    5.118248    5.089896    5.109899
287    287    1516748014750748578    5.118234    5.090266    5.114312
288    288    1516748014946575355    5.118194    5.090214    5.106554
289    289    1516748015142192087    5.118172    5.090045    5.112037
290    290    1516748015338074155    5.118127    5.090336    5.105113
291    291    1516748015533646334    5.118110    5.109149    5.113202
292    292    1516748015729248552    5.118091    5.109719    5.112416
293    293    1516748015924792855    5.118077    5.109982    5.113931
294    294    1516748016121065440    5.117998    5.109151    5.094955
295    295    1516748016316993976    5.117950    5.108625    5.103902
296    296    1516748016512840542    5.117910    5.108239    5.106038
297    297    1516748016708523437    5.117885    5.107840    5.110309
298    298    1516748016904188204    5.117861    5.108263    5.110782
299    299    1516748017100073249    5.117818    5.107563    5.105035
300    300    1516748017296199064    5.117754    5.106926    5.098768
301    301    1516748017491755935    5.117741    5.106966    5.113602
302    302    1516748017687547885    5.117707    5.106472    5.107462
303    303    1516748017882981066    5.117704    5.106761    5.116838
304    304    1516748018079095197    5.117642    5.107175    5.099072
305    305    1516748018274997639    5.117600    5.107243    5.104582
306    306    1516748018470640036    5.117579    5.107775    5.111367
307    307    1516748018672980205    5.116990    5.090466    4.942172
308    308    1516748018868922032    5.116946    5.089748    5.103556
309    309    1516748019064742923    5.116913    5.089914    5.106707
310    310    1516748019260565881    5.116880    5.090699    5.106654
311    311    1516748019456123855    5.116869    5.090696    5.113573
312    312    1516748019651722938    5.116855    5.091196    5.112498
313    313    1516748019847250141    5.116847    5.090952    5.114378
314    314    1516748020043061291    5.116816    5.091738    5.106961
315    315    1516748020238824225    5.116789    5.092099    5.108219
316    316    1516748020434416216    5.116776    5.092230    5.112684
317    317    1516748020630091045    5.116756    5.109572    5.110519
318    318    1516748020825869812    5.116728    5.109998    5.107806
319    319    1516748021021923013    5.116678    5.109392    5.100656
320    320    1516748021217569647    5.116661    5.109852    5.111256
321    321    1516748021413602633    5.116613    5.108613    5.101182
322    322    1516748021609451438    5.116580    5.107961    5.105980
323    323    1516748021804991092    5.116572    5.107928    5.114052
324    324    1516748022000643456    5.116555    5.108342    5.111106
325    325    1516748022196571430    5.116516    5.107912    5.103916
326    326    1516748022392516390    5.116476    5.106991    5.103474
327    327    1516748022588473304    5.116435    5.106256    5.103163
328    328    1516748022784159419    5.116416    5.106497    5.110225
329    329    1516748022979982259    5.116387    5.107098    5.106657
330    330    1516748023175507911    5.116381    5.107413    5.114418
331    331    1516748023371291264    5.116355    5.108065    5.107687
332    332    1516748023574111559    5.115775    5.089939    4.930473
333    333    1516748023770065577    5.115738    5.088865    5.103238
334    334    1516748023965625967    5.115731    5.089104    5.113510
335    335    1516748024161702333    5.115684    5.088719    5.100054
336    336    1516748024357862368    5.115631    5.088163    5.097878
337    337    1516748024553603728    5.115611    5.088721    5.108782
338    338    1516748024749381570    5.115588    5.088483    5.107830
339    339    1516748024944988862    5.115578    5.089042    5.112284
340    340    1516748025140773777    5.115555    5.088370    5.107646
341    341    1516748025336588463    5.115530    5.088289    5.106869
342    342    1516748025532086839    5.115528    5.107316    5.115132
343    343    1516748025727709994    5.115518    5.108180    5.111869
344    344    1516748025923207069    5.115517    5.108345    5.115166
345    345    1516748026119191787    5.115479    5.108584    5.102439
346    346    1516748026315301027    5.115432    5.108717    5.099199
347    347    1516748026510767854    5.115433    5.109434    5.115958
348    348    1516748026706431784    5.115420    5.109731    5.110804
349    349    1516748026902344949    5.115388    5.108932    5.104302
350    350    1516748027098412300    5.115345    5.108195    5.100288
351    351    1516748027294124549    5.115329    5.108462    5.109542
352    352    1516748027489980440    5.115302    5.107530    5.105795
353    353    1516748027685649921    5.115288    5.107409    5.110659
354    354    1516748027881329510    5.115275    5.106933    5.110395
355    355    1516748028076978584    5.115263    5.107809    5.111192
356    356    1516748028272604142    5.115253    5.109071    5.111807
357    357    1516748028468152695    5.115249    5.108858    5.113819
358    358    1516748028670494860    5.114750    5.091486    4.942124
359    359    1516748028866432850    5.114719    5.091422    5.103655
360    360    1516748029062305838    5.114693    5.091926    5.105349
361    361    1516748029257933355    5.114685    5.092145    5.111755
362    362    1516748029453838915    5.114657    5.092017    5.104500
363    363    1516748029649399858    5.114654    5.092298    5.113495
364    364    1516748029845012959    5.114647    5.092470    5.112132
365    365    1516748030040520025    5.114648    5.092839    5.114905
366    366    1516748030236196488    5.114636    5.092707    5.110477
367    367    1516748030431902106    5.114623    5.092299    5.109715
368    368    1516748030627497910    5.114618    5.109854    5.112584
369    369    1516748030823146532    5.114608    5.110610    5.111204
370    370    1516748031018797928    5.114599    5.111188    5.111131
371    371    1516748031214757412    5.114568    5.110322    5.103096
372    372    1516748031410840295    5.114528    5.109858    5.099884
373    373    1516748031606726132    5.114503    5.109010    5.105014
374    374    1516748031802332690    5.114497    5.109027    5.112303
375    375    1516748031998096341    5.114480    5.108357    5.108201
376    376    1516748032194093477    5.114447    5.107521    5.102115
377    377    1516748032390232724    5.114405    5.106390    5.098419
378    378    1516748032585858688    5.114398    5.106311    5.111796
379    379    1516748032781442056    5.114394    5.106482    5.112909
380    380    1516748032976836176    5.114403    5.107152    5.117861
381    381    1516748033172603418    5.114387    5.107654    5.108107
382    382    1516748033368234915    5.114380    5.108832    5.111651
383    383    1516748033570823346    5.113899    5.091397    4.936116
384    384    1516748033767002854    5.113856    5.089913    5.097372
385    385    1516748033962924946    5.113830    5.089502    5.104070
386    386    1516748034158740283    5.113812    5.089973    5.106852
387    387    1516748034354574558    5.113793    5.090764    5.106358
388    388    1516748034549930311    5.113806    5.091464    5.118866
389    389    1516748034745421207    5.113810    5.091703    5.115328
390    390    1516748034941105194    5.113801    5.090952    5.110280
391    391    1516748035137092461    5.113772    5.090382    5.102372
392    392    1516748035332897482    5.113755    5.089932    5.107121
393    393    1516748035528907784    5.113724    5.107032    5.101773
394    394    1516748035724789494    5.113702    5.107809    5.105122
395    395    1516748035920580348    5.113687    5.108151    5.107491
396    396    1516748036116175356    5.113684    5.108727    5.112605
397    397    1516748036311873791    5.113674    5.109081    5.109903
398    398    1516748036507741875    5.113654    5.107744    5.105477
399    399    1516748036703640580    5.113631    5.106680    5.104679
400    400    1516748036899378643    5.113619    5.106539    5.108868
401    401    1516748037095288791    5.113596    5.106740    5.104381
402    402    1516748037291158767    5.113576    5.106571    5.105428
403    403    1516748037487210439    5.113544    5.106463    5.100696
404    404    1516748037682979290    5.113531    5.106757    5.108065
405    405    1516748037878987733    5.113502    5.106190    5.101821
406    406    1516748038074864300    5.113481    5.105456    5.105256
407    407    1516748038270844453    5.113455    5.104722    5.102558
408    408    1516748038466802570    5.113429    5.104487    5.103131
409    409    1516748038669362419    5.112983    5.087190    4.936813
410    410    1516748038865448813    5.112951    5.086288    5.099793
411    411    1516748039061084374    5.112948    5.086999    5.111545
412    412    1516748039260018480    5.112735    5.079082    5.026790
413    413    1516748039455916862    5.112716    5.079478    5.104687
414    414    1516748039651716519    5.112703    5.079398    5.107261
415    415    1516748039847528274    5.112689    5.079906    5.106946
416    416    1516748040043807239    5.112646    5.078867    5.094789
417    417    1516748040239868799    5.112616    5.078658    5.100439
418    418    1516748040435667701    5.112604    5.079068    5.107281
419    419    1516748040631109490    5.112613    5.097497    5.116613
420    420    1516748040826657230    5.112616    5.098897    5.113841
421    421    1516748041022219068    5.112618    5.099089    5.113472
422    422    1516748041218183012    5.112595    5.106823    5.102980
423    423    1516748041413706555    5.112600    5.107801    5.114474
424    424    1516748041609600677    5.112581    5.107554    5.104798
425    425    1516748041805296850    5.112575    5.107856    5.109962
426    426    1516748042001052480    5.112566    5.109221    5.108410
427    427    1516748042196809867    5.112556    5.110016    5.108364
428    428    1516748042392583305    5.112545    5.110082    5.107945
429    429    1516748042588321502    5.112536    5.109309    5.108865
430    430    1516748042784042411    5.112529    5.108857    5.109316
431    431    1516748042979600555    5.112531    5.108866    5.113569
432    432    1516748043175545791    5.112510    5.108915    5.103467
433    433    1516748043371036535    5.112517    5.109001    5.115332
434    434    1516748043573798773    5.112086    5.091136    4.931885
435    435    1516748043769738124    5.112067    5.090506    5.103620
436    436    1516748043965481251    5.112059    5.090539    5.108736
437    437    1516748044161123329    5.112058    5.090837    5.111375
438    438    1516748044356942941    5.112046    5.090717    5.106741
439    439    1516748044552837910    5.112029    5.090311    5.104776
440    440    1516748044748339839    5.112036    5.090878    5.115039
441    441    1516748044944228475    5.112020    5.090022    5.104941
442    442    1516748045139887449    5.112017    5.090764    5.110933
443    443    1516748045335683460    5.112007    5.089973    5.107356
444    444    1516748045531317438    5.112006    5.108508    5.111586
445    445    1516748045726988393    5.112003    5.109209    5.110621
446    446    1516748045922652117    5.112000    5.109416    5.110809
447    447    1516748046118480722    5.111988    5.108929    5.106506
448    448    1516748046314366744    5.111972    5.108756    5.105009
449    449    1516748046510204658    5.111960    5.108905    5.106264
450    450    1516748046705908651    5.111955    5.108377    5.109758
451    451    1516748046901392258    5.111963    5.109434    5.115518
452    452    1516748047096918398    5.111968    5.109781    5.114406
453    453    1516748047292956854    5.111944    5.109148    5.101040
454    454    1516748047488559507    5.111945    5.109230    5.112405
455    455    1516748047684192957    5.111944    5.109328    5.111600
456    456    1516748047879870319    5.111941    5.109292    5.110453
457    457    1516748048075509220    5.111940    5.109787    5.111458
458    458    1516748048271252457    5.111933    5.110160    5.108733
459    459    1516748048466925391    5.111930    5.110591    5.110569
460    460    1516748048669386103    5.111542    5.093005    4.939230
461    461    1516748048865525431    5.111514    5.091305    5.098417
462    462    1516748049061235275    5.111510    5.090828    5.109605
463    463    1516748049257218143    5.111490    5.090972    5.102487
464    464    1516748049452885259    5.111488    5.090806    5.110721
465    465    1516748049648768131    5.111475    5.090159    5.105092
466    466    1516748049844512908    5.111469    5.089984    5.108693
467    467    1516748050039936702    5.111481    5.090541    5.117084
468    468    1516748050235394370    5.111491    5.091282    5.116197
469    469    1516748050431425679    5.111469    5.090353    5.101226
470    470    1516748050627170161    5.111463    5.107816    5.108701
471    471    1516748050822844804    5.111461    5.109028    5.110524
472    472    1516748051018340252    5.111469    5.109588    5.115209
473    473    1516748051214051319    5.111465    5.110298    5.109573
474    474    1516748051409665499    5.111466    5.110435    5.112104
475    475    1516748051605629973    5.111448    5.110223    5.102966
476    476    1516748051801305364    5.111446    5.110404    5.110505
477    477    1516748051997022806    5.111442    5.109637    5.109407
478    478    1516748052192589743    5.111446    5.109352    5.113339
479    479    1516748052388818221    5.111414    5.108838    5.096100
480    480    1516748052584713690    5.111400    5.108443    5.104763
481    481    1516748052780228340    5.111407    5.108861    5.114706
482    482    1516748052975536976    5.111425    5.109348    5.120101
483    483    1516748053171248307    5.111421    5.109348    5.109566
484    484    1516748053367201246    5.111404    5.108464    5.103266
485    485    1516748053570017982    5.111019    5.090644    4.930560
486    486    1516748053765925247    5.111005    5.090043    5.104456
487    487    1516748053961604078    5.111004    5.090143    5.110415
488    488    1516748054157317457    5.111001    5.089764    5.109513
489    489    1516748054353005790    5.110999    5.091164    5.110167
490    490    1516748054548850740    5.110989    5.091294    5.106080
491    491    1516748054744597771    5.110984    5.090692    5.108634
492    492    1516748054940019305    5.110997    5.090399    5.117143
493    493    1516748055135667901    5.110997    5.090562    5.111205
494    494    1516748055331527645    5.110987    5.090804    5.105694
495    495    1516748055527224887    5.110984    5.109322    5.109934
496    496    1516748055723243190    5.110965    5.109032    5.101564
497    497    1516748055918783054    5.110972    5.109395    5.114047
498    498    1516748056114474612    5.110970    5.109452    5.110082
499    499    1516748056310199897    5.110966    5.109355    5.109202
500    500    1516748056506307365    5.110943    5.108670    5.099245
501    501    1516748056702033160    5.110939    5.108726    5.109189
502    502    1516748056897547074    5.110947    5.108484    5.114725
503    503    1516748057093172972    5.110949    5.108543    5.111798
504    504    1516748057289798484    5.110899    5.106546    5.085810
505    505    1516748057485512315    5.110896    5.106503    5.109501
506    506    1516748057681345605    5.110887    5.106985    5.106384
507    507    1516748057877054977    5.110884    5.106543    5.109617
508    508    1516748058072753820    5.110882    5.106524    5.109892
509    509    1516748058268822444    5.110862    5.105629    5.100255
510    510    1516748058464748401    5.110848    5.106102    5.103969
511    511    1516748058667354573    5.110494    5.088226    4.935684
512    512    1516748058863040673    5.110493    5.087780    5.110225
513    513    1516748059058740903    5.110492    5.087588    5.109856
514    514    1516748059254469638    5.110489    5.089910    5.109112
515    515    1516748059450191653    5.110487    5.089889    5.109287
516    516    1516748059646111875    5.110475    5.089664    5.104118
517    517    1516748059841788985    5.110475    5.089747    5.110460
518    518    1516748060037541833    5.110471    5.089608    5.108483
519    519    1516748060233570724    5.110453    5.089710    5.101289
520    520    1516748060429732071    5.110429    5.089101    5.097844
521    521    1516748060625788620    5.110410    5.106120    5.100569
522    522    1516748060821606846    5.110403    5.105776    5.106777
523    523    1516748061017420496    5.110396    5.105481    5.106896
524    524    1516748061213289616    5.110387    5.105114    5.105450
525    525    1516748061409139863    5.110378    5.104780    5.105942
526    526    1516748061605070974    5.110366    5.104752    5.103835
527    527    1516748061800551006    5.110376    5.105265    5.115612
528    528    1516748061996274534    5.110374    5.105342    5.109248
529    529    1516748062191797179    5.110382    5.106662    5.114497
530    530    1516748062387742952    5.110368    5.107224    5.103453
531    531    1516748062583730108    5.110353    5.107405    5.102375
532    532    1516748062779332044    5.110357    5.107969    5.112424
533    533    1516748062974861084    5.110365    5.108712    5.114330
534    534    1516748063170268191    5.110378    5.109918    5.117521
535    535    1516748063366156637    5.110368    5.109818    5.104946
536    536    1516748063568703405    5.110034    5.092603    4.937131
537    537    1516748063765105869    5.110000    5.090211    5.091586
538    538    1516748063960930702    5.109993    5.089949    5.106605
539    539    1516748064156416575    5.110003    5.090044    5.115459
540    540    1516748064351899949    5.110014    5.091243    5.115525
541    541    1516748064547595357    5.110014    5.091999    5.109982
542    542    1516748064743417073    5.110007    5.091429    5.106686
543    543    1516748064939117207    5.110007    5.090986    5.109859
544    544    1516748065134959959    5.110000    5.089857    5.106137
545    545    1516748065330908724    5.109988    5.089701    5.103375
546    546    1516748065526358326    5.110000    5.108153    5.116408
547    547    1516748065722281331    5.109989    5.109404    5.104046
548    548    1516748065917996442    5.109988    5.109690    5.109468
549    549    1516748066113593718    5.109992    5.109400    5.112546
550    550    1516748066309298230    5.109992    5.108822    5.109744
551    551    1516748066504872762    5.109998    5.109138    5.113140
552    552    1516748066700618958    5.109995    5.109335    5.108656
553    553    1516748066896244812    5.109999    5.109529    5.111799
554    554    1516748067091762868    5.110007    5.110377    5.114617
555    555    1516748067287188623    5.110019    5.111743    5.117033
556    556    1516748067482966110    5.110016    5.110886    5.107840
557    557    1516748067678931231    5.110003    5.110776    5.102949
558    558    1516748067874522950    5.110008    5.111098    5.112691
559    559    1516748068070206240    5.110008    5.110874    5.110298
560    560    1516748068265991383    5.110004    5.110663    5.107640
561    561    1516748068461821266    5.109998    5.109997    5.106473
562    562    1516748068664716402    5.109664    5.091397    4.928654
563    563    1516748068860787061    5.109647    5.090244    5.100202
564    564    1516748069056287023    5.109657    5.090291    5.115091
565    565    1516748069251850111    5.109663    5.089935    5.113439
566    566    1516748069447472102    5.109667    5.090338    5.111900
567    567    1516748069643027145    5.109674    5.091401    5.113650
568    568    1516748069838902157    5.109666    5.090667    5.105296
569    569    1516748070034581715    5.109668    5.090676    5.110396
570    570    1516748070230058016    5.109678    5.091477    5.115710
571    571    1516748070425870961    5.109673    5.091521    5.106915
572    572    1516748070621974560    5.109655    5.109188    5.099345
573    573    1516748070817660320    5.109656    5.110193    5.110234
574    574    1516748071013239359    5.109662    5.109986    5.113022
575    575    1516748071208994542    5.109660    5.109485    5.108422
576    576    1516748071404875781    5.109652    5.108808    5.105134
577    577    1516748071600695149    5.109647    5.108119    5.106747
578    578    1516748071796674884    5.109635    5.107845    5.102568
579    579    1516748071992296487    5.109639    5.107996    5.111910
580    580    1516748072187930901    5.109642    5.107584    5.111575
581    581    1516748072383749435    5.109637    5.107570    5.106769
582    582    1516748072579654323    5.109629    5.108088    5.104518
583    583    1516748072775506811    5.109622    5.107653    5.105884
584    584    1516748072971015104    5.109631    5.107838    5.114873
585    585    1516748073166754107    5.109630    5.107880    5.108844
586    586    1516748073362357189    5.109634    5.108605    5.112394
587    587    1516748073565031355    5.109325    5.090778    4.934028
588    588    1516748073761249284    5.109303    5.090161    5.096374
589    589    1516748073957141528    5.109296    5.089460    5.104847
590    590    1516748074152916663    5.109293    5.089096    5.107901
591    591    1516748074348707522    5.109290    5.089167    5.107491
592    592    1516748074544807142    5.109274    5.088663    5.099449
593    593    1516748074740870211    5.109259    5.088118    5.100400
594    594    1516748074936498581    5.109263    5.087807    5.111733
595    595    1516748075132155530    5.109266    5.088019    5.110986
596    596    1516748075327893585    5.109265    5.087670    5.108869
597    597    1516748075523820970    5.109256    5.105194    5.103932
598    598    1516748075719853741    5.109243    5.105676    5.101188
599    599    1516748075915487993    5.109246    5.106349    5.111579
600    600    1516748076111275172    5.109244    5.106317    5.107587
601    601    1516748076306968756    5.109245    5.106571    5.110030
602    602    1516748076502720667    5.109244    5.107478    5.108507
603    603    1516748076698765730    5.109230    5.107525    5.100868
604    604    1516748076894561101    5.109227    5.107089    5.107373
605    605    1516748077090189725    5.109231    5.107163    5.111726
606    606    1516748077285875297    5.109233    5.107300    5.110239
607    607    1516748077481807983    5.109224    5.107286    5.103794
608    608    1516748077677758726    5.109214    5.107500    5.103323
609    609    1516748077873376929    5.109218    5.107542    5.111999
610    610    1516748078068891159    5.109227    5.108254    5.114717
611    611    1516748078264475054    5.109233    5.108541    5.112895
612    612    1516748078459909509    5.109246    5.109369    5.116805
613    613    1516748078662549170    5.108952    5.092211    4.934868
614    614    1516748078858975133    5.108922    5.090577    5.090977
615    615    1516748079054676409    5.108924    5.090388    5.109829
616    616    1516748079250373057    5.108926    5.090360    5.109950
617    617    1516748079446335938    5.108916    5.090281    5.103007
618    618    1516748079642013681    5.108918    5.090989    5.110443
619    619    1516748079837802772    5.108916    5.090546    5.107537
620    620    1516748080033236768    5.108929    5.090754    5.116817
621    621    1516748080228764853    5.108938    5.090899    5.114355
622    622    1516748080424343521    5.108944    5.090525    5.113032
623    623    1516748080620304196    5.108935    5.107892    5.103065
624    624    1516748080816251234    5.108926    5.109141    5.103420
625    625    1516748081011863736    5.108931    5.109373    5.112148
626    626    1516748081207225577    5.108947    5.110247    5.118707
627    627    1516748081402463573    5.108967    5.112141    5.121954
628    628    1516748081598388256    5.108959    5.111495    5.104002
629    629    1516748081794321785    5.108951    5.111118    5.103772
630    630    1516748081990079222    5.108950    5.110273    5.108363
631    631    1516748082185738061    5.108953    5.109932    5.110937
632    632    1516748082381329793    5.108959    5.109898    5.112691
633    633    1516748082577256856    5.108951    5.109986    5.103940
634    634    1516748082772928040    5.108954    5.110706    5.110615
635    635    1516748082968562225    5.108958    5.110649    5.111581
636    636    1516748083164020520    5.108969    5.110398    5.116181
637    637    1516748083359784972    5.108968    5.109023    5.108180
638    638    1516748083562775502    5.108672    5.090646    4.926338
639    639    1516748083758949017    5.108654    5.090024    5.097528
640    640    1516748083954745717    5.108652    5.089922    5.107338
641    641    1516748084150409626    5.108656    5.089910    5.110805
642    642    1516748084345961468    5.108664    5.090013    5.113733
643    643    1516748084541699120    5.108664    5.090503    5.108879
644    644    1516748084737549323    5.108660    5.090040    5.105943
645    645    1516748084933030898    5.108670    5.090435    5.115572
646    646    1516748085128587050    5.108678    5.090181    5.113621
647    647    1516748085324208151    5.108683    5.090553    5.111923
648    648    1516748085519937510    5.108684    5.109439    5.109096
649    649    1516748085715667131    5.108684    5.110598    5.109089
650    650    1516748085911486304    5.108681    5.110539    5.106752
651    651    1516748086107241158    5.108681    5.110302    5.108430
652    652    1516748086303181335    5.108673    5.109288    5.103599
653    653    1516748086498774091    5.108679    5.109666    5.112664
654    654    1516748086694804506    5.108668    5.109196    5.101249
655    655    1516748086890540067    5.108668    5.108533    5.108934
656    656    1516748087086087813    5.108676    5.108555    5.113841
657    657    1516748087281733761    5.108680    5.108490    5.111274
658    658    1516748087477420392    5.108682    5.108602    5.110211
659    659    1516748087673308582    5.108677    5.108188    5.104953
660    660    1516748087869106741    5.108675    5.108243    5.107300
661    661    1516748088064725476    5.108680    5.108598    5.111985
662    662    1516748088260375698    5.108683    5.109354    5.111162
663    663    1516748088456012952    5.108688    5.109238    5.111501
664    664    1516748088658499134    5.108423    5.092442    4.938609
665    665    1516748088854857178    5.108399    5.090827    5.092738
666    666    1516748089050334188    5.108410    5.091011    5.115691
667    667    1516748089245774268    5.108423    5.091545    5.116658
668    668    1516748089441600109    5.108420    5.091184    5.106578
669    669    1516748089637515037    5.108414    5.091115    5.104256
670    670    1516748089833392578    5.108409    5.090909    5.105231
671    671    1516748090029149429    5.108409    5.090551    5.108378
672    672    1516748090224661833    5.108418    5.090908    5.114765
673    673    1516748090420397806    5.108419    5.090652    5.108923
674    674    1516748090616166469    5.108419    5.108120    5.108070
675    675    1516748090812028972    5.108414    5.109414    5.105622
676    676    1516748091007730787    5.108417    5.108827    5.109815
677    677    1516748091203170439    5.108429    5.108828    5.116669
678    678    1516748091398838337    5.108432    5.109240    5.110700
679    679    1516748091594647450    5.108430    5.109516    5.107015
680    680    1516748091790304341    5.108434    5.110092    5.110988
681    681    1516748091986244142    5.108427    5.109615    5.103608
682    682    1516748092182081043    5.108423    5.108768    5.106290
683    683    1516748092377689882    5.108429    5.109100    5.112243
684    684    1516748092573395060    5.108431    5.109265    5.109727
685    685    1516748092769289444    5.108426    5.109182    5.104792
686    686    1516748092965094877    5.108424    5.108912    5.107111
687    687    1516748093160614752    5.108433    5.108702    5.114570
688    688    1516748093356315939    5.108435    5.108615    5.109831
689    689    1516748093559412855    5.108157    5.089666    4.923758
690    690    1516748093755366515    5.108150    5.088897    5.103247
691    691    1516748093951290293    5.108144    5.088939    5.104026
692    692    1516748094146958775    5.108148    5.089375    5.110685
693    693    1516748094342472738    5.108157    5.089621    5.114724
694    694    1516748094538242291    5.108157    5.089454    5.108047
695    695    1516748094734173088    5.108151    5.089360    5.103843
696    696    1516748094930107490    5.108144    5.089026    5.103749
697    697    1516748095125903362    5.108143    5.088311    5.107360
698    698    1516748095321353882    5.108155    5.088960    5.116384
699    699    1516748095517103910    5.108156    5.108058    5.108556
700    700    1516748095713111054    5.108147    5.107919    5.101855
701    701    1516748095909060316    5.108140    5.107852    5.103362
702    702    1516748096104865959    5.108138    5.107494    5.107105
703    703    1516748096300510676    5.108143    5.107153    5.111306
704    704    1516748096496107505    5.108149    5.107604    5.112557
705    705    1516748096692094618    5.108141    5.107457    5.102376
706    706    1516748096887904162    5.108139    5.107783    5.107003
707    707    1516748097083624496    5.108141    5.107980    5.109331
708    708    1516748097279091744    5.108152    5.107936    5.115947
709    709    1516748097474755077    5.108156    5.108162    5.110820
710    710    1516748097670868230    5.108143    5.107886    5.099097
711    711    1516748097866444478    5.108150    5.108859    5.113095
712    712    1516748098062285124    5.108147    5.108768    5.106192
713    713    1516748098257978476    5.108150    5.108641    5.110036
714    714    1516748098453596793    5.108155    5.108585    5.111996
715    715    1516748098656283012    5.107903    5.091162    4.933735
716    716    1516748098852379885    5.107891    5.090417    5.099520
717    717    1516748099048084670    5.107894    5.090457    5.109737
718    718    1516748099243737721    5.107898    5.089976    5.111088
719    719    1516748099439336814    5.107905    5.090142    5.112498
720    720    1516748099635076053    5.107906    5.091111    5.108838
721    721    1516748099830557906    5.107917    5.091356    5.115564
722    722    1516748100027056753    5.107890    5.089650    5.089088
723    723    1516748100222890535    5.107888    5.089286    5.106371
724    724    1516748100418467605    5.107895    5.089393    5.113074
725    725    1516748100614179076    5.107898    5.107523    5.109563
726    726    1516748100810081164    5.107893    5.108032    5.104591
727    727    1516748101005911341    5.107891    5.107704    5.106465
728    728    1516748101201670230    5.107892    5.107429    5.108325
729    729    1516748101397454470    5.107891    5.106946    5.107663
730    730    1516748101593296238    5.107889    5.106678    5.106163
731    731    1516748101788993015    5.107892    5.106118    5.109946
732    732    1516748101985018755    5.107883    5.107351    5.101371
733    733    1516748102180729276    5.107885    5.107673    5.109587
734    734    1516748102376399984    5.107889    5.107429    5.110627
735    735    1516748102572045904    5.107894    5.107600    5.111274
736    736    1516748102767940343    5.107889    5.107620    5.104790
737    737    1516748102963716740    5.107889    5.107760    5.107868
738    738    1516748103159390175    5.107893    5.107983    5.110556
739    739    1516748103355073615    5.107896    5.108246    5.110294
740    740    1516748103557734580    5.107654    5.090513    4.934349
741    741    1516748103754114391    5.107633    5.088744    5.092173
742    742    1516748103950072723    5.107627    5.088919    5.103126
743    743    1516748104145645857    5.107634    5.089274    5.113177
744    744    1516748104341507811    5.107632    5.088779    5.105637
745    745    1516748104537031561    5.107641    5.089096    5.114468
746    746    1516748104732862848    5.107639    5.089259    5.106436
747    747    1516748104928872452    5.107631    5.088655    5.101791
748    748    1516748105124552220    5.107635    5.088639    5.110390
749    749    1516748105320089223    5.107644    5.089018    5.114122
750    750    1516748105515869986    5.107644    5.106899    5.107754
751    751    1516748105711762548    5.107640    5.108170    5.104839
752    752    1516748105907570929    5.107639    5.108562    5.107034
753    753    1516748106103515793    5.107634    5.107592    5.103476
754    754    1516748106299164698    5.107638    5.108147    5.111197
755    755    1516748106494560793    5.107652    5.108480    5.117810
756    756    1516748106690224904    5.107656    5.108917    5.110799
757    757    1516748106886163125    5.107651    5.109103    5.103649
758    758    1516748107081972196    5.107650    5.108766    5.107016
759    759    1516748107277691005    5.107652    5.108291    5.109371
760    760    1516748107473264732    5.107659    5.108831    5.113161
761    761    1516748107669374194    5.107648    5.108265    5.099193
762    762    1516748107865237086    5.107646    5.108123    5.105612
763    763    1516748108061054769    5.107644    5.108455    5.106791
764    764    1516748108256467749    5.107657    5.109071    5.117367
765    765    1516748108452026452    5.107665    5.108646    5.113554
766    766    1516748108654426665    5.107440    5.091127    4.940706
767    767    1516748108850722003    5.107423    5.090201    5.094364
768    768    1516748109046633485    5.107419    5.089936    5.104346
769    769    1516748109242284120    5.107424    5.090113    5.111151
770    770    1516748109437932093    5.107429    5.089920    5.111221
771    771    1516748109633611627    5.107432    5.091034    5.110396
772    772    1516748109829411965    5.107432    5.091197    5.107243
773    773    1516748110025456035    5.107424    5.090610    5.100894
774    774    1516748110221268968    5.107423    5.089573    5.106915
775    775    1516748110417103106    5.107422    5.088860    5.106362
776    776    1516748110612771291    5.107426    5.106353    5.110693
777    777    1516748110808616468    5.107424    5.107528    5.106074
778    778    1516748111004532154    5.107420    5.107516    5.104237
779    779    1516748111200303132    5.107421    5.107203    5.108009
780    780    1516748111395704353    5.107434    5.107846    5.117675
781    781    1516748111591326035    5.107440    5.107997    5.111908
782    782    1516748111787014587    5.107443    5.108289    5.110161
783    783    1516748111982637732    5.107449    5.109387    5.111870
784    784    1516748112178591286    5.107443    5.109021    5.103250
785    785    1516748112374383839    5.107443    5.109129    5.107447
786    786    1516748112569945400    5.107451    5.109407    5.113479
787    787    1516748112765686466    5.107453    5.109680    5.108790
788    788    1516748112961597020    5.107449    5.109693    5.104370
789    789    1516748113157332727    5.107451    5.109785    5.108930
790    790    1516748113353074268    5.107452    5.108896    5.108778
791    791    1516748113555730168    5.107226    5.090602    4.934473
792    792    1516748113752097799    5.107208    5.088843    5.092489
793    793    1516748113947577946    5.107218    5.089213    5.115609
794    794    1516748114143072141    5.107228    5.090404    5.115241
795    795    1516748114338492997    5.107241    5.091367    5.117161
796    796    1516748114534256217    5.107242    5.090844    5.108212
797    797    1516748114729908210    5.107247    5.091075    5.111116
798    798    1516748114925959190    5.107239    5.090711    5.100714
799    799    1516748115121818237    5.107237    5.090392    5.105713
800    800    1516748115317711812    5.107234    5.089997    5.104813
801    801    1516748115513289489    5.107241    5.108402    5.113058
802    802    1516748115709129855    5.107240    5.109778    5.106200
803    803    1516748115904617808    5.107250    5.109758    5.115405
804    804    1516748116100522837    5.107246    5.108685    5.104514
805    805    1516748116296162183    5.107252    5.108116    5.111446
806    806    1516748116491881828    5.107254    5.108229    5.109349
807    807    1516748116687556006    5.107258    5.108171    5.110536
808    808    1516748116883569261    5.107251    5.108270    5.101696
809    809    1516748117079327655    5.107253    5.108532    5.108338
810    810    1516748117274968567    5.107258    5.109191    5.111405
811    811    1516748117470591576    5.107264    5.109074    5.111873
812    812    1516748117666241666    5.107268    5.109570    5.111166
813    813    1516748117862228788    5.107262    5.108267    5.102376
814    814    1516748118058323754    5.107253    5.107771    5.099570
815    815    1516748118254455106    5.107242    5.106488    5.098624
816    816    1516748118450237521    5.107243    5.106325    5.107711
817    817    1516748118652972677    5.107022    5.087980    4.932544
818    818    1516748118849133715    5.107010    5.087597    5.097852
819    819    1516748119045013163    5.107008    5.087284    5.105181
820    820    1516748119240705689    5.107012    5.087150    5.110057
821    821    1516748119436452379    5.107014    5.086830    5.108643
822    822    1516748119632087600    5.107019    5.086869    5.111554
823    823    1516748119828135887    5.107012    5.086710    5.100784
824    824    1516748120023522027    5.107025    5.088545    5.118070
825    825    1516748120219550583    5.107018    5.088811    5.101298
826    826    1516748120415298161    5.107020    5.088902    5.108620
827    827    1516748120610915528    5.107026    5.107401    5.112021
828    828    1516748120806645690    5.107029    5.108526    5.109075
829    829    1516748121002526037    5.107026    5.108523    5.105157
830    830    1516748121198823788    5.107011    5.106944    5.094302
831    831    1516748121394442012    5.107017    5.107279    5.111998
832    832    1516748121590199974    5.107019    5.106959    5.108349
833    833    1516748121786166006    5.107014    5.107174    5.102925
834    834    1516748121982032859    5.107012    5.105920    5.105509
835    835    1516748122178069061    5.107005    5.105900    5.101099
836    836    1516748122373829516    5.107006    5.105867    5.108284
837    837    1516748122569291476    5.107017    5.106272    5.116085
838    838    1516748122764879691    5.107024    5.106642    5.112782
839    839    1516748122960757892    5.107022    5.106647    5.105213
840    840    1516748123156411728    5.107027    5.108327    5.111068
841    841    1516748123351978956    5.107034    5.108460    5.113331
842    842    1516748123554670403    5.106821    5.090430    4.933607
843    843    1516748123750631494    5.106817    5.090443    5.103054
844    844    1516748123946563619    5.106813    5.090274    5.103808
845    845    1516748124142405971    5.106813    5.090776    5.106148
846    846    1516748124338083942    5.106817    5.090990    5.110437
847    847    1516748124533821137    5.106819    5.090277    5.108891
848    848    1516748124729616152    5.106820    5.089741    5.107382
849    849    1516748124925599629    5.106815    5.089468    5.102471
850    850    1516748125121283950    5.106819    5.089390    5.110271
851    851    1516748125316776937    5.106829    5.089582    5.115273
852    852    1516748125512273449    5.106839    5.108288    5.115181
853    853    1516748125707678992    5.106851    5.109738    5.117562
854    854    1516748125903634929    5.106847    5.109676    5.103188
855    855    1516748126099412856    5.106848    5.109844    5.107828
856    856    1516748126295258668    5.106847    5.109406    5.106058
857    857    1516748126490943684    5.106851    5.109542    5.110253
858    858    1516748126686554311    5.106857    5.110023    5.112197
859    859    1516748126882405947    5.106856    5.110368    5.105906
860    860    1516748127078270819    5.106855    5.109896    5.105561
861    861    1516748127273982248    5.106858    5.109326    5.109564
862    862    1516748127469738822    5.106859    5.108647    5.108385
863    863    1516748127665462540    5.106862    5.107817    5.109243
864    864    1516748127861356538    5.106860    5.107978    5.104802
865    865    1516748128056812226    5.106871    5.108819    5.116249
866    866    1516748128252634069    5.106870    5.108882    5.106683
867    867    1516748128448157513    5.106879    5.109304    5.114476
868    868    1516748128650605855    5.106680    5.091516    4.939532
869    869    1516748128846386977    5.106681    5.091699    5.107745
870    870    1516748129042496173    5.106673    5.091066    5.099200
871    871    1516748129238337081    5.106672    5.090730    5.106185
872    872    1516748129434036973    5.106676    5.090877    5.109865
873    873    1516748129629679441    5.106681    5.091087    5.111365
874    874    1516748129825536891    5.106680    5.091182    5.105754
875    875    1516748130021097893    5.106688    5.090909    5.113494
876    876    1516748130216889106    5.106689    5.090989    5.107482
877    877    1516748130412689031    5.106689    5.090272    5.107254
878    878    1516748130608064032    5.106703    5.108666    5.118362
879    879    1516748130803510956    5.106714    5.109538    5.116479
880    880    1516748130999304404    5.106715    5.110363    5.107423
881    881    1516748131195210021    5.106712    5.110194    5.104499
882    882    1516748131390670557    5.106723    5.110819    5.116122
883    883    1516748131586438053    5.106724    5.110493    5.108100
884    884    1516748131781989255    5.106732    5.111292    5.113750
885    885    1516748131977890777    5.106730    5.110403    5.104606
886    886    1516748132173900448    5.106724    5.109832    5.101789
887    887    1516748132369636246    5.106727    5.110000    5.108927
888    888    1516748132565267758    5.106732    5.109330    5.111651
889    889    1516748132760865365    5.106739    5.108937    5.112537
890    890    1516748132956787343    5.106736    5.108602    5.104073
891    891    1516748133152760307    5.106731    5.108426    5.102745
892    892    1516748133348419345    5.106736    5.107908    5.110932
893    893    1516748133551187000    5.106533    5.089709    4.931753
894    894    1516748133747331202    5.106524    5.088173    5.098290
895    895    1516748133943079049    5.106526    5.088571    5.108613
896    896    1516748134138819063    5.106529    5.089270    5.108817
897    897    1516748134334757943    5.106526    5.088743    5.103632
898    898    1516748134530506154    5.106528    5.088441    5.108604
899    899    1516748134726232598    5.106531    5.088108    5.109172
900    900    1516748134921868887    5.106537    5.088847    5.111526
901    901    1516748135117848267    5.106532    5.088830    5.102578
902    902    1516748135313828252    5.106528    5.088000    5.102562
903    903    1516748135509174149    5.106542    5.107285    5.119125
904    904    1516748135704844954    5.106546    5.108521    5.110624
905    905    1516748135900841827    5.106541    5.107872    5.102122
906    906    1516748136096446229    5.106548    5.108225    5.112359
907    907    1516748136292091956    5.106553    5.108990    5.111280
908    908    1516748136487818902    5.106556    5.109046    5.109159
909    909    1516748136683468930    5.106561    5.109245    5.111167
910    910    1516748136879007641    5.106569    5.109500    5.114077
911    911    1516748137074883713    5.106568    5.109769    5.105269
912    912    1516748137270649514    5.106569    5.110329    5.108145
913    913    1516748137466247556    5.106576    5.109670    5.112526
914    914    1516748137661663826    5.106588    5.110335    5.117281
915    915    1516748137857220791    5.106595    5.111484    5.113600
916    916    1516748138053242083    5.106590    5.110395    5.101487
917    917    1516748138248877140    5.106595    5.110423    5.111558
918    918    1516748138444481997    5.106601    5.110742    5.112347
919    919    1516748138647209712    5.106406    5.092322    4.932725
920    920    1516748138843247977    5.106400    5.091027    5.101045
921    921    1516748139039451016    5.106389    5.090179    5.096761
922    922    1516748139235361223    5.106387    5.089805    5.104379
923    923    1516748139430870572    5.106396    5.090035    5.114845
924    924    1516748139626456020    5.106403    5.089597    5.112855
925    925    1516748139822184299    5.106406    5.089153    5.109124
926    926    1516748140018283550    5.106399    5.088951    5.099459
927    927    1516748140214005615    5.106402    5.088726    5.109286
928    928    1516748140409816144    5.106402    5.088193    5.106978
929    929    1516748140605518970    5.106406    5.106446    5.109788
930    930    1516748140801413140    5.106404    5.106822    5.104797
931    931    1516748140997305041    5.106403    5.107633    5.104856
932    932    1516748141193138952    5.106403    5.107832    5.106368
933    933    1516748141388724118    5.106409    5.107634    5.112862
934    934    1516748141584257418    5.106418    5.107770    5.114218
935    935    1516748141780043416    5.106419    5.107620    5.107618
936    936    1516748141975933130    5.106418    5.108166    5.104913
937    937    1516748142171435221    5.106427    5.108740    5.115035
938    938    1516748142367367485    5.106424    5.108423    5.103805
939    939    1516748142563050737    5.106428    5.108474    5.110299
940    940    1516748142758674489    5.106434    5.109180    5.111854
941    941    1516748142954313106    5.106439    5.109841    5.111465
942    942    1516748143150177401    5.106438    5.109762    5.105576
943    943    1516748143346068614    5.106437    5.108963    5.104874
944    944    1516748143548831469    5.106245    5.090162    4.931870
945    945    1516748143744845375    5.106240    5.089571    5.101679
946    946    1516748143940657354    5.106241    5.089773    5.106940
947    947    1516748144136367012    5.106245    5.089235    5.109610
948    948    1516748144332387739    5.106240    5.089006    5.101501
949    949    1516748144527973233    5.106247    5.089259    5.112854
950    950    1516748144723394667    5.106258    5.089783    5.117146
951    951    1516748144919022827    5.106264    5.089810    5.111739
952    952    1516748145114875433    5.106263    5.089840    5.105880
953    953    1516748145310661542    5.106265    5.090113    5.107615
954    954    1516748145506366252    5.106269    5.108466    5.109739
955    955    1516748145702126619    5.106271    5.109128    5.108286
956    956    1516748145897799230    5.106275    5.109491    5.110577
957    957    1516748146093711123    5.106273    5.108963    5.104335
958    958    1516748146289554726    5.106273    5.109426    5.106115
959    959    1516748146484967683    5.106284    5.109877    5.117368
960    960    1516748146680607735    5.106290    5.109306    5.111428
961    961    1516748146876108387    5.106299    5.109639    5.115072
962    962    1516748147072122455    5.106294    5.109217    5.101675
963    963    1516748147267902378    5.106296    5.109233    5.107776
964    964    1516748147463365666    5.106306    5.109864    5.116050
965    965    1516748147659151602    5.106307    5.109797    5.107619
966    966    1516748147854692366    5.106315    5.110141    5.114023
967    967    1516748148050222793    5.106323    5.111137    5.114294
968    968    1516748148245784446    5.106331    5.111874    5.113477
969    969    1516748148441548936    5.106333    5.110956    5.108179
970    970    1516748148644374590    5.106145    5.092254    4.930343
971    971    1516748148840209357    5.106145    5.091388    5.106346
972    972    1516748149035968221    5.106147    5.092050    5.108326
973    973    1516748149232170021    5.106138    5.090956    5.096793
974    974    1516748149428083171    5.106136    5.089790    5.104303
975    975    1516748149623730733    5.106141    5.090148    5.111232
976    976    1516748149819151384    5.106152    5.090460    5.117166
977    977    1516748150014968040    5.106153    5.089718    5.106818
978    978    1516748150210538151    5.106160    5.089696    5.113256
979    979    1516748150406392905    5.106160    5.089463    5.105824
980    980    1516748150602080040    5.106164    5.108021    5.110198
981    981    1516748150797528059    5.106174    5.109030    5.116450
982    982    1516748150993218958    5.106178    5.109208    5.110100
983    983    1516748151189044060    5.106179    5.110191    5.106598
984    984    1516748151384777340    5.106182    5.110661    5.108993
985    985    1516748151580610627    5.106182    5.110176    5.106384
986    986    1516748151776151708    5.106190    5.109861    5.114015
987    987    1516748151971600815    5.106200    5.110821    5.116421
988    988    1516748152167294051    5.106204    5.110500    5.110039
989    989    1516748152363124461    5.106204    5.110563    5.106459
990    990    1516748152558677258    5.106212    5.110914    5.113708
991    991    1516748152754245505    5.106219    5.110600    5.113305
992    992    1516748152950019966    5.106221    5.110382    5.107919
993    993    1516748153146139535    5.106213    5.109612    5.098930
994    994    1516748153342214261    5.106207    5.108721    5.100096
995    995    1516748153545044704    5.106024    5.090525    4.930226
996    996    1516748153740963999    5.106022    5.089545    5.104142
997    997    1516748153936664396    5.106026    5.088894    5.109852
998    998    1516748154132555910    5.106025    5.088380    5.104866
999    999    1516748154328357334    5.106026    5.088456    5.107215
