Beat    Tag    Timestamp    Global Rate    Window Rate    Instant Rate
0    0    1516749240595835859    0.000000    0.000000    0.000000
1    1    1516749240734442960    14.429275    7.214637    7.214638
2    2    1516749240837365676    12.420827    8.280551    9.716028
3    3    1516749241010631420    9.643305    7.232479    5.771481
4    4    1516749241152034168    8.989599    7.191679    7.071998
5    5    1516749241385028455    7.602707    6.335589    4.291951
6    6    1516749241504420707    7.704289    6.603676    8.375753
7    7    1516749241639753871    7.663437    6.705507    7.389172
8    8    1516749241745993985    7.825011    6.955565    9.412641
9    9    1516749241894595227    7.699656    6.929690    6.729419
10    10    1516749242050536837    7.561691    6.874265    6.412657
11    11    1516749242163825186    7.653113    6.996029    8.827033
12    12    1516749242317826208    7.549404    6.754655    6.493463
13    13    1516749242465933764    7.486239    6.871424    6.751850
14    14    1516749242567472635    7.607892    7.064949    9.848445
15    15    1516749242680681239    7.674430    7.718117    8.833251
16    16    1516749242800381049    7.711341    7.716286    8.354232
17    17    1516749242954156414    7.632550    7.608019    6.502992
18    18    1516749243061072192    7.707172    7.604110    9.353156
19    19    1516749243222537314    7.614112    7.530449    6.193288
20    20    1516749243336653442    7.661947    7.775344    8.763003
21    21    1516749243460225043    7.680521    7.713670    8.092474
22    22    1516749243618166845    7.610020    7.690293    6.331446
23    23    1516749243738906776    7.635844    7.855626    8.282264
24    24    1516749243848856185    7.685166    7.804065    9.095092
25    25    1516749244003202993    7.630525    7.561312    6.478916
26    26    1516749244115311952    7.671596    7.604962    8.919894
27    27    1516749244277283443    7.605704    7.557853    6.173926
28    28    1516749244437657647    7.548502    7.264351    6.235417
29    29    1516749244602716184    7.487122    7.245438    6.058457
30    30    1516749244724163412    7.509094    7.207156    8.234029
31    31    1516749244893491149    7.445921    6.977072    5.905707
32    32    1516749245057309863    7.396659    6.948580    6.104309
33    33    1516749245216106849    7.358876    6.769564    6.297349
34    34    1516749245337872933    7.380794    6.715841    8.212467
35    35    1516749245457495619    7.404879    6.876195    8.359618
36    36    1516749245624957422    7.357150    6.624072    5.971511
37    37    1516749245743004605    7.382699    6.822580    8.471189
38    38    1516749245849699706    7.423108    7.081942    9.372502
39    39    1516749245963402172    7.452167    7.349235    8.794884
40    40    1516749246134435791    7.402593    7.090829    5.846804
41    41    1516749246258004758    7.417652    7.328619    8.092647
42    42    1516749246374690161    7.440921    7.590822    8.570052
43    43    1516749246542853876    7.398666    7.537232    5.946586
44    44    1516749246712923826    7.356442    7.272458    5.879934
45    45    1516749246840619411    7.366148    7.230011    7.831124
46    46    1516749246980225090    7.361707    7.378616    7.163032
47    47    1516749247093958705    7.386749    7.402176    8.792475
48    48    1516749247217207083    7.400280    7.312575    8.113697
49    49    1516749247396680540    7.352028    6.977012    5.571855
50    50    1516749247535960279    7.348571    7.135087    7.179795
51    51    1516749247661527425    7.359506    7.124929    7.963867
52    52    1516749247782687609    7.374578    7.102286    8.253536
53    53    1516749247949412837    7.343365    7.109549    5.997893
54    54    1516749248119799536    7.309977    7.107949    5.869003
55    55    1516749248248000146    7.318191    7.105398    7.800275
56    56    1516749248420209488    7.284928    6.944520    5.806886
57    57    1516749248600641624    7.245647    6.637097    5.542250
58    58    1516749248771057488    7.216930    6.435626    5.867998
59    59    1516749248890040642    7.233967    6.696308    8.404551
60    60    1516749249012888346    7.247193    6.770811    8.140160
61    61    1516749249133039454    7.262331    6.795731    8.322853
62    62    1516749249300112756    7.237821    6.590111    5.985397
63    63    1516749249420619300    7.252303    6.797143    8.298305
64    64    1516749249532814819    7.273151    7.077064    8.913012
65    65    1516749249811180594    7.161968    6.397214    3.592396
66    66    1516749249980165431    7.139562    6.410437    5.917691
67    67    1516749250097226526    7.156847    6.681879    8.542548
68    68    1516749250231900632    7.160599    6.845362    7.425332
69    69    1516749250398690832    7.140777    6.628442    5.995556
70    70    1516749250515757062    7.157315    6.653942    8.542173
71    71    1516749250813914166    7.046335    5.949283    3.353937
72    72    1516749250953554807    7.047884    6.047989    7.161239
73    73    1516749251073012677    7.062971    6.051827    8.371152
74    74    1516749251197142784    7.074599    6.008431    8.056063
75    75    1516749251319091368    7.087400    6.631692    8.200177
76    76    1516749251486447077    7.070310    6.638865    5.975297
77    77    1516749251601795041    7.087070    6.646424    8.669420
78    78    1516749251722276477    7.100204    6.709717    8.300034
79    79    1516749251846450183    7.110723    6.907225    8.053235
80    80    1516749252141554944    7.015587    6.150826    3.388627
81    81    1516749252250761349    7.035652    6.959682    9.156972
82    82    1516749252419627442    7.019745    6.820944    5.921852
83    83    1516749252585774371    7.005874    6.610426    6.018769
84    84    1516749252709520637    7.016858    6.612104    8.081052
85    85    1516749252815913324    7.037599    6.680821    9.399142
86    86    1516749252963310411    7.034581    6.771107    6.784395
87    87    1516749253137471878    7.016628    6.511787    5.741798
88    88    1516749253242233635    7.037577    6.579133    9.545468
89    89    1516749253406817212    7.025223    6.408749    6.075940
90    90    1516749253583684067    7.006549    6.934192    5.653971
91    91    1516749253702966766    7.019080    6.886078    8.383445
92    92    1516749253871684164    7.005202    6.886783    5.927071
93    93    1516749254020119096    7.002236    6.971824    6.736959
94    94    1516749254143847875    7.012099    6.971910    8.082194
95    95    1516749254305646621    7.002285    6.712611    6.180518
96    96    1516749254451885233    7.000552    6.717835    6.838139
97    97    1516749254643850643    6.976075    6.638437    5.209272
98    98    1516749254812083830    6.963863    6.370034    5.944130
99    99    1516749254983286829    6.950502    6.343287    5.841019
100    100    1516749255106780516    6.960264    6.565572    8.097580
101    101    1516749255235791428    6.967234    6.523903    7.751282
102    102    1516749255356945848    6.977795    6.732820    8.253929
103    103    1516749255478999624    6.987762    6.854571    8.193110
104    104    1516749255605358489    6.995559    6.842236    7.913968
105    105    1516749255722664920    7.007417    7.057072    8.524682
106    106    1516749255896335427    6.993236    6.923049    5.758030
107    107    1516749256064669921    6.981780    7.038193    5.940553
108    108    1516749256173290797    6.997292    7.346421    9.206333
109    109    1516749256281028998    7.012983    7.705691    9.281759
110    110    1516749256455462573    6.998904    7.414646    5.732841
111    111    1516749256582180949    7.005979    7.427271    7.891515
112    112    1516749256750950634    6.994689    7.173576    5.925235
113    113    1516749256866506302    7.006472    7.207172    8.653838
114    114    1516749257044083442    6.991626    6.950599    5.631355
115    115    1516749257167049222    7.000091    6.923365    8.132344
116    116    1516749257298298188    7.004955    7.132857    7.619108
117    117    1516749257468236975    6.993670    7.124704    5.884472
118    118    1516749257597196351    6.999440    7.022937    7.754380
119    119    1516749257729671332    7.003686    6.903015    7.548595
120    120    1516749257854468948    7.010984    7.147930    8.012974
121    121    1516749257980042414    7.017864    7.153785    7.963466
122    122    1516749258153968337    7.005301    7.127493    5.749574
123    123    1516749258333535926    6.990760    6.816495    5.568934
124    124    1516749258478997771    6.989815    6.969057    6.874655
125    125    1516749258611114838    6.994063    6.924893    7.569045
126    126    1516749258737478450    7.000469    6.948400    7.913671
127    127    1516749258857034708    7.009397    7.200472    8.364263
128    128    1516749259028169178    6.998571    6.988253    5.843358
129    129    1516749259200214318    6.987602    6.800209    5.812428
130    130    1516749259326301187    6.993953    6.794253    7.931040
131    131    1516749259451441790    7.000571    6.796251    7.991012
132    132    1516749259580249717    7.005747    7.011239    7.763497
133    133    1516749259704229791    7.012625    7.295575    8.065812
134    134    1516749259892315137    6.996095    7.075551    5.316735
135    135    1516749260055286790    6.988892    6.924383    6.136036
136    136    1516749260181099491    6.995055    6.927025    7.948323
137    137    1516749260354591666    6.984245    6.677542    5.763949
138    138    1516749260464786060    6.995840    6.960798    9.074872
139    139    1516749260604345933    6.997023    7.121839    7.165383
140    140    1516749260755931834    6.994014    6.994813    6.596920
141    141    1516749260946824856    6.977548    6.687250    5.238536
142    142    1516749261242284206    6.926131    6.016722    3.384560
143    143    1516749261373154503    6.930634    5.991882    7.641153
144    144    1516749261549713586    6.919960    6.033552    5.663826
145    145    1516749261670704962    6.927682    6.190347    8.265052
146    146    1516749261788722663    6.936290    6.220363    8.473305
147    147    1516749261915509370    6.941945    6.406487    7.887262
148    148    1516749262031927268    6.950894    6.381046    8.589745
149    149    1516749262156764678    6.957029    6.441561    8.010419
150    150    1516749262277786010    6.964318    6.570931    8.263006
151    151    1516749262452945511    6.954259    6.639575    5.709082
152    152    1516749262576930669    6.960527    7.492621    8.065482
153    153    1516749262747560313    6.952055    7.275872    5.860646
154    154    1516749262874434973    6.957349    7.548757    7.881795
155    155    1516749262991620444    6.965597    7.570507    8.533481
156    156    1516749263111741138    6.972849    7.558474    8.324960
157    157    1516749263257187909    6.972223    7.453350    6.875367
158    158    1516749263420644033    6.966105    7.200892    6.117850
159    159    1516749263723204681    6.918210    6.383903    3.305122
160    160    1516749263848506241    6.923936    6.366507    7.980747
161    161    1516749263967126968    6.931581    6.604228    8.430230
162    162    1516749264089577332    6.938018    6.610929    8.166574
163    163    1516749264205348096    6.946353    6.859709    8.637759
164    164    1516749264384948906    6.935946    6.620264    5.567904
165    165    1516749264494591826    6.945968    6.653487    9.120516
166    166    1516749264671320145    6.936517    6.411987    5.658403
167    167    1516749264800546190    6.940798    6.479377    7.738378
168    168    1516749264964323956    6.935186    6.478026    6.105835
169    169    1516749265095932364    6.938748    7.284766    7.598299
170    170    1516749265207480529    6.947931    7.358491    8.964737
171    171    1516749265380675091    6.939726    7.074397    5.773853
172    172    1516749265510637782    6.943663    7.036998    7.694516
173    173    1516749265634987345    6.949117    6.994772    8.041846
174    174    1516749265757426378    6.955045    7.286094    8.167330
175    175    1516749265862069554    6.965819    7.312733    9.556285
176    176    1516749265973493044    6.974639    7.679472    8.974768
177    177    1516749266096617406    6.980178    7.715625    8.121869
178    178    1516749266215288179    6.986878    7.993834    8.426675
179    179    1516749266342131726    6.991297    8.024398    7.883728
180    180    1516749266488556939    6.990382    7.805936    6.829425
181    181    1516749266663570927    6.981811    7.794865    5.713829
182    182    1516749266822525510    6.977625    7.622603    6.291105
183    183    1516749266948894050    6.982112    7.610890    7.913362
184    184    1516749267120825845    6.974555    7.334607    5.816260
185    185    1516749267235598631    6.982044    7.280516    8.712867
186    186    1516749267356146410    6.987961    7.232471    8.295466
187    187    1516749267487880490    6.990915    7.187714    7.591050
188    188    1516749267624072108    6.992687    7.098320    7.342596
189    189    1516749267742783551    6.998945    7.139533    8.423788
190    190    1516749267869278158    7.003150    7.242591    7.905475
191    191    1516749267982648925    7.010673    7.581053    8.820616
192    192    1516749268114333037    7.013464    7.741091    7.593931
193    193    1516749268234760045    7.019087    7.776860    8.303785
194    194    1516749268364164729    7.022389    8.042860    7.727696
195    195    1516749268538114285    7.014460    7.677451    5.748793
196    196    1516749268663280871    7.018808    7.650322    7.989353
197    197    1516749268820824018    7.015061    7.502193    6.347467
198    198    1516749268990583392    7.008338    7.317905    5.890691
199    199    1516749269120707760    7.011425    7.257294    7.684956
200    200    1516749269228769253    7.019889    7.355694    9.253990
201    201    1516749269401823272    7.012431    7.046350    5.778542
202    202    1516749269533391938    7.015105    7.046924    7.600594
203    203    1516749269641079114    7.023525    7.110762    9.286157
204    204    1516749269800932175    7.019323    6.960068    6.255745
205    205    1516749269974038433    7.012001    6.964156    5.776799
206    206    1516749270103435268    7.015142    6.943700    7.728164
207    207    1516749270275786140    7.008098    6.873031    5.802117
208    208    1516749270407389638    7.010705    7.058128    7.598582
209    209    1516749270585719630    7.002361    6.825883    5.607582
210    210    1516749270761260097    6.994763    6.525324    5.696692
211    211    1516749270874129936    7.001715    6.792063    8.859763
212    212    1516749270989749443    7.007982    6.866446    8.649060
213    213    1516749271161218642    7.001385    6.578343    5.831951
214    214    1516749271284100732    7.005935    6.742322    8.137882
215    215    1516749271461823932    6.997994    6.721399    5.626727
216    216    1516749271769023152    6.961110    6.003886    3.255217
217    217    1516749271894207981    6.965218    6.178858    7.988188
218    218    1516749272056308513    6.961116    6.064579    6.169011
219    219    1516749272224972515    6.955612    6.100340    5.928947
220    220    1516749272364995803    6.956432    6.235442    7.141669
221    221    1516749272548020662    6.947882    5.974106    5.463739
222    222    1516749272719517830    6.941919    5.781121    5.831000
223    223    1516749272837846272    6.947458    5.964354    8.451054
224    224    1516749272950618917    6.954150    6.000535    8.867399
225    225    1516749273078195972    6.957623    6.186695    7.838400
226    226    1516749273207884192    6.960618    6.949941    7.710801
227    227    1516749273332790738    6.964606    6.951286    8.005986
228    228    1516749273510542945    6.957376    6.876471    5.625809
229    229    1516749273643285741    6.959690    7.050629    7.533366
230    230    1516749273764707785    6.964361    7.144327    8.235737
231    231    1516749273903001246    6.965468    7.380179    7.231000
232    232    1516749274033768878    6.968134    7.608896    7.647152
233    233    1516749274170476140    6.969546    7.503959    7.314900
234    234    1516749274393488480    6.953146    6.930633    4.484057
235    235    1516749274577178858    6.944987    6.671190    5.443943
236    236    1516749274754705824    6.938169    6.464869    5.632947
237    237    1516749274880596622    6.941860    6.460758    7.943392
238    238    1516749275061274387    6.934483    6.448569    5.534715
239    239    1516749275229476728    6.929679    6.304411    5.945220
240    240    1516749275349159322    6.934589    6.311332    8.355434
241    241    1516749275524121460    6.928482    6.168574    5.715522
242    242    1516749275692854456    6.923665    6.027417    5.926523
243    243    1516749275803059185    6.930396    6.125263    9.074021
244    244    1516749275926473625    6.934491    6.523221    8.102780
245    245    1516749276099788166    6.928806    6.567673    5.769856
246    246    1516749276222563093    6.932997    6.812652    8.144985
247    247    1516749276344860223    6.937252    6.829371    8.176807
248    248    1516749276483681976    6.938282    7.030334    7.203482
249    249    1516749276657856675    6.932501    7.000938    5.741362
250    250    1516749276782816765    6.936196    6.975167    8.002555
251    251    1516749276900513878    6.941254    7.265369    8.496385
252    252    1516749277046802731    6.940831    7.385806    6.835791
253    253    1516749277172596124    6.944300    7.301738    7.949543
254    254    1516749277291246448    6.949098    7.327227    8.428127
255    255    1516749277428078879    6.950432    7.528472    7.308209
256    256    1516749277548717691    6.954803    7.540599    8.289206
257    257    1516749277675391340    6.958012    7.515796    7.894302
258    258    1516749277841654046    6.953801    7.363922    6.014578
259    259    1516749277961550737    6.958250    7.670511    8.340514
260    260    1516749278079383043    6.963055    7.712679    8.486637
261    261    1516749278252769212    6.957550    7.395053    5.767473
262    262    1516749278374990814    6.961511    7.529054    8.181860
263    263    1516749278493214628    6.966181    7.572210    8.458533
264    264    1516749278676090062    6.958987    7.221032    5.468203
265    265    1516749278796581349    6.963215    7.307258    8.299355
266    266    1516749278934809206    6.964193    7.214531    7.234432
267    267    1516749279072973573    6.965175    7.155214    7.237756
268    268    1516749279244956488    6.960055    7.126048    5.814531
269    269    1516749279369592460    6.963473    7.102062    8.023366
270    270    1516749279667108017    6.936042    6.298320    3.361169
271    271    1516749279792627343    6.939343    6.494105    7.966901
272    272    1516749279963998673    6.934537    6.293235    5.835282
273    273    1516749280091873746    6.937405    6.255242    7.820132
274    274    1516749280212810308    6.941469    6.507365    8.268798
275    275    1516749280390008148    6.935689    6.275783    5.643410
276    276    1516749280513038266    6.939364    6.336215    8.128091
277    277    1516749280674475661    6.936363    6.244138    6.194352
278    278    1516749280796735810    6.940143    6.444215    8.179280
279    279    1516749280931031609    6.941828    6.404348    7.446249
280    280    1516749281058838976    6.944616    7.185297    7.824275
281    281    1516749281180113620    6.948504    7.207279    8.245747
282    282    1516749281359983622    6.942375    7.163401    5.559571
283    283    1516749281474906892    6.947320    7.230485    8.701458
284    284    1516749281593045922    6.951693    7.245140    8.464603
285    285    1516749281762942742    6.947294    7.283669    5.885925
286    286    1516749281937090520    6.942218    7.022214    5.742250
287    287    1516749282044603929    6.948337    7.298586    9.301165
288    288    1516749282168172885    6.951738    7.291621    8.092647
289    289    1516749282294748157    6.954618    7.332902    7.900437
290    290    1516749282468770540    6.949596    7.092543    5.746387
291    291    1516749282640765856    6.944952    6.846257    5.814112
292    292    1516749282823069654    6.938650    6.834868    5.485349
293    293    1516749282938955084    6.943277    6.830377    8.629212
294    294    1516749283067059974    6.945879    6.784196    7.806103
295    295    1516749283191773346    6.949019    6.998731    8.018386
296    296    1516749283313226359    6.952672    7.266725    8.233637
297    297    1516749283474798474    6.949795    6.992056    6.189187
298    298    1516749283633043437    6.947477    6.826542    6.319316
299    299    1516749283759831078    6.950237    6.825552    7.887204
300    300    1516749283941150681    6.944234    6.791724    5.515123
301    301    1516749284112945909    6.939799    6.792648    5.820883
302    302    1516749284289761581    6.934602    6.818064    5.655607
303    303    1516749284474242014    6.928237    6.513441    5.420629
304    304    1516749284648625198    6.923512    6.322850    5.734498
305    305    1516749284769426882    6.927216    6.338527    8.278030
306    306    1516749284899914264    6.929385    6.302437    7.663576
307    307    1516749285087436215    6.922655    6.201021    5.332709
308    308    1516749285223070717    6.924023    6.289200    7.372755
309    309    1516749285395876186    6.919637    6.112301    5.786854
310    310    1516749285578112986    6.913834    6.108876    5.487366
311    311    1516749285700260260    6.917281    6.299949    8.186838
312    312    1516749285823800703    6.920497    6.518738    8.094515
313    313    1516749286014898976    6.913397    6.490737    5.232910
314    314    1516749286141400762    6.916151    6.698931    7.905027
315    315    1516749286321819996    6.910732    6.441667    5.542646
316    316    1516749286437049302    6.915175    6.505610    8.678348
317    317    1516749286605663162    6.911567    6.586631    5.930711
318    318    1516749286714619050    6.916921    6.704443    9.178026
319    319    1516749286886597248    6.912826    6.708163    5.814691
320    320    1516749287009484738    6.916069    6.986306    8.137525
321    321    1516749287132519246    6.919273    6.981977    8.127801
322    322    1516749287302842190    6.915451    6.761136    5.871200
323    323    1516749287435313772    6.917242    7.040197    7.548789
324    324    1516749287557404692    6.920552    7.062127    8.190617
325    325    1516749287673599780    6.924713    7.397655    8.606216
326    326    1516749287796695706    6.927840    7.354854    8.123746
327    327    1516749287974345534    6.922970    7.306297    5.629051
328    328    1516749288099586877    6.925769    7.220384    7.984584
329    329    1516749288227054175    6.928229    7.460143    7.845149
330    330    1516749288357033404    6.930312    7.420882    7.693537
331    331    1516749288544505878    6.924071    7.082221    5.334116
332    332    1516749288668704261    6.926984    7.321383    8.051635
333    333    1516749288839466558    6.923194    7.121732    5.856094
334    334    1516749288966515402    6.925683    7.096674    7.870989
335    335    1516749289077784344    6.930415    7.121571    8.987234
336    336    1516749289255473680    6.925658    6.855053    5.627800
337    337    1516749289430436678    6.921322    6.867702    5.715494
338    338    1516749289552316135    6.924517    6.883595    8.204828
339    339    1516749289671603951    6.928063    6.922572    8.383086
340    340    1516749289803152105    6.929864    6.915061    7.601779
341    341    1516749289933482962    6.931826    7.199543    7.672780
342    342    1516749290062700960    6.933934    7.173618    7.738860
343    343    1516749290192048035    6.936014    7.393270    7.731137
344    344    1516749290360902528    6.932574    7.171609    5.922259
345    345    1516749290489136745    6.934799    7.085402    7.798231
346    346    1516749290603670120    6.938913    7.417316    8.731079
347    347    1516749290777944036    6.934743    7.421110    5.738093
348    348    1516749290905070295    6.937096    7.392326    7.866195
349    349    1516749291021586053    6.940898    7.407506    8.582530
350    350    1516749291166048158    6.940845    7.337317    6.922231
351    351    1516749291343386975    6.936295    7.092681    5.638923
352    352    1516749291460275262    6.940016    7.155255    8.555177
353    353    1516749291621241291    6.937720    6.996954    6.212491
354    354    1516749291778412741    6.935954    7.054623    6.362479
355    355    1516749291957259703    6.931272    6.811419    5.591373
356    356    1516749292127650242    6.927759    6.561765    5.868870
357    357    1516749292247966699    6.930982    6.802616    8.311415
358    358    1516749292394566362    6.930672    6.713680    6.821298
359    359    1516749292513638090    6.934038    6.702179    8.398299
360    360    1516749292627132753    6.938132    6.844231    8.810987
361    361    1516749292754444653    6.940369    7.086883    7.854725
362    362    1516749292879466740    6.942900    7.046265    7.998587
363    363    1516749293056118848    6.938582    6.969235    5.660844
364    364    1516749293229684067    6.934701    6.890510    5.761523
365    365    1516749293388990637    6.932717    6.984553    6.277205
366    366    1516749293560785517    6.929111    6.977709    5.820895
367    367    1516749293751066579    6.923119    6.652918    5.255384
368    368    1516749293879071588    6.925255    6.736251    7.812194
369    369    1516749293996887371    6.928703    6.741955    8.487827
370    370    1516749294154453775    6.926990    6.547412    6.346531
371    371    1516749294292544028    6.927799    6.501531    7.241641
372    372    1516749294414993228    6.930618    6.512424    8.166652
373    373    1516749294531954178    6.934129    6.775824    8.549862
374    374    1516749294706451498    6.930248    6.771547    5.730747
375    375    1516749294886416318    6.925695    6.678127    5.556642
376    376    1516749295011544157    6.928147    6.892945    7.991827
377    377    1516749295152476344    6.928579    7.135672    7.095611
378    378    1516749295434186563    6.911222    6.430392    3.549747
379    379    1516749295555457224    6.914167    6.416138    8.246018
380    380    1516749295733630688    6.909961    6.332413    5.612508
381    381    1516749295912074593    6.905748    6.174629    5.604002
382    382    1516749296086600197    6.902049    5.982267    5.729818
383    383    1516749296215314999    6.904056    5.940497    7.769114
384    384    1516749296333774434    6.907324    6.145062    8.441708
385    385    1516749296508829856    6.903583    6.163656    5.712477
386    386    1516749296623752462    6.907271    6.202672    8.701508
387    387    1516749296737678590    6.911066    6.308343    8.777618
388    388    1516749296852839119    6.914695    7.048943    8.683531
389    389    1516749297019360622    6.912011    6.831052    6.005230
390    390    1516749297198838044    6.907761    6.824973    5.571731
391    391    1516749297322716480    6.910304    7.088971    8.072430
392    392    1516749297441986649    6.913397    7.377970    8.384326
393    393    1516749297610825490    6.910463    7.165836    5.922808
394    394    1516749297740006103    6.912341    7.111204    7.741100
395    395    1516749297862875990    6.914972    7.385273    8.138691
396    396    1516749297993575628    6.916649    7.300212    7.651131
397    397    1516749298170097317    6.912811    6.981199    5.665026
398    398    1516749298345286039    6.909157    6.700406    5.708130
399    399    1516749298527417254    6.904697    6.631051    5.490547
400    400    1516749298704908461    6.900816    6.639796    5.634082
401    401    1516749298876898007    6.897609    6.434255    5.814307
402    402    1516749298997725207    6.900462    6.427815    8.276282
403    403    1516749299120552799    6.903066    6.623713    8.141493
404    404    1516749299240902811    6.905952    6.662684    8.309098
405    405    1516749299410937530    6.902989    6.459691    5.881152
406    406    1516749299539007063    6.904956    6.470685    7.808258
407    407    1516749299661614879    6.907553    6.704581    8.156087
408    408    1516749299833967926    6.904337    6.717352    5.802044
409    409    1516749299950122876    6.907673    7.028861    8.609190
410    410    1516749300264326448    6.888058    6.412649    3.182650
411    411    1516749300386317639    6.890729    6.625062    8.197313
412    412    1516749300552742029    6.888281    6.430799    6.008735
413    413    1516749300677954695    6.890569    6.420950    7.986412
414    414    1516749300850008676    6.887490    6.214631    5.812129
415    415    1516749300972205306    6.890113    6.405051    8.183532
416    416    1516749301125785363    6.889152    6.302078    6.511262
417    417    1516749301415001346    6.872834    5.703249    3.457624
418    418    1516749301538564822    6.875307    5.866489    8.093006
419    419    1516749301666266401    6.877305    5.827018    7.830757
420    420    1516749301794815320    6.879200    6.533860    7.779140
421    421    1516749301930255097    6.880313    6.476946    7.383355
422    422    1516749302058254126    6.882254    6.642258    7.812559
423    423    1516749302183005998    6.884551    6.644291    8.015912
424    424    1516749302298954650    6.887820    6.901569    8.624507
425    425    1516749302425487426    6.889898    6.880977    7.903091
426    426    1516749302591908163    6.887533    6.820711    6.008867
427    427    1516749302710641382    6.890467    7.718194    8.422243
428    428    1516749302879126027    6.887883    7.459562    5.935259
429    429    1516749303058909710    6.884067    7.180589    5.562240
430    430    1516749303181890518    6.886518    7.209414    8.131350
431    431    1516749303321925519    6.887086    7.185609    7.141072
432    432    1516749303449617838    6.889005    7.187193    7.831325
433    433    1516749303568974642    6.891827    7.215170    8.378240
434    434    1516749303700456271    6.893315    7.135204    7.605625
435    435    1516749303825225252    6.895528    7.144196    8.014813
436    436    1516749303957407442    6.896925    7.323329    7.565316
437    437    1516749304068453405    6.900613    7.364790    9.005280
438    438    1516749304248029279    6.896856    7.305119    5.568677
439    439    1516749304417852575    6.894173    7.358661    5.888474
440    440    1516749304561026880    6.894375    7.250915    6.984493
441    441    1516749304686091498    6.896524    7.330487    7.995867
442    442    1516749304984320175    6.880112    6.515921    3.353132
443    443    1516749305155383027    6.877372    6.303547    5.845805
444    444    1516749305277758169    6.879820    6.339940    8.171594
445    445    1516749305414878032    6.880694    6.290682    7.292889
446    446    1516749305524987063    6.884427    6.379261    9.081907
447    447    1516749305651643216    6.886395    6.316362    7.895392
448    448    1516749305780142534    6.888161    6.526933    7.782142
449    449    1516749305944319574    6.886158    6.551075    6.090986
450    450    1516749306067846004    6.888440    6.636496    8.095434
451    451    1516749306246272279    6.884950    6.409513    5.604556
452    452    1516749306413111651    6.882691    6.998922    5.993789
453    453    1516749306599659768    6.878389    6.923881    5.360547
454    454    1516749306723576360    6.880622    6.916499    8.069944
455    455    1516749306888774264    6.878561    6.784739    6.053346
456    456    1516749307010893143    6.880970    6.729900    8.188742
457    457    1516749307134909614    6.883174    6.741877    8.063445
458    458    1516749307253262348    6.885954    6.788314    8.449319
459    459    1516749307427885254    6.882925    6.740517    5.726626
460    460    1516749307547470750    6.885567    6.758470    8.362218
461    461    1516749307710738537    6.883717    6.828426    6.124907
462    462    1516749307833308185    6.886041    7.041279    8.158627
463    463    1516749308002617119    6.883580    7.127801    5.906363
464    464    1516749308174435072    6.880877    6.892470    5.820114
465    465    1516749308312299252    6.881635    7.024816    7.253516
466    466    1516749308439323680    6.883490    7.000690    7.872502
467    467    1516749308564608344    6.885515    6.994481    7.981823
468    468    1516749308685701686    6.887956    6.981098    8.258092
469    469    1516749308849978824    6.886029    7.031886    6.087274
470    470    1516749308963527546    6.889219    7.061863    8.806792
471    471    1516749309258313531    6.874206    6.461722    3.392292
472    472    1516749309555098232    6.859122    5.807909    3.369446
473    473    1516749309737457544    6.855494    5.764219    5.483679
474    474    1516749309871301254    6.856684    5.893217    7.471401
475    475    1516749310150578612    6.843530    5.439869    3.580670
476    476    1516749310313212605    6.841910    5.336495    6.148776
477    477    1516749310482023820    6.839692    5.215353    5.923777
478    478    1516749310608280359    6.841641    5.201347    7.920382
479    479    1516749310907347232    6.826763    4.860578    3.343734
480    480    1516749311043237283    6.827789    4.808363    7.358890
481    481    1516749311168096139    6.829879    5.236198    8.009043
482    482    1516749311291485187    6.832104    5.759085    8.104447
483    483    1516749311419019291    6.833920    5.946853    7.841040
484    484    1516749311541245612    6.836242    5.988224    8.181544
485    485    1516749311717451823    6.833366    6.382137    5.675169
486    486    1516749311843531266    6.835309    6.534586    7.931507
487    487    1516749311968589407    6.837343    6.726915    7.996281
488    488    1516749312084153253    6.840278    6.775651    8.653225
489    489    1516749312257665111    6.837671    7.405663    5.763295
490    490    1516749312383616452    6.839604    7.460575    7.939574
491    491    1516749312557897214    6.836936    7.195274    5.737868
492    492    1516749312682139051    6.839025    7.190862    8.048819
493    493    1516749312982076180    6.824501    6.397719    3.334032
494    494    1516749313105979520    6.826631    6.390863    8.070807
495    495    1516749313284256827    6.823645    6.382415    5.609239
496    496    1516749313423085978    6.824369    6.330898    7.203098
497    497    1516749313556011697    6.825641    6.299521    7.522999
498    498    1516749313758932428    6.820378    5.970936    4.928033
499    499    1516749313871626248    6.823536    6.195936    8.873601
500    500    1516749314000707022    6.825160    6.183946    7.747087
501    501    1516749314175875139    6.822502    6.180554    5.708801
502    502    1516749314344978706    6.820418    6.013809    5.913536
503    503    1516749314470778506    6.822340    6.717259    7.949138
504    504    1516749314595068989    6.824395    6.715513    8.045668
505    505    1516749314719294692    6.826449    6.968457    8.049864
506    506    1516749314846364443    6.828234    7.026032    7.869694
507    507    1516749314958010685    6.831430    7.132672    8.956862
508    508    1516749315133114565    6.828798    7.277056    5.710896
509    509    1516749315251273540    6.831385    7.248229    8.463174
510    510    1516749315374118750    6.833535    7.281138    8.140326
511    511    1516749315504866576    6.834957    7.524503    7.648311
512    512    1516749315636659249    6.836279    7.741852    7.587675
513    513    1516749315813317903    6.833518    7.448571    5.660634
514    514    1516749316112210775    6.819713    6.591342    3.345680
515    515    1516749316276357749    6.818135    6.422348    6.092101
516    516    1516749316405813624    6.819683    6.412521    7.724640
517    517    1516749316566477304    6.818423    6.217102    6.224182
518    518    1516749316682275382    6.821189    6.455108    8.635722
519    519    1516749316854171163    6.818927    6.238702    5.817478
520    520    1516749316968435358    6.821818    6.272280    8.751648
521    521    1516749317139213350    6.819662    6.118653    5.855555
522    522    1516749317266258694    6.821405    6.136477    7.871205
523    523    1516749317380038091    6.824320    6.382761    8.788937
524    524    1516749317562420431    6.821142    6.895555    5.482987
525    525    1516749317679371013    6.823766    7.127516    8.550620
526    526    1516749317817743551    6.824488    7.082504    7.226868
527    527    1516749317941818717    6.826470    7.270922    8.059631
528    528    1516749318071128207    6.827983    7.200187    7.733384
529    529    1516749318241979623    6.825838    7.205605    5.853039
530    530    1516749318415450207    6.823473    6.910779    5.764666
531    531    1516749318561231556    6.823540    7.032259    6.859588
532    532    1516749318735199288    6.821146    6.807627    5.748192
533    533    1516749318851853721    6.823756    6.794329    8.572327
534    534    1516749318980066573    6.825352    7.053947    7.799530
535    535    1516749319157232488    6.822689    6.766534    5.644427
536    536    1516749319310442065    6.822114    6.699276    6.527007
537    537    1516749319606819166    6.809180    6.006004    3.374080
538    538    1516749319734777436    6.810806    6.010882    7.815048
539    539    1516749319857599679    6.812869    6.189574    8.141848
540    540    1516749319974914782    6.815398    6.412457    8.524052
541    541    1516749320107276137    6.816629    6.468119    7.555075
542    542    1516749320244387966    6.817450    6.626077    7.293317
543    543    1516749320370765278    6.819185    6.583662    7.912813
544    544    1516749320548575200    6.816527    6.375483    5.623983
545    545    1516749320724095959    6.814075    6.382177    5.697332
546    546    1516749320897240962    6.811836    6.301996    5.775506
547    547    1516749321015512532    6.814253    7.098777    8.455117
548    548    1516749321149804584    6.815307    7.067002    7.446457
549    549    1516749321277769998    6.816892    7.041409    7.814612
550    550    1516749321401410298    6.818836    7.010187    8.087978
551    551    1516749321565224847    6.817391    6.858952    6.104464
552    552    1516749321731857447    6.815715    6.722827    6.001227
553    553    1516749321868987269    6.816519    6.674579    7.292360
554    554    1516749322035103844    6.814894    6.727082    6.019869
555    555    1516749322210314919    6.812517    6.728483    5.707402
556    556    1516749322383098011    6.810351    6.730122    5.787603
557    557    1516749322512225720    6.811824    6.681307    7.744271
558    558    1516749322689730417    6.809276    6.493820    5.633654
559    559    1516749322864824164    6.806939    6.300982    5.711226
560    560    1516749323033065493    6.805178    6.128746    5.943843
561    561    1516749323153804539    6.807338    6.294931    8.282325
562    562    1516749323315383686    6.806130    6.315020    6.188917
563    563    1516749323478250190    6.804821    6.214025    6.139998
564    564    1516749323600206097    6.806871    6.389359    8.199685
565    565    1516749323776975813    6.804427    6.383002    5.657078
566    566    1516749323952971349    6.802057    6.369941    5.681962
567    567    1516749324135334151    6.799179    6.161017    5.483574
568    568    1516749324311793224    6.796793    6.164989    5.667036
569    569    1516749324418584238    6.800063    6.436000    9.364084
570    570    1516749324541734408    6.802000    6.628359    8.120167
571    571    1516749324655296101    6.804707    6.660044    8.805786
572    572    1516749324848358728    6.800983    6.523263    5.179666
573    573    1516749325152940500    6.788312    5.971253    3.283191
574    574    1516749325290537843    6.789091    5.915998    7.267582
575    575    1516749325418242501    6.790659    6.092855    7.830568
576    576    1516749325547944353    6.792062    6.269699    7.709990
577    577    1516749325674038782    6.793750    6.498973    7.930564
578    578    1516749325797914387    6.795609    6.728927    8.072614
579    579    1516749325953356509    6.794949    6.515625    6.433263
580    580    1516749326133995270    6.792290    6.280378    5.535910
581    581    1516749326244085115    6.795235    6.294102    9.083490
582    582    1516749326400049195    6.794538    6.444584    6.411733
583    583    1516749326523293185    6.796431    7.297392    8.113986
584    584    1516749326650010663    6.798043    7.355793    7.891571
585    585    1516749326770300001    6.800158    7.396135    8.313289
586    586    1516749326890772423    6.802253    7.446970    8.300655
587    587    1516749327064434897    6.800156    7.192195    5.758296
588    588    1516749327240361192    6.797891    6.932664    5.684199
589    589    1516749327348262711    6.800962    7.168941    9.267710
590    590    1516749327517424912    6.799231    7.228413    5.911486
591    591    1516749327657170635    6.799804    7.076712    7.155854
592    592    1516749327830568965    6.797751    6.990466    5.767068
593    593    1516749327958235934    6.799264    6.968919    7.832880
594    594    1516749328086743166    6.800707    6.960238    7.781663
595    595    1516749328260494182    6.798635    6.710535    5.755362
596    596    1516749328398503373    6.799338    6.632483    7.245894
597    597    1516749328511047410    6.802008    6.912701    8.885411
598    598    1516749328641501338    6.803288    7.137045    7.665542
599    599    1516749328784853031    6.803568    6.960927    6.975851
600    600    1516749328960959333    6.801326    6.927442    5.678388
601    601    1516749329074800632    6.803877    7.054027    8.784158
602    602    1516749329380386214    6.791722    6.452374    3.272406
603    603    1516749329555279620    6.789611    6.261569    5.717768
604    604    1516749329669000957    6.792169    6.320083    8.793425
605    605    1516749329835648552    6.790691    6.348584    6.000687
606    606    1516749329959573834    6.792464    6.405861    8.069378
607    607    1516749330083954779    6.794198    6.357654    8.039817
608    608    1516749330261354337    6.791909    6.173400    5.636993
609    609    1516749330371988992    6.794677    6.300657    9.038759
610    610    1516749330506444513    6.795639    6.470460    7.437404
611    611    1516749330624677224    6.797822    6.452127    8.457896
612    612    1516749330800966430    6.795622    7.039378    5.672497
613    613    1516749330972744566    6.793771    7.054848    5.821463
614    614    1516749331098155953    6.795406    6.997141    7.973758
615    615    1516749331263250711    6.794062    7.004753    6.057128
616    616    1516749331396132314    6.795132    6.961081    7.525496
617    617    1516749331570619127    6.793091    6.726468    5.731092
618    618    1516749331698392484    6.794540    6.958758    7.826358
619    619    1516749331823532917    6.796182    6.889216    7.991022
620    620    1516749331948506282    6.797831    6.934516    8.001705
621    621    1516749332112831985    6.796552    6.719731    6.085475
622    622    1516749332278905650    6.795148    6.766178    6.021424
623    623    1516749332406128227    6.796624    6.976499    7.860240
624    624    1516749332520612097    6.799037    7.030094    8.734855
625    625    1516749332694391928    6.797066    6.987431    5.754408
626    626    1516749332819315274    6.798702    7.026503    8.004909
627    627    1516749332945023091    6.800276    7.275881    7.954955
628    628    1516749333121783042    6.798093    7.025479    5.657390
629    629    1516749333236780503    6.800449    7.075902    8.695844
630    630    1516749333422784588    6.797595    6.782980    5.376226
631    631    1516749333550188870    6.799036    6.957214    7.849030
632    632    1516749333666777217    6.801264    7.205278    8.577187
633    633    1516749333779093740    6.803797    7.283504    8.903410
634    634    1516749333896976098    6.805919    7.265520    8.483034
635    635    1516749334015599675    6.807981    7.568832    8.430027
636    636    1516749334186917665    6.806204    7.312067    5.837099
637    637    1516749334370047830    6.803576    7.017422    5.460597
638    638    1516749334501675351    6.804689    7.246943    7.597195
639    639    1516749334620455278    6.806728    7.227132    8.418931
640    640    1516749334751914127    6.807845    7.523721    7.606943
641    641    1516749334931045719    6.805518    7.241880    5.582488
642    642    1516749335058106490    6.806950    7.187371    7.870250
643    643    1516749335176525768    6.809001    7.155983    8.444571
644    644    1516749335355335035    6.806705    6.857023    5.592551
645    645    1516749335481453497    6.808197    6.821963    7.929053
646    646    1516749335609337419    6.809559    7.030274    7.819591
647    647    1516749335771320341    6.808476    7.136371    6.173490
648    648    1516749335889465406    6.810529    7.205701    8.464171
649    649    1516749336050727976    6.809499    6.991674    6.201067
650    650    1516749336167926835    6.811612    7.062084    8.532506
651    651    1516749336337813186    6.809970    7.108495    5.886288
652    652    1516749336465105205    6.811359    7.107327    7.855952
653    653    1516749336631954216    6.809938    6.870829    5.993443
654    654    1516749336777103521    6.810058    7.033494    6.889458
655    655    1516749336906792787    6.811271    7.015873    7.710738
656    656    1516749337030744053    6.812886    7.035285    8.067687
657    657    1516749337209782346    6.810611    6.951869    5.585397
658    658    1516749337340797333    6.811724    6.890222    7.632715
659    659    1516749337519928410    6.809452    6.806423    5.582504
660    660    1516749337645633327    6.810936    6.767243    7.955138
661    661    1516749337781975339    6.811671    6.924430    7.334496
662    662    1516749337954840636    6.809848    6.712602    5.784851
663    663    1516749338129400658    6.807913    6.678035    5.728689
664    664    1516749338251288694    6.809656    6.783409    8.204251
665    665    1516749338371456133    6.811514    6.827507    8.321722
666    666    1516749338498658338    6.812878    6.812387    7.861499
667    667    1516749338654657966    6.812238    6.921010    6.410272
668    668    1516749338770381121    6.814394    6.995043    8.641313
669    669    1516749338894891078    6.815935    7.272924    8.031486
670    670    1516749339065539140    6.814279    7.042721    5.860014
671    671    1516749339244603140    6.812047    6.837009    5.584595
672    672    1516749339419795706    6.810089    6.826148    5.708005
673    673    1516749339546992799    6.811441    7.054215    7.861815
674    674    1516749339665519759    6.813386    7.070981    8.436899
675    675    1516749339838556271    6.811583    6.816167    5.779127
676    676    1516749339969978032    6.812637    6.796619    7.609090
677    677    1516749340137762616    6.811200    6.742612    5.960023
678    678    1516749340255658045    6.813177    6.732751    8.482093
679    679    1516749340437181605    6.810806    6.483862    5.508927
680    680    1516749340608085669    6.809166    6.482787    5.851236
681    681    1516749340723942556    6.811274    6.759774    8.631338
682    682    1516749340842842153    6.813171    7.027178    8.410457
683    683    1516749340965887016    6.814782    7.047741    8.127117
684    684    1516749341084115075    6.816715    7.049226    8.458229
685    685    1516749341201843335    6.818678    7.335212    8.494137
686    686    1516749341329549947    6.819961    7.355257    7.830448
687    687    1516749341450227365    6.821716    7.619252    8.286554
688    688    1516749341578206777    6.822973    7.561158    7.813757
689    689    1516749341740648360    6.821902    7.671849    6.156059
690    690    1516749341915236694    6.820017    7.650225    5.727760
691    691    1516749342038601564    6.821581    7.606535    8.106035
692    692    1516749342165112174    6.822929    7.562752    7.904475
693    693    1516749342288444556    6.824488    7.561108    8.108171
694    694    1516749342457511002    6.822978    7.281221    5.914834
695    695    1516749342583234218    6.824373    7.239080    7.953980
696    696    1516749342709836171    6.825705    7.244874    7.898772
697    697    1516749342837411620    6.826968    7.208848    7.838499
698    698    1516749342970569860    6.827857    7.182035    7.509862
699    699    1516749343134934002    6.826664    7.172132    6.084052
700    700    1516749343259849935    6.828098    7.437083    8.005384
701    701    1516749343397686454    6.828671    7.357892    7.254971
702    702    1516749343555081754    6.827944    7.194402    6.353430
703    703    1516749343683991689    6.829107    7.165648    7.757354
704    704    1516749343856211862    6.827401    7.149492    5.806521
705    705    1516749343989550358    6.828268    7.110776    7.499710
706    706    1516749344105925703    6.830252    7.162864    8.592885
707    707    1516749344231615070    6.831617    7.172554    7.956122
708    708    1516749344362976081    6.832606    7.181812    7.612609
709    709    1516749344486324443    6.834119    7.399786    8.107120
710    710    1516749344614579507    6.835307    7.381547    7.796963
711    711    1516749344746376103    6.836258    7.414605    7.587449
712    712    1516749344870317594    6.837723    7.603199    8.068323
713    713    1516749344993442009    6.839237    7.636792    8.121866
714    714    1516749345178410579    6.836703    7.563159    5.406324
715    715    1516749345305820284    6.837934    7.597226    7.848696
716    716    1516749345427071345    6.839565    7.569188    8.247351
717    717    1516749345596609901    6.838045    7.326035    5.898363
718    718    1516749345766195371    6.836527    7.126470    5.896732
719    719    1516749345883889376    6.838383    7.155303    8.496609
720    720    1516749346062170222    6.836305    6.908030    5.609128
721    721    1516749346240891430    6.834205    6.691132    5.595307
722    722    1516749346357745389    6.836110    6.723015    8.557690
723    723    1516749346535264226    6.834094    6.485832    5.633205
724    724    1516749346699850251    6.832918    6.572722    6.075850
725    725    1516749346842341207    6.833166    6.508209    7.017989
726    726    1516749346958426954    6.835110    6.530161    8.614322
727    727    1516749347084273922    6.836423    6.721948    7.946159
728    728    1516749347209660265    6.837762    6.927775    7.975350
729    729    1516749347324134325    6.839798    6.943264    8.735604
730    730    1516749347457116665    6.840644    7.168734    7.519795
731    731    1516749347621830461    6.839460    7.241449    6.071137
732    732    1516749347787466617    6.838220    6.994370    6.037329
733    733    1516749347906709314    6.839941    7.291579    8.386258
734    734    1516749348023611822    6.841806    7.554230    8.554136
735    735    1516749348144413092    6.843419    7.680068    8.278059
736    736    1516749348323860857    6.841302    7.323679    5.572652
737    737    1516749348451785623    6.842460    7.312552    7.817095
738    738    1516749348624216086    6.840795    7.069357    5.799439
739    739    1516749348743213145    6.842515    7.046824    8.403569
740    740    1516749348857625644    6.844520    7.140261    8.740304
741    741    1516749348973621091    6.846422    7.397596    8.621028
742    742    1516749349141913072    6.845019    7.383090    5.942054
743    743    1516749349278283177    6.845632    7.290894    7.332985
744    744    1516749349406362083    6.846764    7.231964    7.807687
745    745    1516749349528626646    6.848259    7.224319    8.178985
746    746    1516749349690388524    6.847271    7.317817    6.181926
747    747    1516749349806784933    6.849130    7.380077    8.591330
748    748    1516749349979411879    6.847463    7.379007    5.792838
749    749    1516749350154463231    6.845650    7.085917    5.712609
750    750    1516749350268147747    6.847672    7.089573    8.796273
751    751    1516749350394446083    6.848903    7.038165    7.917761
752    752    1516749350521869310    6.850061    7.246607    7.847863
753    753    1516749350642199792    6.851658    7.331826    8.310446
754    754    1516749350939760103    6.842244    6.521464    3.360663
755    755    1516749351067032336    6.843413    6.500236    7.857173
756    756    1516749351192847696    6.844670    6.655755    7.948155
757    757    1516749351383208325    6.841935    6.343473    5.253187
758    758    1516749351497241335    6.843917    6.588356    8.769391
759    759    1516749351621119382    6.845288    6.818231    8.072455
760    760    1516749351800388134    6.843245    6.526392    5.578217
761    761    1516749351972308256    6.841660    6.337689    5.816655
762    762    1516749352137556186    6.840490    6.189318    6.051513
763    763    1516749352262177509    6.841811    6.172924    8.024309
764    764    1516749352450008996    6.839262    6.621425    5.323921
765    765    1516749352566078717    6.841103    6.670907    8.615511
766    766    1516749352740488674    6.839381    6.461447    5.733618
767    767    1516749352912583460    6.837805    6.538618    5.810751
768    768    1516749353075117740    6.836815    6.337632    6.152548
769    769    1516749353189428710    6.838755    6.376293    8.748067
770    770    1516749353363335582    6.837076    6.398168    5.750204
771    771    1516749353487413637    6.838420    6.600201    8.059443
772    772    1516749353664317588    6.836565    6.549812    5.652785
773    773    1516749353784404368    6.838146    6.569323    8.327311
774    774    1516749353958221134    6.836483    6.630367    5.753185
775    775    1516749354127593288    6.835092    6.404039    5.904158
776    776    1516749354249926017    6.836534    6.624985    8.174427
777    777    1516749354424853922    6.834813    6.612574    5.716641
778    778    1516749354593702635    6.833461    6.585078    5.922461
779    779    1516749354767911214    6.831793    6.335198    5.740245
780    780    1516749354946798346    6.829851    6.315273    5.590117
781    781    1516749355068450221    6.831328    6.324964    8.220177
782    782    1516749355233583158    6.830211    6.372407    6.055727
783    783    1516749355370373373    6.830783    6.305294    7.310464
784    784    1516749355494188314    6.832126    6.510556    8.076570
785    785    1516749355613705935    6.833721    6.728965    8.366967
786    786    1516749355773938720    6.832896    6.561625    6.240920
787    787    1516749355880814831    6.835236    6.868316    9.356628
788    788    1516749356003799249    6.836617    7.091712    8.131111
789    789    1516749356130594445    6.837769    7.338463    7.886734
790    790    1516749356249202135    6.839403    7.678111    8.431157
791    791    1516749356415758298    6.838202    7.422208    6.003981
792    792    1516749356547451922    6.839059    7.611110    7.593382
793    793    1516749356668381187    6.840550    7.704113    8.269297
794    794    1516749356840243217    6.839039    7.429118    5.818621
795    795    1516749356997588203    6.838385    7.226048    6.355461
796    796    1516749357157372860    6.837590    7.228389    6.258423
797    797    1516749357333864431    6.835819    6.882078    5.665993
798    798    1516749357454469684    6.837321    6.893364    8.291513
799    799    1516749357563003839    6.839526    6.981244    9.213689
800    800    1516749357683912970    6.841004    6.970046    8.270674
801    801    1516749357809212659    6.842222    7.176410    7.980866
802    802    1516749357986111122    6.840430    6.950916    5.652960
803    803    1516749358095480945    6.842574    7.007219    9.143290
804    804    1516749358266954124    6.841101    7.009129    5.831816
805    805    1516749358445610104    6.839215    6.905973    5.597350
806    806    1516749358609234861    6.838207    6.887707    6.111545
807    807    1516749358782954624    6.836616    6.900881    5.756397
808    808    1516749358903959111    6.838077    6.898981    8.264156
809    809    1516749359025158967    6.839522    6.839219    8.250835
810    810    1516749359195887066    6.838108    6.613870    5.857267
811    811    1516749359365589891    6.836757    6.425177    5.892654
812    812    1516749359481812472    6.838485    6.685827    8.604180
813    813    1516749359657577901    6.836789    6.401651    5.689401
814    814    1516749359833921805    6.835064    6.381752    5.670738
815    815    1516749359963805377    6.836005    6.586768    7.699203
816    816    1516749360098932274    6.836643    6.712772    7.400451
817    817    1516749360280871351    6.834605    6.675938    5.496345
818    818    1516749360416872134    6.835194    6.609766    7.352899
819    819    1516749360581115492    6.834172    6.426915    6.088526
820    820    1516749360753538263    6.832687    6.419922    5.799698
821    821    1516749360932824131    6.830817    6.380667    5.577684
822    822    1516749361043050977    6.832869    6.405171    9.072200
823    823    1516749361168107143    6.834075    6.620196    7.996407
824    824    1516749361346980351    6.832233    6.609129    5.590552
825    825    1516749361482856617    6.832826    6.583056    7.359637
826    826    1516749361609256929    6.833953    6.621093    7.911373
827    827    1516749361725896700    6.835628    6.920294    8.573405
828    828    1516749361904013766    6.833834    6.724309    5.614285
829    829    1516749362027723963    6.835107    6.912720    8.083408
830    830    1516749362152963768    6.836292    7.145790    7.984682
831    831    1516749362335363604    6.834263    7.129924    5.482461
832    832    1516749362516466726    6.832314    6.786951    5.521716
833    833    1516749362683161531    6.831176    6.600423    5.998987
834    834    1516749362861630125    6.829384    6.602186    5.603227
835    835    1516749362980080691    6.830945    6.679028    8.442340
836    836    1516749363155861263    6.829307    6.465778    5.688911
837    837    1516749363288933588    6.830050    6.397801    7.514711
838    838    1516749363464975885    6.828403    6.406305    5.680453
839    839    1516749363579244487    6.830190    6.445291    8.751310
840    840    1516749363707008921    6.831224    6.434820    7.826904
841    841    1516749363902522884    6.828502    6.380972    5.114724
842    842    1516749364074711012    6.827079    6.417479    5.807601
843    843    1516749364186020378    6.829021    6.653985    8.983970
844    844    1516749364483075519    6.820719    6.167337    3.366378
845    845    1516749364613374840    6.821616    6.122596    7.674637
846    846    1516749364736712792    6.822894    6.325705    8.107804
847    847    1516749364864753049    6.823911    6.345904    7.810044
848    848    1516749365035971948    6.822558    6.365388    5.840477
849    849    1516749365211980072    6.820946    6.124691    5.681556
850    850    1516749365402306674    6.818557    5.898669    5.254126
851    851    1516749365528091358    6.819696    6.151694    7.950094
852    852    1516749365714187715    6.817545    6.099507    5.373560
853    853    1516749365833054113    6.819059    6.071521    8.412806
854    854    1516749366002581025    6.817815    6.581089    5.898768
855    855    1516749366172885242    6.816532    6.412269    5.871845
856    856    1516749366299630829    6.817614    6.398288    7.889821
857    857    1516749366472996687    6.816169    6.217963    5.768148
858    858    1516749366599462625    6.817264    6.395945    7.907267
859    859    1516749366885063932    6.809765    5.976987    3.501385
860    860    1516749367006878097    6.811114    6.232194    8.209226
861    861    1516749367142531874    6.811715    6.194097    7.371708
862    862    1516749367272257029    6.812633    6.418200    7.708605
863    863    1516749367433621714    6.811850    6.247783    6.197143
864    864    1516749367562374457    6.812819    6.411105    7.766825
865    865    1516749367686211398    6.814049    6.607961    8.075135
866    866    1516749367801353796    6.815742    6.659018    8.684898
867    867    1516749367980672968    6.813998    6.632723    5.576649
868    868    1516749368110356124    6.814910    6.618600    7.711102
869    869    1516749368238134737    6.815922    7.390596    7.826036
870    870    1516749368373701321    6.816517    7.316235    7.376449
871    871    1516749368494715897    6.817886    7.395443    8.263467
872    872    1516749368674601092    6.816118    7.130918    5.559101
873    873    1516749368793175121    6.817614    7.355356    8.433550
874    874    1516749368916428379    6.818859    7.385230    8.113376
875    875    1516749369087691341    6.817553    7.135314    5.838974
876    876    1516749369214768586    6.818592    7.075064    7.869229
877    877    1516749369342281081    6.819606    7.344257    7.842369
878    878    1516749369466166095    6.820810    7.375665    8.072001
879    879    1516749369598818110    6.821548    7.349248    7.538521
880    880    1516749369724203408    6.822668    7.404654    7.975417
881    881    1516749369844292153    6.824066    7.409733    8.327175
882    882    1516749369958890200    6.825751    7.786409    8.726152
883    883    1516749370087622950    6.826688    7.725302    7.768031
884    884    1516749370227566359    6.827032    7.626962    7.145746
885    885    1516749370351644661    6.828211    7.911685    8.059427
886    886    1516749370473186700    6.829520    7.946485    8.227606
887    887    1516749370643618212    6.828259    7.684404    5.867460
888    888    1516749370817607298    6.826815    7.399508    5.747487
889    889    1516749370961064670    6.826974    7.340815    6.970712
890    890    1516749371077994478    6.828520    7.386664    8.552139
891    891    1516749371195922529    6.830011    7.398472    8.479747
892    892    1516749371317679390    6.831299    7.359494    8.213090
893    893    1516749371439562408    6.832578    7.396780    8.204588
894    894    1516749371617681720    6.830922    7.193647    5.614214
895    895    1516749371801013066    6.828999    6.899557    5.454605
896    896    1516749371930888403    6.829860    6.860114    7.699691
897    897    1516749372060872297    6.830714    7.055898    7.693261
898    898    1516749372187748103    6.831727    7.298520    7.881723
899    899    1516749372354849066    6.830652    7.174711    5.984406
900    900    1516749372469190577    6.832313    7.188059    8.745730
901    901    1516749372642356278    6.830926    6.913556    5.774816
902    902    1516749372766809573    6.832060    6.900691    8.035143
903    903    1516749372893606558    6.833071    6.877370    7.886623
904    904    1516749373051924068    6.832453    6.972322    6.316421
905    905    1516749373227546902    6.830946    7.009999    5.694020
906    906    1516749373349370914    6.832210    7.049787    8.208562
907    907    1516749373527604127    6.830572    6.817879    5.610627
908    908    1516749373642310208    6.832199    6.874921    8.717934
909    909    1516749373761603147    6.833588    7.108563    8.382726
910    910    1516749373936611780    6.832119    6.814676    5.714004
911    911    1516749374063858810    6.833097    7.034810    7.858730
912    912    1516749374171862497    6.835059    7.117169    9.258943
913    913    1516749374357394169    6.833054    6.831592    5.389915
914    914    1516749374512855566    6.832589    6.844948    6.432465
915    915    1516749374643979105    6.833366    7.059992    7.626396
916    916    1516749374770105533    6.834395    7.038612    7.928552
917    917    1516749374893453665    6.835564    7.321450    8.107135
918    918    1516749375072619152    6.833893    6.991497    5.581432
919    919    1516749375254231076    6.832103    6.699593    5.506246
920    920    1516749375378756583    6.833210    6.934116    8.030483
921    921    1516749375511475836    6.833900    6.907905    7.534702
922    922    1516749375705227776    6.831501    6.521603    5.161239
923    923    1516749375833705253    6.832406    6.773640    7.783465
924    924    1516749375990992133    6.831854    6.765275    6.357809
925    925    1516749376112764143    6.833095    6.808349    8.212068
926    926    1516749376288640384    6.831608    6.585295    5.685816
927    927    1516749376470418003    6.829828    6.341298    5.501227
928    928    1516749376606095434    6.830367    6.521131    7.370423
929    929    1516749376738509812    6.831069    6.737279    7.552050
930    930    1516749376853347959    6.832651    6.781540    8.707908
931    931    1516749376975606336    6.833858    6.829992    8.179399
932    932    1516749377138329928    6.833038    6.977870    6.145390
933    933    1516749377266704079    6.833936    6.978373    7.789730
934    934    1516749377388058383    6.835184    7.157857    8.240334
935    935    1516749377512683824    6.836266    7.143267    8.024044
936    936    1516749377690067806    6.834715    7.135582    5.637488
937    937    1516749377810370178    6.836011    7.462953    8.312388
938    938    1516749377939471561    6.836866    7.499759    7.745850
939    939    1516749378077315816    6.837285    7.469342    7.254564
940    940    1516749378187370067    6.839084    7.496128    9.086428
941    941    1516749378310788552    6.840216    7.489614    8.102514
942    942    1516749378619715468    6.832151    6.750437    3.237012
943    943    1516749378765086348    6.832200    6.673864    6.878957
944    944    1516749378943315078    6.830627    6.429807    5.610768
945    945    1516749379079243867    6.831143    6.383413    7.356793
946    946    1516749379253052761    6.829792    6.398014    5.753446
947    947    1516749379414230391    6.829066    6.234958    6.204335
948    948    1516749379540716446    6.830047    6.245141    7.906010
949    949    1516749379658296381    6.831463    6.325188    8.504852
950    950    1516749379774662140    6.832936    6.300038    8.593593
951    951    1516749379898359035    6.834047    6.298933    8.084277
952    952    1516749380027590699    6.834885    7.102902    7.738042
953    953    1516749380156865240    6.835719    7.185050    7.735475
954    954    1516749380277818182    6.836959    7.493426    8.267678
955    955    1516749380409065932    6.837693    7.519803    7.619178
956    956    1516749380581388885    6.836420    7.528215    5.803057
957    957    1516749380764575875    6.834619    7.405512    5.458903
958    958    1516749380882039771    6.836025    7.455324    8.513254
959    959    1516749381049227649    6.835008    7.189428    5.981295
960    960    1516749381168243493    6.836334    7.175756    8.402243
961    961    1516749381311706355    6.836471    7.075401    6.970445
962    962    1516749381481108193    6.835349    6.879862    5.903124
963    963    1516749381613035267    6.836046    6.867330    7.579945
964    964    1516749381732517660    6.837344    6.874272    8.369434
965    965    1516749381860970391    6.838205    6.887506    7.784965
966    966    1516749381987893223    6.839139    7.109825    7.878803
967    967    1516749382122603314    6.839696    7.363622    7.423349
968    968    1516749382247024789    6.840747    7.326088    8.037198
969    969    1516749382387383389    6.841028    7.472971    7.124608
970    970    1516749382514242149    6.841960    7.429428    7.882782
971    971    1516749382686577570    6.840699    7.273408    5.802638
972    972    1516749382805858319    6.841993    7.548593    8.383583
973    973    1516749382950743537    6.842054    7.475471    6.902015
974    974    1516749383077983848    6.842963    7.432368    7.859145
975    975    1516749383204066011    6.843925    7.445486    7.931336
976    976    1516749383384100487    6.842299    7.162261    5.554492
977    977    1516749383556895795    6.841024    6.972079    5.787194
978    978    1516749383728836486    6.839792    6.748496    5.815959
979    979    1516749383901071938    6.838550    6.606379    5.806006
980    980    1516749384026025891    6.839564    6.614703    8.002948
981    981    1516749384131937462    6.841484    6.918692    9.441839
982    982    1516749384252911349    6.842684    6.910597    8.266247
983    983    1516749384371119368    6.844014    7.040390    8.459663
984    984    1516749384510198674    6.844348    6.982193    7.190142
985    985    1516749384629936071    6.845601    7.013262    8.351610
986    986    1516749384757012179    6.846504    7.283790    7.869300
987    987    1516749384934885014    6.844995    7.256950    5.621994
988    988    1516749385054806358    6.846235    7.541650    8.338799
989    989    1516749385184662964    6.847002    7.790643    7.700802
990    990    1516749385306422004    6.848151    7.810083    8.212943
991    991    1516749385439327032    6.848772    7.648829    7.524170
992    992    1516749385590187404    6.848543    7.477888    6.628646
993    993    1516749385752895115    6.847755    7.237065    6.145990
994    994    1516749385880356987    6.848630    7.298427    7.845483
995    995    1516749386056271784    6.847223    7.010972    5.684570
996    996    1516749386185622793    6.848008    6.999808    7.730902
997    997    1516749386309752964    6.849037    7.273426    8.056059
998    998    1516749386422274799    6.850610    7.312783    8.887164
999    999    1516749386548683640    6.851528    7.331267    7.910839
