Beat    Tag    Timestamp    Global Rate    Window Rate    Instant Rate
0    0    1516749002484392837    0.000000    0.000000    0.000000
1    1    1516749002519805127    56.477568    28.238785    28.238784
2    2    1516749002544614318    49.816111    33.210743    40.307642
3    3    1516749002571300097    46.026074    34.519558    37.473143
4    4    1516749002607206306    40.712147    32.569717    27.850336
5    5    1516749002632849899    40.415726    33.679771    38.996095
6    6    1516749002657656709    40.400806    34.629261    40.311511
7    7    1516749002682529094    40.376255    35.329224    40.205232
8    8    1516749002707226102    40.388943    35.901283    40.490735
9    9    1516749002732004530    40.385815    36.347233    40.357685
10    10    1516749002756852516    40.372946    36.702679    40.244710
11    11    1516749002781728967    40.358365    38.179035    40.198660
12    12    1516749002806315741    40.382339    38.211487    40.672274
13    13    1516749002833863378    40.060601    38.086056    36.300754
14    14    1516749002861870885    39.737410    39.267338    35.704713
15    15    1516749002889607333    39.485261    38.947266    36.053643
16    16    1516749002917043169    39.292701    38.552513    36.448680
17    17    1516749002941921273    39.341817    38.551662    40.195989
18    18    1516749002966539163    39.407124    38.563427    40.620866
19    19    1516749002993505524    39.284034    38.240772    37.083239
20    20    1516749003018260386    39.335599    38.254398    40.396105
21    21    1516749003042855403    39.393867    38.295624    40.658642
22    22    1516749003067363450    39.453104    38.307175    40.802925
23    23    1516749003091967951    39.501289    38.743984    40.642970
24    24    1516749003118770616    39.408694    38.925690    37.309723
25    25    1516749003143818056    39.428277    39.337444    39.924240
26    26    1516749003170667669    39.342839    39.428368    37.244485
27    27    1516749003195482905    39.376165    39.438141    40.297823
28    28    1516749003220029920    39.421612    39.449169    40.738151
29    29    1516749003245261588    39.428614    39.720989    39.632735
30    30    1516749003271733329    39.373054    39.451942    37.776133
31    31    1516749003301578459    39.158790    38.651367    33.506304
32    32    1516749003326458146    39.189359    38.595928    40.193432
33    33    1516749003351302307    39.219782    38.560257    40.250906
34    34    1516749003375860573    39.261096    38.896889    40.719487
35    35    1516749003400592985    39.292724    38.944614    40.432773
36    36    1516749003425267664    39.325104    39.277298    40.527376
37    37    1516749003450081606    39.350152    39.277500    40.299925
38    38    1516749003474929919    39.372579    39.231071    40.244181
39    39    1516749003499874889    39.390160    39.275246    40.088242
40    40    1516749003529798038    39.219242    38.749973    33.418943
41    41    1516749003560680015    39.023042    38.594906    32.381347
42    42    1516749003594078643    38.749707    37.366344    29.941350
43    43    1516749003618751537    38.788436    37.390274    40.530308
44    44    1516749003643416971    38.825766    37.375298    40.542567
45    45    1516749003668067945    38.862015    37.386677    40.566348
46    46    1516749003693095790    38.884657    37.337379    39.955498
47    47    1516749003717952796    38.911769    37.331375    40.230107
48    48    1516749003742567494    38.945308    37.363960    40.626133
49    49    1516749003769408861    38.910021    37.101074    37.255927
50    50    1516749003794139785    38.938820    37.829819    40.435206
51    51    1516749003822228979    38.868736    38.233761    35.600879
52    52    1516749003846882240    38.899385    39.556400    40.562585
53    53    1516749003871770357    38.922355    39.522751    40.179818
54    54    1516749003898949192    38.881448    39.134007    36.793336
55    55    1516749003923531894    38.912154    39.144466    40.679011
56    56    1516749003948345408    38.935688    39.177334    40.300620
57    57    1516749003972869768    38.966005    39.228458    40.775784
58    58    1516749003997633896    38.989161    39.205479    40.380990
59    59    1516749004022235570    39.015693    39.552784    40.647640
60    60    1516749004046742023    39.043769    39.587933    40.805579
61    61    1516749004071274558    39.070335    40.153294    40.762196
62    62    1516749004095747487    39.097538    40.182388    40.861476
63    63    1516749004120400298    39.119626    40.220417    40.563326
64    64    1516749004145242787    39.136588    40.601948    40.253615
65    65    1516749004169841164    39.158721    40.599365    40.653089
66    66    1516749004194781634    39.172380    40.578449    40.095475
67    67    1516749004219283384    39.195556    40.582172    40.813411
68    68    1516749004244542443    39.201213    40.500828    39.589757
69    69    1516749004269107496    39.221956    40.506836    40.708237
70    70    1516749004293593443    39.243852    40.510197    40.839752
71    71    1516749004318360316    39.259148    40.471779    40.376514
72    72    1516749004347129847    39.189644    39.780037    34.758996
73    73    1516749004372640935    39.189765    39.644684    39.198642
74    74    1516749004401882254    39.113645    38.965168    34.198184
75    75    1516749004429726569    39.067847    38.478500    35.913974
76    76    1516749004454319977    39.087740    38.529953    40.661302
77    77    1516749004478956377    39.106300    38.509972    40.590346
78    78    1516749004503770634    39.120961    38.576050    40.299413
79    79    1516749004528437497    39.138088    38.560905    40.540218
80    80    1516749004553007062    39.156648    38.548477    40.700761
81    81    1516749004577621580    39.173932    38.571133    40.626430
82    82    1516749004602339393    39.188902    39.183487    40.456654
83    83    1516749004627153110    39.201772    39.290852    40.300290
84    84    1516749004651816474    39.217068    40.010529    40.545969
85    85    1516749004676501627    39.231630    40.522732    40.510180
86    86    1516749004700967859    39.249743    40.543629    40.872661
87    87    1516749004725488348    39.266510    40.562691    40.782221
88    88    1516749004750303896    39.277799    40.562477    40.297317
89    89    1516749004779089106    39.220877    39.896015    34.740063
90    90    1516749004803818204    39.233856    39.870636    40.438191
91    91    1516749004828534303    39.246778    39.854496    40.459459
92    92    1516749004856021861    39.213553    39.419357    36.380096
93    93    1516749004881027787    39.221660    39.389511    39.990521
94    94    1516749004905599583    39.236633    39.403728    40.697066
95    95    1516749004932141939    39.219706    39.117458    37.675631
96    96    1516749004956873463    39.231854    39.076908    40.434225
97    97    1516749004981664904    39.242821    39.035576    40.336502
98    98    1516749005006481190    39.253185    39.035465    40.296118
99    99    1516749005031256741    39.263975    39.656158    40.362372
100    100    1516749005056018874    39.274762    39.650963    40.384243
101    101    1516749005083636721    39.242181    39.199944    36.208471
102    102    1516749005108271486    39.254864    39.643272    40.593040
103    103    1516749005134997107    39.236336    39.374836    37.417278
104    104    1516749005159505416    39.250685    39.384678    40.802489
105    105    1516749005184175703    39.262417    39.677223    40.534591
106    106    1516749005208967544    39.272184    39.667732    40.335851
107    107    1516749005233691291    39.282749    39.678387    40.446944
108    108    1516749005258283788    39.294984    39.713650    40.662809
109    109    1516749005282833708    39.307602    39.749268    40.733330
110    110    1516749005307624009    39.316653    39.744816    40.338357
111    111    1516749005332191754    39.328619    40.232536    40.703776
112    112    1516749005356801431    39.339807    40.236599    40.634422
113    113    1516749005381492730    39.349696    40.568672    40.500097
114    114    1516749005406288386    39.358012    40.521435    40.329645
115    115    1516749005433318548    39.336359    40.137619    36.995709
116    116    1516749005457810191    39.348664    40.186039    40.830254
117    117    1516749005485737677    39.315709    39.675236    35.807018
118    118    1516749005510483493    39.324665    39.651119    40.410872
119    119    1516749005535098577    39.335161    39.640877    40.625496
120    120    1516749005559729217    39.345289    39.665981    40.599838
121    121    1516749005584414583    39.354563    39.647484    40.509831
122    122    1516749005612268348    39.323816    39.144012    35.901789
123    123    1516749005637087120    39.331438    39.124489    40.292082
124    124    1516749005661700663    39.341482    39.152386    40.628040
125    125    1516749005688196498    39.328253    39.234463    37.741781
126    126    1516749005712885468    39.337243    39.204113    40.503917
127    127    1516749005737853780    39.342719    39.664265    40.050765
128    128    1516749005762782800    39.348583    39.635464    40.113891
129    129    1516749005787614592    39.355517    39.601448    40.270956
130    130    1516749005814385440    39.339427    39.268627    37.354065
131    131    1516749005849021984    39.231664    37.791840    28.871241
132    132    1516749005877312120    39.199282    37.729614    35.348010
133    133    1516749005912022527    39.094071    36.372181    28.809803
134    134    1516749005941822558    39.046347    35.698746    33.557012
135    135    1516749005966668366    39.054922    35.910271    40.248238
136    136    1516749005994555132    39.029534    35.502583    35.859303
137    137    1516749006019194273    39.040382    35.544117    40.585830
138    138    1516749006043875507    39.050619    35.575451    40.516613
139    139    1516749006068463639    39.061728    35.606316    40.670027
140    140    1516749006095302924    39.048328    35.597641    37.258817
141    141    1516749006120119828    39.056838    36.887051    40.295115
142    142    1516749006149851748    39.012850    36.691914    33.633886
143    143    1516749006178146838    38.984729    37.576424    35.341821
144    144    1516749006206172901    38.959852    37.828587    35.681073
145    145    1516749006231073847    38.967822    37.820698    40.159117
146    146    1516749006255692573    38.978604    38.294010    40.619486
147    147    1516749006283702450    38.954446    37.806015    35.701692
148    148    1516749006311427263    38.933541    37.375946    36.068773
149    149    1516749006336073445    38.944039    37.367840    40.574236
150    150    1516749006360791175    38.953685    37.666451    40.456790
151    151    1516749006387439418    38.943937    37.408405    37.525926
152    152    1516749006412297331    38.952067    38.103138    40.228639
153    153    1516749006437118461    38.960458    38.614269    40.288254
154    154    1516749006463606822    38.952416    38.844921    37.752430
155    155    1516749006488311423    38.961831    38.874569    40.478290
156    156    1516749006512870135    38.972542    38.883640    40.718748
157    157    1516749006537426161    38.983149    39.412949    40.723202
158    158    1516749006564018769    38.974162    39.589615    37.604435
159    159    1516749006588835606    38.982149    39.562885    40.295224
160    160    1516749006613604838    38.990490    39.554825    40.372669
161    161    1516749006640143823    38.982124    39.571926    37.680416
162    162    1516749006672428142    38.920398    38.442196    30.974790
163    163    1516749006702135974    38.883354    37.733353    33.661157
164    164    1516749006731125532    38.853399    37.380566    34.495179
165    165    1516749006755867076    38.862461    37.375401    40.417849
166    166    1516749006780500113    38.872400    37.365021    40.595888
167    167    1516749006807650078    38.859589    37.006348    36.832460
168    168    1516749006832544443    38.867090    37.240387    40.169733
169    169    1516749006857396202    38.874884    37.235542    40.238600
170    170    1516749006885123592    38.857183    36.829868    36.065421
171    171    1516749006909850525    38.866036    37.077312    40.441732
172    172    1516749006934637166    38.874270    38.137512    40.344313
173    173    1516749006962562525    38.855160    38.398540    35.809746
174    174    1516749006987341444    38.863424    39.029579    40.356886
175    175    1516749007012172014    38.871154    39.016026    40.272938
176    176    1516749007043299165    38.825101    38.051888    32.126294
177    177    1516749007068478117    38.829993    38.339436    39.715712
178    178    1516749007092996709    38.840396    38.394753    40.785376
179    179    1516749007117639417    38.849648    38.425594    40.579956
180    180    1516749007142197764    38.859506    38.899277    40.719353
181    181    1516749007166873118    38.868290    38.907085    40.526268
182    182    1516749007194165646    38.855377    38.531418    36.640065
183    183    1516749007218923654    38.863407    39.007477    40.390972
184    184    1516749007243643920    38.871662    39.016399    40.452639
185    185    1516749007272280934    38.848026    38.445435    34.919842
186    186    1516749007296942370    38.856743    39.425461    40.549139
187    187    1516749007321568063    38.865658    39.511646    40.607994
188    188    1516749007346202322    38.874415    39.493595    40.593874
189    189    1516749007370982643    38.881921    39.472145    40.354602
190    190    1516749007399003493    38.863709    38.939941    35.687711
191    191    1516749007423714909    38.871731    38.934471    40.467127
192    192    1516749007448741632    38.877204    39.281002    39.957289
193    193    1516749007473420023    38.885336    39.293293    40.521280
194    194    1516749007498196287    38.892630    39.284649    40.361210
195    195    1516749007523128873    38.898644    39.864788    40.108154
196    196    1516749007547784575    38.906727    39.865700    40.558569
197    197    1516749007572446578    38.914683    39.859928    40.548207
198    198    1516749007597184567    38.921984    39.843456    40.423658
199    199    1516749007621849270    38.929771    39.861820    40.543768
200    200    1516749007646691799    38.936141    40.373325    40.253551
201    201    1516749007674679644    38.918851    39.846233    35.729796
202    202    1516749007699794655    38.923175    39.832222    39.816825
203    203    1516749007727026532    38.911740    39.431168    36.721670
204    204    1516749007751802518    38.918560    39.431206    40.361663
205    205    1516749007776603282    38.925134    39.451717    40.321338
206    206    1516749007804194735    38.911223    39.000015    36.243108
207    207    1516749007833600886    38.884261    38.291538    34.006491
208    208    1516749007858362768    38.891174    38.288036    40.384653
209    209    1516749007882974991    38.899102    38.295731    40.630219
210    210    1516749007910843324    38.883613    37.857059    35.883022
211    211    1516749007947350583    38.806817    36.674240    27.391813
212    212    1516749007972130945    38.813806    36.719311    40.354536
213    213    1516749007996835779    38.821264    37.063225    40.477908
214    214    1516749008023758626    38.813108    36.770641    37.143174
215    215    1516749008049399214    38.813972    36.657436    39.000666
216    216    1516749008074020613    38.821905    37.060936    40.615076
217    217    1516749008098711534    38.829288    37.720100    40.500717
218    218    1516749008127320638    38.809641    37.180546    34.953908
219    219    1516749008151924836    38.817602    37.181656    40.643471
220    220    1516749008176582739    38.825128    37.630848    40.554949
221    221    1516749008204381780    38.811264    38.905781    35.972464
222    222    1516749008229109801    38.818274    38.913708    40.439953
223    223    1516749008253678972    38.826294    38.934261    40.701414
224    224    1516749008280225843    38.820994    38.991337    37.669223
225    225    1516749008310290149    38.792308    38.330193    33.262035
226    226    1516749008344988578    38.733264    36.904732    28.819749
227    227    1516749008372448688    38.722459    36.531395    36.416460
228    228    1516749008397227337    38.729310    37.049839    40.357325
229    229    1516749008421896056    38.736821    37.040985    40.537168
230    230    1516749008448851412    38.729416    36.728424    37.098379
231    231    1516749008473635900    38.736114    37.139637    40.347818
232    232    1516749008498182603    38.744288    37.164661    40.738669
233    233    1516749008522914667    38.751205    37.142178    40.433342
234    234    1516749008548635794    38.751746    37.256443    38.878545
235    235    1516749008577231549    38.733998    37.461407    34.970225
236    236    1516749008603642157    38.730241    38.661751    37.863574
237    237    1516749008628146216    38.738534    39.108711    40.809565
238    238    1516749008652845612    38.745535    39.120834    40.486820
239    239    1516749008677586897    38.752217    39.109730    40.418273
240    240    1516749008702279955    38.759147    39.458855    40.497212
241    241    1516749008731094619    38.740444    38.841179    34.704552
242    242    1516749008759187439    38.726367    38.313465    35.596284
243    243    1516749008783853211    38.733476    38.323200    40.542011
244    244    1516749008809428479    38.734960    38.344635    39.100275
245    245    1516749008836950890    38.724558    38.503101    36.334026
246    246    1516749008861782784    38.730578    38.738575    40.270790
247    247    1516749008886503233    38.737226    38.706127    40.452340
248    248    1516749008915406578    38.718624    38.086391    34.598072
249    249    1516749008940180483    38.724942    38.081661    40.365053
250    250    1516749008965023931    38.730796    38.059864    40.252062
251    251    1516749008989914466    38.736325    38.636913    40.175914
252    252    1516749009017084447    38.728294    38.775169    36.805326
253    253    1516749009041656745    38.735668    38.789227    40.696234
254    254    1516749009066206512    38.743120    38.944141    40.733584
255    255    1516749009093350394    38.735307    39.001637    36.840714
256    256    1516749009118237667    38.740731    38.993214    40.181180
257    257    1516749009142835432    38.747800    39.011875    40.654100
258    258    1516749009170654180    38.736147    39.177647    35.946981
259    259    1516749009203793669    38.693926    37.934372    30.175480
260    260    1516749009228905886    38.698124    37.895733    39.821255
261    261    1516749009253648919    38.704401    37.916927    40.415417
262    262    1516749009280160820    38.700556    38.011776    37.718910
263    263    1516749009305266436    38.704720    37.934872    39.831725
264    264    1516749009329990733    38.711009    37.909775    40.446044
265    265    1516749009354623019    38.717771    38.274197    40.597125
266    266    1516749009379340832    38.724005    38.299038    40.456654
267    267    1516749009407292044    38.712105    37.813385    35.776624
268    268    1516749009432141260    38.717579    38.242805    40.242718
269    269    1516749009456964738    38.723158    39.498985    40.284444
270    270    1516749009483593337    38.718708    39.263809    37.553609
271    271    1516749009508292897    38.724925    39.270515    40.486551
272    272    1516749009543928281    38.671100    37.912182    28.061996
273    273    1516749009568732353    38.676859    37.955574    40.315961
274    274    1516749009595912147    38.669655    37.605095    36.792037
275    275    1516749009623411357    38.660777    37.203995    36.364681
276    276    1516749009657550609    38.616187    35.944099    29.291796
277    277    1516749009684354874    38.611315    36.092899    37.307496
278    278    1516749009716334163    38.578853    35.187366    31.270239
279    279    1516749009741362668    38.583597    35.162003    39.954444
280    280    1516749009768344468    38.577961    35.118385    37.062020
281    281    1516749009797864235    38.558980    34.533806    33.875606
282    282    1516749009822800557    38.564224    35.858707    40.102145
283    283    1516749009847714943    38.569547    35.844532    40.137453
284    284    1516749009875585579    38.559406    35.755989    35.880057
285    285    1516749009900251857    38.565997    36.121883    40.541179
286    286    1516749009933537498    38.527913    36.233608    30.042985
287    287    1516749009958113475    38.535023    36.528534    40.690142
288    288    1516749009982700286    38.542031    37.542313    40.672212
289    289    1516749010007343065    38.548706    37.596756    40.579839
290    290    1516749010032135237    38.554575    37.908833    40.335312
291    291    1516749010057046935    38.559796    38.582821    40.141784
292    292    1516749010083577350    38.556769    38.346970    37.692588
293    293    1516749010113903640    38.534581    37.567333    32.974690
294    294    1516749010138639394    38.540697    38.015034    40.427310
295    295    1516749010163334758    38.546977    38.010834    40.493430
296    296    1516749010187874268    38.553997    39.317951    40.750610
297    297    1516749010212666942    38.559709    39.284477    40.334496
298    298    1516749010237752536    38.563927    39.207653    39.863517
299    299    1516749010262274259    38.570915    39.226269    40.780169
300    300    1516749010286787562    38.577900    39.269226    40.794176
301    301    1516749010311516899    38.583776    39.297371    40.437801
302    302    1516749010342065588    38.561036    38.686478    32.734629
303    303    1516749010366839844    38.566704    39.535660    40.364482
304    304    1516749010391651378    38.572155    39.523819    40.303836
305    305    1516749010416274776    38.578486    39.535065    40.611779
306    306    1516749010441013669    38.584219    39.503925    40.422181
307    307    1516749010465812951    38.589624    39.502895    40.323748
308    308    1516749010490615608    38.594979    39.547092    40.318261
309    309    1516749010515302541    38.600857    39.521275    40.507259
310    310    1516749010539864984    38.607296    39.513599    40.712563
311    311    1516749010564553023    38.613096    39.520050    40.505445
312    312    1516749010589071438    38.619668    40.484871    40.785671
313    313    1516749010613711168    38.625625    40.506931    40.584860
314    314    1516749010638359865    38.631503    40.533669    40.570096
315    315    1516749010663079017    38.637012    40.517944    40.454462
316    316    1516749010687873525    38.642134    40.508812    40.331512
317    317    1516749010712958260    38.645862    40.462029    39.864882
318    318    1516749010737887553    38.650294    40.441307    40.113452
319    319    1516749010765694001    38.641271    39.937466    35.962882
320    320    1516749010794175115    38.629171    39.322067    35.110986
321    321    1516749010822913163    38.615964    38.705662    34.797075
322    322    1516749010857479547    38.575977    37.256699    28.929841
323    323    1516749010885429803    38.566668    36.802776    35.777848
324    324    1516749010910347970    38.571295    36.766315    40.131363
325    325    1516749010934983477    38.577185    36.777622    40.591817
326    326    1516749010959647861    38.582910    36.795231    40.544293
327    327    1516749010986443831    38.578926    36.564999    37.319045
328    328    1516749011015057503    38.566749    36.078949    34.948328
329    329    1516749011042990369    38.557719    36.062500    35.800122
330    330    1516749011067480253    38.564212    36.589138    40.833186
331    331    1516749011091948962    38.570762    37.169773    40.868523
332    332    1516749011116711635    38.575962    38.575474    40.383362
333    333    1516749011141459693    38.581197    39.057941    40.407211
334    334    1516749011165910545    38.587723    39.129360    40.898370
335    335    1516749011190580853    38.593240    39.124031    40.534557
336    336    1516749011215035155    38.599680    39.156216    40.892600
337    337    1516749011240041958    38.603648    39.432468    39.989118
338    338    1516749011264484735    38.610074    40.091850    40.911882
339    339    1516749011289143204    38.615518    40.625168    40.554018
340    340    1516749011313947598    38.620294    40.573326    40.315438
341    341    1516749011338408091    38.626543    40.574680    40.882250
342    342    1516749011376494240    38.573559    38.493725    26.256264
343    343    1516749011401210567    38.578786    38.498425    40.459086
344    344    1516749011428390485    38.573355    38.098148    36.791870
345    345    1516749011457826027    38.558263    37.418823    33.972536
346    346    1516749011482731626    38.562673    37.355740    40.151614
347    347    1516749011507439992    38.567902    37.397430    40.472122
348    348    1516749011534286728    38.563988    37.064217    37.248476
349    349    1516749011558906537    38.569560    37.069530    40.617699
350    350    1516749011583411691    38.575588    37.110695    40.807742
351    351    1516749011607902993    38.581642    37.106453    40.830822
352    352    1516749011632788375    38.586001    39.017670    40.184233
353    353    1516749011657665856    38.590370    38.993153    40.196996
354    354    1516749011682164972    38.596303    39.405064    40.817799
355    355    1516749011706708472    38.602019    40.179611    40.743985
356    356    1516749011731869411    38.605126    40.138432    39.744145
357    357    1516749011761816358    38.588300    39.311829    33.392386
358    358    1516749011786301341    38.594230    39.680237    40.841360
359    359    1516749011810841567    38.599901    39.692776    40.749421
360    360    1516749011835279184    38.605966    39.703415    40.920520
361    361    1516749011860123445    38.610324    39.647854    40.250744
362    362    1516749011884586470    38.616226    39.714359    40.878019
363    363    1516749011909343367    38.620892    39.733387    40.392784
364    364    1516749011933922607    38.626261    39.720741    40.684740
365    365    1516749011958356563    38.632194    39.738029    40.926651
366    366    1516749011982809181    38.638020    39.850201    40.895417
367    367    1516749012007286573    38.643716    40.738140    40.854026
368    368    1516749012031742644    38.649469    40.742939    40.889642
369    369    1516749012056367609    38.654511    40.728878    40.609195
370    370    1516749012081165830    38.658828    40.669147    40.325473
371    371    1516749012105905893    38.663358    40.686390    40.420269
372    372    1516749012130457823    38.668618    40.671677    40.729996
373    373    1516749012159085277    38.657560    40.041336    34.931503
374    374    1516749012183839590    38.661999    40.013287    40.397001
375    375    1516749012208618208    38.666319    39.958179    40.357376
376    376    1516749012236550639    38.658111    39.410194    35.800679
377    377    1516749012261304379    38.662516    39.367321    40.397936
378    378    1516749012286113535    38.666680    39.312672    40.307699
379    379    1516749012310892955    38.670940    39.288818    40.356070
380    380    1516749012335411850    38.676202    39.331982    40.784872
381    381    1516749012370210000    38.641216    37.835205    28.737160
382    382    1516749012399696660    38.627157    37.141743    33.913641
383    383    1516749012424710862    38.630555    37.646976    39.977290
384    384    1516749012457248951    38.604788    36.575191    30.733212
385    385    1516749012482305856    38.608057    36.538002    39.909159
386    386    1516749012509472588    38.603184    36.640514    36.809727
387    387    1516749012533951592    38.608660    36.677433    40.851335
388    388    1516749012558794331    38.612716    36.672916    40.253210
389    389    1516749012583257337    38.618203    36.715519    40.878051
390    390    1516749012607773336    38.623462    36.715912    40.789690
391    391    1516749012642716630    38.589044    36.696358    28.617794
392    392    1516749012668401590    38.589912    37.215546    38.933290
393    393    1516749012692916705    38.595198    37.284798    40.791161
394    394    1516749012717530210    38.600088    38.419975    40.628102
395    395    1516749012742384383    38.604048    38.449928    40.234692
396    396    1516749012766915057    38.609204    38.843632    40.765288
397    397    1516749012791823919    38.612919    38.778881    40.146354
398    398    1516749012816314939    38.618177    38.831844    40.831292
399    399    1516749012840940662    38.622909    38.807323    40.607945
400    400    1516749012865546576    38.627691    38.793785    40.640636
401    401    1516749012889983616    38.633078    40.442116    40.921486
402    402    1516749012914722820    38.637320    40.597397    40.421672
403    403    1516749012939432925    38.641650    40.565281    40.469274
404    404    1516749012964179783    38.645824    40.543350    40.409170
405    405    1516749012989120784    38.649264    40.529083    40.094622
406    406    1516749013013684310    38.654073    40.523685    40.710768
407    407    1516749013038467886    38.658054    40.544273    40.349302
408    408    1516749013063088130    38.662613    40.523041    40.616982
409    409    1516749013087566001    38.667670    40.547333    40.853226
410    410    1516749013112087765    38.672544    40.561176    40.780100
411    411    1516749013136749909    38.676886    40.524174    40.547975
412    412    1516749013161236088    38.681845    40.565769    40.839365
413    413    1516749013185855255    38.686301    40.580738    40.618759
414    414    1516749013210361226    38.691145    40.620445    40.806381
415    415    1516749013235000112    38.695488    40.670357    40.586251
416    416    1516749013259610924    38.699913    40.662537    40.632548
417    417    1516749013284109714    38.704718    40.709679    40.818342
418    418    1516749013308561320    38.709671    40.737648    40.897109
419    419    1516749013333337751    38.713442    40.688160    40.360938
420    420    1516749013358092417    38.717273    40.649635    40.396425
421    421    1516749013382781941    38.721319    40.645111    40.503008
422    422    1516749013407280169    38.726024    40.643124    40.819279
423    423    1516749013435773677    38.716579    40.013058    35.095714
424    424    1516749013460404242    38.720805    39.993118    40.599962
425    425    1516749013485026529    38.725042    39.995773    40.613612
426    426    1516749013509653268    38.729244    39.993225    40.606269
427    427    1516749013544393417    38.698009    38.419617    28.785138
428    428    1516749013573898135    38.685224    37.687946    33.892885
429    429    1516749013598700743    38.688869    37.684227    40.318341
430    430    1516749013625595496    38.685231    37.382748    37.181974
431    431    1516749013650123575    38.689810    37.405323    40.769601
432    432    1516749013677404264    38.684853    37.020023    36.655966
433    433    1516749013702170383    38.688590    37.538002    40.377743
434    434    1516749013730719158    38.679297    36.993889    35.027773
435    435    1516749013755589922    38.682670    36.959915    40.207852
436    436    1516749013782822481    38.677941    36.607346    36.720750
437    437    1516749013807616430    38.681564    37.990597    40.332421
438    438    1516749013834636424    38.677584    38.352634    37.009631
439    439    1516749013863666105    38.666793    37.740784    34.447502
440    440    1516749013888268731    38.671063    38.070114    40.646068
441    441    1516749013913035378    38.674759    38.035568    40.376883
442    442    1516749013937966880    38.677883    38.378490    40.109898
443    443    1516749013962661287    38.681793    38.389057    40.495000
444    444    1516749013987419336    38.685471    38.955952    40.390905
445    445    1516749014011865934    38.690179    39.020428    40.905487
446    446    1516749014036540016    38.694105    39.413910    40.528357
447    447    1516749014061098996    38.698400    39.450447    40.718303
448    448    1516749014085567766    38.702976    39.851540    40.868421
449    449    1516749014110306091    38.706637    40.544926    40.423109
450    450    1516749014134932290    38.710654    40.541050    40.607160
451    451    1516749014159718682    38.714123    40.537807    40.344718
452    452    1516749014184321893    38.718183    40.591827    40.645101
453    453    1516749014209027108    38.721890    40.590046    40.477284
454    454    1516749014233746529    38.725534    40.596409    40.454022
455    455    1516749014258422441    38.729306    40.558655    40.525351
456    456    1516749014283101450    38.733052    40.557842    40.520266
457    457    1516749014307704926    38.737030    40.550526    40.644663
458    458    1516749014332403575    38.740681    40.512760    40.488045
459    459    1516749014357368375    38.743447    40.475624    40.056399
460    460    1516749014382174497    38.746719    40.446171    40.312629
461    461    1516749014410772073    38.737658    39.832165    34.967999
462    462    1516749014445804414    38.707806    38.243473    28.545052
463    463    1516749014483614810    38.669174    36.418236    26.447753
464    464    1516749014508527179    38.672223    36.392666    40.140703
465    465    1516749014535248782    38.669452    36.123730    37.422905
466    466    1516749014559948620    38.673168    36.121014    40.486095
467    467    1516749014584644587    38.676881    36.108948    40.492442
468    468    1516749014616954361    38.656305    35.143112    30.950387
469    469    1516749014641627918    38.660106    35.179119    40.529219
470    470    1516749014666148151    38.664379    35.214535    40.782647
471    471    1516749014694851127    38.655388    35.201469    34.839593
472    472    1516749014723085159    38.647920    36.064533    35.418250
473    473    1516749014747605243    38.652189    37.880161    40.782895
474    474    1516749014772315288    38.655843    37.909214    40.469372
475    475    1516749014796894415    38.659894    38.219631    40.684927
476    476    1516749014821693463    38.663239    38.205147    40.324129
477    477    1516749014846369169    38.666956    38.208103    40.525690
478    478    1516749014871110757    38.670454    39.345852    40.417778
479    479    1516749014895680516    38.674472    39.361927    40.700440
480    480    1516749014920344138    38.678183    39.339725    40.545545
481    481    1516749014945241082    38.681155    39.937702    40.165572
482    482    1516749014970047226    38.684396    40.492050    40.312594
483    483    1516749014997901623    38.678200    39.952637    35.900975
484    484    1516749015025062325    38.674171    39.565250    36.817900
485    485    1516749015049648633    38.678082    39.564125    40.673045
486    486    1516749015074242895    38.681954    39.596207    40.659891
487    487    1516749015098772365    38.686009    39.619148    40.767289
488    488    1516749015125644392    38.682879    39.287537    37.213419
489    489    1516749015150453300    38.686062    39.250660    40.308102
490    490    1516749015175106046    38.689709    39.252338    40.563433
491    491    1516749015202366604    38.685408    38.891510    36.683035
492    492    1516749015227286361    38.688230    38.874332    40.128802
493    493    1516749015261537931    38.662784    37.931046    29.195742
494    494    1516749015297219693    38.633161    36.743450    28.025522
495    495    1516749015322336135    38.635472    36.672016    39.814557
496    496    1516749015347208039    38.638509    36.634716    40.206009
497    497    1516749015373772355    38.636460    36.363640    37.644485
498    498    1516749015398319155    38.640456    36.673729    40.738508
499    499    1516749015432929397    38.614402    35.401226    28.893181
500    500    1516749015457733104    38.617657    35.382317    40.316554
501    501    1516749015482231781    38.621805    35.731491    40.818531
502    502    1516749015506855478    38.625567    35.769329    40.611286
503    503    1516749015531511506    38.629219    37.040661    40.558033
504    504    1516749015557778294    38.628097    38.379082    38.070890
505    505    1516749015582305229    38.632111    38.466110    40.771503
506    506    1516749015606904467    38.635896    38.506500    40.651666
507    507    1516749015631693454    38.639110    38.771545    40.340495
508    508    1516749015656243269    38.643014    38.771091    40.733505
509    509    1516749015681128674    38.645920    40.290207    40.184196
510    510    1516749015705800359    38.649440    40.311649    40.532294
511    511    1516749015730435693    38.653053    40.289452    40.592102
512    512    1516749015755413667    38.655655    40.232029    40.035273
513    513    1516749015780176459    38.658872    40.214752    40.383168
514    514    1516749015804770234    38.662568    40.487152    40.660696
515    515    1516749015829279033    38.666497    40.490124    40.801673
516    516    1516749015853984406    38.669842    40.472733    40.477025
517    517    1516749015878562857    38.673542    40.507248    40.686046
518    518    1516749015903482328    38.676246    40.446682    40.129263
519    519    1516749015930228727    38.673683    40.144512    37.388211
520    520    1516749015956447685    38.672645    39.896698    38.140341
521    521    1516749015981011946    38.676353    39.908009    40.709550
522    522    1516749016007649784    38.674115    39.645393    37.540584
523    523    1516749016042296216    38.649044    38.150501    28.863001
524    524    1516749016070474220    38.642489    37.635868    35.488674
525    525    1516749016095341391    38.645359    37.585175    40.213662
526    526    1516749016119935154    38.648994    37.600948    40.660715
527    527    1516749016146956015    38.645750    37.258774    37.008443
528    528    1516749016182016955    38.619836    35.902180    28.521768
529    529    1516749016210523109    38.612485    35.676777    35.080144
530    530    1516749016236800655    38.611420    35.669323    38.055304
531    531    1516749016261498291    38.614788    35.652359    40.489705
532    532    1516749016287874190    38.613447    35.685688    37.913400
533    533    1516749016312694207    38.616457    36.982521    40.290061
534    534    1516749016337464540    38.619594    37.454540    40.370874
535    535    1516749016362389929    38.622288    37.446377    40.119735
536    536    1516749016391073343    38.614535    36.881565    34.863353
537    537    1516749016415715997    38.618012    37.207920    40.580045
538    538    1516749016440437196    38.621259    38.696659    40.451112
539    539    1516749016464947971    38.625076    39.304337    40.798384
540    540    1516749016489692403    38.628235    39.542614    40.413132
541    541    1516749016514440790    38.631372    39.534676    40.406674
542    542    1516749016538918061    38.635243    39.833675    40.854228
543    543    1516749016563332531    38.639273    39.898129    40.959316
544    544    1516749016587764099    38.643243    39.952129    40.930652
545    545    1516749016612511699    38.646334    39.980530    40.407959
546    546    1516749016636996617    38.650132    40.663090    40.841468
547    547    1516749016661862715    38.652877    40.626175    40.215397
548    548    1516749016686664427    38.655788    40.612892    40.319797
549    549    1516749016711668371    38.658139    40.531712    39.993691
550    550    1516749016737036639    38.659494    40.429485    39.419325
551    551    1516749016761952562    38.662069    40.402119    40.134977
552    552    1516749016786432297    38.665814    40.401714    40.850115
553    553    1516749016813359965    38.662940    39.995609    37.136524
554    554    1516749016838063437    38.666068    39.952164    40.480140
555    555    1516749016866618482    38.658829    39.353535    35.020081
556    556    1516749016891353237    38.661868    39.314880    40.428943
557    557    1516749016916039492    38.665026    39.342697    40.508372
558    558    1516749016943062557    38.661925    39.001846    37.005425
559    559    1516749016967637971    38.665368    39.067139    40.691074
560    560    1516749016992249615    38.668703    39.182961    40.631174
561    561    1516749017016888298    38.671954    39.225571    40.586585
562    562    1516749017041506366    38.675250    39.204300    40.620572
563    563    1516749017066176356    38.678396    39.554398    40.535079
564    564    1516749017091056495    38.680976    39.526775    40.192701
565    565    1516749017115849963    38.683775    40.123341    40.333204
566    566    1516749017146100245    38.672167    39.254635    33.057543
567    567    1516749017170607581    38.675725    39.282223    40.804109
568    568    1516749017195154635    38.679166    39.668045    40.738086
569    569    1516749017219727124    38.682529    39.668503    40.695918
570    570    1516749017254195496    38.659961    38.175823    29.012104
571    571    1516749017282077115    38.654697    37.708981    35.865923
572    572    1516749017316634314    38.632057    36.346725    28.937530
573    573    1516749017344159549    38.627793    35.973396    36.330298
574    574    1516749017368926789    38.630702    35.988014    40.375916
575    575    1516749017393609904    38.633819    36.002312    40.513525
576    576    1516749017420463120    38.631313    36.448078    37.239487
577    577    1516749017445239525    38.634177    36.412369    40.360981
578    578    1516749017469820433    38.637536    36.407883    40.681980
579    579    1516749017497026072    38.634128    36.062164    36.757086
580    580    1516749017521666225    38.637324    37.387268    40.584164
581    581    1516749017546211157    38.640753    37.859566    40.741608
582    582    1516749017574948192    38.633436    38.712593    34.798301
583    583    1516749017599666720    38.636415    39.137844    40.455483
584    584    1516749017630042666    38.624952    38.297173    32.920785
585    585    1516749017659356596    38.616237    37.629818    34.113474
586    586    1516749017683875276    38.619736    37.963318    40.785230
587    587    1516749017708570580    38.622776    37.975010    40.493529
588    588    1516749017733575188    38.625022    37.914009    39.992629
589    589    1516749017758217396    38.628177    38.286110    40.580779
590    590    1516749017783209295    38.630439    38.234623    40.012966
591    591    1516749017807705114    38.633945    38.241802    40.823293
592    592    1516749017832427096    38.636870    38.838135    40.449831
593    593    1516749017856959244    38.640262    38.866268    40.762839
594    594    1516749017881573464    38.643438    39.756561    40.626922
595    595    1516749017906264733    38.646411    40.500893    40.500146
596    596    1516749017930948909    38.649392    40.473763    40.511784
597    597    1516749017959584456    38.642494    39.838436    34.921631
598    598    1516749017984446147    38.645028    39.861130    40.222525
599    599    1516749018009098710    38.648075    39.859486    40.563734
600    600    1516749018036134061    38.645190    39.537449    36.988608
601    601    1516749018060736963    38.648350    39.520718    40.645612
602    602    1516749018085302615    38.651592    39.545147    40.707244
603    603    1516749018112774061    38.647637    39.090778    36.401433
604    604    1516749018137442329    38.650616    39.082520    40.537909
605    605    1516749018162312759    38.653087    39.055176    40.208392
606    606    1516749018187301904    38.655258    39.008709    40.017376
607    607    1516749018214639825    38.651650    39.207176    36.579226
608    608    1516749018239861640    38.653245    39.151894    39.648217
609    609    1516749018264486094    38.656299    39.156204    40.610037
610    610    1516749018291252280    38.654105    39.197514    37.360571
611    611    1516749018319006478    38.649506    38.719242    36.030585
612    612    1516749018343591001    38.652648    38.716415    40.675998
613    613    1516749018368287485    38.655507    39.136887    40.491594
614    614    1516749018392785874    38.658839    39.162926    40.819011
615    615    1516749018417262530    38.662213    39.223412    40.855254
616    616    1516749018442080344    38.664750    39.249790    40.293637
617    617    1516749018469938615    38.659925    39.169792    35.895982
618    618    1516749018494788985    38.662379    39.226864    40.240850
619    619    1516749018521685744    38.659891    38.880302    37.179201
620    620    1516749018549773616    38.654546    38.681526    35.602555
621    621    1516749018581240298    38.641107    38.133907    31.779646
622    622    1516749018616527198    38.618572    36.638599    28.339129
623    623    1516749018641314699    38.621218    36.626385    40.342913
624    624    1516749018667659629    38.620138    36.380337    37.957968
625    625    1516749018692319073    38.623078    36.356163    40.552415
626    626    1516749018716910807    38.626170    36.386070    40.664070
627    627    1516749018741870458    38.628379    36.773922    40.064663
628    628    1516749018766543496    38.631260    36.797916    40.530072
629    629    1516749018791493925    38.633476    37.063370    40.079471
630    630    1516749018820406761    38.626314    36.950390    34.586714
631    631    1516749018844943555    38.629506    37.921413    40.755121
632    632    1516749018869458076    38.632742    39.536491    40.792149
633    633    1516749018893898531    38.636142    39.590816    40.915769
634    634    1516749018918581575    38.638962    39.853031    40.513642
635    635    1516749018943224219    38.641869    39.855701    40.580061
636    636    1516749018967737776    38.645069    39.868122    40.793753
637    637    1516749018992274480    38.648205    39.935463    40.755270
638    638    1516749019017197814    38.650429    39.895580    40.123043
639    639    1516749019041709785    38.653606    39.965492    40.796393
640    640    1516749019066290486    38.656613    40.669632    40.682322
641    641    1516749019090922021    38.659493    40.653965    40.598363
642    642    1516749019115642387    38.662158    40.619972    40.452476
643    643    1516749019150073482    38.642286    39.035820    29.043514
644    644    1516749019174812719    38.644924    39.027264    40.421619
645    645    1516749019203560598    38.638287    38.411842    34.785175
646    646    1516749019228408088    38.640672    38.362633    40.245514
647    647    1516749019253029115    38.643572    38.350227    40.615690
648    648    1516749019280554309    38.639781    37.971344    36.330352
649    649    1516749019305411669    38.642130    37.921612    40.229534
650    650    1516749019330329726    38.644333    37.873158    40.131540
651    651    1516749019359137609    38.637621    37.283443    34.712721
652    652    1516749019384084369    38.639759    37.251999    40.085366
653    653    1516749019408735675    38.642564    38.660461    40.565802
654    654    1516749019439026983    38.632506    37.848072    33.012771
655    655    1516749019467011947    38.627728    37.957672    35.733475
656    656    1516749019491984783    38.629807    37.939621    40.043510
657    657    1516749019516854571    38.632114    37.903847    40.209430
658    658    1516749019543531212    38.630322    38.026154    37.485979
659    659    1516749019571980276    38.624528    37.513794    35.150541
660    660    1516749019606538533    38.604975    36.204494    28.936645
661    661    1516749019634809111    38.599646    36.275059    35.372464
662    662    1516749019659470944    38.602445    36.312592    40.548486
663    663    1516749019684064009    38.605389    36.320271    40.661870
664    664    1516749019710799776    38.603523    36.795441    37.403079
665    665    1516749019739218925    38.597897    36.736752    35.187542
666    666    1516749019767514546    38.592565    36.293720    35.341158
667    667    1516749019795421176    38.588118    35.898060    35.833779
668    668    1516749019819958086    38.591185    36.175934    40.754928
669    669    1516749019844454370    38.594333    36.700737    40.822518
670    670    1516749019869050597    38.597251    38.093487    40.656642
671    671    1516749019894027693    38.599316    38.577480    40.036680
672    672    1516749019918877834    38.601656    38.549480    40.241220
673    673    1516749019945988639    38.598992    38.178925    36.885662
674    674    1516749019970546839    38.601970    38.498993    40.719597
675    675    1516749019997264163    38.600181    38.752895    37.428898
676    676    1516749020029354786    38.586576    38.191227    31.161751
677    677    1516749020054035174    38.589289    38.667667    40.518002
678    678    1516749020078603065    38.592241    38.663036    40.703535
679    679    1516749020105382859    38.590340    38.324677    37.341587
680    680    1516749020130476099    38.592133    38.251816    39.851370
681    681    1516749020158126327    38.588338    37.864639    36.166067
682    682    1516749020186123898    38.583797    37.418701    35.717384
683    683    1516749020217868491    38.571119    36.780952    31.501428
684    684    1516749020244586948    38.569398    36.491009    37.427311
685    685    1516749020269240485    38.572161    36.767906    40.562131
686    686    1516749020293833089    38.575047    37.810284    40.662632
687    687    1516749020318387722    38.578008    37.828274    40.725512
688    688    1516749020346522363    38.573228    37.324673    35.543372
689    689    1516749020371398894    38.575489    37.591717    40.198531
690    690    1516749020396063933    38.578198    37.652325    40.543216
691    691    1516749020420790847    38.580767    38.071377    40.441763
692    692    1516749020447386263    38.579316    38.275700    37.600465
693    693    1516749020471990627    38.582139    39.351154    40.643196
694    694    1516749020496640681    38.584857    39.674080    40.567862
695    695    1516749020523586646    38.582655    39.316498    37.111308
696    696    1516749020548382180    38.585054    39.285152    40.329843
697    697    1516749020573033576    38.587753    39.270226    40.565654
698    698    1516749020599720744    38.586108    39.494724    37.471192
699    699    1516749020627891589    38.581313    38.987465    35.497693
700    700    1516749020655669740    38.577366    38.519939    35.999516
701    701    1516749020682991846    38.574398    38.138680    36.600400
702    702    1516749020711154748    38.569659    37.912037    35.507704
703    703    1516749020736176985    38.571572    37.852066    39.964452
704    704    1516749020760895300    38.574120    37.842289    40.455832
705    705    1516749020787807633    38.572037    37.847107    37.157685
706    706    1516749020815108445    38.569143    37.491623    36.628947
707    707    1516749020839928299    38.571471    37.467957    40.290326
708    708    1516749020864636619    38.574026    37.747833    40.472197
709    709    1516749020889328829    38.576608    38.250099    40.498603
710    710    1516749020913833509    38.579576    38.735104    40.808531
711    711    1516749020938518417    38.582159    39.134872    40.510582
712    712    1516749020963152637    38.584841    39.682873    40.593938
713    713    1516749020987691077    38.587715    39.759201    40.752387
714    714    1516749021012362353    38.590305    39.766640    40.532966
715    715    1516749021037304954    38.592324    40.080589    40.092050
716    716    1516749021061976387    38.594901    40.507488    40.532708
717    717    1516749021086408558    38.597968    40.571201    40.929641
718    718    1516749021111275268    38.600126    40.545147    40.214407
719    719    1516749021137672013    38.599111    40.266861    37.883459
720    720    1516749021165581354    38.594975    39.722286    35.830298
721    721    1516749021190643924    38.596723    39.662788    39.900138
722    722    1516749021215457763    38.598980    39.634552    40.300092
723    723    1516749021240182989    38.601413    39.605228    40.444524
724    724    1516749021267349146    38.598823    39.217716    36.810507
725    725    1516749021297823906    38.589452    38.384922    32.814040
726    726    1516749021322273028    38.592453    38.417706    40.901264
727    727    1516749021347116553    38.594638    38.357090    40.251937
728    728    1516749021371582326    38.597590    38.416168    40.873428
729    729    1516749021396087978    38.600453    38.697300    40.806913
730    730    1516749021420548148    38.603401    39.220791    40.882790
731    731    1516749021445102380    38.606150    39.299145    40.726177
732    732    1516749021469758572    38.608685    39.323509    40.557763
733    733    1516749021494203164    38.611642    39.366951    40.908844
734    734    1516749021518642385    38.614604    39.794147    40.917834
735    735    1516749021543114945    38.617489    40.767899    40.862092
736    736    1516749021567846768    38.619843    40.720966    40.433736
737    737    1516749021592367218    38.622618    40.774609    40.782286
738    738    1516749021617290431    38.624573    40.698700    40.123238
739    739    1516749021641745767    38.627466    40.707035    40.890871
740    740    1516749021666194664    38.630365    40.708900    40.901641
741    741    1516749021694825998    38.624845    40.044270    34.926769
742    742    1516749021719774008    38.626737    39.997528    40.083357
743    743    1516749021744584832    38.628898    39.939026    40.304989
744    744    1516749021769317554    38.631211    39.892265    40.432266
745    745    1516749021794103548    38.633412    39.842445    40.345366
746    746    1516749021819025670    38.635334    39.812260    40.124994
747    747    1516749021843775152    38.637596    39.775990    40.404886
748    748    1516749021871411674    38.634099    39.351295    36.184003
749    749    1516749021905837267    38.617107    37.865665    29.048156
750    750    1516749021930558637    38.619438    37.826637    40.450833
751    751    1516749021959445296    38.613503    37.790138    34.618057
752    752    1516749021984185331    38.615796    37.819862    40.420315
753    753    1516749022009008512    38.617918    37.818096    40.284926
754    754    1516749022033991530    38.619719    37.782330    40.027190
755    755    1516749022061702586    38.616133    37.369343    36.086680
756    756    1516749022086574707    38.618150    37.376324    40.205658
757    757    1516749022111130878    38.620783    37.403351    40.722961
758    758    1516749022138575190    38.617735    37.430260    36.437423
759    759    1516749022163267515    38.620095    38.845474    40.498414
760    760    1516749022187945598    38.622476    38.852009    40.521786
761    761    1516749022212651416    38.624798    39.493515    40.476296
762    762    1516749022241021516    38.619949    38.935326    35.248378
763    763    1516749022265588153    38.622540    38.974255    40.705612
764    764    1516749022290166079    38.625101    39.035885    40.686916
765    765    1516749022314935268    38.627284    39.489372    40.372739
766    766    1516749022339506057    38.629848    39.536423    40.698734
767    767    1516749022364161541    38.632240    39.520901    40.558928
768    768    1516749022389064957    38.634146    39.921791    40.155134
769    769    1516749022413987045    38.636010    39.885208    40.125049
770    770    1516749022438589433    38.638489    39.897251    40.646461
771    771    1516749022463327773    38.640698    39.892075    40.423084
772    772    1516749022488050805    38.642932    40.481030    40.448113
773    773    1516749022512488568    38.645711    40.502159    40.920276
774    774    1516749022537152590    38.648047    40.488041    40.544888
775    775    1516749022561843775    38.650325    40.500832    40.500284
776    776    1516749022586695491    38.652288    40.454803    40.238670
777    777    1516749022615317049    38.647009    39.815971    34.938699
778    778    1516749022641663373    38.646105    39.588528    37.955959
779    779    1516749022666422898    38.648243    39.614021    40.388497
780    780    1516749022691321818    38.650109    39.567547    40.162385
781    781    1516749022718818952    38.647007    39.140293    36.367427
782    782    1516749022743851794    38.648614    39.092892    39.947522
783    783    1516749022768955309    38.650082    38.991409    39.835059
784    784    1516749022793599444    38.652421    38.994434    40.577606
785    785    1516749022818118552    38.654992    39.020618    40.784518
786    786    1516749022842932144    38.656997    39.026421    40.300493
787    787    1516749022867592990    38.659288    39.639133    40.550109
788    788    1516749022892488369    38.661128    39.868435    40.168097
789    789    1516749022916931618    38.663820    39.918770    40.911092
790    790    1516749022941723871    38.665845    39.935772    40.335181
791    791    1516749022966534278    38.667832    40.368919    40.305667
792    792    1516749022991444745    38.669625    40.388870    40.143768
793    793    1516749023018287557    38.667774    40.107128    37.253921
794    794    1516749023046480355    38.663390    39.544304    35.470052
795    795    1516749023071037486    38.665844    39.538361    40.721369
796    796    1516749023095630090    38.668227    39.572937    40.662632
797    797    1516749023122406403    38.666512    39.244400    37.346441
798    798    1516749023147192809    38.668525    39.261192    40.344695
799    799    1516749023171945779    38.670596    39.213509    40.399193
800    800    1516749023199939097    38.666613    38.727383    35.722811
801    801    1516749023228609614    38.661378    38.156967    34.879036
802    802    1516749023253138483    38.663866    38.212608    40.768288
803    803    1516749023278005687    38.665719    38.503281    40.213608
804    804    1516749023302701556    38.667887    39.028778    40.492602
805    805    1516749023327453494    38.669945    38.999126    40.400877
806    806    1516749023352134223    38.672130    38.985725    40.517442
807    807    1516749023376995769    38.673975    39.278938    40.222760
808    808    1516749023402008026    38.675537    39.244125    39.980398
809    809    1516749023426576734    38.677915    39.272522    40.702181
810    810    1516749023453204521    38.676488    39.484268    37.554754
811    811    1516749023481978491    38.671113    39.468147    34.753633
812    812    1516749023506658935    38.673281    39.444550    40.517910
813    813    1516749023538979947    38.661409    38.317955    30.939625
814    814    1516749023566872708    38.657691    37.854244    35.851596
815    815    1516749023591415220    38.660119    37.884281    40.745625
816    816    1516749023616330453    38.661859    37.850655    40.136089
817    817    1516749023641028655    38.663992    37.874069    40.488777
818    818    1516749023665925346    38.665758    37.890656    40.165980
819    819    1516749023690619955    38.667887    37.872589    40.494668
820    820    1516749023717849907    38.665395    37.786415    36.724266
821    821    1516749023743014925    38.666664    38.308826    39.737703
822    822    1516749023770939742    38.662917    37.838543    35.810441
823    823    1516749023795643745    38.665023    38.961475    40.479270
824    824    1516749023820466109    38.666909    39.433205    40.286252
825    825    1516749023845113821    38.669107    39.416851    40.571717
826    826    1516749023872191028    38.666907    39.083786    36.931431
827    827    1516749023896820984    38.669132    39.094215    40.600966
828    828    1516749023921439464    38.671372    39.136780    40.619892
829    829    1516749023946271442    38.673222    39.115753    40.270654
830    830    1516749023973638193    38.670506    39.094833    36.540691
831    831    1516749023998282899    38.672690    39.174519    40.576666
832    832    1516749024029836442    38.662467    38.625443    31.692162
833    833    1516749024057504292    38.659236    38.188267    36.143032
834    834    1516749024084122126    38.657892    37.928207    37.568797
835    835    1516749024108882768    38.659871    37.911968    40.386675
836    836    1516749024133569554    38.661978    38.258690    40.507501
837    837    1516749024158216071    38.664152    38.256268    40.573684
838    838    1516749024183157386    38.665796    38.209076    40.094117
839    839    1516749024207656051    38.668224    38.257801    40.818551
840    840    1516749024242562782    38.652148    37.185146    28.647770
841    841    1516749024267291214    38.654177    37.173573    40.439281
842    842    1516749024292016218    38.656207    38.141766    40.444887
843    843    1516749024320598684    38.651403    38.009171    34.986484
844    844    1516749024345476891    38.653161    38.262169    40.195823
845    845    1516749024370243676    38.655111    38.261269    40.376658
846    846    1516749024395289836    38.656564    38.208733    39.926280
847    847    1516749024420066225    38.658490    38.189781    40.361007
848    848    1516749024455880374    38.640989    36.667244    27.921925
849    849    1516749024486093134    38.633378    35.914757    33.098598
850    850    1516749024510679014    38.635655    37.297256    40.673753
851    851    1516749024535361922    38.637758    37.303593    40.513865
852    852    1516749024562601482    38.635381    36.956928    36.711313
853    853    1516749024590683158    38.631538    37.025452    35.610410
854    854    1516749024615303742    38.633746    37.060802    40.616421
855    855    1516749024639810283    38.636149    37.096584    40.805432
856    856    1516749024669771059    38.629046    36.432365    33.376973
857    857    1516749024694198854    38.631585    36.478695    40.936974
858    858    1516749024718821148    38.633779    38.031376    40.613600
859    859    1516749024743702925    38.635519    38.818398    40.190056
860    860    1516749024768382923    38.637605    38.804226    40.518642
861    861    1516749024795030924    38.636277    38.510567    37.526267
862    862    1516749024819851918    38.638113    38.872627    40.288475
863    863    1516749024844451249    38.640328    39.406055    40.651512
864    864    1516749024869180607    38.642314    39.389175    40.437766
865    865    1516749024893855550    38.644389    39.363064    40.526943
866    866    1516749024918469392    38.646565    40.209354    40.627546
867    867    1516749024943104219    38.648700    40.175911    40.592938
868    868    1516749024967818085    38.650694    40.161137    40.463115
869    869    1516749024992595280    38.652576    40.178013    40.359694
870    870    1516749025017246038    38.654670    40.182732    40.566704
871    871    1516749025041716776    38.657068    40.537388    40.865135
872    872    1516749025066444881    38.659020    40.552658    40.439815
873    873    1516749025091251257    38.660834    40.518639    40.312217
874    874    1516749025115938493    38.662848    40.525555    40.506762
875    875    1516749025143871436    38.659318    39.997459    35.800023
876    876    1516749025171566588    38.656203    39.510513    36.107402
877    877    1516749025196380836    38.657999    39.482525    40.299428
878    878    1516749025223223104    38.656342    39.153500    37.254676
879    879    1516749025247908011    38.658353    39.167648    40.510584
880    880    1516749025272541668    38.660446    39.170273    40.594866
881    881    1516749025297203297    38.662488    39.141006    40.548822
882    882    1516749025321944937    38.664389    39.138935    40.417693
883    883    1516749025346732975    38.666208    39.141743    40.342039
884    884    1516749025371367723    38.668282    39.149788    40.593068
885    885    1516749025395906905    38.670513    39.676956    40.751155
886    886    1516749025420700189    38.672311    40.139107    40.333503
887    887    1516749025445208207    38.674585    40.188503    40.802973
888    888    1516749025469983438    38.676405    40.525150    40.362893
889    889    1516749025494455836    38.678729    40.560081    40.862363
890    890    1516749025519097414    38.680765    40.558781    40.581817
891    891    1516749025543833140    38.682639    40.546593    40.427356
892    892    1516749025568570373    38.684506    40.547318    40.424893
893    893    1516749025593130643    38.686665    40.584801    40.716165
894    894    1516749025617654599    38.688881    40.603058    40.776455
895    895    1516749025642168040    38.691109    40.607300    40.793946
896    896    1516749025666753015    38.693213    40.641682    40.675250
897    897    1516749025691306088    38.695366    40.634239    40.728099
898    898    1516749025715874676    38.697488    40.668388    40.702380
899    899    1516749025745784101    38.690721    39.788601    33.434277
900    900    1516749025770591141    38.692447    39.762424    40.311137
901    901    1516749025795356958    38.694238    39.757668    40.378236
902    902    1516749025824170199    38.689315    39.123657    34.706266
903    903    1516749025851745468    38.686453    38.667545    36.264379
904    904    1516749025876462717    38.688325    38.638664    40.457577
905    905    1516749025900998130    38.690493    38.635387    40.757415
906    906    1516749025925478157    38.692748    38.651058    40.849628
907    907    1516749025952719115    38.690446    38.253643    36.709429
908    908    1516749025980592431    38.687108    37.776081    35.876607
909    909    1516749026013650149    38.675254    37.332092    30.250122
910    910    1516749026038626719    38.676698    37.308479    40.037523
911    911    1516749026067243098    38.672170    36.780102    34.945022
912    912    1516749026091912475    38.674118    37.349350    40.536087
913    913    1516749026116451601    38.676275    37.777740    40.751248
914    914    1516749026141089214    38.678266    37.789112    40.588348
915    915    1516749026168690427    38.675413    37.356323    36.230292
916    916    1516749026193525533    38.677079    37.306839    40.265582
917    917    1516749026218145269    38.679092    37.675262    40.617820
918    918    1516749026242856187    38.680953    38.129555    40.467942
919    919    1516749026267444355    38.683009    39.402004    40.669968
920    920    1516749026293792336    38.682202    39.190231    37.953572
921    921    1516749026318589310    38.683914    39.785759    40.327501
922    922    1516749026343159870    38.685989    39.801407    40.699113
923    923    1516749026370868477    38.682978    39.305569    36.089869
924    924    1516749026398847289    38.679536    38.796066    35.741332
925    925    1516749026426863472    38.676042    38.733711    35.693656
926    926    1516749026461491038    38.661893    37.318237    28.878726
927    927    1516749026488654506    38.659802    36.967316    36.814151
928    928    1516749026513260089    38.661831    36.981716    40.641183
929    929    1516749026537834152    38.663906    36.983643    40.693311
930    930    1516749026562466811    38.665883    37.219761    40.596511
931    931    1516749026587013771    38.667994    37.254429    40.738242
932    932    1516749026613678629    38.666706    36.966015    37.502544
933    933    1516749026638582198    38.668240    37.353333    40.154887
934    934    1516749026663123754    38.670351    37.839161    40.747213
935    935    1516749026689654531    38.669278    38.053043    37.692074
936    936    1516749026714321745    38.671182    39.552158    40.539641
937    937    1516749026739804801    38.671782    39.816795    39.241761
938    938    1516749026766642509    38.670223    39.466038    37.261006
939    939    1516749026791333229    38.672082    39.447876    40.501047
940    940    1516749026815982775    38.674004    39.445248    40.568699
941    941    1516749026843052563    38.672078    39.056580    36.941553
942    942    1516749026867757103    38.673909    39.357918    40.478390
943    943    1516749026892647865    38.675440    39.359905    40.175548
944    944    1516749026924916925    38.665292    38.198093    30.989437
945    945    1516749026949741414    38.666933    38.448692    40.282803
946    946    1516749026974521861    38.668641    38.431957    40.354397
947    947    1516749027002987474    38.664533    37.996422    35.130106
948    948    1516749027030801548    38.661460    37.855984    35.953021
949    949    1516749027058817461    38.658077    37.385380    35.694000
950    950    1516749027087725304    38.653300    36.799541    34.592688
951    951    1516749027115823987    38.649805    36.660732    35.588857
952    952    1516749027143531495    38.646930    36.261524    36.091301
953    953    1516749027168121649    38.648942    36.301094    40.666683
954    954    1516749027194985361    38.647394    37.027653    37.224937
955    955    1516749027219901021    38.648893    37.015156    40.135401
956    956    1516749027244660984    38.650632    37.017963    40.387782
957    957    1516749027269493386    38.652254    37.522617    40.269967
958    958    1516749027296065588    38.651163    37.698288    37.633313
959    959    1516749027320820391    38.652902    38.167515    40.396201
960    960    1516749027353626969    38.642123    37.607887    30.481692
961    961    1516749027378523267    38.643647    38.066341    40.166614
962    962    1516749027403371892    38.645243    38.485161    40.243675
963    963    1516749027428128431    38.646978    38.460537    40.393368
964    964    1516749027453147177    38.648304    38.735394    39.970029
965    965    1516749027478013653    38.649862    38.742775    40.214786
966    966    1516749027506723830    38.645480    38.158787    34.830855
967    967    1516749027542092956    38.630840    36.683846    28.273246
968    968    1516749027566681993    38.632837    36.952675    40.668530
969    969    1516749027591219049    38.634911    36.982433    40.754685
970    970    1516749027615707637    38.637055    38.156193    40.835347
971    971    1516749027640354052    38.638953    38.192608    40.573852
972    972    1516749027665263528    38.640443    38.183731    40.145365
973    973    1516749027690158918    38.641952    38.163498    40.168079
974    974    1516749027714786327    38.643868    38.220577    40.605165
975    975    1516749027739298443    38.645957    38.272415    40.796152
976    976    1516749027763920569    38.647874    38.880741    40.613877
977    977    1516749027788623739    38.649663    40.562885    40.480635
978    978    1516749027813273686    38.651530    40.552864    40.568039
979    979    1516749027838109332    38.653110    40.503822    40.264707
980    980    1516749027862973723    38.654644    40.442265    40.218158
981    981    1516749027887838448    38.656173    40.406586    40.217618
982    982    1516749027912543767    38.657943    40.439949    40.477113
983    983    1516749027937162067    38.659841    40.485313    40.620189
984    984    1516749027961865271    38.661606    40.472897    40.480579
985    985    1516749027986367521    38.663673    40.474510    40.812578
986    986    1516749028011251195    38.665158    40.431709    40.186992
987    987    1516749028035829432    38.667102    40.452141    40.686401
988    988    1516749028060647298    38.668680    40.424683    40.293553
989    989    1516749028085224859    38.670618    40.466904    40.687520
990    990    1516749028109717426    38.672681    40.527885    40.828713
991    991    1516749028134435845    38.674399    40.551929    40.455662
992    992    1516749028159372438    38.675785    40.513931    40.101709
993    993    1516749028184223190    38.677298    40.475815    40.240231
994    994    1516749028208971606    38.678962    40.468407    40.406626
995    995    1516749028233758319    38.680565    40.421875    40.344196
996    996    1516749028258551183    38.682155    40.436718    40.334186
997    997    1516749028282966365    38.684309    40.463398    40.958122
998    998    1516749028309774671    38.682874    40.140110    37.301872
999    999    1516749028337151461    38.680592    39.694103    36.527292
