Beat    Tag    Timestamp    Global Rate    Window Rate    Instant Rate
0    0    1516787412328624111    0.000000    0.000000    0.000000
1    1    1516787412492810018    12.181313    6.090657    6.090657
2    2    1516787412695462597    8.177986    5.451991    4.934554
3    3    1516787412915721122    6.813184    5.109888    4.540119
4    4    1516787413021666837    7.214562    5.771650    9.438796
5    5    1516787413164837220    7.175204    5.979337    6.984685
6    6    1516787413317204626    7.080860    6.069308    6.563083
7    7    1516787413470171447    7.008032    6.132028    6.537365
8    8    1516787413586651060    7.154060    6.359164    8.585193
9    9    1516787413695594612    7.315447    6.583902    9.179066
10    10    1516787413942391972    6.816346    6.196678    4.051907
11    11    1516787414100738619    6.771571    6.219182    6.315258
12    12    1516787414264254915    6.716157    6.374330    6.115598
13    13    1516787414516194286    6.399795    6.248152    3.969209
14    14    1516787414663547534    6.424194    6.090577    6.786413
15    15    1516787414818671719    6.425580    6.046554    6.446448
16    16    1516787414935170883    6.522039    6.180599    8.583753
17    17    1516787415085435372    6.529283    6.190938    6.654932
18    18    1516787415252654677    6.497880    6.002388    5.980171
19    19    1516787415412675854    6.484976    5.823836    6.249173
20    20    1516787415528630383    6.562487    6.304223    8.624070
21    21    1516787415641055972    6.641646    6.492169    8.894772
22    22    1516787415761703435    6.699525    6.678026    8.288612
23    23    1516787415877396189    6.762903    7.346448    8.643584
24    24    1516787415983681137    6.839839    7.574991    9.408670
25    25    1516787416266859736    6.601941    6.905181    3.531340
26    26    1516787416382507598    6.660280    6.909243    8.646939
27    27    1516787416500784137    6.711152    7.065396    8.454762
28    28    1516787416655828599    6.701786    7.126700    6.449763
29    29    1516787416814552718    6.687579    7.133295    6.300240
30    30    1516787416934198661    6.730973    7.114560    8.357993
31    31    1516787417049732043    6.778070    7.098865    8.655507
32    32    1516787417175053392    6.809137    7.075388    7.979486
33    33    1516787417361171644    6.756022    6.739564    5.372928
34    34    1516787417469312916    6.808426    6.731143    9.247163
35    35    1516787417589960462    6.842368    7.558003    8.288606
36    36    1516787417712520154    6.872347    7.518726    8.159289
37    37    1516787417853324730    6.878201    7.393493    7.102042
38    38    1516787418015428244    6.857982    7.355106    6.168898
39    39    1516787418185795005    6.829236    7.292657    5.869690
40    40    1516787418300167440    6.865897    7.320811    8.743365
41    41    1516787418583156720    6.715130    6.521351    3.533703
42    42    1516787418707227216    6.741288    6.526675    8.059934
43    43    1516787418827122316    6.770795    6.821512    8.340624
44    44    1516787418953592543    6.792485    6.737275    7.906999
45    45    1516787419111971493    6.781313    6.570255    6.313970
46    46    1516787419236057903    6.804264    6.563671    8.058900
47    47    1516787419403099325    6.784956    6.452551    5.986539
48    48    1516787419520141482    6.813583    6.645784    8.543930
49    49    1516787419664439401    6.815875    6.762952    6.930107
50    50    1516787419839223796    6.790403    6.497488    5.721335
51    51    1516787420018502187    6.762136    6.966964    5.577917
52    52    1516787420142185315    6.783079    6.968845    8.085177
53    53    1516787420269194464    6.800519    6.934466    7.873449
54    54    1516787420439028377    6.781413    6.732031    5.888106
55    55    1516787420566842060    6.797587    6.873464    7.823888
56    56    1516787420741593969    6.775253    6.642153    5.722398
57    57    1516787420917974080    6.752548    6.601206    5.669573
58    58    1516787421045429016    6.768535    6.556141    7.845910
59    59    1516787421166361387    6.789068    6.658136    8.269085
60    60    1516787421290428944    6.806665    6.890825    8.060125
61    61    1516787421416365715    6.822377    7.153774    7.940493
62    62    1516787421585681121    6.805619    6.927627    5.906137
63    63    1516787421700170385    6.829183    6.988237    8.734443
64    64    1516787421969251391    6.742300    6.534995    3.716353
65    65    1516787422144594217    6.723737    6.338131    5.703113
66    66    1516787422336776497    6.694542    6.268875    5.203393
67    67    1516787422458843150    6.712589    6.489844    8.192246
68    68    1516787422637526403    6.693244    6.281023    5.596495
69    69    1516787422809654894    6.678732    6.085340    5.809613
70    70    1516787422927563361    6.698784    6.108234    8.481155
71    71    1516787423108181883    6.679309    5.910808    5.536531
72    72    1516787423295760763    6.656250    5.847681    5.331091
73    73    1516787423578504488    6.577848    5.323866    3.536772
74    74    1516787423704434509    6.592937    5.763081    7.940918
75    75    1516787423886600808    6.575545    5.740507    5.489490
76    76    1516787424016713687    6.587903    5.952604    7.685634
77    77    1516787424186582955    6.577861    5.787909    5.886880
78    78    1516787424309774846    6.593691    5.979972    8.117417
79    79    1516787424432622635    6.609386    6.161552    8.140155
80    80    1516787424555663962    6.624661    6.142127    8.127351
81    81    1516787424726976149    6.613782    6.177437    5.837296
82    82    1516787424850235101    6.628540    6.433043    8.113001
83    83    1516787424982073603    6.638506    7.124694    7.585038
84    84    1516787425191449154    6.608191    6.724883    4.776107
85    85    1516787425307756609    6.626021    7.036526    8.597901
86    86    1516787425517704398    6.596366    6.662266    4.763089
87    87    1516787425636664091    6.612544    6.896166    8.406209
88    88    1516787425807841095    6.602757    6.675272    5.841906
89    89    1516787425938223220    6.612980    6.641868    7.669763
90    90    1516787426225627535    6.548174    5.988155    3.479419
91    91    1516787426399070711    6.538527    5.980523    5.765577
92    92    1516787426580694979    6.525367    5.778811    5.505872
93    93    1516787426700922176    6.540360    5.817848    8.317586
94    94    1516787426880298186    6.528458    5.921193    5.574882
95    95    1516787427008156004    6.539718    5.880971    7.821188
96    96    1516787427196606551    6.524086    5.956274    5.306432
97    97    1516787427485315340    6.465791    5.409349    3.463698
98    98    1516787427658161290    6.458121    5.404470    5.785499
99    99    1516787427844496231    6.445013    5.245839    5.366680
100    100    1516787428035595092    6.430266    5.524961    5.232894
101    101    1516787428206006676    6.424233    5.534230    5.868146
102    102    1516787428336891523    6.434175    5.694124    7.640304
103    103    1516787428455980301    6.448670    5.697817    8.397097
104    104    1516787428603151226    6.451800    5.804325    6.794820
105    105    1516787428730716348    6.462590    5.805312    7.839133
106    106    1516787428861110603    6.472106    6.007796    7.669050
107    107    1516787429017024835    6.471561    6.528653    6.413783
108    108    1516787429145266939    6.481674    6.724472    7.797751
109    109    1516787429321137376    6.473439    6.772126    5.686004
110    110    1516787429493239203    6.466792    6.860385    5.810514
111    111    1516787429813109855    6.405679    6.222376    3.126264
112    112    1516787429985431996    6.399798    6.065972    5.803085
113    113    1516787430099649061    6.414937    6.083951    8.755259
114    114    1516787430280723065    6.405936    5.960997    5.522604
115    115    1516787430465288798    6.395884    5.765110    5.418124
116    116    1516787430628389144    6.393525    5.658418    6.131195
117    117    1516787430762217642    6.401356    5.730026    7.472250
118    118    1516787430881176025    6.414212    5.760670    8.406301
119    119    1516787431007715427    6.424295    5.929165    7.902677
120    120    1516787431134960941    6.434002    6.091166    7.858823
121    121    1516787431258251997    6.444923    6.919735    8.110888
122    122    1516787431437878049    6.436672    6.884937    5.567121
123    123    1516787431616755379    6.428824    6.591496    5.590423
124    124    1516787431799220987    6.419937    6.585455    5.480485
125    125    1516787431969159939    6.415304    6.649506    5.884466
126    126    1516787432085180930    6.428246    6.864398    8.619130
127    127    1516787432210573445    6.438001    6.904381    7.974958
128    128    1516787432327727965    6.450289    6.912991    8.535736
129    129    1516787432510022070    6.441576    6.656430    5.485641
130    130    1516787432638782096    6.449974    6.649727    7.766386
131    131    1516787432760991209    6.460338    6.654515    8.182696
132    132    1516787432888490634    6.468914    6.893639    7.843173
133    133    1516787433068053221    6.461123    6.890384    5.569089
134    134    1516787433248161070    6.453298    6.901596    5.552229
135    135    1516787433364521237    6.465139    7.166603    8.594006
136    136    1516787433557188046    6.453569    6.793446    5.190308
137    137    1516787433696130346    6.458405    6.731482    7.197232
138    138    1516787433878223841    6.450236    6.449550    5.491684
139    139    1516787434050045366    6.445250    6.493408    5.819993
140    140    1516787434177286588    6.453484    6.499819    7.859088
141    141    1516787434294322381    6.464625    6.521748    8.544395
142    142    1516787434399859204    6.479021    6.616519    9.475366
143    143    1516787434561911689    6.476775    6.694075    6.170840
144    144    1516787434698634596    6.481892    6.894300    7.314063
145    145    1516787434879442957    6.474266    6.601001    5.530718
146    146    1516787435080602392    6.460977    6.564202    4.971181
147    147    1516787435206356737    6.469173    6.621524    7.952012
148    148    1516787435365107869    6.468001    6.725474    6.299168
149    149    1516787435500631511    6.473328    6.893765    7.378786
150    150    1516787435632907646    6.479495    6.869920    7.559943
151    151    1516787435789627555    6.478836    6.687598    6.380810
152    152    1516787435914395517    6.486962    6.602681    8.014878
153    153    1516787436045582292    6.493244    6.740041    7.622720
154    154    1516787436180702507    6.498385    6.747329    7.400817
155    155    1516787436354657786    6.492957    6.778674    5.748604
156    156    1516787436488433101    6.498396    7.103127    7.475221
157    157    1516787436606258176    6.508048    7.143360    8.487158
158    158    1516787436774561038    6.504148    7.094950    5.941670
159    159    1516787436897789729    6.512228    7.157385    8.114993
160    160    1516787437019086073    6.520737    7.214078    8.244272
161    161    1516787437156662569    6.524881    7.315102    7.268683
162    162    1516787437281510708    6.532310    7.314672    8.009731
163    163    1516787437406267338    6.539689    7.349239    8.015606
164    164    1516787437528067255    6.547764    7.421895    8.210186
165    165    1516787437702665019    6.542119    7.418358    5.727450
166    166    1516787437826788072    6.549491    7.471859    8.056521
167    167    1516787437953093136    6.556233    7.424815    7.917339
168    168    1516787438118833680    6.552874    7.438967    6.033527
169    169    1516787438240793771    6.560624    7.445994    8.199404
170    170    1516787438375603224    6.565061    7.371820    7.417877
171    171    1516787438490248385    6.574515    7.498580    8.722566
172    172    1516787438666018749    6.568607    7.222783    5.689241
173    173    1516787438784939618    6.576880    7.253355    8.408953
174    174    1516787438905114017    6.584767    7.261918    8.321240
175    175    1516787439022780923    6.593203    7.575092    8.498566
176    176    1516787439138695789    6.601997    7.622488    8.627021
177    177    1516787439251002553    6.611600    7.704698    8.904183
178    178    1516787439420590194    6.607125    7.681928    5.896656
179    179    1516787439594072871    6.601762    7.389459    5.764264
180    180    1516787439714452889    6.609258    7.469099    8.307027
181    181    1516787439890842876    6.603242    7.139825    5.669256
182    182    1516787440074910176    6.595477    7.097779    5.432796
183    183    1516787440262413565    6.587005    6.768309    5.333237
184    184    1516787440406648187    6.588783    6.659855    6.933148
185    185    1516787440537861020    6.593585    6.600311    7.621206
186    186    1516787440661739212    6.600051    6.565801    8.072446
187    187    1516787440962060143    6.565751    5.844338    3.329771
188    188    1516787441093137604    6.570596    5.978904    7.629077
189    189    1516787441248105491    6.569966    6.045830    6.452950
190    190    1516787441391137360    6.572040    5.964151    6.991449
191    191    1516787441582224578    6.563295    5.912326    5.233212
192    192    1516787441759835267    6.557664    5.934982    5.630292
193    193    1516787441892409629    6.562083    6.134984    7.542937
194    194    1516787442034043616    6.564459    6.144788    7.060452
195    195    1516787442158746368    6.570540    6.169468    8.019069
196    196    1516787442337906884    6.564635    5.965990    5.581587
197    197    1516787442457529004    6.571762    6.686866    8.359658
198    198    1516787442575964056    6.579091    6.743878    8.443446
199    199    1516787442705928363    6.583863    6.859544    7.694420
200    200    1516787442871891149    6.580828    6.753317    6.025447
201    201    1516787443045835315    6.576118    6.832418    5.748971
202    202    1516787443222716818    6.570835    6.835823    5.653502
203    203    1516787443400577893    6.565406    6.630559    5.622366
204    204    1516787443582235758    6.559242    6.459146    5.504854
205    205    1516787443752641829    6.555495    6.273937    5.868336
206    206    1516787443880100656    6.560707    6.484270    7.845671
207    207    1516787444027954856    6.561653    6.367699    6.763420
208    208    1516787444193780590    6.558888    6.181171    6.030427
209    209    1516787444320172121    6.564234    6.194851    7.911923
210    210    1516787444451355237    6.568557    6.331261    7.622932
211    211    1516787444575988675    6.574181    6.535293    8.023529
212    212    1516787444697150600    6.580466    6.782265    8.253418
213    213    1516787444885409681    6.573130    6.734769    5.311829
214    214    1516787445004956507    6.579686    7.028786    8.364923
215    215    1516787445185638362    6.573939    6.978384    5.534590
216    216    1516787445312116667    6.579049    6.983162    7.906494
217    217    1516787445603164757    6.551556    6.348360    3.435858
218    218    1516787445766119112    6.549534    6.359953    6.136688
219    219    1516787445887377348    6.555667    6.380785    8.246863
220    220    1516787446015532102    6.560412    6.393139    7.803066
221    221    1516787446198375186    6.554521    6.163759    5.469170
222    222    1516787446371507499    6.550561    5.972442    5.775929
223    223    1516787446494950441    6.556163    6.212952    8.100909
224    224    1516787446609803553    6.563368    6.231123    8.706773
225    225    1516787446789648743    6.558133    6.234374    5.560338
226    226    1516787446911439708    6.563954    6.252645    8.210790
227    227    1516787447045599246    6.567392    6.932724    7.453812
228    228    1516787447177521967    6.571226    7.085149    7.580195
229    229    1516787447359651730    6.565608    6.792212    5.490591
230    230    1516787447489223024    6.569854    6.785684    7.717759
231    231    1516787447655268974    6.567281    6.863918    6.022429
232    232    1516787447802758544    6.568166    6.986895    6.780140
233    233    1516787447926740563    6.573381    6.984264    8.065686
234    234    1516787448053180005    6.578108    6.928199    7.908924
235    235    1516787448166286589    6.585251    7.264074    8.841218
236    236    1516787448289044247    6.590579    7.258977    8.146131
237    237    1516787448465697000    6.586034    7.041769    5.660823
238    238    1516787448600820858    6.589069    7.025931    7.400618
239    239    1516787448730833794    6.593006    7.292977    7.691542
240    240    1516787448857440539    6.597531    7.308780    7.898473
241    241    1516787449024029431    6.594831    7.305880    6.002801
242    242    1516787449152616173    6.598959    7.408189    7.776852
243    243    1516787449284977710    6.602383    7.362484    7.555065
244    244    1516787449444411045    6.600965    7.187879    6.272214
245    245    1516787449584612819    6.602965    7.050564    7.132577
246    246    1516787449752800820    6.600012    6.831737    5.945727
247    247    1516787449876947032    6.604822    7.085917    8.055018
248    248    1516787450050006774    6.601031    6.900426    5.778351
249    249    1516787450222855685    6.597310    6.702314    5.785399
250    250    1516787450403262696    6.592315    6.469050    5.543022
251    251    1516787450572691371    6.589257    6.457187    5.902189
252    252    1516787450779839887    6.579766    6.145437    4.827454
253    253    1516787450891734109    6.586606    6.223719    8.937012
254    254    1516787451090622546    6.578608    6.074553    5.027944
255    255    1516787451220843354    6.582293    6.111608    7.679264
256    256    1516787451401547057    6.577445    6.065215    5.533921
257    257    1516787451526222934    6.582036    6.063267    8.020798
258    258    1516787451658985005    6.585243    6.215125    7.532272
259    259    1516787451779307309    6.590507    6.424870    8.311011
260    260    1516787451954247746    6.586647    6.447515    5.716231
261    261    1516787452126726885    6.583228    6.434859    5.797803
262    262    1516787452259332683    6.586410    6.759073    7.541148
263    263    1516787452374840213    6.592383    6.742606    8.657444
264    264    1516787452491255523    6.598173    7.139629    8.589935
265    265    1516787452664918421    6.594557    6.924848    5.758282
266    266    1516787452782439772    6.600119    7.241693    8.509092
267    267    1516787452907524755    6.604417    7.239548    7.994565
268    268    1516787453088329616    6.599655    6.996213    5.530825
269    269    1516787453210534513    6.604388    6.987011    8.182978
270    270    1516787453329777898    6.609570    7.269925    8.386209
271    271    1516787453453571401    6.613990    7.536678    8.077968
272    272    1516787453621419553    6.611323    7.341676    5.957766
273    273    1516787453775954844    6.610800    7.137175    6.471014
274    274    1516787453901688237    6.614860    7.090023    7.953337
275    275    1516787454020967406    6.619921    7.374365    8.383694
276    276    1516787454195399693    6.616225    7.077341    5.732884
277    277    1516787454377168412    6.611406    6.804370    5.501497
278    278    1516787454493709959    6.616849    7.115511    8.580631
279    279    1516787454612197381    6.621957    7.134383    8.439714
280    280    1516787454802282040    6.615865    6.791152    5.260814
281    281    1516787454930344664    6.619451    6.771520    7.808680
282    282    1516787455112147547    6.614696    6.708132    5.500463
283    283    1516787455283538038    6.611583    6.633133    5.834629
284    284    1516787455413887093    6.614791    6.612887    7.671709
285    285    1516787455576162241    6.613093    6.430062    6.162373
286    286    1516787455708999497    6.615895    6.606766    7.528009
287    287    1516787455869255491    6.614511    6.702022    6.240016
288    288    1516787456043594028    6.611008    6.452096    5.735966
289    289    1516787456216166000    6.607798    6.234536    5.794684
290    290    1516787456351994999    6.610125    6.452808    7.362198
291    291    1516787456479244705    6.613724    6.456195    7.858564
292    292    1516787456598790937    6.618453    6.726563    8.364965
293    293    1516787456725992965    6.622014    6.932626    7.861510
294    294    1516787456840043698    6.627513    7.011852    8.768028
295    295    1516787457000761744    6.626054    7.019516    6.222077
296    296    1516787457173374152    6.622849    6.828853    5.793326
297    297    1516787457342403986    6.620195    6.788182    5.916115
298    298    1516787457518027278    6.616595    6.782267    5.694006
299    299    1516787457639929860    6.620864    7.023637    8.203272
300    300    1516787457822187161    6.616321    6.801832    5.486749
301    301    1516787457951949692    6.619421    6.790226    7.706385
302    302    1516787458076499359    6.623258    6.767235    8.028926
303    303    1516787458249432034    6.620093    6.564096    5.782597
304    304    1516787458430121291    6.615837    6.289001    5.534363
305    305    1516787458556076493    6.619443    6.429567    7.939331
306    306    1516787458712855685    6.618629    6.495693    6.378397
307    307    1516787458835518449    6.622674    6.697411    8.152433
308    308    1516787459009247553    6.619449    6.705917    5.756088
309    309    1516787459179138436    6.616790    6.496845    5.886131
310    310    1516787459353318697    6.613546    6.531117    5.741179
311    311    1516787459508852807    6.612940    6.423007    6.429458
312    312    1516787459687637508    6.609090    6.206793    5.593320
313    313    1516787459858087071    6.606429    6.216373    5.866838
314    314    1516787460039339245    6.602290    6.214199    5.517175
315    315    1516787460227330854    6.597255    5.983530    5.319386
316    316    1516787460357789076    6.600156    6.079273    7.665289
317    317    1516787460531939576    6.597057    5.894763    5.742160
318    318    1516787460655306019    6.600908    6.075119    8.105932
319    319    1516787460774344288    6.605331    6.268783    8.400660
320    320    1516787460880765853    6.611449    6.546871    9.396592
321    321    1516787461015292920    6.613720    6.638166    7.433448
322    322    1516787461142831259    6.616926    6.871937    7.840780
323    323    1516787461266522003    6.620636    7.100080    8.084679
324    324    1516787461394475218    6.623751    7.379333    7.815357
325    325    1516787461526030818    6.626366    7.700008    7.601349
326    326    1516787461694670238    6.623986    7.480096    5.929812
327    327    1516787461815703617    6.627993    7.789593    8.262184
328    328    1516787461988746552    6.625034    7.499397    5.778913
329    329    1516787462119413533    6.627732    7.434561    7.653043
330    330    1516787462294059037    6.624580    7.075673    5.725885
331    331    1516787462423239110    6.627459    7.102544    7.741132
332    332    1516787462545593033    6.631225    7.128794    8.173011
333    333    1516787462691388527    6.631884    7.018201    6.858923
334    334    1516787462876786824    6.627343    6.746220    5.393793
335    335    1516787463050466771    6.624365    6.559803    5.757717
336    336    1516787463182273868    6.626860    6.722220    7.586845
337    337    1516787463308039694    6.630127    6.700904    7.951286
338    338    1516787463444227216    6.632026    6.870583    7.342817
339    339    1516787463576133023    6.634469    6.864739    7.581167
340    340    1516787463704138582    6.637403    7.091799    7.812161
341    341    1516787463881740094    6.633935    6.856355    5.630583
342    342    1516787464011723420    6.636599    6.820676    7.693294
343    343    1516787464138674856    6.639638    6.909482    7.877028
344    344    1516787464315851219    6.636245    6.948960    5.644094
345    345    1516787464471182619    6.635654    7.038705    6.437848
346    346    1516787464586636572    6.640130    7.120667    8.661462
347    347    1516787464753850997    6.638026    6.916532    5.980345
348    348    1516787464878571759    6.641301    6.971826    8.017911
349    349    1516787465002779132    6.644625    7.009447    8.051052
350    350    1516787465129817748    6.647577    7.014201    7.871622
351    351    1516787465250010307    6.651375    7.308498    8.319983
352    352    1516787465542659430    6.633588    6.531952    3.417061
353    353    1516787465666548029    6.636929    6.545046    8.071768
354    354    1516787465787017144    6.640678    6.797330    8.300883
355    355    1516787465910816469    6.643998    6.946210    8.077588
356    356    1516787466170957392    6.630470    6.311853    3.844070
357    357    1516787466303151592    6.632758    6.454525    7.564628
358    358    1516787466435835473    6.634975    6.421520    7.536711
359    359    1516787466578732886    6.635931    6.345364    6.998027
360    360    1516787466747408638    6.633739    6.182033    5.928534
361    361    1516787466920503182    6.631023    5.986258    5.777190
362    362    1516787467110535776    6.626275    6.378054    5.262255
363    363    1516787467240628980    6.628787    6.352913    7.686797
364    364    1516787467359868666    6.632596    6.357879    8.386470
365    365    1516787467572191735    6.625206    6.019110    4.709804
366    366    1516787467734123734    6.623891    6.397272    6.175432
367    367    1516787467864466139    6.626351    6.404859    7.672100
368    368    1516787468041823423    6.623206    6.226696    5.638336
369    369    1516787468209838093    6.621188    6.130812    5.951861
370    370    1516787468322113214    6.625770    6.350397    8.906693
371    371    1516787468447001398    6.628845    6.550941    8.007163
372    372    1516787468580940930    6.630838    6.800847    7.466056
373    373    1516787468716797111    6.632597    6.774296    7.360725
374    374    1516787468904481039    6.628269    6.474116    5.328107
375    375    1516787469038511416    6.630237    6.819795    7.460995
376    376    1516787469201982161    6.628763    6.812646    6.117303
377    377    1516787469326144605    6.631867    6.841450    8.053965
378    378    1516787469450730404    6.634909    7.097700    8.026597
379    379    1516787469624046537    6.632292    7.071093    5.769803
380    380    1516787469800043448    6.629382    6.766219    5.681918
381    381    1516787469970591000    6.627116    6.563447    5.863467
382    382    1516787470095791038    6.630064    6.601313    7.987218
383    383    1516787470269864514    6.627404    6.438871    5.744701
384    384    1516787470407394877    6.628928    6.653742    7.271122
385    385    1516787470532777891    6.631829    6.692247    7.975562
386    386    1516787470659008375    6.634621    6.863295    7.922017
387    387    1516787470788665262    6.637012    6.837510    7.712664
388    388    1516787470909575878    6.640384    6.854736    8.270572
389    389    1516787471035681697    6.643154    7.083983    7.929848
390    390    1516787471202430118    6.641324    7.130701    5.997058
391    391    1516787471371560755    6.639236    7.137913    5.912589
392    392    1516787471526950966    6.638701    6.987339    6.435412
393    393    1516787471656148498    6.641100    7.213529    7.740086
394    394    1516787471830040702    6.638497    7.029157    5.750689
395    395    1516787472006312930    6.635646    6.786401    5.673043
396    396    1516787472140323592    6.637497    6.750758    7.462093
397    397    1516787472276358842    6.639117    6.721814    7.351036
398    398    1516787472463156145    6.635123    6.436745    5.353396
399    399    1516787472588690139    6.637895    6.439115    7.965970
400    400    1516787472752742209    6.636423    6.450314    6.095626
401    401    1516787472931907461    6.633304    6.408832    5.581439
402    402    1516787473100457440    6.631362    6.355233    5.932958
403    403    1516787473281956714    6.628022    6.150787    5.509664
404    404    1516787473465121012    6.624521    6.115908    5.459579
405    405    1516787473639717403    6.621966    6.122182    5.727495
406    406    1516787473753989626    6.625927    6.197069    8.751033
407    407    1516787473886009912    6.627962    6.212527    7.574593
408    408    1516787474022716539    6.629484    6.412064    7.314934
409    409    1516787474185989808    6.628152    6.260566    6.124701
410    410    1516787474318003252    6.630168    6.388710    7.574986
411    411    1516787474438738921    6.633380    6.636442    8.282556
412    412    1516787474564826226    6.636009    6.828881    7.931013
413    413    1516787474737982580    6.633621    6.868010    5.775127
414    414    1516787474903643474    6.632039    6.951578    6.036428
415    415    1516787475025302737    6.635120    7.217167    8.219678
416    416    1516787475199530533    6.632639    6.917825    5.739612
417    417    1516787475329417191    6.634837    6.928052    7.699020
418    418    1516787475620602305    6.620112    6.258270    3.434241
419    419    1516787475742749265    6.623130    6.423600    8.186860
420    420    1516787475855985758    6.627066    6.502024    8.831075
421    421    1516787476032138813    6.624438    6.275888    5.676881
422    422    1516787476203791090    6.622292    6.101412    5.825731
423    423    1516787476321948063    6.625691    6.313269    8.463318
424    424    1516787476495581549    6.623347    6.281651    5.759258
425    425    1516787476615820878    6.626514    6.287260    8.316746
426    426    1516787476741591488    6.629100    6.484828    7.950983
427    427    1516787476869628759    6.631443    6.492615    7.810226
428    428    1516787477039463847    6.629492    7.047904    5.888065
429    429    1516787477155808136    6.633020    7.076846    8.595179
430    430    1516787477301533737    6.633534    6.917792    6.862212
431    431    1516787477423105268    6.636507    7.189246    8.225610
432    432    1516787477608150829    6.633014    7.120683    5.404075
433    433    1516787477738903483    6.635043    7.057385    7.648028
434    434    1516787477861386057    6.637901    7.321692    8.164427
435    435    1516787478152274962    6.623759    6.508492    3.437739
436    436    1516787478289114895    6.625178    6.461938    7.307808
437    437    1516787478414325727    6.627757    6.473762    7.986529
438    438    1516787478539462649    6.630334    6.666672    7.991247
439    439    1516787478659592959    6.633402    6.649888    8.324294
440    440    1516787478844926447    6.629954    6.479233    5.395679
441    441    1516787479002213184    6.629312    6.332690    6.357815
442    442    1516787479121548930    6.632439    6.607647    8.379719
443    443    1516787479291714926    6.630518    6.439931    5.876615
444    444    1516787479421727498    6.632574    6.408854    7.691564
445    445    1516787479579507160    6.631883    7.006568    6.337952
446    446    1516787479752583601    6.629691    6.833081    5.777794
447    447    1516787479930606358    6.627025    6.595085    5.617259
448    448    1516787480053688876    6.629746    6.604033    8.124631
449    449    1516787480224103641    6.627834    6.391775    5.868036
450    450    1516787480414532218    6.623985    6.371027    5.251313
451    451    1516787480591172685    6.621493    6.293427    5.661217
452    452    1516787480714154490    6.624208    6.279018    8.131284
453    453    1516787480839873341    6.626649    6.459287    7.954257
454    454    1516787480949301340    6.630654    6.546328    9.138429
455    455    1516787481125405959    6.628217    6.468729    5.678443
456    456    1516787481248879829    6.630852    6.683169    8.098880
457    457    1516787481406518171    6.630196    6.775473    6.343634
458    458    1516787481570280944    6.628957    6.593731    6.106394
459    459    1516787481692416302    6.631702    6.810539    8.187637
460    460    1516787481871394759    6.629014    6.864066    5.587265
461    461    1516787481994204390    6.631682    7.127423    8.142684
462    462    1516787482166506052    6.629640    6.885386    5.803775
463    463    1516787482288455165    6.632377    6.903304    8.200142
464    464    1516787482422451846    6.633965    6.788172    7.462871
465    465    1516787482609939358    6.630496    6.736123    5.333689
466    466    1516787482737412950    6.632695    6.718023    7.844762
467    467    1516787482855206412    6.635796    6.902796    8.489436
468    468    1516787483030699536    6.633469    6.847352    5.698229
469    469    1516787483159276001    6.635545    6.817285    7.777473
470    470    1516787483288705020    6.637535    7.055618    7.726243
471    471    1516787483568762195    6.625478    6.350990    3.570699
472    472    1516787483732801561    6.624262    6.384491    6.096098
473    473    1516787483907019715    6.622110    6.178314    5.739930
474    474    1516787484039547796    6.623817    6.183925    7.545571
475    475    1516787484166693450    6.626013    6.423622    7.864996
476    476    1516787484289255134    6.628624    6.443954    8.159157
477    477    1516787484409565625    6.631434    6.433519    8.311827
478    478    1516787484581340336    6.629509    6.448947    5.821579
479    479    1516787484703532271    6.632133    6.475609    8.183846
480    480    1516787484818258786    6.635431    6.537855    8.716381
481    481    1516787484988209459    6.633674    7.044996    5.884060
482    482    1516787485114402967    6.635912    7.237978    7.924338
483    483    1516787485286745457    6.633943    7.247817    5.802400
484    484    1516787485421509701    6.635393    7.236089    7.420366
485    485    1516787485536168733    6.638660    7.302066    8.721511
486    486    1516787485686000473    6.638733    7.159502    6.674153
487    487    1516787485805835442    6.641515    7.161940    8.344810
488    488    1516787485931273465    6.643783    7.407774    7.972064
489    489    1516787486100671571    6.642082    7.157482    5.903254
490    490    1516787486404151079    6.628370    6.305598    3.295115
491    491    1516787486581309811    6.626023    6.277069    5.644655
492    492    1516787486697238337    6.629141    6.317777    8.626005
493    493    1516787486882481647    6.626082    6.266700    5.398306
494    494    1516787487006513768    6.628468    6.309133    8.062428
495    495    1516787487120355711    6.631749    6.312386    8.784109
496    496    1516787487296204063    6.629532    6.210395    5.686718
497    497    1516787487465373924    6.627915    6.025772    5.911218
498    498    1516787487580399933    6.631073    6.063817    8.693686
499    499    1516787487695491542    6.634215    6.270300    8.688731
500    500    1516787487824110462    6.636158    7.042455    7.774906
501    501    1516787488000537660    6.633901    7.046085    5.668060
502    502    1516787488173656622    6.631944    6.773149    5.776375
503    503    1516787488298219954    6.634233    7.063453    8.028045
504    504    1516787488420643201    6.636701    7.071488    8.168383
505    505    1516787488554721889    6.638146    6.971720    7.458307
506    506    1516787488685508098    6.639873    7.197849    7.646066
507    507    1516787488812772707    6.641899    7.421708    7.857644
508    508    1516787488932372862    6.644583    7.396598    8.361193
509    509    1516787489116383196    6.641684    7.037834    5.434477
510    510    1516787489299696904    6.638858    6.776967    5.455129
511    511    1516787489421683646    6.641324    7.036575    8.197612
512    512    1516787489626519036    6.636662    6.882964    4.881969
513    513    1516787489831439508    6.632017    6.522223    4.879942
514    514    1516787490004371264    6.630126    6.314216    5.782628
515    515    1516787490188098615    6.627324    6.122286    5.442848
516    516    1516787490362998106    6.625285    5.961287    5.717570
517    517    1516787490494090986    6.626967    5.947714    7.628179
518    518    1516787490616238363    6.629401    5.938717    8.186832
519    519    1516787490792505296    6.627253    5.966153    5.673214
520    520    1516787490910420548    6.630034    6.208389    8.480667
521    521    1516787491093475563    6.627322    5.981606    5.462839
522    522    1516787491210602755    6.630158    6.312798    8.537727
523    523    1516787491517036511    6.617130    5.932616    3.263348
524    524    1516787491683416882    6.615857    5.955764    6.010324
525    525    1516787491870525270    6.612867    5.943795    5.344496
526    526    1516787491991532314    6.615375    6.140491    8.263982
527    527    1516787492155659227    6.614301    6.018410    6.092846
528    528    1516787492291952189    6.615533    5.967606    7.337136
529    529    1516787492408131145    6.618422    6.189552    8.607411
530    530    1516787492582518514    6.616501    5.980511    5.734360
531    531    1516787492745288926    6.615544    6.053952    6.143623
532    532    1516787492919569276    6.613646    5.851490    5.737882
533    533    1516787493037995473    6.616332    6.574799    8.444078
534    534    1516787493167603352    6.618094    6.737698    7.715580
535    535    1516787493298291410    6.619763    7.003948    7.651809
536    536    1516787493471861669    6.617927    6.755254    5.761356
537    537    1516787493662143224    6.614739    6.637973    5.255370
538    538    1516787493783495367    6.617161    6.704465    8.240481
539    539    1516787493993201364    6.612414    6.308869    4.768581
540    540    1516787494116973492    6.614634    6.516972    8.079363
541    541    1516787494287576433    6.613066    6.483875    5.861564
542    542    1516787494418339752    6.614714    6.672136    7.647405
543    543    1516787494545948218    6.616610    6.631507    7.836471
544    544    1516787494716128442    6.615081    6.457757    5.876123
545    545    1516787494844129874    6.616938    6.468981    7.812413
546    546    1516787494972273590    6.618778    6.664836    7.803738
547    547    1516787495270718606    6.607019    6.216681    3.350701
548    548    1516787495443081614    6.605349    6.025598    5.801709
549    549    1516787495573103304    6.607045    6.329507    7.691024
550    550    1516787495703293663    6.608722    6.303898    7.681060
551    551    1516787495883931714    6.606403    6.264269    5.535932
552    552    1516787496001079582    6.609104    6.318158    8.536220
553    553    1516787496121570037    6.611535    6.346701    8.299413
554    554    1516787496293065569    6.609941    6.341407    5.831056
555    555    1516787496470166100    6.607913    6.149925    5.646510
556    556    1516787496589810608    6.610398    6.182239    8.358094
557    557    1516787496711103823    6.612747    6.942587    8.244484
558    558    1516787496893657874    6.610297    6.893812    5.477830
559    559    1516787497012026060    6.612866    6.949644    8.448216
560    560    1516787497198270522    6.610137    6.689067    5.369287
561    561    1516787497328819939    6.611749    6.920951    7.659935
562    562    1516787497454353508    6.613747    6.881015    7.965997
563    563    1516787497618259410    6.612761    6.681413    6.101062
564    564    1516787497911439500    6.601793    6.179042    3.410873
565    565    1516787498083856002    6.600180    6.196978    5.799909
566    566    1516787498258225945    6.598425    5.993711    5.734933
567    567    1516787498386886321    6.600180    5.967361    7.772401
568    568    1516787498564392763    6.598190    5.985390    5.633598
569    569    1516787498679787919    6.600953    5.996060    8.665875
570    570    1516787498838081080    6.600434    6.098265    6.317392
571    571    1516787499011837795    6.598740    5.941708    5.755173
572    572    1516787499125810048    6.601597    5.982806    8.774065
573    573    1516787499299834230    6.599885    5.946806    5.746328
574    574    1516787499448778195    6.600080    6.504747    6.713934
575    575    1516787499610817030    6.599284    6.548956    6.171360
576    576    1516787499789925190    6.597203    6.528697    5.583219
577    577    1516787499919771652    6.598840    6.523645    7.701404
578    578    1516787500046267841    6.600724    6.748207    7.905377
579    579    1516787500158303932    6.603690    6.763538    8.925695
580    580    1516787500323288783    6.602673    6.733065    6.061163
581    581    1516787500453713106    6.604249    6.935412    7.667282
582    582    1516787500572163199    6.606716    6.913941    8.442374
583    583    1516787500759572811    6.604023    6.850542    5.335906
584    584    1516787500931614211    6.602486    6.743834    5.812554
585    585    1516787501109522749    6.600519    6.672424    5.620866
586    586    1516787501237427886    6.602271    6.908450    7.818294
587    587    1516787501401203798    6.601358    6.750225    6.105904
588    588    1516787501524198623    6.603467    6.766217    8.130423
589    589    1516787501650392261    6.605333    6.702016    7.924330
590    590    1516787501778066727    6.607084    6.873901    7.832420
591    591    1516787501900436024    6.609222    6.912174    8.171985
592    592    1516787502081144705    6.607057    6.626987    5.533768
593    593    1516787502262468113    6.604855    6.653823    5.515008
594    594    1516787502383153138    6.607108    6.889240    8.286032
595    595    1516787502573945660    6.604220    6.828629    5.241296
596    596    1516787502702145413    6.605917    6.827255    7.800327
597    597    1516787502821237228    6.608274    7.042088    8.396883
598    598    1516787502996217108    6.606550    6.793393    5.714943
599    599    1516787503174690673    6.604579    6.560395    5.603071
600    600    1516787503299141335    6.606536    6.574300    8.035313
601    601    1516787503475783078    6.604704    6.347808    5.661176
602    602    1516787503608356986    6.606067    6.547878    7.542962
603    603    1516787503749997173    6.606770    6.722558    7.060143
604    604    1516787503901999085    6.606724    6.583946    6.578865
605    605    1516787504086123217    6.604365    6.612980    5.431119
606    606    1516787504218251994    6.605751    6.595842    7.568374
607    607    1516787504341969368    6.607737    6.575780    8.082939
608    608    1516787504515703010    6.606132    6.581173    5.755938
609    609    1516787504696226721    6.604047    6.572306    5.539439
610    610    1516787504818977575    6.606094    6.579657    8.146583
611    611    1516787504945110180    6.607895    6.805837    7.928164
612    612    1516787505095357949    6.607972    6.724945    6.655673
613    613    1516787505226684040    6.609395    6.771916    7.614633
614    614    1516787505360274057    6.610653    6.857417    7.485589
615    615    1516787505493476312    6.611936    7.105537    7.507380
616    616    1516787505612198434    6.614241    7.173877    8.423030
617    617    1516787505791811140    6.612229    6.897305    5.567535
618    618    1516787505907051571    6.614772    7.187271    8.677510
619    619    1516787506096564451    6.612068    7.141134    5.276686
620    620    1516787506222841020    6.613826    7.123199    7.919126
621    621    1516787506349902145    6.615524    7.118492    7.870228
622    622    1516787506465906665    6.617994    7.296348    8.620354
623    623    1516787506580218429    6.620578    7.388065    8.748006
624    624    1516787506766549491    6.618104    7.110983    5.366792
625    625    1516787506943771937    6.616277    6.895146    5.642626
626    626    1516787507083865710    6.617048    6.795014    7.138076
627    627    1516787507208277415    6.618911    7.059823    8.037829
628    628    1516787507320310019    6.621632    7.075847    8.925973
629    629    1516787507488653817    6.620427    7.183446    5.940225
630    630    1516787507782635660    6.610513    6.411101    3.401571
631    631    1516787507962731873    6.608521    6.200283    5.552588
632    632    1516787508088375793    6.610293    6.163445    7.959000
633    633    1516787508261698058    6.608774    5.947143    5.769599
634    634    1516787508419782188    6.608308    6.048756    6.325746
635    635    1516787508549960059    6.609761    6.225921    7.681797
636    636    1516787508675409141    6.611534    6.283209    7.971362
637    637    1516787508972321291    6.601569    5.668793    3.368000
638    638    1516787509107491345    6.602681    5.595403    7.398088
639    639    1516787509233804069    6.604394    5.730165    7.916859
640    640    1516787509341467689    6.607373    6.415060    9.288189
641    641    1516787509476492748    6.608483    6.606063    7.406033
642    642    1516787509652158814    6.606829    6.394749    5.692619
643    643    1516787509782537051    6.608252    6.575318    7.669992
644    644    1516787509904882503    6.610215    6.733552    8.173577
645    645    1516787510075927401    6.608878    6.553220    5.846418
646    646    1516787510205809940    6.610325    6.534236    7.699264
647    647    1516787510369284893    6.609503    7.158382    6.117145
648    648    1516787510546831787    6.607736    6.947627    5.632315
649    649    1516787510733392567    6.605371    6.668496    5.360183
650    650    1516787510856439989    6.607271    6.600780    8.126948
651    651    1516787511136830831    6.598642    6.022870    3.566450
652    652    1516787511253300190    6.600982    6.245544    8.585949
653    653    1516787511372964746    6.603103    6.287617    8.356693
654    654    1516787511500863769    6.604671    6.265738    7.818668
655    655    1516787511657594355    6.604317    6.322444    6.380376
656    656    1516787511827470815    6.603092    6.166518    5.886631
657    657    1516787512125726444    6.593378    5.693329    3.352829
658    658    1516787512254642044    6.594879    5.855452    7.757013
659    659    1516787512380687102    6.596566    6.070560    7.933671
660    660    1516787512516815000    6.597584    6.022736    7.346033
661    661    1516787512787739979    6.589745    6.057269    3.691059
662    662    1516787512907914574    6.591814    6.043704    8.321226
663    663    1516787513053208648    6.592234    5.951517    6.882593
664    664    1516787513225058856    6.590917    5.799808    5.819021
665    665    1516787513404539953    6.589107    5.724277    5.571617
666    666    1516787513530360114    6.590796    5.872373    7.947852
667    667    1516787513649571960    6.592911    6.562346    8.388428
668    668    1516787513820441626    6.591664    6.386514    5.852414
669    669    1516787513943948876    6.593494    6.396882    8.096691
670    670    1516787514094119046    6.593590    6.339932    6.659112
671    671    1516787514255940878    6.592933    6.811057    6.179636
672    672    1516787514382007464    6.594588    6.783833    7.932316
673    673    1516787514565346594    6.592543    6.613153    5.454373
674    674    1516787514741589143    6.590962    6.594000    5.673999
675    675    1516787514911407210    6.589800    6.636285    5.888655
676    676    1516787515032080883    6.591794    6.659028    8.286812
677    677    1516787515196495846    6.590979    6.464442    6.082171
678    678    1516787515323315289    6.592573    6.653920    7.885226
679    679    1516787515500193276    6.590963    6.425726    5.653615
680    680    1516787515629956580    6.592364    6.511105    7.706339
681    681    1516787515746538230    6.594602    6.708720    8.577679
682    682    1516787515907213282    6.594027    6.556492    6.223742
683    683    1516787516077146593    6.592865    6.614632    5.884661
684    684    1516787516241921286    6.592034    6.665191    6.068893
685    685    1516787516365124655    6.593840    6.878916    8.116661
686    686    1516787516535092317    6.592681    6.653310    5.883472
687    687    1516787516659751028    6.594389    6.834078    8.021902
688    688    1516787516777446069    6.596532    6.876961    8.496535
689    689    1516787516953994755    6.594959    6.878519    5.664160
690    690    1516787517077061755    6.596757    6.910348    8.125655
691    691    1516787517237624738    6.596193    6.706519    6.228086
692    692    1516787517369452618    6.597435    6.838826    7.585649
693    693    1516787517496644570    6.598964    7.044744    7.862133
694    694    1516787517623584628    6.600506    7.237653    7.877734
695    695    1516787517804153896    6.598687    6.949129    5.538041
696    696    1516787517974525390    6.597511    6.947179    5.869527
697    697    1516787518097088778    6.599321    6.957307    8.159043
698    698    1516787518271617216    6.597888    6.692674    5.729725
699    699    1516787518443049418    6.596653    6.715670    5.833210
700    700    1516787518572148112    6.598049    6.688577    7.746012
701    701    1516787518714953966    6.598592    6.768971    7.002514
702    702    1516787518900530164    6.596485    6.531348    5.388622
703    703    1516787519066268473    6.595611    6.370953    6.033608
704    704    1516787519196684233    6.596920    6.356876    7.667785
705    705    1516787519364541152    6.595917    6.408666    5.957455
706    706    1516787519492065820    6.597399    6.589610    7.841620
707    707    1516787519638885525    6.597692    6.485939    6.811075
708    708    1516787519749581801    6.600202    6.766062    9.033728
709    709    1516787519876435042    6.601715    6.976490    7.883125
710    710    1516787520049769845    6.600375    6.767632    5.769182
711    711    1516787520225971961    6.598865    6.618055    5.675301
712    712    1516787520345605882    6.600814    6.920053    8.358833
713    713    1516787520633322667    6.592512    6.381400    3.475640
714    714    1516787520815085854    6.590684    6.178936    5.501664
715    715    1516787520991938681    6.589160    6.144780    5.654419
716    716    1516787521133994641    6.589748    6.090398    7.039479
717    717    1516787521310160138    6.588272    5.983457    5.676480
718    718    1516787521492648138    6.586419    5.737016    5.479812
719    719    1516787521624390768    6.587629    5.720969    7.590557
720    720    1516787521791420592    6.586713    5.741679    5.986955
721    721    1516787521965047461    6.585403    5.750182    5.759477
722    722    1516787522087302772    6.587178    5.741527    8.179604
723    723    1516787522259123967    6.585979    6.150813    5.820004
724    724    1516787522416967042    6.585620    6.242661    6.335406
725    725    1516787522538355273    6.587440    6.466563    8.238031
726    726    1516787522710252590    6.586241    6.344140    5.817426
727    727    1516787522878849821    6.585242    6.374747    5.931296
728    728    1516787523062991831    6.583322    6.368033    5.430591
729    729    1516787523190035366    6.584798    6.387146    7.871317
730    730    1516787523368097431    6.583244    6.342454    5.616019
731    731    1516787523497679797    6.584566    6.524722    7.717099
732    732    1516787523625404453    6.585995    6.501521    7.829342
733    733    1516787523745347470    6.587880    6.728463    8.337292
734    734    1516787523874665810    6.589207    6.860128    7.732855
735    735    1516787523991766612    6.591253    6.880364    8.539651
736    736    1516787524118962104    6.592699    7.098696    7.861914
737    737    1516787524239528199    6.594532    7.349275    8.294206
738    738    1516787524410696778    6.593383    7.420022    5.842194
739    739    1516787524535054485    6.594987    7.434839    8.041319
740    740    1516787524678182223    6.595487    7.633094    6.986766
741    741    1516787524791976698    6.597705    7.726202    8.787773
742    742    1516787524967736103    6.596288    7.449724    5.689596
743    743    1516787525087215914    6.598167    7.452295    8.369615
744    744    1516787525215052811    6.599553    7.460532    7.822468
745    745    1516787525522238501    6.590478    6.533933    3.255360
746    746    1516787525691210844    6.589476    6.360316    5.918128
747    747    1516787525863337919    6.588293    6.158357    5.809661
748    748    1516787525997986013    6.589287    6.300049    7.426767
749    749    1516787526121834092    6.590903    6.302072    8.074409
750    750    1516787526406998551    6.583193    5.784305    3.506748
751    751    1516787526534327540    6.584610    5.739372    7.853671
752    752    1516787526694028868    6.584159    5.792760    6.261689
753    753    1516787526800128338    6.586792    5.838010    9.425118
754    754    1516787526929101886    6.588105    5.834138    7.753528
755    755    1516787527098145728    6.587115    6.345551    5.915625
756    756    1516787527265963283    6.586197    6.350204    5.958852
757    757    1516787527390141934    6.587780    6.549629    8.052914
758    758    1516787527563977793    6.586520    6.385729    5.752553
759    759    1516787527696934732    6.587598    6.348801    7.521232
760    760    1516787527841151302    6.588030    6.972758    6.934016
761    761    1516787528142793099    6.579506    6.217105    3.315190
762    762    1516787528327292318    6.577662    6.122711    5.420077
763    763    1516787528455925478    6.578987    6.039387    7.774045
764    764    1516787528632570829    6.577593    5.870374    5.661060
765    765    1516787528764283652    6.578741    6.001904    7.592275
766    766    1516787528901542534    6.579573    6.114042    7.285503
767    767    1516787529037740310    6.580463    6.069440    7.342264
768    768    1516787529160894333    6.582086    6.262068    8.119913
769    769    1516787529330692649    6.581080    6.120858    5.889340
770    770    1516787529450215220    6.582902    6.214794    8.366621
771    771    1516787529567750716    6.584832    7.017753    8.508068
772    772    1516787529755821920    6.582802    7.000205    5.317135
773    773    1516787529881905305    6.584248    7.012722    7.931259
774    774    1516787530055455528    6.583036    7.027977    5.762021
775    775    1516787530201243301    6.583378    6.959137    6.859286
776    776    1516787530318057085    6.585335    7.059581    8.560634
777    777    1516787530486718420    6.584399    6.901416    5.929041
778    778    1516787530616604500    6.585623    6.869499    7.699054
779    779    1516787530791097795    6.584364    6.847415    5.730879
780    780    1516787530920755375    6.585597    6.800222    7.712623
781    781    1516787531114501052    6.583274    6.465167    5.161405
782    782    1516787531238437794    6.584822    6.744835    8.068632
783    783    1516787531362451186    6.586363    6.754265    8.063645
784    784    1516787531548184949    6.584490    6.699138    5.384051
785    785    1516787531667807866    6.586269    6.818656    8.359602
786    786    1516787531849707266    6.584612    6.528906    5.497544
787    787    1516787531978691591    6.585872    6.702534    7.752880
788    788    1516787532158816894    6.584317    6.484191    5.551691
789    789    1516787532281160507    6.585938    6.711127    8.173700
790    790    1516787532397423389    6.587890    6.772003    8.601197
791    791    1516787532514722009    6.589780    7.141730    8.525249
792    792    1516787532629506690    6.591805    7.188716    8.711964
793    793    1516787532741687174    6.593969    7.250391    8.914207
794    794    1516787532911554281    6.592973    7.334770    5.886955
795    795    1516787533039899376    6.594247    7.288144    7.791494
796    796    1516787533228532158    6.592230    7.252552    5.301305
797    797    1516787533410124264    6.590602    6.986008    5.506847
798    798    1516787533538946078    6.591848    7.245699    7.762660
799    799    1516787533721430634    6.590176    6.943142    5.479916
800    800    1516787533843747420    6.591772    6.914080    8.175493
801    801    1516787534026554396    6.590087    6.614490    5.470251
802    802    1516787534154275555    6.591387    6.558372    7.829556
803    803    1516787534284081141    6.592571    6.483428    7.703829
804    804    1516787534573472099    6.585145    6.017145    3.455533
805    805    1516787534755898277    6.583500    5.827509    5.481669
806    806    1516787534927926113    6.582419    5.884451    5.813013
807    807    1516787535047817177    6.584137    6.106151    8.340905
808    808    1516787535226967775    6.582676    5.924094    5.581896
809    809    1516787535398313119    6.581637    5.963447    5.836167
810    810    1516787535567403708    6.580721    5.801620    5.913990
811    811    1516787535705002640    6.581487    5.957884    7.267498
812    812    1516787535826698590    6.583099    5.979348    8.217200
813    813    1516787535990475105    6.582467    5.860312    6.105882
814    814    1516787536119872929    6.583664    6.466629    7.728105
815    815    1516787536307788415    6.581751    6.443755    5.321541
816    816    1516787536480251632    6.580663    6.441948    5.798338
817    817    1516787536650125001    6.579715    6.240998    5.886738
818    818    1516787536776567735    6.581065    6.453278    7.908719
819    819    1516787536961700954    6.579313    6.396366    5.401516
820    820    1516787537078728881    6.581157    6.616710    8.544969
821    821    1516787537252618636    6.580001    6.461551    5.750770
822    822    1516787537401838155    6.580146    6.348644    6.701536
823    823    1516787537572614228    6.579158    6.320556    5.855621
824    824    1516787537767983638    6.576883    6.067554    5.118509
825    825    1516787537932970523    6.576206    6.153157    6.061088
826    826    1516787538060474341    6.577490    6.328222    7.842902
827    827    1516787538186626247    6.578843    6.508293    7.926951
828    828    1516787538307281538    6.580480    6.532900    8.288074
829    829    1516787538488735945    6.578942    6.548638    5.511026
830    830    1516787538618159847    6.580118    6.495906    7.726548
831    831    1516787538795889948    6.578777    6.479742    5.626509
832    832    1516787538962095166    6.578040    6.409201    6.016658
833    833    1516787539089954712    6.579294    6.590478    7.821082
834    834    1516787539270134130    6.577833    6.657122    5.550023
835    835    1516787539446618029    6.576567    6.606558    5.666239
836    836    1516787539618956898    6.575519    6.416498    5.802522
837    837    1516787539745070404    6.576859    6.416656    7.929365
838    838    1516787540058648183    6.568542    5.709826    3.189001
839    839    1516787540190475574    6.569590    5.876339    7.585677
840    840    1516787540366879787    6.568349    5.718468    5.668799
841    841    1516787540563874535    6.566057    5.656158    5.076277
842    842    1516787540733641090    6.565164    5.644787    5.890442
843    843    1516787540915468376    6.563657    5.477911    5.499725
844    844    1516787541043202518    6.564913    5.639941    7.828760
845    845    1516787541209716197    6.564190    5.671834    6.005513
846    846    1516787541379124342    6.563322    5.681277    5.902904
847    847    1516787541499372809    6.564954    5.700272    8.316114
848    848    1516787541685903249    6.563218    6.145318    5.361055
849    849    1516787541856531405    6.562292    6.002200    5.860697
850    850    1516787542040295271    6.560705    5.975802    5.441766
851    851    1516787542170999179    6.561802    6.222293    7.650881
852    852    1516787542346828026    6.560620    6.198910    5.687349
853    853    1516787542472926170    6.561947    6.420720    7.930331
854    854    1516787542657603323    6.560321    6.194249    5.414855
855    855    1516787542837882045    6.558922    6.141880    5.546966
856    856    1516787543004744379    6.558199    6.151499    5.992964
857    857    1516787543176502522    6.557233    5.962568    5.822140
858    858    1516787543360414240    6.555661    5.971892    5.437391
859    859    1516787543546777835    6.553971    5.916297    5.365855
860    860    1516787543662036013    6.555834    6.166214    8.676174
861    861    1516787543792565103    6.556931    6.166879    7.661127
862    862    1516787544090594397    6.549690    5.734713    3.355375
863    863    1516787544208078624    6.551437    5.763182    8.511781
864    864    1516787544382707692    6.550346    5.796751    5.726424
865    865    1516787544563430231    6.548957    5.795260    5.533344
866    866    1516787544707897045    6.549364    5.871464    6.922005
867    867    1516787544884198036    6.548197    5.855845    5.672118
868    868    1516787545041424736    6.547974    5.948802    6.360243
869    869    1516787545215420297    6.546926    5.992896    5.747273
870    870    1516787545391263010    6.545789    5.782931    5.686900
871    871    1516787545519391672    6.547000    5.790969    7.804655
872    872    1516787545640607325    6.548549    6.451559    8.249760
873    873    1516787545825265979    6.546981    6.183576    5.415397
874    874    1516787545985024176    6.546637    6.240964    6.259460
875    875    1516787546106234600    6.548181    6.481703    8.250116
876    876    1516787546279382243    6.547182    6.363408    5.775418
877    877    1516787546420578142    6.547746    6.508806    7.082359
878    878    1516787546593981992    6.546737    6.440986    5.766885
879    879    1516787546714995901    6.548283    6.668553    8.263513
880    880    1516787546880544066    6.547658    6.714649    6.040538
881    881    1516787547059115367    6.546402    6.494672    5.600004
882    882    1516787547185044939    6.547705    6.474849    7.940947
883    883    1516787547300161410    6.549529    6.780142    8.686854
884    884    1516787547479819261    6.548222    6.689880    5.566136
885    885    1516787547645489164    6.547595    6.496651    6.036099
886    886    1516787547815316979    6.546768    6.510694    5.888317
887    887    1516787547944575236    6.547902    6.561692    7.736450
888    888    1516787548122602700    6.546682    6.541845    5.617111
889    889    1516787548256687609    6.547581    6.486381    7.457961
890    890    1516787548552025790    6.540726    5.982716    3.385949
891    891    1516787548683602797    6.541749    6.155788    7.600112
892    892    1516787548861464280    6.540551    5.965095    5.622353
893    893    1516787548987461122    6.541838    5.926630    7.936707
894    894    1516787549192531342    6.539343    5.838693    4.876378
895    895    1516787549372531996    6.538051    5.790244    5.555535
896    896    1516787549559174983    6.536445    5.734412    5.357823
897    897    1516787549734089195    6.535402    5.588109    5.717088
898    898    1516787549903905039    6.534604    5.613870    5.888732
899    899    1516787550083051743    6.533365    5.475359    5.582017
900    900    1516787550272569014    6.531639    5.812118    5.276564
901    901    1516787550451865916    6.530400    5.655267    5.577341
902    902    1516787550619809814    6.529700    5.687164    5.954369
903    903    1516787550754566142    6.530568    5.658973    7.420802
904    904    1516787550881547806    6.531800    5.920605    7.875153
905    905    1516787551054141362    6.530882    5.946684    5.793959
906    906    1516787551177591592    6.532278    6.178879    8.100430
907    907    1516787551302657946    6.533595    6.375238    7.995756
908    908    1516787551481655920    6.532377    6.338136    5.586655
909    909    1516787551633735221    6.532424    6.448769    6.575517
910    910    1516787551758923167    6.533731    6.727872    7.987990
911    911    1516787551881194647    6.535172    6.996291    8.178522
912    912    1516787552052353947    6.534323    6.980587    5.842510
913    913    1516787552214150460    6.533914    6.851266    6.180603
914    914    1516787552338149491    6.535270    6.865294    8.064579
915    915    1516787552460217793    6.536713    7.111989    8.192135
916    916    1516787552639780093    6.535475    6.839064    5.569098
917    917    1516787552840868525    6.533238    6.501060    4.972936
918    918    1516787552961351643    6.534752    6.758146    8.299918
919    919    1516787553120031571    6.534490    6.728134    6.301994
920    920    1516787553230070712    6.536484    6.797415    9.087675
921    921    1516787553358577740    6.537618    6.768725    7.781676
922    922    1516787553532528195    6.536646    6.755961    5.748763
923    923    1516787553711165259    6.535460    6.679961    5.597942
924    924    1516787553830117213    6.537033    6.702558    8.406756
925    925    1516787553955985693    6.538285    6.685530    7.944801
926    926    1516787554084716581    6.539401    6.920720    7.768143
927    927    1516787554272873270    6.537778    6.983217    5.314719
928    928    1516787554392196843    6.539326    6.988877    8.380574
929    929    1516787554562684230    6.538518    6.931675    5.865537
930    930    1516787554688902862    6.539746    6.854798    7.922761
931    931    1516787554865852101    6.538643    6.634492    5.651338
932    932    1516787555044877621    6.537447    6.612228    5.585796
933    933    1516787555166980042    6.538860    6.869006    8.189846
934    934    1516787555292246847    6.540125    6.839339    7.982961
935    935    1516787555409774613    6.541742    6.878578    8.508628
936    936    1516787555537033541    6.542912    6.885549    7.857995
937    937    1516787555708334685    6.542069    6.966401    5.837673
938    938    1516787555832116826    6.543395    6.944830    8.078710
939    939    1516787555954449998    6.544784    7.185117    8.174398
940    940    1516787556116221569    6.544375    7.006144    6.181556
941    941    1516787556291670111    6.543346    7.013517    5.699677
942    942    1516787556415129890    6.544679    7.297926    8.099804
943    943    1516787556541315783    6.545887    7.276243    7.924816
944    944    1516787556655769043    6.547625    7.333947    8.737191
945    945    1516787556770704369    6.549338    7.347918    8.700545
946    946    1516787556932016850    6.548947    7.168544    6.199148
947    947    1516787557113394603    6.547650    7.117135    5.513355
948    948    1516787557238967137    6.548877    7.108077    7.963525
949    949    1516787557363112111    6.550166    7.098935    8.055099
950    950    1516787557482249293    6.551679    7.320496    8.393685
951    951    1516787557600572454    6.553227    7.639989    8.451431
952    952    1516787557720173703    6.554714    7.662578    8.361117
953    953    1516787557889828707    6.553944    7.415576    5.894315
954    954    1516787558055475874    6.553356    7.144353    6.036928
955    955    1516787558181007315    6.554572    7.090675    7.966132
956    956    1516787558474522694    6.548251    6.482957    3.406977
957    957    1516787558612999951    6.548888    6.668421    7.221402
958    958    1516787558740198282    6.550029    6.661199    7.861738
959    959    1516787558903823158    6.549539    6.490510    6.111540
960    960    1516787559025898768    6.550906    6.478155    8.191645
961    961    1516787559150681336    6.552149    6.451159    8.013940
962    962    1516787559277654544    6.553293    6.420625    7.875677
963    963    1516787559400711943    6.554609    6.618645    8.126289
964    964    1516787559577824740    6.553516    6.568797    5.646119
965    965    1516787559700163685    6.554861    6.582601    8.174012
966    966    1516787559985453816    6.548969    6.618435    3.505204
967    967    1516787560109527877    6.550237    6.682134    8.059702
968    968    1516787560233357083    6.551514    6.697211    8.075639
969    969    1516787560400241526    6.550884    6.682623    5.992170
970    970    1516787560529237886    6.551930    6.651859    7.752157
971    971    1516787560655769205    6.553082    6.644131    7.903182
972    972    1516787560844387791    6.551493    6.382707    5.301704
973    973    1516787561018195923    6.550560    6.182441    5.753471
974    974    1516787561155498736    6.551236    6.338445    7.283172
975    975    1516787561290323361    6.552020    6.288677    7.417043
976    976    1516787561415046799    6.553246    6.994998    8.017739
977    977    1516787561542193666    6.554364    6.979995    7.864920
978    978    1516787561714801289    6.553485    6.750170    5.793487
979    979    1516787561843397680    6.554536    6.929257    7.776268
980    980    1516787561965805978    6.555857    6.961034    8.169381
981    981    1516787562085197718    6.557308    6.995803    8.375789
982    982    1516787562213813072    6.558353    7.302333    7.775121
983    983    1516787562392875171    6.557191    7.274425    5.584655
984    984    1516787562570712903    6.556086    7.066068    5.623104
985    985    1516787562742692841    6.555238    6.885301    5.814632
986    986    1516787562911287699    6.554539    6.683415    5.931379
987    987    1516787563083836212    6.553671    6.486588    5.795472
988    988    1516787563217629931    6.554487    6.654119    7.474192
989    989    1516787563401011378    6.553150    6.420077    5.453114
990    990    1516787563584067232    6.551830    6.179472    5.462814
991    991    1516787563724092384    6.552376    6.101673    7.141574
992    992    1516787563891339819    6.551743    5.961157    5.979165
993    993    1516787564070231925    6.550609    5.961761    5.589962
994    994    1516787564194336417    6.551841    6.159063    8.057726
995    995    1516787564323233994    6.552864    6.326947    7.758098
996    996    1516787564508544532    6.551456    6.260734    5.396347
997    997    1516787564652638856    6.551823    6.374288    6.939899
998    998    1516787564806529944    6.551769    6.293662    6.498102
999    999    1516787564926566188    6.553168    6.554992    8.330817
