Beat    Tag    Timestamp    Global Rate    Window Rate    Instant Rate
0    0    1516786785485268309    0.000000    0.000000    0.000000
1    1    1516786785513658348    70.447244    35.223621    35.223622
2    2    1516786785548692339    47.300684    31.533789    28.543708
3    3    1516786785582789220    41.016844    30.762634    29.328196
4    4    1516786785624766750    35.842694    28.674154    23.822269
5    5    1516786785650708884    36.266799    30.222332    38.547330
6    6    1516786785682204490    35.544510    30.466722    31.750461
7    7    1516786785714107049    34.959116    30.589228    31.345448
8    8    1516786785740285764    35.291702    31.370401    38.198972
9    9    1516786785777417501    34.229087    30.806177    26.931140
10    10    1516786785808963850    33.982550    30.893229    31.699389
11    11    1516786785834975786    34.314394    31.121872    38.443890
12    12    1516786785871903173    33.623455    30.939556    27.080172
13    13    1516786785900450194    33.720161    31.480103    35.029925
14    14    1516786785934166439    33.415154    32.320656    29.659293
15    15    1516786785963553129    33.452870    31.964788    34.029011
16    16    1516786785988959126    33.750863    32.599342    39.360786
17    17    1516786786018454966    33.759284    32.857132    33.903086
18    18    1516786786042982903    34.067604    33.036320    40.769837
19    19    1516786786070304178    34.185938    34.142899    36.601513
20    20    1516786786096252706    34.370763    34.808170    38.537832
21    21    1516786786126102814    34.330236    34.349266    33.500716
22    22    1516786786162994836    33.936992    34.353439    27.106132
23    23    1516786786195012703    33.814991    33.948654    31.232561
24    24    1516786786222768192    33.898310    34.649822    36.028909
25    25    1516786786250680390    33.968630    34.827763    35.826630
26    26    1516786786276124376    34.140220    34.823154    39.302018
27    27    1516786786308013023    34.032428    34.535389    31.359123
28    28    1516786786340763075    33.898512    33.581818    30.534303
29    29    1516786786372340134    33.819133    33.108639    31.668560
30    30    1516786786398312682    33.952348    33.106007    38.502191
31    31    1516786786423737175    34.098094    33.598270    39.332151
32    32    1516786786450959587    34.172412    34.726471    36.734438
33    33    1516786786478944629    34.216373    35.219711    35.733375
34    34    1516786786515173585    33.983708    34.199097    27.602231
35    35    1516786786549824705    33.816903    33.428680    28.859096
36    36    1516786786583640521    33.686213    32.518620    29.571961
37    37    1516786786611421688    33.743183    32.958847    35.995608
38    38    1516786786639188889    33.797820    33.509167    36.013713
39    39    1516786786665519088    33.891102    34.108860    37.979204
40    40    1516786786691324322    33.995104    34.128338    38.751828
41    41    1516786786721242252    33.981299    33.612873    33.424772
42    42    1516786786745953427    34.108438    33.899014    40.467521
43    43    1516786786771828226    34.199729    34.143257    38.647643
44    44    1516786786798620406    34.263470    35.279987    37.324324
45    45    1516786786826712895    34.291390    36.115658    35.596703
46    46    1516786786852401797    34.378501    37.207741    38.927316
47    47    1516786786878178740    34.460220    37.487293    38.794360
48    48    1516786786912974445    34.320788    36.524937    28.739179
49    49    1516786786949497299    34.147664    35.213966    27.380117
50    50    1516786786977252462    34.182669    34.973824    36.029333
51    51    1516786787004485795    34.228147    35.305305    36.719707
52    52    1516786787030150911    34.306814    35.186802    38.963393
53    53    1516786787064905892    34.185056    34.120647    28.772854
54    54    1516786787097260150    34.119279    33.485161    30.907833
55    55    1516786787125371839    34.144186    33.483009    35.572391
56    56    1516786787151373203    34.211531    33.448017    38.459521
57    57    1516786787178691298    34.250155    33.276478    36.605774
58    58    1516786787203838213    34.330870    34.380356    39.766309
59    59    1516786787230174634    34.385800    35.628098    37.970231
60    60    1516786787257804875    34.413959    35.643963    36.192229
61    61    1516786787282484844    34.497791    35.971348    40.518689
62    62    1516786787309484027    34.535389    35.799549    37.038158
63    63    1516786787334846612    34.602482    37.045170    39.428158
64    64    1516786787364223004    34.593703    37.458393    34.040940
65    65    1516786787398365907    34.499024    36.630833    29.288664
66    66    1516786787427417125    34.497871    36.226120    34.421965
67    67    1516786787458842996    34.455245    35.694946    31.820916
68    68    1516786787483631623    34.528256    35.740654    40.341081
69    69    1516786787509962722    34.573119    35.741337    37.977906
70    70    1516786787542424340    34.513668    35.134632    30.805612
71    71    1516786787574025389    34.470260    34.300549    31.644519
72    72    1516786787598512149    34.544050    34.598709    40.838396
73    73    1516786787623106329    34.614409    34.690937    40.660026
74    74    1516786787650863911    34.632505    34.886856    36.026193
75    75    1516786787685526282    34.541404    34.823746    28.849729
76    76    1516786787712629859    34.570050    35.061546    36.895499
77    77    1516786787742172444    34.560617    35.294601    33.849441
78    78    1516786787778072517    34.455624    33.962673    27.855097
79    79    1516786787803079517    34.515322    34.116093    39.988803
80    80    1516786787838058107    34.427215    33.825638    28.588917
81    81    1516786787873083814    34.341012    33.438282    28.550459
82    82    1516786787900903746    34.359489    33.069702    35.945451
83    83    1516786787928279053    34.383803    32.768330    36.529271
84    84    1516786787961941232    34.320236    32.146347    29.706930
85    85    1516786787994012310    34.280102    32.416378    31.180742
86    86    1516786788022438129    34.290176    32.278027    35.179285
87    87    1516786788051668415    34.289275    32.310596    34.211092
88    88    1516786788085640092    34.225875    32.513180    29.436286
89    89    1516786788113641398    34.241714    32.199703    35.712620
90    90    1516786788145754587    34.204273    32.499557    31.139853
91    91    1516786788173516069    34.223036    33.285374    36.021132
92    92    1516786788201353961    34.240452    33.283382    35.922260
93    93    1516786788237430236    34.154967    32.346634    27.719048
94    94    1516786788262185712    34.210596    33.306190    40.395103
95    95    1516786788290713607    34.219167    33.703930    35.053410
96    96    1516786788326120899    34.144679    32.929096    28.242770
97    97    1516786788354350126    34.157269    33.038006    35.424279
98    98    1516786788379747918    34.203039    34.001137    39.373501
99    99    1516786788413737626    34.147532    33.322647    29.420671
100    100    1516786788441447119    34.165728    33.818913    36.088715
101    101    1516786788477845141    34.084338    32.859165    27.474020
102    102    1516786788509100090    34.062741    32.494316    31.994933
103    103    1516786788545845637    33.980517    32.423801    27.214182
104    104    1516786788570554611    34.032498    32.428692    40.471126
105    105    1516786788597459123    34.059608    32.600311    37.168487
106    106    1516786788623088328    34.100108    33.673729    39.017987
107    107    1516786788656012309    34.061406    33.149666    30.372998
108    108    1516786788681492125    34.102743    33.140652    39.246751
109    109    1516786788707223900    34.140756    34.073143    38.862457
110    110    1516786788731714669    34.191232    34.450974    40.831711
111    111    1516786788758146247    34.220647    35.675922    37.833534
112    112    1516786788786369436    34.231002    36.066013    35.431857
113    113    1516786788813008654    34.257481    37.430328    37.538639
114    114    1516786788849151675    34.186679    35.894135    27.667859
115    115    1516786788881425383    34.156253    35.215450    30.984974
116    116    1516786788908534573    34.177885    35.032867    36.887860
117    117    1516786788938687103    34.169039    35.376339    33.164713
118    118    1516786788967124990    34.177168    35.009979    35.164357
119    119    1516786788995072122    34.189945    34.740532    35.781847
120    120    1516786789020685567    34.225097    34.605560    39.041995
121    121    1516786789055591670    34.170574    33.619614    28.648285
122    122    1516786789082392697    34.193980    33.781128    37.312003
123    123    1516786789112227782    34.188416    33.420322    33.517585
124    124    1516786789139389362    34.207953    34.454521    36.816709
125    125    1516786789163959125    34.251316    35.394001    40.700433
126    126    1516786789191209168    34.269300    35.376366    36.697190
127    127    1516786789221601001    34.258191    35.346443    32.903576
128    128    1516786789247428417    34.288812    35.675625    38.718546
129    129    1516786789272528943    34.325602    36.041645    39.839803
130    130    1516786789298214561    34.356634    36.032272    38.932293
131    131    1516786789323047639    34.394891    37.389332    40.268870
132    132    1516786789350401049    34.410202    37.312267    36.558513
133    133    1516786789375129160    34.448533    38.037075    40.439806
134    134    1516786789402394301    34.464043    38.022099    36.676869
135    135    1516786789430549740    34.471559    37.510696    35.517116
136    136    1516786789458728583    34.478764    37.380463    35.487617
137    137    1516786789484234920    34.508915    38.075813    39.205943
138    138    1516786789509368388    34.541884    38.176685    39.787585
139    139    1516786789542094521    34.509736    37.096725    30.556620
140    140    1516786789570685506    34.512999    36.701160    34.976060
141    141    1516786789596520913    34.539352    36.566643    38.706570
142    142    1516786789627414041    34.523170    36.099388    32.369658
143    143    1516786789661262247    34.482809    34.948772    29.543663
144    144    1516786789686865811    34.510683    35.152905    39.057063
145    145    1516786789713906801    34.526479    35.291161    36.980895
146    146    1516786789740177417    34.548329    35.530437    38.065343
147    147    1516786789770127036    34.540229    34.978230    33.389406
148    148    1516786789798693787    34.543312    34.563160    35.005731
149    149    1516786789827319855    34.545882    35.059998    34.933194
150    150    1516786789855090191    34.555184    35.161167    36.009647
151    151    1516786789883043015    34.562935    34.901321    35.774561
152    152    1516786789911019045    34.570406    35.260311    35.744886
153    153    1516786789936488420    34.597256    36.333752    39.262840
154    154    1516786789962864986    34.616785    36.231991    37.912441
155    155    1516786789990914595    34.623224    36.100067    35.651121
156    156    1516786790015888080    34.653096    36.269909    40.042469
157    157    1516786790042679344    34.668806    36.690205    37.325600
158    158    1516786790068119656    34.694558    37.115963    39.307694
159    159    1516786790101560566    34.659851    36.464314    29.903492
160    160    1516786790133365291    34.637831    35.935661    31.441869
161    161    1516786790166174360    34.608684    35.319298    30.479378
162    162    1516786790193888623    34.617359    35.351982    36.082504
163    163    1516786790221907634    34.623704    35.036182    35.690053
164    164    1516786790247719254    34.646026    35.105671    38.742241
165    165    1516786790282231059    34.605230    34.326931    28.975593
166    166    1516786790310787692    34.607674    33.909843    35.018134
167    167    1516786790340742891    34.600119    33.549892    33.383187
168    168    1516786790373505994    34.572787    32.745407    30.522139
169    169    1516786790405511616    34.551137    32.900032    31.244511
170    170    1516786790433537062    34.557541    33.314259    35.681859
171    171    1516786790460777603    34.569325    33.943958    36.709990
172    172    1516786790487228303    34.586442    34.090172    37.806183
173    173    1516786790513696422    34.603259    34.271366    37.781302
174    174    1516786790550615288    34.548472    33.014629    27.086422
175    175    1516786790578766797    34.553853    33.722748    35.522075
176    176    1516786790607364745    34.556163    33.718048    34.967544
177    177    1516786790632810682    34.579609    34.238625    39.299005
178    178    1516786790659485433    34.594605    34.967548    37.488635
179    179    1516786790689854052    34.584885    35.168861    32.928728
180    180    1516786790715298188    34.607833    35.491058    39.301786
181    181    1516786790744606958    34.605111    35.232437    34.119480
182    182    1516786790770427984    34.625255    35.310776    38.728128
183    183    1516786790797903192    34.634415    35.185650    36.396449
184    184    1516786790823313959    34.656879    36.670509    39.353397
185    185    1516786790857273369    34.623944    35.905796    29.446919
186    186    1516786790885352297    34.629091    35.972832    35.613895
187    187    1516786790910798795    34.650990    35.972759    39.298138
188    188    1516786790940769735    34.643928    35.551220    33.365654
189    189    1516786790970117750    34.640878    35.680683    34.073855
190    190    1516786790995575892    34.662312    35.678902    39.280164
191    191    1516786791020581329    34.686385    36.235249    39.991303
192    192    1516786791045791938    34.708961    36.315575    39.665841
193    193    1516786791073437625    34.716199    36.293102    36.172008
194    194    1516786791099451894    34.733456    36.213783    38.440442
195    195    1516786791127058715    34.740745    37.066505    36.222932
196    196    1516786791157771170    34.728938    36.708176    32.560080
197    197    1516786791183359951    34.748476    36.689014    39.079626
198    198    1516786791209455381    34.764762    37.218216    38.320886
199    199    1516786791245575676    34.720369    36.303185    27.685267
200    200    1516786791278417525    34.696154    35.355473    30.448956
201    201    1516786791307418772    34.695084    34.862953    34.481276
202    202    1516786791337961669    34.684886    34.226681    32.740837
203    203    1516786791365989984    34.689620    34.181915    35.678206
204    204    1516786791394105371    34.693798    33.938171    35.567712
205    205    1516786791425240115    34.680299    33.536633    32.118459
206    206    1516786791458262948    34.655983    33.278782    30.282078
207    207    1516786791482947203    34.680083    33.379257    40.511654
208    208    1516786791517430495    34.647610    32.470154    28.999551
209    209    1516786791543124469    34.665729    33.607933    38.919632
210    210    1516786791570222671    34.675691    34.269444    36.902817
211    211    1516786791596268502    34.691539    34.620079    38.393860
212    212    1516786791629332890    34.667604    34.320480    30.244020
213    213    1516786791665894128    34.624325    33.343987    27.351371
214    214    1516786791693737045    34.630117    33.374310    35.915777
215    215    1516786791730107679    34.588560    32.801128    27.494709
216    216    1516786791757449651    34.597214    33.423946    36.573807
217    217    1516786791792848025    34.561593    32.268387    28.249885
218    218    1516786791819741828    34.572723    33.078480    37.183287
219    219    1516786791845160587    34.591781    33.108624    39.341024
220    220    1516786791871793609    34.604106    33.159695    37.547373
221    221    1516786791907475362    34.567556    32.132969    28.025529
222    222    1516786791937463559    34.561880    32.453766    33.346453
223    223    1516786791964272956    34.573212    33.514442    37.300354
224    224    1516786791997139665    34.552280    32.959503    30.425924
225    225    1516786792022714075    34.570076    34.175602    39.101586
226    226    1516786792049639251    34.580617    34.224354    37.139961
227    227    1516786792075255960    34.597940    35.409771    39.037021
228    228    1516786792102080744    34.608809    35.418427    37.278958
229    229    1516786792130023581    34.613765    35.104595    35.787347
230    230    1516786792155409736    34.631949    35.258926    39.391550
231    231    1516786792182360365    34.641901    36.378849    37.104885
232    232    1516786792209198766    34.652351    36.800533    37.260044
233    233    1516786792234957865    34.668261    36.943325    38.821234
234    234    1516786792262506596    34.674891    37.683670    36.299313
235    235    1516786792296929517    34.646468    36.467678    29.050411
236    236    1516786792322875484    34.661248    36.598366    38.541635
237    237    1516786792348911440    34.675462    36.542297    38.408423
238    238    1516786792382020580    34.653992    35.721962    30.203140
239    239    1516786792410377332    34.656494    35.669220    35.264970
240    240    1516786792447138897    34.617133    34.278370    27.202324
241    241    1516786792473520825    34.629544    34.345322    37.904735
242    242    1516786792499965859    34.641551    34.391785    37.814283
243    243    1516786792527222327    34.649474    34.215588    36.688539
244    244    1516786792555027656    34.654645    34.185574    35.964329
245    245    1516786792583049314    34.658719    34.950394    35.686682
246    246    1516786792611243556    34.661922    34.677902    35.468235
247    247    1516786792635927598    34.682117    34.841244    40.512004
248    248    1516786792670420592    34.654798    34.674061    28.991395
249    249    1516786792707108315    34.617217    33.700558    27.257075
250    250    1516786792731805427    34.637234    35.128822    40.490564
251    251    1516786792761401235    34.633782    34.736649    33.788569
252    252    1516786792790153384    34.634357    34.460476    34.780009
253    253    1516786792821836974    34.621089    33.942646    31.562080
254    254    1516786792847354891    34.636919    34.208241    39.188152
255    255    1516786792881763731    34.610986    33.476791    29.062299
256    256    1516786792907257118    34.626837    33.782238    39.225859
257    257    1516786792935822163    34.628298    33.345055    35.007822
258    258    1516786792961563636    34.642826    34.347378    38.847816
259    259    1516786792989004842    34.649404    35.474010    36.441547
260    260    1516786793019380095    34.642438    34.773579    32.921536
261    261    1516786793050047383    34.634191    34.644497    32.608035
262    262    1516786793079603975    34.631074    34.548210    33.833400
263    263    1516786793108230928    34.632204    34.916939    34.932115
264    264    1516786793147318618    34.586043    33.337364    25.583502
265    265    1516786793173456061    34.598531    34.282696    38.259290
266    266    1516786793200048120    34.608894    34.154057    37.605211
267    267    1516786793225491038    34.624327    34.522175    39.303668
268    268    1516786793252776547    34.631441    34.339134    36.649490
269    269    1516786793287700538    34.604594    33.478889    28.633612
270    270    1516786793312696932    34.621842    34.092827    40.005770
271    271    1516786793338540418    34.635245    34.662880    38.694470
272    272    1516786793365851034    34.642108    34.934856    36.615798
273    273    1516786793393779175    34.646219    35.020351    35.806178
274    274    1516786793419187935    34.661304    36.782379    39.356505
275    275    1516786793447119016    34.665307    36.541298    35.802410
276    276    1516786793482241684    34.638105    35.436668    28.471641
277    277    1516786793507475172    34.653806    35.462986    39.629876
278    278    1516786793543678211    34.622215    34.375877    27.621991
279    279    1516786793572344777    34.623142    35.131573    34.883843
280    280    1516786793605831500    34.603511    34.114025    29.862582
281    281    1516786793632896805    34.611298    33.972424    36.947672
282    282    1516786793659665142    34.620291    34.035126    37.357569
283    283    1516786793686925236    34.627149    34.112686    36.683659
284    284    1516786793715112619    34.630060    33.792381    35.476866
285    285    1516786793744177510    34.629270    33.663403    34.405772
286    286    1516786793771730287    34.634806    34.543674    36.293982
287    287    1516786793797440840    34.647981    34.486843    38.894535
288    288    1516786793822947458    34.661924    35.807739    39.205511
289    289    1516786793847714027    34.678850    36.314873    40.377010
290    290    1516786793872465677    34.695738    37.504570    40.401347
291    291    1516786793899196478    34.704361    37.551678    37.410027
292    292    1516786793926570135    34.710286    37.466515    36.531473
293    293    1516786793954395667    34.714320    37.387310    35.938217
294    294    1516786793989398531    34.689027    36.458305    28.569091
295    295    1516786794016555116    34.695821    36.713737    36.823481
296    296    1516786794044100374    34.700996    36.714752    36.303889
297    297    1516786794069528992    34.714696    36.752792    39.325771
298    298    1516786794106524778    34.681720    35.263752    27.030106
299    299    1516786794134923139    34.683465    34.817837    35.213300
300    300    1516786794166276597    34.673392    34.035496    31.894409
301    301    1516786794194567949    34.675578    33.855671    35.346490
302    302    1516786794229069779    34.653120    33.057892    28.983970
303    303    1516786794256370071    34.659272    33.115391    36.629645
304    304    1516786794285837147    34.656851    33.733795    33.936180
305    305    1516786794310745149    34.672348    33.991634    40.147740
306    306    1516786794346329795    34.645962    33.087448    28.102008
307    307    1516786794374459852    34.648820    32.794319    35.549164
308    308    1516786794402779796    34.650923    33.754704    35.310804
309    309    1516786794427923033    34.665321    34.129704    39.772126
310    310    1516786794459842018    34.653457    34.063957    31.329317
311    311    1516786794487557328    34.657852    34.130928    36.081141
312    312    1516786794515542291    34.661185    34.907364    35.733476
313    313    1516786794541137252    34.673647    35.116405    39.070190
314    314    1516786794567764417    34.682096    35.470139    37.555632
315    315    1516786794593294226    34.694675    35.392082    39.169897
316    316    1516786794619178154    34.705839    36.650394    38.634013
317    317    1516786794647789719    34.706604    36.585831    34.950902
318    318    1516786794673681091    34.717639    36.913815    38.622905
319    319    1516786794700061970    34.726768    36.745937    37.906243
320    320    1516786794725966666    34.737634    37.576378    38.603039
321    321    1516786794753321081    34.743005    37.627403    36.557170
322    322    1516786794777806052    34.759073    38.129555    40.841380
323    323    1516786794803314426    34.771238    38.142143    39.202812
324    324    1516786794830201223    34.778206    38.104412    37.192976
325    325    1516786794856231284    34.788314    38.031914    38.417121
326    326    1516786794885855409    34.785061    37.498512    33.756271
327    327    1516786794912846548    34.791544    37.727760    37.049196
328    328    1516786794948480381    34.766208    36.390194    28.063217
329    329    1516786794986578026    34.732054    34.902058    26.248342
330    330    1516786795011274260    34.746986    35.049889    40.492004
331    331    1516786795038486475    34.752687    35.067368    36.748203
332    332    1516786795069779244    34.743557    34.249718    31.956264
333    333    1516786795096829842    34.749817    34.069759    36.967759
334    334    1516786795122509794    34.760984    34.210423    38.940883
335    335    1516786795149047085    34.769008    34.151161    37.682822
336    336    1516786795181290679    34.756520    33.848362    31.013912
337    337    1516786795214713829    34.739904    33.127140    29.919382
338    338    1516786795244069906    34.737872    33.830700    34.064497
339    339    1516786795277710608    34.720654    34.348614    29.725896
340    340    1516786795304097356    34.729192    34.150311    37.897811
341    341    1516786795334481726    34.723585    33.784325    32.911658
342    342    1516786795362929442    34.724820    34.112206    35.152207
343    343    1516786795390318157    34.729760    34.072906    36.511388
344    344    1516786795415784940    34.741395    34.097675    39.266836
345    345    1516786795443001956    34.746862    34.018826    36.741721
346    346    1516786795471059234    34.749376    34.510300    35.641376
347    347    1516786795499856774    34.749306    35.070129    34.725188
348    348    1516786795528422059    34.750041    35.167660    35.007527
349    349    1516786795557964600    34.747399    35.681915    33.849492
350    350    1516786795595764683    34.716396    34.285637    26.454968
351    351    1516786795627040453    34.707938    34.181171    31.973633
352    352    1516786795654097204    34.713929    34.344463    36.959353
353    353    1516786795679845825    34.724342    34.539013    38.837031
354    354    1516786795710449592    34.718211    33.936882    32.675716
355    355    1516786795738544488    34.720610    33.836075    35.593654
356    356    1516786795767553686    34.719908    33.727444    34.471825
357    357    1516786795792392599    34.733257    34.183849    40.259411
358    358    1516786795819025531    34.740510    34.411152    37.547499
359    359    1516786795847762582    34.740671    34.506798    34.798282
360    360    1516786795873959533    34.749324    35.946026    38.172381
361    361    1516786795912055480    34.718269    35.085869    26.249512
362    362    1516786795937813315    34.728384    35.246498    38.823139
363    363    1516786795970158321    34.716626    34.445641    30.916674
364    364    1516786796006158472    34.692882    33.817043    27.777661
365    365    1516786796034568184    34.694246    33.781078    35.199230
366    366    1516786796060022205    34.705299    34.191715    39.286524
367    367    1516786796093058550    34.691485    33.259502    30.269692
368    368    1516786796119401001    34.699586    33.291664    37.961540
369    369    1516786796146533184    34.705075    33.470497    36.856599
370    370    1516786796174571864    34.707593    33.265434    35.665017
371    371    1516786796205980593    34.699187    34.022270    31.838283
372    372    1516786796233658468    34.702871    33.801464    36.129941
373    373    1516786796268333474    34.684016    33.537334    28.839216
374    374    1516786796295861679    34.688198    34.518085    36.326379
375    375    1516786796325829265    34.684552    34.333458    33.369388
376    376    1516786796350358024    34.698287    34.442875    40.768471
377    377    1516786796386069901    34.676349    34.128368    28.001889
378    378    1516786796415285321    34.675152    33.796993    34.228500
379    379    1516786796444137427    34.675111    33.601673    34.659515
380    380    1516786796468741137    34.688482    33.994034    40.644277
381    381    1516786796499076889    34.683733    34.118481    32.964405
382    382    1516786796523580582    34.697333    34.492020    40.810175
383    383    1516786796548262482    34.710314    35.723343    40.515519
384    384    1516786796583470440    34.690303    34.769455    28.402670
385    385    1516786796612167465    34.690707    34.923737    34.846818
386    386    1516786796640805522    34.691292    34.429630    34.918570
387    387    1516786796673826349    34.678285    34.751610    30.283917
388    388    1516786796701152052    34.682956    34.981335    36.595582
389    389    1516786796728787280    34.686649    35.130878    36.185697
390    390    1516786796759035575    34.682284    34.447784    33.059715
391    391    1516786796783572850    34.695471    35.149883    40.754322
392    392    1516786796811366407    34.698622    34.748062    35.979562
393    393    1516786796839232092    34.701538    34.367847    35.886432
394    394    1516786796868187789    34.701115    35.122555    34.535518
395    395    1516786796898166814    34.697584    34.965115    33.356655
396    396    1516786796923700677    34.707553    35.348785    39.163678
397    397    1516786796950555913    34.713477    36.136364    37.236686
398    398    1516786796975017693    34.726606    36.514256    40.880099
399    399    1516786796999923828    34.738338    36.881786    40.150750
400    400    1516786797025879650    34.746859    37.475067    38.527002
401    401    1516786797052376189    34.753718    37.201920    37.740778
402    402    1516786797085786711    34.739827    36.440453    29.930691
403    403    1516786797112480494    34.746076    36.596737    37.461906
404    404    1516786797137952937    34.755939    37.069283    39.258111
405    405    1516786797169337049    34.748169    36.877205    31.863256
406    406    1516786797205441263    34.726450    35.493645    27.697598
407    407    1516786797241423353    34.705224    34.379921    27.791604
408    408    1516786797277479850    34.683910    33.061989    27.734253
409    409    1516786797309005257    34.676008    32.353935    31.720447
410    410    1516786797336351092    34.680375    32.209084    36.568640
411    411    1516786797367659071    34.673157    31.717548    31.940739
412    412    1516786797396003924    34.674601    32.235477    35.279774
413    413    1516786797421730794    34.683643    32.336266    38.869866
414    414    1516786797459191456    34.658649    31.129517    26.694670
415    415    1516786797483979390    34.670391    31.782118    40.342208
416    416    1516786797509528966    34.679887    32.885250    39.139593
417    417    1516786797544362187    34.662638    33.009964    28.708227
418    418    1516786797577734016    34.649674    33.305119    29.965394
419    419    1516786797604815073    34.654761    33.805504    36.926181
420    420    1516786797633424542    34.655465    33.661709    34.953462
421    421    1516786797658827268    34.665294    34.344410    39.365854
422    422    1516786797684701449    34.673742    34.638329    38.648566
423    423    1516786797711794496    34.678697    34.475185    36.909839
424    424    1516786797738560972    34.684555    35.794884    37.360167
425    425    1516786797763981328    34.694190    35.714039    39.338552
426    426    1516786797792705403    34.694469    35.313671    34.814002
427    427    1516786797818699473    34.702427    36.451481    38.470313
428    428    1516786797846191213    34.706146    37.249886    36.374562
429    429    1516786797870721737    34.718148    37.607182    40.765538
430    430    1516786797905507609    34.701425    36.753483    28.747303
431    431    1516786797937187441    34.693447    35.924679    31.565824
432    432    1516786797965264074    34.695525    35.642666    35.616806
433    433    1516786797991358413    34.703092    35.769997    38.322488
434    434    1516786798019237295    34.705687    35.628227    35.869444
435    435    1516786798051077500    34.697328    34.831532    31.406833
436    436    1516786798085575650    34.681694    34.144814    28.987062
437    437    1516786798118452004    34.670595    33.360851    30.416998
438    438    1516786798150772803    34.661075    32.831924    30.939829
439    439    1516786798179025911    34.662707    32.435501    35.394336
440    440    1516786798207009682    34.665066    33.167267    35.734998
441    441    1516786798235055116    34.667246    33.571953    35.656428
442    442    1516786798262964738    34.669786    33.590790    35.829937
443    443    1516786798299430811    34.649163    32.459904    27.422750
444    444    1516786798325917636    34.655568    32.607243    37.754620
445    445    1516786798357200160    34.649034    32.666645    31.966730
446    446    1516786798384445186    34.653374    33.459415    36.703947
447    447    1516786798408995234    34.664923    34.418285    40.733118
448    448    1516786798434593109    34.673623    35.233562    39.065743
449    449    1516786798462343494    34.676535    35.296082    36.035536
450    450    1516786798488186818    34.684521    35.564770    38.694713
451    451    1516786798523560077    34.667118    34.661449    28.269943
452    452    1516786798551367067    34.669874    34.673786    35.962181
453    453    1516786798576452960    34.679826    36.098198    39.863042
454    454    1516786798611935057    34.662265    34.962906    28.183227
455    455    1516786798639819586    34.664808    35.383274    35.862180
456    456    1516786798668199165    34.666039    35.241795    35.236604
457    457    1516786798698881052    34.661225    34.496342    32.592519
458    458    1516786798724518586    34.669637    34.491623    39.005312
459    459    1516786798758248796    34.656873    33.794598    29.647014
460    460    1516786798793077851    34.641313    32.798603    28.711660
461    461    1516786798820327449    34.645516    33.696426    36.697789
462    462    1516786798845779374    34.654363    33.965973    39.289759
463    463    1516786798872124045    34.660865    33.821365    37.958341
464    464    1516786798901835100    34.658643    34.494648    33.657506
465    465    1516786798934116181    34.649808    33.979324    30.977897
466    466    1516786798962918214    34.649958    33.930622    34.719771
467    467    1516786798990918804    34.652163    34.242146    35.713533
468    468    1516786799019779476    34.652157    33.868351    34.649228
469    469    1516786799047144474    34.655972    34.614571    36.543032
470    470    1516786799075090645    34.658290    35.459385    35.783077
471    471    1516786799107169328    34.650083    34.862411    31.173350
472    472    1516786799143330039    34.631561    33.607723    27.654324
473    473    1516786799171639047    34.632994    33.387310    35.324445
474    474    1516786799197596096    34.640362    33.811085    38.525181
475    475    1516786799234780489    34.619410    33.259686    26.893003
476    476    1516786799260134108    34.628287    33.645576    39.442101
477    477    1516786799288615864    34.629281    33.591194    35.110195
478    478    1516786799319365255    34.624595    33.379421    32.520969
479    479    1516786799343897201    34.635461    33.698090    40.763175
480    480    1516786799373821765    34.632836    33.474918    33.417362
481    481    1516786799409571568    34.615736    33.068539    27.972182
482    482    1516786799436691049    34.620125    34.087692    36.873862
483    483    1516786799463109149    34.626235    34.308838    37.852836
484    484    1516786799490487486    34.629947    34.142349    36.525228
485    485    1516786799521325883    34.625107    34.898483    32.427107
486    486    1516786799546892688    34.633268    34.872540    39.113217
487    487    1516786799572315433    34.641753    35.248558    39.334855
488    488    1516786799597816268    34.650015    35.912960    39.214402
489    489    1516786799629493562    34.643113    35.014450    31.568353
490    490    1516786799656567268    34.647494    35.367496    36.936207
491    491    1516786799682158723    34.655476    36.685513    39.075543
492    492    1516786799717412966    34.639895    35.622440    28.365380
493    493    1516786799747505422    34.636922    35.162205    33.230920
494    494    1516786799782331533    34.622495    34.264877    28.714088
495    495    1516786799814581446    34.614360    34.099949    31.007836
496    496    1516786799845767743    34.608824    33.458797    32.065365
497    497    1516786799877356983    34.602344    32.782417    31.656349
498    498    1516786799904511532    34.606532    32.605656    36.826242
499    499    1516786799939181201    34.592709    32.290600    28.843656
500    500    1516786799971047114    34.585645    31.798540    31.381495
501    501    1516786799996659149    34.593514    31.796459    39.044145
502    502    1516786800026469749    34.591365    32.356514    33.545115
503    503    1516786800058324104    34.584373    32.173100    31.392882
504    504    1516786800084791069    34.590172    33.062275    37.782949
505    505    1516786800114083476    34.589267    33.388756    34.138540
506    506    1516786800141014593    34.593939    33.869965    37.131768
507    507    1516786800168245196    34.597889    34.377468    36.723388
508    508    1516786800193655779    34.606105    34.584816    39.353682
509    509    1516786800219088162    34.614242    35.726158    39.319949
510    510    1516786800249896483    34.609744    35.861656    32.458763
511    511    1516786800277174285    34.613525    35.648701    36.659845
512    512    1516786800304454150    34.617286    35.973240    36.657073
513    513    1516786800334197119    34.615292    36.248562    33.621391
514    514    1516786800359586169    34.623437    36.390751    39.387059
515    515    1516786800384375194    34.632948    36.997063    40.340433
516    516    1516786800412435097    34.634838    36.843201    35.638042
517    517    1516786800438334032    34.641726    37.024853    38.611626
518    518    1516786800470554971    34.633972    36.114223    31.035719
519    519    1516786800499597249    34.633582    35.649471    34.432561
520    520    1516786800527572428    34.635651    36.013203    35.745973
521    521    1516786800552447647    34.644839    36.327526    40.200651
522    522    1516786800586615537    34.632672    35.440712    29.267245
523    523    1516786800614779267    34.634299    35.640186    35.506661
524    524    1516786800650355227    34.618991    34.391556    28.108869
525    525    1516786800678638037    34.620365    33.983223    35.357166
526    526    1516786800706791008    34.622029    33.972477    35.520230
527    527    1516786800732480462    34.629281    33.996674    38.926479
528    528    1516786800758074771    34.636725    34.780212    39.071186
529    529    1516786800784890180    34.641379    35.051693    37.291991
530    530    1516786800817372859    34.633210    34.506504    30.785638
531    531    1516786800844441116    34.637282    34.247341    36.943642
532    532    1516786800873391630    34.637102    34.870411    34.541701
533    533    1516786800899010780    34.644409    35.182587    39.033301
534    534    1516786800929563890    34.640622    35.815510    32.729892
535    535    1516786800957692623    34.642276    35.835285    35.550837
536    536    1516786800983122415    34.649958    36.188431    39.323955
537    537    1516786801014161447    34.645096    35.501156    32.217500
538    538    1516786801050706281    34.628001    34.172672    27.363649
539    539    1516786801075675449    34.636684    34.389637    40.049392
540    540    1516786801102693087    34.640794    35.048340    37.012858
541    541    1516786801134442058    34.634416    34.482647    31.497084
542    542    1516786801161416174    34.638612    34.719265    37.072577
543    543    1516786801193390126    34.631766    33.969776    31.275458
544    544    1516786801220434218    34.635796    34.379581    36.976653
545    545    1516786801246656310    34.641619    34.606426    38.135783
546    546    1516786801277572366    34.637124    33.961628    32.345652
547    547    1516786801308645359    34.632304    33.957710    32.182288
548    548    1516786801338991976    34.629089    34.687813    32.952602
549    549    1516786801366984781    34.631017    34.327770    35.723465
550    550    1516786801403472920    34.614456    33.246910    27.406166
551    551    1516786801429855753    34.619899    33.850834    37.903435
552    552    1516786801457455410    34.622685    33.779305    36.232334
553    553    1516786801489012031    34.616900    33.826992    31.689071
554    554    1516786801517846451    34.617015    33.623363    34.680774
555    555    1516786801549049921    34.612024    33.069481    32.047718
556    556    1516786801582521152    34.602177    32.792393    29.876403
557    557    1516786801608545212    34.608349    33.344463    38.425980
558    558    1516786801636164217    34.611083    33.650520    36.206952
559    559    1516786801667798436    34.605219    33.243172    31.611338
560    560    1516786801694054063    34.610859    34.413795    38.087074
561    561    1516786801721763283    34.613382    34.257423    36.089071
562    562    1516786801748863503    34.617192    34.316135    36.900069
563    563    1516786801774607043    34.623873    35.014618    38.844697
564    564    1516786801801975603    34.627084    35.195263    36.538276
565    565    1516786801827787193    34.633584    35.876076    38.742286
566    566    1516786801854905565    34.637298    36.712818    36.875370
567    567    1516786801880320400    34.644599    36.795120    39.347098
568    568    1516786801908833768    34.645339    36.674427    35.071269
569    569    1516786801940372384    34.639708    36.687294    31.707162
570    570    1516786801973944464    34.629827    35.728271    29.786656
571    571    1516786802002025600    34.631495    35.680859    35.611095
572    572    1516786802030020160    34.633339    35.567360    35.721226
573    573    1516786802058819733    34.633494    35.184917    34.722737
574    574    1516786802093787380    34.620787    34.268665    28.597864
575    575    1516786802121859606    34.622477    34.005230    35.622398
576    576    1516786802148119455    34.627927    34.104794    38.080950
577    577    1516786802175704956    34.630610    33.854172    36.250928
578    578    1516786802202021160    34.635913    34.107880    37.999401
579    579    1516786802226749323    34.644486    34.919014    40.439720
580    580    1516786802257939982    34.639681    35.211823    32.060881
581    581    1516786802289891422    34.633327    34.738407    31.297494
582    582    1516786802317806860    34.635299    34.747959    35.822472
583    583    1516786802349824070    34.628840    34.363750    31.233202
584    584    1516786802387005831    34.611826    34.104263    26.894907
585    585    1516786802415226227    34.613199    34.087040    35.435364
586    586    1516786802444105049    34.613223    33.785427    34.627451
587    587    1516786802477380693    34.604291    33.148174    30.052010
588    588    1516786802503126033    34.610702    33.211018    38.841981
589    589    1516786802531172022    34.612421    32.849060    35.655722
590    590    1516786802556571963    34.619500    33.486031    39.370170
591    591    1516786802593929990    34.602356    32.890564    26.768009
592    592    1516786802628156376    34.591604    32.221737    29.217224
593    593    1516786802656436155    34.592871    32.614502    35.360955
594    594    1516786802685900591    34.591752    33.456593    33.939221
595    595    1516786802718326987    34.584690    32.992329    30.839073
596    596    1516786802754288668    34.570577    32.238968    27.807376
597    597    1516786802782674945    34.571656    32.755283    35.228290
598    598    1516786802810813482    34.573227    32.500515    35.538450
599    599    1516786802835783730    34.581105    32.828678    40.047660
600    600    1516786802862788388    34.584912    32.656643    37.030649
601    601    1516786802890793486    34.586719    33.685516    35.707784
602    602    1516786802918851986    34.588413    34.400242    35.639824
603    603    1516786802951644831    34.580727    33.874344    30.494457
604    604    1516786802979401821    34.583022    34.071407    36.026961
605    605    1516786803004391423    34.590772    34.957157    40.016644
606    606    1516786803040833203    34.575931    34.898590    27.441031
607    607    1516786803069060161    34.577297    34.918003    35.427126
608    608    1516786803104414789    34.564671    34.059795    28.284840
609    609    1516786803130050121    34.571127    33.982811    39.008662
610    610    1516786803161346029    34.566492    33.494370    31.953059
611    611    1516786803191034024    34.565012    33.306629    33.683649
612    612    1516786803218972443    34.566946    33.319954    35.793006
613    613    1516786803250218522    34.562439    33.492569    32.004016
614    614    1516786803281758732    34.557375    33.073494    31.705559
615    615    1516786803307347509    34.563868    33.008083    39.079632
616    616    1516786803334788868    34.566755    34.018738    36.441344
617    617    1516786803362889468    34.568358    34.033367    35.586429
618    618    1516786803391043103    34.569853    34.888390    35.519392
619    619    1516786803419006468    34.571710    34.607304    35.761075
620    620    1516786803455482371    34.557184    33.997841    27.415360
621    621    1516786803491394347    34.543799    33.293346    27.845864
622    622    1516786803516110636    34.551908    33.654373    40.459148
623    623    1516786803543083489    34.555675    34.145432    37.074313
624    624    1516786803568100975    34.563169    34.923244    39.972042
625    625    1516786803601514899    34.554619    33.994251    29.927643
626    626    1516786803628876844    34.557624    34.003429    36.547109
627    627    1516786803662072725    34.549527    33.424332    30.124219
628    628    1516786803687040566    34.557075    33.784073    40.051521
629    629    1516786803713872472    34.561066    33.913712    37.269063
630    630    1516786803740467302    34.565496    35.089573    37.601293
631    631    1516786803767135453    34.569773    36.265903    37.497913
632    632    1516786803791639231    34.578126    36.293873    40.810033
633    633    1516786803826303560    34.567296    35.308231    28.848099
634    634    1516786803854336183    34.568983    34.936306    35.672723
635    635    1516786803879756049    34.575576    35.940044    39.339310
636    636    1516786803910225889    34.572671    35.543041    32.819339
637    637    1516786803940323595    34.570474    35.938789    33.225124
638    638    1516786803975339383    34.559088    34.686234    28.558546
639    639    1516786804001284090    34.564671    34.793304    38.543507
640    640    1516786804030085163    34.564914    34.528255    34.720929
641    641    1516786804070430315    34.543686    32.971214    24.786125
642    642    1516786804100473936    34.541654    32.379780    33.284936
643    643    1516786804132475246    34.536003    32.661415    31.248721
644    644    1516786804166665963    34.526325    32.017441    29.247705
645    645    1516786804195531173    34.526506    31.668106    34.643781
646    646    1516786804224247331    34.526961    31.844959    34.823600
647    647    1516786804248772928    34.535126    32.420235    40.773727
648    648    1516786804276370066    34.537624    33.219204    36.235642
649    649    1516786804310807204    34.527564    32.307766    29.038418
650    650    1516786804338937974    34.529087    32.377880    35.548263
651    651    1516786804364705252    34.534928    33.981827    38.808911
652    652    1516786804391328067    34.539191    34.381493    37.561768
653    653    1516786804417259104    34.544703    35.114349    38.563826
654    654    1516786804443886419    34.548932    36.072372    37.555420
655    655    1516786804468445910    34.556912    36.641479    40.717456
656    656    1516786804493881323    34.563279    37.087311    39.315265
657    657    1516786804521066432    34.566452    36.725079    36.784844
658    658    1516786804549442097    34.567457    36.620373    35.241465
659    659    1516786804575350940    34.572925    37.800934    38.596861
660    660    1516786804602196654    34.576685    37.985451    37.249894
661    661    1516786804627617573    34.583007    38.035496    39.337681
662    662    1516786804655249322    34.585324    37.890087    36.190253
663    663    1516786804683153213    34.587143    37.608959    35.837296
664    664    1516786804711054727    34.588962    37.429592    35.840349
665    665    1516786804739327257    34.590109    36.916534    35.370022
666    666    1516786804766704729    34.592858    36.653748    36.526382
667    667    1516786804801098271    34.583034    35.710224    29.075226
668    668    1516786804828018201    34.586602    35.896835    37.147199
669    669    1516786804861020487    34.579303    35.005482    30.300931
670    670    1516786804886212641    34.585945    35.209286    39.694899
671    671    1516786804921831574    34.574013    33.988865    28.074957
672    672    1516786804955258031    34.566017    33.332367    29.916422
673    673    1516786804979983483    34.573473    33.689285    40.444154
674    674    1516786805004792413    34.580761    34.043980    40.308066
675    675    1516786805030284646    34.586822    34.369293    39.227635
676    676    1516786805057795694    34.589299    34.353523    36.349033
677    677    1516786805084190997    34.593738    35.324116    37.885528
678    678    1516786805109945198    34.599296    35.470177    38.828617
679    679    1516786805137845695    34.601060    36.123878    35.841655
680    680    1516786805173101251    34.589891    34.856731    28.364324
681    681    1516786805200904300    34.591834    35.832954    35.967278
682    682    1516786805226545771    34.597558    36.861229    38.999323
683    683    1516786805261047244    34.587765    35.579117    28.984270
684    684    1516786805289983890    34.587722    35.064159    34.558255
685    685    1516786805326082134    34.575195    33.806915    27.702179
686    686    1516786805355217930    34.574823    33.622234    34.322042
687    687    1516786805383152213    34.576541    33.449154    35.798306
688    688    1516786805417698489    34.566784    32.493561    28.946680
689    689    1516786805443449724    34.572288    32.722084    38.833089
690    690    1516786805473580777    34.570202    33.280140    33.188352
691    691    1516786805499270682    34.575793    33.515839    38.925796
692    692    1516786805525047387    34.581220    33.500656    38.794718
693    693    1516786805558349909    34.573665    33.635757    30.027756
694    694    1516786805584760831    34.577987    33.923958    37.863123
695    695    1516786805615369619    34.575087    34.567692    32.670356
696    696    1516786805639869444    34.582674    35.130676    40.816618
697    697    1516786805668450675    34.583248    35.051014    34.987996
698    698    1516786805696864269    34.584107    35.821011    35.194421
699    699    1516786805734556636    34.569116    34.351639    26.530570
700    700    1516786805759755030    34.575475    34.943745    39.685069
701    701    1516786805786558708    34.579083    34.808273    37.308313
702    702    1516786805821311282    34.569164    33.753689    28.774847
703    703    1516786805847051930    34.574574    34.637791    38.849061
704    704    1516786805885631343    34.558209    33.236889    25.920560
705    705    1516786805913756544    34.559581    33.513535    35.555301
706    706    1516786805943640771    34.557979    32.919498    33.462468
707    707    1516786805971612462    34.559607    32.985687    35.750431
708    708    1516786805999464244    34.561433    33.046928    35.904345
709    709    1516786806031717412    34.555849    33.651817    31.004706
710    710    1516786806060808319    34.555594    33.216713    34.375002
711    711    1516786806091284786    34.553015    32.816357    32.812202
712    712    1516786806119497456    34.554235    33.536095    35.445068
713    713    1516786806147733373    34.555412    33.257790    35.415885
714    714    1516786806175439893    34.557471    34.505539    36.092588
715    715    1516786806205331384    34.555879    34.296513    33.454337
716    716    1516786806230791470    34.561674    34.824921    39.277165
717    717    1516786806255689666    34.568389    35.201698    40.163552
718    718    1516786806282956421    34.571150    35.274342    36.674698
719    719    1516786806311755154    34.571361    35.709473    34.723750
720    720    1516786806337349260    34.576885    36.161011    39.071496
721    721    1516786806373963056    34.564151    35.375904    27.312109
722    722    1516786806402294742    34.565143    35.361019    35.296170
723    723    1516786806433382050    34.561584    35.008038    32.167468
724    724    1516786806460763789    34.564142    35.047886    36.520690
725    725    1516786806493860766    34.557289    34.658516    30.214240
726    726    1516786806520868837    34.560459    34.473564    37.025969
727    727    1516786806547181654    34.564761    34.306263    38.004293
728    728    1516786806575139968    34.566355    34.225063    35.767536
729    729    1516786806601464763    34.570620    34.517323    37.987000
730    730    1516786806633504167    34.565531    33.766113    31.211567
731    731    1516786806660383325    34.568880    34.913731    37.203546
732    732    1516786806695964952    34.558035    34.051804    28.104392
733    733    1516786806724118447    34.559310    34.395416    35.519569
734    734    1516786806759367590    34.549054    33.489193    28.369484
735    735    1516786806789203560    34.547608    33.858959    33.516591
736    736    1516786806823298480    34.539271    33.065540    29.329883
737    737    1516786806851528382    34.540439    32.857262    35.423432
738    738    1516786806879319933    34.542312    32.875275    35.982159
739    739    1516786806904754517    34.547981    32.971767    39.316546
740    740    1516786806932770415    34.549478    33.415062    35.694019
741    741    1516786806966104183    34.542417    32.709576    29.999609
742    742    1516786806992648581    34.546281    33.705940    37.672732
743    743    1516786807017380641    34.553043    34.099178    40.433348
744    744    1516786807044575767    34.555841    35.062107    36.771295
745    745    1516786807069560555    34.562171    35.668808    40.024354
746    746    1516786807105824500    34.550453    35.394970    27.575599
747    747    1516786807131545299    34.555596    35.712128    38.879041
748    748    1516786807159302340    34.557480    35.716530    36.026895
749    749    1516786807189975602    34.554716    35.060524    32.601684
750    750    1516786807216201497    34.559031    35.281944    38.130253
751    751    1516786807244713991    34.559704    35.892490    35.072344
752    752    1516786807275510742    34.556752    35.352909    32.470958
753    753    1516786807308513515    34.550315    34.348576    30.300484
754    754    1516786807339179647    34.547591    33.943886    32.609264
755    755    1516786807369740122    34.545042    33.313393    32.722004
756    756    1516786807395292924    34.550395    34.546082    39.134651
757    757    1516786807422195907    34.553608    34.405571    37.170599
758    758    1516786807447637857    34.559113    34.681816    39.305163
759    759    1516786807481986495    34.550609    34.245296    29.113236
760    760    1516786807510062096    34.551969    34.029739    35.618116
761    761    1516786807539343241    34.551438    33.940960    34.151670
762    762    1516786807577749906    34.536636    33.086380    26.037147
763    763    1516786807605006006    34.539288    33.727665    36.689035
764    764    1516786807637474607    34.533806    33.523865    30.798986
765    765    1516786807665830275    34.534743    33.773495    35.266318
766    766    1516786807692091812    34.538933    33.692848    38.078502
767    767    1516786807729670822    34.525540    32.522976    26.610600
768    768    1516786807765583286    34.514772    31.451939    27.845486
769    769    1516786807801475588    34.504071    31.299973    27.861127
770    770    1516786807833933546    34.498705    30.876448    30.809085
771    771    1516786807860716092    34.502103    31.116505    37.337750
772    772    1516786807886333123    34.507288    32.406170    39.036530
773    773    1516786807914530279    34.508492    32.307644    35.464570
774    774    1516786807949780580    34.498857    32.019878    28.368552
775    775    1516786807983624421    34.491409    31.466911    29.547474
776    776    1516786808010858755    34.494101    31.370882    36.718357
777    777    1516786808038236482    34.496568    32.408012    36.526042
778    778    1516786808072986633    34.487768    32.530552    28.776853
779    779    1516786808100594519    34.489885    33.431519    36.221535
780    780    1516786808125056779    34.496789    34.349712    40.879297
781    781    1516786808150933472    34.501524    34.456932    38.644814
782    782    1516786808181807308    34.498652    33.843906    32.389885
783    783    1516786808207199621    34.504109    34.168251    39.381997
784    784    1516786808235160031    34.505659    35.041065    35.764855
785    785    1516786808263770423    34.506220    35.695671    34.952335
786    786    1516786808293305959    34.505380    35.404846    33.857520
787    787    1516786808329803619    34.494026    34.297417    27.399017
788    788    1516786808357186903    34.496450    35.186455    36.518629
789    789    1516786808381994573    34.502749    35.536594    40.310114
790    790    1516786808407672170    34.507725    35.383778    38.944454
791    791    1516786808435029037    34.510164    35.199425    36.553893
792    792    1516786808460668618    34.515177    35.860119    39.002197
793    793    1516786808494725226    34.507551    34.779510    29.362877
794    794    1516786808529481430    34.498900    33.976463    28.771842
795    795    1516786808554471400    34.504876    34.399609    40.016054
796    796    1516786808582956686    34.505617    34.524342    35.105844
797    797    1516786808611191216    34.506731    35.538170    35.417625
798    798    1516786808640032218    34.506938    35.355015    34.672859
799    799    1516786808673236765    34.500651    34.335682    30.116357
800    800    1516786808705835003    34.495282    33.538719    30.676505
801    801    1516786808741914634    34.484766    32.585434    27.716470
802    802    1516786808768887581    34.487765    32.444466    37.074184
803    803    1516786808796215797    34.490233    33.168533    36.592217
804    804    1516786808821652714    34.495489    34.226498    39.312940
805    805    1516786808848243783    34.499030    34.039959    37.606611
806    806    1516786808873614420    34.504364    34.404728    39.415644
807    807    1516786808899328273    34.509180    34.705708    38.889543
808    808    1516786808924839522    34.514283    35.111458    39.198394
809    809    1516786808953118109    34.515305    35.729427    35.362446
810    810    1516786808978946017    34.519925    36.615147    38.717809
811    811    1516786809005516816    34.523445    37.935955    37.635300
812    812    1516786809033896099    34.524305    37.734634    35.236972
813    813    1516786809071245846    34.512032    36.359665    26.773943
814    814    1516786809102664160    34.508462    35.585739    31.828570
815    815    1516786809137026846    34.500606    34.628071    29.101334
816    816    1516786809165463327    34.501405    34.264305    35.166095
817    817    1516786809192614088    34.504073    34.096432    36.831380
818    818    1516786809219310166    34.507397    33.959244    37.458686
819    819    1516786809247590509    34.508412    33.959042    35.360250
820    820    1516786809285937777    34.494828    32.574165    26.077477
821    821    1516786809311700226    34.499501    32.660160    38.816186
822    822    1516786809345033772    34.493214    32.140114    29.999809
823    823    1516786809377024547    34.488884    32.703388    31.259011
824    824    1516786809406105594    34.488759    32.955288    34.386657
825    825    1516786809441065343    34.480172    32.890572    28.604324
826    826    1516786809473045752    34.475891    32.511612    31.269144
827    827    1516786809505556813    34.470860    31.954729    30.758762
828    828    1516786809532633430    34.473631    31.915920    36.932236
829    829    1516786809559843504    34.476205    32.025314    36.751094
830    830    1516786809587331001    34.478377    33.179245    36.380177
831    831    1516786809615210344    34.479983    32.947830    35.868851
832    832    1516786809643092781    34.481582    33.550404    35.864871
833    833    1516786809670982590    34.483166    34.018459    35.855391
834    834    1516786809698955567    34.484628    34.147175    35.748787
835    835    1516786809727893950    34.484714    34.864025    34.556181
836    836    1516786809755721938    34.486376    35.376167    35.935045
837    837    1516786809783500701    34.488105    35.978485    35.998723
838    838    1516786809810799054    34.490512    35.949806    36.632247
839    839    1516786809838912555    34.491758    35.833424    35.570099
840    840    1516786809867123185    34.492864    35.740814    35.447631
841    841    1516786809893989281    34.495867    35.870716    37.221634
842    842    1516786809925280771    34.492617    35.437366    31.957571
843    843    1516786809952170520    34.495581    35.563404    37.188893
844    844    1516786809983322657    34.492535    35.165813    32.100527
845    845    1516786810022503640    34.478212    33.943214    25.522586
846    846    1516786810055141505    34.473112    33.397953    30.639259
847    847    1516786810085174825    34.471676    33.148354    33.296352
848    848    1516786810111033720    34.476086    33.307281    38.671413
849    849    1516786810138056903    34.478858    33.428680    37.005263
850    850    1516786810166069213    34.480242    33.450855    35.698591
851    851    1516786810191809152    34.484795    33.577343    38.850131
852    852    1516786810219119855    34.487148    34.032234    36.615681
853    853    1516786810247407356    34.488135    33.871113    35.351302
854    854    1516786810282753880    34.479302    33.396652    28.291325
855    855    1516786810311274488    34.479972    34.629536    35.062366
856    856    1516786810339770102    34.480675    35.133503    35.093120
857    857    1516786810369374735    34.479840    35.186497    33.778497
858    858    1516786810394167810    34.485666    35.318954    40.333843
859    859    1516786810419929729    34.490141    35.476994    38.816984
860    860    1516786810444580488    34.496143    35.905190    40.566702
861    861    1516786810469109869    34.502300    36.061932    40.767437
862    862    1516786810504605143    34.493320    35.028076    28.172765
863    863    1516786810536028374    34.489971    34.647511    31.823589
864    864    1516786810571331695    34.481297    34.652699    28.325947
865    865    1516786810600258089    34.481400    34.604038    34.570503
866    866    1516786810627909390    34.483251    34.705437    36.164664
867    867    1516786810654264060    34.486875    35.101353    37.943939
868    868    1516786810683342680    34.486762    34.581150    34.389527
869    869    1516786810709472864    34.490681    34.537167    38.269918
870    870    1516786810736937065    34.492770    34.204807    36.411036
871    871    1516786810762819110    34.497013    34.047279    38.636823
872    872    1516786810791398604    34.497570    34.868298    34.990123
873    873    1516786810819070018    34.499362    35.330490    36.138377
874    874    1516786810849861230    34.496907    35.902836    32.476799
875    875    1516786810875025956    34.502102    36.394360    39.738164
876    876    1516786810901884780    34.504986    36.499626    37.231712
877    877    1516786810929751743    34.506497    36.299263    35.884786
878    878    1516786810955579032    34.510769    36.732784    38.718737
879    879    1516786810982554664    34.513477    36.619064    37.070494
880    880    1516786811011537711    34.513465    36.416523    34.502929
881    881    1516786811039286697    34.515120    36.170605    36.037353
882    882    1516786811075268674    34.505666    35.227383    27.791691
883    883    1516786811101789327    34.508980    35.370773    37.706462
884    884    1516786811131345942    34.508201    35.525906    33.833374
885    885    1516786811160211083    34.508353    35.064941    34.643863
886    886    1516786811188475896    34.509312    34.892918    35.379679
887    887    1516786811213899298    34.514079    35.192982    39.333839
888    888    1516786811242129770    34.515075    34.897835    35.422716
889    889    1516786811272277916    34.513502    34.515697    33.169536
890    890    1516786811298080116    34.517743    34.898849    38.756385
891    891    1516786811333725143    34.508830    33.962955    28.054404
892    892    1516786811361911817    34.509885    34.886585    35.477758
893    893    1516786811389816012    34.511315    34.719006    35.836906
894    894    1516786811417038289    34.513649    35.002689    36.734620
895    895    1516786811445236603    34.514680    35.084579    35.463113
896    896    1516786811471206166    34.518669    35.369400    38.506616
897    897    1516786811499250123    34.519898    35.044582    35.658306
898    898    1516786811525118304    34.524008    35.337120    38.657531
899    899    1516786811560380812    34.515671    34.709820    28.358732
900    900    1516786811592008506    34.512160    34.021893    31.617860
901    901    1516786811616964373    34.517469    35.305843    40.070738
902    902    1516786811647856930    34.514933    34.971745    32.370257
903    903    1516786811672541816    34.520585    35.369961    40.510619
904    904    1516786811698330759    34.524772    35.550186    38.776308
905    905    1516786811732016192    34.518562    34.869987    29.686423
906    906    1516786811761816183    34.517472    34.410378    33.557057
907    907    1516786811787334194    34.522003    34.712090    39.188007
908    908    1516786811813264162    34.525985    34.704647    38.565416
909    909    1516786811839110731    34.530069    35.877026    38.689855
910    910    1516786811863713547    34.535773    36.804619    40.645754
911    911    1516786811888302421    34.541485    36.854397    40.668800
912    912    1516786811924323111    34.532248    36.170788    27.761822
913    913    1516786811960300584    34.523093    34.751331    27.795171
914    914    1516786811990865600    34.521010    34.183964    32.717143
915    915    1516786812015731871    34.526347    35.246555    40.215117
916    916    1516786812043474119    34.527935    35.504059    36.046106
917    917    1516786812074827798    34.524829    34.783382    31.894184
918    918    1516786812102813151    34.526099    34.536472    35.732978
919    919    1516786812132913490    34.524627    34.036442    33.222217
920    920    1516786812165688762    34.519696    33.115299    30.510807
921    921    1516786812198012790    34.515360    32.288231    30.936738
922    922    1516786812224037315    34.519166    33.365120    38.425293
923    923    1516786812250797713    34.522015    34.423748    37.368652
924    924    1516786812277107255    34.525439    34.935516    38.009023
925    925    1516786812312778763    34.516807    33.664719    28.033578
926    926    1516786812350476196    34.505596    32.573071    26.527005
927    927    1516786812378637680    34.506647    32.915321    35.509492
928    928    1516786812411676733    34.501445    32.376755    30.267211
929    929    1516786812436889719    34.506273    32.897308    39.662101
930    930    1516786812469790783    34.501259    32.883701    30.394154
931    931    1516786812497820257    34.502479    33.354740    35.676731
932    932    1516786812523022514    34.507304    33.446472    39.678986
933    933    1516786812558204806    34.499398    32.530151    28.423390
934    934    1516786812587352441    34.499192    32.232571    34.308101
935    935    1516786812624380719    34.488969    32.092224    27.006387
936    936    1516786812649905833    34.493374    33.396828    39.177102
937    937    1516786812676232799    34.496754    33.602703    37.983868
938    938    1516786812710166101    34.490488    33.502033    29.469575
939    939    1516786812742371814    34.486423    32.735142    31.050392
940    940    1516786812771250599    34.486572    33.171917    34.627496
941    941    1516786812797093612    34.490555    33.414268    38.695178
942    942    1516786812824194931    34.492942    33.203571    36.898573
943    943    1516786812849602735    34.497459    34.317333    39.357986
944    944    1516786812885503393    34.488755    33.540058    27.854643
945    945    1516786812919796514    34.482095    33.850594    29.160367
946    946    1516786812947523344    34.483694    33.600174    36.066150
947    947    1516786812973837436    34.487062    33.601627    38.002451
948    948    1516786813003567482    34.486143    34.083004    33.636006
949    949    1516786813032304840    34.486468    34.490726    34.797910
950    950    1516786813059912955    34.488205    34.642548    36.221234
951    951    1516786813090126455    34.486683    34.125870    33.097787
952    952    1516786813115546197    34.491148    34.322830    39.339502
953    953    1516786813141430840    34.495024    34.266747    38.632945
954    954    1516786813167203583    34.499033    35.498734    38.800682
955    955    1516786813205796488    34.487077    34.965038    25.911498
956    956    1516786813232886549    34.489447    35.043060    36.913907
957    957    1516786813262038715    34.489251    34.697971    34.302768
958    958    1516786813294269460    34.485237    34.399490    31.026276
959    959    1516786813323197594    34.485324    34.376930    34.568424
960    960    1516786813351676703    34.485966    34.274307    35.113458
961    961    1516786813381405988    34.485061    34.331284    33.636867
962    962    1516786813409805447    34.485800    33.983639    35.211938
963    963    1516786813436123706    34.489105    33.933636    37.996434
964    964    1516786813473464594    34.478821    32.651886    26.780295
965    965    1516786813505043367    34.475651    33.417225    31.666842
966    966    1516786813536842291    34.472219    32.899529    31.447605
967    967    1516786813567456314    34.470249    32.742054    32.664769
968    968    1516786813596193181    34.470584    33.120949    34.798505
969    969    1516786813622202957    34.474260    33.444218    38.447082
970    970    1516786813653870834    34.471004    33.091309    31.577740
971    971    1516786813685244592    34.468114    32.912212    31.873772
972    972    1516786813711387676    34.471618    33.158455    38.251034
973    973    1516786813741746279    34.469972    32.720097    32.939592
974    974    1516786813779544168    34.459267    32.671242    26.456504
975    975    1516786813807209545    34.460915    33.094372    36.146263
976    976    1516786813834755781    34.462704    33.566792    36.302600
977    977    1516786813863535786    34.462992    33.774715    34.746346
978    978    1516786813899012498    34.455156    33.022991    28.187505
979    979    1516786813927073439    34.456322    32.800816    35.636724
980    980    1516786813955319314    34.457262    33.173164    35.403400
981    981    1516786813983229490    34.458605    33.558746    35.829226
982    982    1516786814011239827    34.459825    33.349770    35.701106
983    983    1516786814039207074    34.461095    33.617874    35.756111
984    984    1516786814069554497    34.459493    34.481533    32.951727
985    985    1516786814102452404    34.454823    33.870422    30.397071
986    986    1516786814132483841    34.453610    33.587696    33.298440
987    987    1516786814166179148    34.447999    33.042191    29.677723
988    988    1516786814194514449    34.448832    33.840725    35.291667
989    989    1516786814230504410    34.440489    32.956425    27.785526
990    990    1516786814261798541    34.437786    32.628639    31.954874
991    991    1516786814287347746    34.441958    32.881947    39.140161
992    992    1516786814318109740    34.439894    32.587097    32.507646
993    993    1516786814352699957    34.433268    31.898651    28.909908
994    994    1516786814385042912    34.429334    31.696884    30.918634
995    995    1516786814418251282    34.424380    31.665724    30.112890
996    996    1516786814450285191    34.420833    31.466196    31.216921
997    997    1516786814479217877    34.420975    31.944929    34.562985
998    998    1516786814512375222    34.416106    31.460314    30.159230
999    999    1516786814544810288    34.412105    31.816141    30.830830
