Beat    Tag    Timestamp    Global Rate    Window Rate    Instant Rate
0    0    1516750707564499141    0.000000    0.000000    0.000000
1    1    1516750708745824751    1.693013    0.846507    0.846507
2    2    1516750709971399340    1.246416    0.830944    0.815944
3    3    1516750711195828405    1.101525    0.826144    0.816707
4    4    1516750712419714845    1.029820    0.823856    0.817069
5    5    1516750713643314935    0.987034    0.822529    0.817260
6    6    1516750714865855418    0.958726    0.821765    0.817969
7    7    1516750716092750810    0.938059    0.820801    0.815065
8    8    1516750717314726229    0.923055    0.820494    0.818347
9    9    1516750718534357218    0.911589    0.820430    0.819920
10    10    1516750719747515638    0.902896    0.820815    0.824295
11    11    1516750720963694481    0.895576    0.818473    0.822247
12    12    1516750722182311235    0.889326    0.818940    0.820603
13    13    1516750723407157342    0.883690    0.818912    0.816429
14    14    1516750724629291239    0.879003    0.819029    0.818241
15    15    1516750725850907580    0.874967    0.819162    0.818588
16    16    1516750727067806664    0.871647    0.819541    0.821761
17    17    1516750728286470533    0.868643    0.820094    0.820571
18    18    1516750729490678496    0.866544    0.821291    0.830421
19    19    1516750730691343863    0.864796    0.822572    0.832872
20    20    1516750731885126386    0.863465    0.823885    0.837674
21    21    1516750733072987496    0.862458    0.825812    0.841849
22    22    1516750734259232322    0.861593    0.828026    0.842996
23    23    1516750735452470961    0.860586    0.830198    0.838055
24    24    1516750736651849296    0.859480    0.831770    0.833765
25    25    1516750737860014142    0.858213    0.832701    0.827702
26    26    1516750739071429075    0.856954    0.833082    0.825481
27    27    1516750740290432875    0.855591    0.833058    0.820342
28    28    1516750741503768418    0.854467    0.832425    0.824174
29    29    1516750742720752066    0.853333    0.831296    0.821704
30    30    1516750743938132823    0.852266    0.829669    0.821436
31    31    1516750745150330062    0.851385    0.827997    0.824948
32    32    1516750746361996631    0.850570    0.826257    0.825310
33    33    1516750747578340486    0.849706    0.824683    0.822136
34    34    1516750748793653580    0.848914    0.823601    0.822833
35    35    1516750750008642334    0.848174    0.823138    0.823053
36    36    1516750751227369835    0.847402    0.822643    0.820528
37    37    1516750752442660862    0.846737    0.822894    0.822848
38    38    1516750753656385457    0.846136    0.822868    0.823910
39    39    1516750754874007713    0.845496    0.822825    0.821273
40    40    1516750756085866249    0.844989    0.823199    0.825179
41    41    1516750757298895332    0.844486    0.823142    0.824383
42    42    1516750758507292240    0.844084    0.823364    0.827543
43    43    1516750759715288103    0.843707    0.823930    0.827817
44    44    1516750760909088559    0.843572    0.825393    0.837661
45    45    1516750762118633966    0.843199    0.825764    0.826757
46    46    1516750763331765897    0.842788    0.826146    0.824313
47    47    1516750764557734580    0.842205    0.825418    0.815682
48    48    1516750765772355494    0.841811    0.825357    0.823302
49    49    1516750766985703525    0.841450    0.825648    0.824166
50    50    1516750768199523825    0.841098    0.825514    0.823845
51    51    1516750769412307616    0.840774    0.825531    0.824549
52    52    1516750770620733101    0.840520    0.825529    0.827523
53    53    1516750771827372344    0.840299    0.825622    0.828748
54    54    1516750773021650973    0.840244    0.825589    0.837326
55    55    1516750774192296966    0.840490    0.828249    0.854229
56    56    1516750775368946627    0.840653    0.830759    0.849871
57    57    1516750776538223405    0.840900    0.834690    0.855230
58    58    1516750777710988938    0.841097    0.837617    0.852685
59    59    1516750778885790164    0.841264    0.840330    0.851208
60    60    1516750780062584039    0.841402    0.842953    0.849766
61    61    1516750781217330223    0.841787    0.847097    0.865991
62    62    1516750782344653356    0.842470    0.852957    0.887057
63    63    1516750783463263750    0.843228    0.859410    0.893966
64    64    1516750784580801837    0.843977    0.865115    0.894824
65    65    1516750785691481929    0.844779    0.869627    0.900349
66    66    1516750786833565452    0.845223    0.872249    0.875593
67    67    1516750788010703820    0.845285    0.871651    0.849518
68    68    1516750789215810138    0.845057    0.869201    0.829802
69    69    1516750790448082593    0.844558    0.864880    0.811509
70    70    1516750791667037381    0.844208    0.861738    0.820375
71    71    1516750792886086462    0.843866    0.856989    0.820312
72    72    1516750794121989851    0.843370    0.849088    0.809125
73    73    1516750795339500200    0.843065    0.842018    0.821348
74    74    1516750796561294984    0.842727    0.834690    0.818468
75    75    1516750797779309771    0.842434    0.827278    0.821008
76    76    1516750798987637569    0.842238    0.822770    0.827590
77    77    1516750800190802685    0.842093    0.821011    0.831141
78    78    1516750801394833348    0.841945    0.821084    0.830544
79    79    1516750802599069857    0.841799    0.822978    0.830402
80    80    1516750803801464107    0.841672    0.824102    0.831674
81    81    1516750805003749301    0.841550    0.825242    0.831749
82    82    1516750806196967749    0.841508    0.828159    0.838070
83    83    1516750807384835285    0.841512    0.830197    0.841845
84    84    1516750808579913690    0.841456    0.832042    0.836765
85    85    1516750809784447106    0.841323    0.832977    0.830197
86    86    1516750810976821598    0.841292    0.834085    0.838663
87    87    1516750812171419968    0.841245    0.834682    0.837101
88    88    1516750813356701406    0.841272    0.835990    0.843681
89    89    1516750814526440798    0.841421    0.838408    0.854891
90    90    1516750815687921641    0.841631    0.841294    0.860970
91    91    1516750816840033207    0.841908    0.844860    0.867971
92    92    1516750817983161149    0.842249    0.848450    0.874793
93    93    1516750819109303317    0.842711    0.852917    0.887987
94    94    1516750820226361206    0.843231    0.858631    0.895209
95    95    1516750821324119211    0.843885    0.866576    0.910948
96    96    1516750822396980000    0.844709    0.875645    0.932087
97    97    1516750823459195674    0.845595    0.885914    0.941428
98    98    1516750824503820188    0.846593    0.897093    0.957282
99    99    1516750825582284225    0.847330    0.904499    0.927245
100    100    1516750826701481256    0.847764    0.907972    0.893498
101    101    1516750827853614002    0.847957    0.907970    0.867956
102    102    1516750829035699776    0.847938    0.904769    0.845962
103    103    1516750830235612581    0.847795    0.898771    0.833394
104    104    1516750831446000396    0.847584    0.891294    0.826181
105    105    1516750832651231832    0.847412    0.882837    0.829716
106    106    1516750833857630011    0.847235    0.872551    0.828914
107    107    1516750835066639063    0.847045    0.861516    0.827124
108    108    1516750836275564478    0.846858    0.849492    0.827181
109    109    1516750837494106497    0.846612    0.839502    0.820653
110    110    1516750838713706894    0.846364    0.832485    0.819941
111    111    1516750839938942579    0.846085    0.827450    0.816170
112    112    1516750841166312305    0.845797    0.824361    0.814750
113    113    1516750842394514179    0.845509    0.822443    0.814198
114    114    1516750843639018329    0.845125    0.820141    0.803533
115    115    1516750844874520231    0.844804    0.818110    0.809388
116    116    1516750846104884094    0.844519    0.816510    0.812768
117    117    1516750847336827039    0.844230    0.814983    0.811726
118    118    1516750848570556939    0.843935    0.813339    0.810550
119    119    1516750849805154118    0.843641    0.812279    0.809981
120    120    1516750851038075097    0.843361    0.811401    0.811082
121    121    1516750852272199912    0.843079    0.810816    0.810291
122    122    1516750853505571096    0.842806    0.810421    0.810786
123    123    1516750854745049697    0.842503    0.809681    0.806791
124    124    1516750855974992681    0.842259    0.810637    0.813046
125    125    1516750857202351486    0.842033    0.811173    0.814758
126    126    1516750858411215503    0.841914    0.812590    0.827223
127    127    1516750859608328429    0.841863    0.814896    0.835343
128    128    1516750860773423757    0.841988    0.819480    0.858299
129    129    1516750861898106617    0.842331    0.826928    0.889140
130    130    1516750863011478877    0.842731    0.835184    0.898172
131    131    1516750864124957588    0.843125    0.843686    0.898086
132    132    1516750865241262878    0.843498    0.852101    0.895812
133    133    1516750866356813202    0.843870    0.861196    0.896419
134    134    1516750867476711625    0.844213    0.869435    0.892938
135    135    1516750868634745552    0.844352    0.874707    0.863533
136    136    1516750869816929130    0.844363    0.876754    0.845892
137    137    1516750871017467937    0.844280    0.876490    0.832959
138    138    1516750872236713702    0.844101    0.872350    0.820179
139    139    1516750873465671080    0.843876    0.864486    0.813698
140    140    1516750874699151585    0.843631    0.855602    0.810714
141    141    1516750875928463606    0.843411    0.847206    0.813463
142    142    1516750877159765864    0.843184    0.839032    0.812148
143    143    1516750878391771875    0.842957    0.830913    0.811684
144    144    1516750879620355478    0.842750    0.823476    0.813945
145    145    1516750880854414641    0.842519    0.818353    0.810334
146    146    1516750882079877255    0.842333    0.815465    0.816018
147    147    1516750883311710173    0.842119    0.813389    0.811798
148    148    1516750884539136928    0.841929    0.812848    0.814713
149    149    1516750885763161342    0.841757    0.813174    0.816977
150    150    1516750886986854692    0.841590    0.813822    0.817198
151    151    1516750888210871264    0.841423    0.814173    0.816982
152    152    1516750889435314222    0.841256    0.814628    0.816698
153    153    1516750890663486668    0.841075    0.814882    0.814218
154    154    1516750891892994836    0.840890    0.814821    0.813333
155    155    1516750893126453325    0.840690    0.814861    0.810729
156    156    1516750894357791026    0.840501    0.814471    0.812125
157    157    1516750895588416438    0.840319    0.814551    0.812595
158    158    1516750896807468362    0.840190    0.815107    0.820310
159    159    1516750898013489858    0.840120    0.816305    0.829173
160    160    1516750899210986455    0.840088    0.818054    0.835075
161    161    1516750900386907318    0.840151    0.821285    0.850397
162    162    1516750901542185041    0.840303    0.825977    0.865593
163    163    1516750902722410528    0.840345    0.829261    0.847296
164    164    1516750903902716691    0.840387    0.832659    0.847238
165    165    1516750905044699840    0.840591    0.839050    0.875670
166    166    1516750906157921964    0.840914    0.847448    0.898293
167    167    1516750907261475286    0.841275    0.856673    0.906164
168    168    1516750908357896544    0.841661    0.865769    0.912058
169    169    1516750909466726980    0.841992    0.873116    0.901851
170    170    1516750910600804627    0.842214    0.877977    0.881774
171    171    1516750911750917069    0.842367    0.879971    0.869480
172    172    1516750912931495811    0.842394    0.878016    0.847042
173    173    1516750914143908476    0.842291    0.875542    0.824802
174    174    1516750915370573179    0.842131    0.872003    0.815219
175    175    1516750916602438202    0.841952    0.865221    0.811777
176    176    1516750917834495280    0.841775    0.856416    0.811651
177    177    1516750919063971025    0.841610    0.847278    0.813355
178    178    1516750920291699474    0.841453    0.837956    0.814512
179    179    1516750921519176437    0.841300    0.829707    0.814679
180    180    1516750922746061634    0.841150    0.823367    0.815072
181    181    1516750923973989878    0.840998    0.818125    0.814380
182    182    1516750925204554643    0.840838    0.814793    0.812635
183    183    1516750926430079719    0.840699    0.813923    0.815977
184    184    1516750927662282314    0.840535    0.813556    0.811555
185    185    1516750928898304087    0.840360    0.813281    0.809047
186    186    1516750930127386154    0.840212    0.813478    0.813615
187    187    1516750931356012808    0.840068    0.813534    0.813917
188    188    1516750932584812174    0.839924    0.813464    0.813803
189    189    1516750933819633652    0.839760    0.812978    0.809834
190    190    1516750935067614299    0.839549    0.811586    0.801294
191    191    1516750936305585253    0.839377    0.810925    0.807773
192    192    1516750937525767249    0.839272    0.811608    0.819550
193    193    1516750938740558615    0.839187    0.812316    0.823187
194    194    1516750939947341578    0.839133    0.813997    0.828649
195    195    1516750941141408449    0.839124    0.816786    0.837474
196    196    1516750942316787342    0.839182    0.820385    0.850789
197    197    1516750943474029243    0.839305    0.825218    0.864124
198    198    1516750944621002380    0.839462    0.830828    0.871860
199    199    1516750945764498528    0.839631    0.837180    0.874511
200    200    1516750946886636031    0.839872    0.846094    0.891156
201    201    1516750948006447202    0.840120    0.854638    0.893008
202    202    1516750949106576800    0.840433    0.863498    0.908984
203    203    1516750950190799393    0.840799    0.873344    0.922320
204    204    1516750951268773651    0.841183    0.883280    0.927666
205    205    1516750952356668449    0.841530    0.891642    0.919207
206    206    1516750953453677955    0.841843    0.897917    0.911569
207    207    1516750954536960312    0.842199    0.903920    0.923120
208    208    1516750955626772936    0.842530    0.908614    0.917589
209    209    1516750956752685285    0.842737    0.910068    0.888169
210    210    1516750957906674095    0.842846    0.907438    0.866560
211    211    1516750959074019734    0.842910    0.903540    0.856644
212    212    1516750960244896432    0.842962    0.897802    0.854061
213    213    1516750961416325878    0.843011    0.890827    0.853658
214    214    1516750962582386668    0.843078    0.883891    0.857588
215    215    1516750963768249441    0.843079    0.876303    0.843268
216    216    1516750964962614864    0.843052    0.868890    0.837265
217    217    1516750966154797237    0.843032    0.860745    0.838798
218    218    1516750967349585086    0.843005    0.853038    0.836969
219    219    1516750968547908877    0.842965    0.847801    0.834499
220    220    1516750969751031287    0.842911    0.844284    0.831171
221    221    1516750970955784119    0.842852    0.841626    0.830046
222    222    1516750972173938197    0.842751    0.838290    0.820914
223    223    1516750973395638853    0.842640    0.834772    0.818531
224    224    1516750974619820557    0.842522    0.830742    0.816872
225    225    1516750975849185789    0.842389    0.827750    0.813428
226    226    1516750977076898433    0.842262    0.825472    0.814523
227    227    1516750978304600643    0.842136    0.823059    0.814530
228    228    1516750979529668618    0.842020    0.821012    0.816281
229    229    1516750980751139483    0.841915    0.819455    0.818685
230    230    1516750981973010455    0.841811    0.818198    0.818417
231    231    1516750983189754210    0.841723    0.817396    0.821866
232    232    1516750984395218651    0.841670    0.818245    0.829556
233    233    1516750985578193977    0.841685    0.820846    0.845326
234    234    1516750986750733292    0.841732    0.824340    0.852850
235    235    1516750987916339876    0.841799    0.828696    0.857922
236    236    1516750989069367023    0.841904    0.833857    0.867282
237    237    1516750990224177441    0.842002    0.838956    0.865943
238    238    1516750991372070632    0.842120    0.844423    0.871161
239    239    1516750992507788351    0.842273    0.850583    0.880500
240    240    1516750993634035561    0.842453    0.857558    0.887905
241    241    1516750994747467740    0.842668    0.865223    0.898124
242    242    1516750995858460117    0.842890    0.872354    0.900096
243    243    1516750996974444127    0.843095    0.877482    0.896070
244    244    1516750998098642180    0.843274    0.881220    0.889523
245    245    1516750999271669479    0.843311    0.880644    0.852495
246    246    1516751000485782380    0.843230    0.875932    0.823647
247    247    1516751001711551756    0.843116    0.870521    0.815814
248    248    1516751002938775742    0.842998    0.864550    0.814847
249    249    1516751004162946397    0.842890    0.857989    0.816880
250    250    1516751005389802148    0.842776    0.850646    0.815092
251    251    1516751006616672797    0.842662    0.842516    0.815082
252    252    1516751007844201610    0.842548    0.834325    0.814645
253    253    1516751009068653748    0.842443    0.826842    0.816692
254    254    1516751010294352114    0.842335    0.819960    0.815861
255    255    1516751011520412523    0.842227    0.816410    0.815620
256    256    1516751012746657679    0.842120    0.815602    0.815498
257    257    1516751013973548253    0.842012    0.815528    0.815069
258    258    1516751015198445465    0.841910    0.815683    0.816395
259    259    1516751016421584092    0.841813    0.815751    0.817569
