Beat    Tag    Timestamp    Global Rate    Window Rate    Instant Rate
0    0    1516799006935480381    0.000000    0.000000    0.000000
1    1    1516799007138950609    9.829448    4.914724    4.914724
2    2    1516799007343273057    7.356679    4.904453    4.894225
3    3    1516799007545725675    6.554741    4.916056    4.939427
4    4    1516799007747786504    6.155315    4.924252    4.949005
5    5    1516799007949914681    5.914627    4.928855    4.947356
6    6    1516799008152154009    5.753392    4.931479    4.944637
7    7    1516799008357007014    5.627752    4.924284    4.881549
8    8    1516799008572507840    5.497770    4.886907    4.640353
9    9    1516799008775669146    5.434225    4.890802    4.922197
10    10    1516799008977908321    5.385747    4.896133    4.944640
11    11    1516799009184737363    5.335095    4.888095    4.834911
12    12    1516799009387013362    5.302804    4.892990    4.943740
13    13    1516799009596451274    5.261238    4.876323    4.774685
14    14    1516799009799132994    5.238066    4.874846    4.933844
15    15    1516799010001710705    5.218134    4.873779    4.936377
16    16    1516799010204573011    5.200220    4.872299    4.929452
17    17    1516799010407788390    5.183872    4.876190    4.920887
18    18    1516799010610226348    5.170425    4.907449    4.939785
19    19    1516799010813577721    5.157168    4.906991    4.917596
20    20    1516799011016019046    5.146379    4.906505    4.939703
21    21    1516799011218061289    5.137089    4.918056    4.949460
22    22    1516799011420263621    5.128453    4.918234    4.945541
23    23    1516799011622199150    5.120853    4.936449    4.952076
24    24    1516799011825918461    5.112016    4.933921    4.908715
25    25    1516799012028814039    5.104712    4.933147    4.928644
26    26    1516799012234826965    5.094968    4.925492    4.854064
27    27    1516799012438861827    5.087781    4.923505    4.901123
28    28    1516799012653810815    5.071410    4.893363    4.652267
29    29    1516799012856654513    5.066563    4.894578    4.929904
30    30    1516799013058672334    5.062719    4.895594    4.950058
31    31    1516799013261211442    5.058704    4.894403    4.937318
32    32    1516799013463222679    5.055347    4.894861    4.950220
33    33    1516799013676835045    5.043497    4.867043    4.681377
34    34    1516799013879540156    5.040279    4.869446    4.933275
35    35    1516799014082254001    5.037238    4.869877    4.933062
36    36    1516799014285402406    5.034067    4.876680    4.922510
37    37    1516799014488232473    5.031279    4.879547    4.930236
38    38    1516799014690448075    5.029034    4.910055    4.945217
39    39    1516799014893040235    5.026667    4.910661    4.936025
40    40    1516799015099175343    5.022236    4.900753    4.851187
41    41    1516799015301876887    5.020082    4.900362    4.933362
42    42    1516799015509215183    5.015317    4.887603    4.823036
43    43    1516799015713895688    5.012294    4.909034    4.885663
44    44    1516799015916275540    5.010692    4.909818    4.941203
45    45    1516799016118704229    5.009134    4.910505    4.940011
46    46    1516799016321791022    5.007292    4.910654    4.924003
47    47    1516799016524173474    5.005896    4.911734    4.941140
48    48    1516799016726302157    5.004687    4.911943    4.947343
49    49    1516799016928535576    5.003475    4.912809    4.944781
50    50    1516799017130309253    5.002536    4.923358    4.956048
51    51    1516799017332030911    5.001659    4.925735    4.957326
52    52    1516799017534643830    5.000395    4.937226    4.935519
53    53    1516799017737193506    4.999207    4.942426    4.937060
54    54    1516799017939329496    4.998251    4.943022    4.947165
55    55    1516799018145640163    4.995468    4.933555    4.847059
56    56    1516799018349858239    4.993702    4.930803    4.896726
57    57    1516799018576338699    4.982450    4.872902    4.415392
58    58    1516799018778948368    4.981649    4.871760    4.935599
59    59    1516799018981295162    4.980983    4.871491    4.942011
60    60    1516799019183484036    4.980403    4.870506    4.945871
61    61    1516799019385849463    4.979772    4.868979    4.941556
62    62    1516799019588457742    4.979065    4.868990    4.935632
63    63    1516799019790473944    4.978610    4.870255    4.950098
64    64    1516799019992539503    4.978150    4.870422    4.948889
65    65    1516799020194525562    4.977734    4.880702    4.950837
66    66    1516799020397319029    4.977032    4.884099    4.931125
67    67    1516799020599249369    4.976665    4.943372    4.952203
68    68    1516799020801988714    4.976018    4.943055    4.932442
69    69    1516799021004518713    4.975464    4.942607    4.937540
70    70    1516799021210556482    4.973704    4.933223    4.853479
71    71    1516799021413193879    4.973161    4.932561    4.934923
72    72    1516799021627093784    4.968821    4.905241    4.675084
73    73    1516799021829218996    4.968531    4.904978    4.947428
74    74    1516799022032140636    4.967986    4.902919    4.928011
75    75    1516799022234192957    4.967738    4.902760    4.949213
76    76    1516799022437029647    4.967245    4.902657    4.930075
77    77    1516799022639546721    4.966866    4.901247    4.937855
78    78    1516799022841613337    4.966638    4.902863    4.948863
79    79    1516799023043980314    4.966322    4.903255    4.941518
80    80    1516799023246025321    4.966112    4.912873    4.949392
81    81    1516799023447816508    4.965984    4.914917    4.955618
82    82    1516799023661543202    4.962315    4.915335    4.678873
83    83    1516799023866376221    4.961344    4.908801    4.882025
84    84    1516799024072493415    4.960024    4.901113    4.851609
85    85    1516799024274867676    4.959806    4.900340    4.941340
86    86    1516799024477646601    4.959479    4.900479    4.931479
87    87    1516799024691155352    4.956162    4.874224    4.683649
88    88    1516799024893174605    4.956093    4.874337    4.950023
89    89    1516799025096366957    4.955705    4.872376    4.921445
90    90    1516799025299115966    4.955446    4.870706    4.932207
91    91    1516799025502022202    4.955150    4.868062    4.928385
92    92    1516799025703979003    4.955111    4.896115    4.951554
93    93    1516799025906056823    4.955042    4.902728    4.948589
94    94    1516799026108001652    4.955008    4.912778    4.951848
95    95    1516799026310013087    4.954958    4.913654    4.950215
96    96    1516799026512636057    4.954754    4.914031    4.935275
97    97    1516799026714410386    4.954768    4.942531    4.956032
98    98    1516799026916263221    4.954761    4.942937    4.954104
99    99    1516799027120776729    4.954101    4.939712    4.889653
100    100    1516799027322728080    4.954077    4.941658    4.951688
101    101    1516799027536835773    4.951131    4.914455    4.670547
102    102    1516799027739254840    4.951025    4.913339    4.940246
103    103    1516799027941649601    4.950927    4.912574    4.940839
104    104    1516799028143614911    4.950930    4.912524    4.951345
105    105    1516799028345823359    4.950878    4.912049    4.945392
106    106    1516799028559507646    4.948199    4.885505    4.679801
107    107    1516799028762009147    4.948107    4.883770    4.938235
108    108    1516799028964311294    4.948061    4.882698    4.943101
109    109    1516799029166074328    4.948136    4.889264    4.956309
110    110    1516799029368849578    4.947986    4.887295    4.931568
111    111    1516799029571303945    4.947909    4.915289    4.939385
112    112    1516799029773831110    4.947818    4.915028    4.937609
113    113    1516799029975947559    4.947816    4.915701    4.947643
114    114    1516799030182699940    4.946828    4.904160    4.836704
115    115    1516799030385299009    4.946733    4.903221    4.935857
116    116    1516799030601938441    4.943706    4.896127    4.615965
117    117    1516799030804207285    4.943707    4.896685    4.943915
118    118    1516799031005987118    4.943810    4.897937    4.955897
119    119    1516799031207645298    4.943935    4.898189    4.958886
120    120    1516799031409300798    4.944059    4.900877    4.958952
121    121    1516799031621164298    4.942136    4.878381    4.720020
122    122    1516799031823816837    4.942074    4.878083    4.934555
123    123    1516799032025903342    4.942125    4.878154    4.948376
124    124    1516799032227517517    4.942267    4.890412    4.959969
125    125    1516799032429335786    4.942367    4.892280    4.954953
126    126    1516799032634312601    4.941859    4.920354    4.878601
127    127    1516799032838290977    4.941549    4.916219    4.902480
128    128    1516799033042610543    4.941179    4.910088    4.894294
129    129    1516799033251239448    4.940006    4.893340    4.793200
130    130    1516799033453620637    4.940015    4.891603    4.941171
131    131    1516799033689257368    4.933883    4.835372    4.243821
132    132    1516799033891954594    4.933880    4.835268    4.933467
133    133    1516799034096358543    4.933567    4.829856    4.892273
134    134    1516799034300759581    4.933259    4.823363    4.892343
135    135    1516799034503678715    4.933220    4.820804    4.928071
136    136    1516799034705941478    4.933299    4.827120    4.944064
137    137    1516799034909087487    4.933221    4.829060    4.922568
138    138    1516799035112224938    4.933146    4.831818    4.922775
139    139    1516799035314360402    4.933246    4.847025    4.947177
140    140    1516799035516394838    4.933362    4.847840    4.949651
141    141    1516799035719293581    4.933328    4.926021    4.928567
142    142    1516799035921737680    4.933372    4.926635    4.939635
143    143    1516799036127613967    4.932836    4.923064    4.857286
144    144    1516799036329884032    4.932912    4.928234    4.943885
145    145    1516799036542631265    4.931241    4.904479    4.700414
146    146    1516799036746271316    4.931100    4.901168    4.910625
147    147    1516799036947790585    4.931310    4.905079    4.962305
148    148    1516799037150472555    4.931327    4.906175    4.933838
149    149    1516799037353027775    4.931364    4.905165    4.936925
150    150    1516799037555485580    4.931417    4.904147    4.939301
151    151    1516799037757945291    4.931468    4.905203    4.939254
152    152    1516799037964349712    4.930892    4.895692    4.844857
153    153    1516799038166518301    4.930992    4.904595    4.946367
154    154    1516799038368947657    4.931050    4.904212    4.939995
155    155    1516799038582912907    4.929310    4.901284    4.673656
156    156    1516799038785147916    4.929408    4.904662    4.944742
157    157    1516799038988353866    4.929355    4.900608    4.921116
158    158    1516799039200727317    4.927903    4.877443    4.708686
159    159    1516799039403808326    4.927879    4.876192    4.924143
160    160    1516799039619563066    4.925945    4.844779    4.634892
161    161    1516799039821655529    4.926082    4.845642    4.948230
162    162    1516799040023514667    4.926252    4.856338    4.953950
163    163    1516799040227139483    4.926159    4.852906    4.910993
164    164    1516799040429885717    4.926196    4.852160    4.932274
165    165    1516799040633347948    4.926128    4.877014    4.914917
166    166    1516799040837407615    4.925974    4.872678    4.900527
167    167    1516799041040286757    4.925992    4.873454    4.929043
168    168    1516799041244187974    4.925863    4.893659    4.904336
169    169    1516799041447018532    4.925889    4.894259    4.930224
170    170    1516799041650331793    4.925846    4.924243    4.918518
171    171    1516799041853389122    4.925839    4.921905    4.924718
172    172    1516799042056028758    4.925891    4.920015    4.934869
173    173    1516799042263972227    4.925203    4.909583    4.808999
174    174    1516799042465783911    4.925373    4.911837    4.955114
175    175    1516799042682597530    4.923474    4.879835    4.612256
176    176    1516799042886106662    4.923419    4.881146    4.913784
177    177    1516799043089486472    4.923382    4.879954    4.916909
178    178    1516799043292883056    4.923344    4.881156    4.916503
179    179    1516799043495620517    4.923395    4.881378    4.932488
180    180    1516799043712053753    4.921611    4.850315    4.620362
181    181    1516799043914789102    4.921671    4.851072    4.932539
182    182    1516799044117798859    4.921694    4.850201    4.925872
183    183    1516799044321616432    4.921611    4.859927    4.906348
184    184    1516799044524591419    4.921638    4.857181    4.926715
185    185    1516799044727687894    4.921650    4.889760    4.923768
186    186    1516799044930292905    4.921725    4.891922    4.935712
187    187    1516799045137774225    4.921170    4.882127    4.819711
188    188    1516799045340454410    4.921238    4.883835    4.933881
189    189    1516799045555211550    4.919765    4.855333    4.656423
190    190    1516799045759703858    4.919609    4.883647    4.890159
191    191    1516799045962529646    4.919665    4.883431    4.930340
192    192    1516799046165806847    4.919663    4.882793    4.919391
193    193    1516799046369183278    4.919650    4.883845    4.916991
194    194    1516799046572799340    4.919606    4.882317    4.911204
195    195    1516799046776197261    4.919590    4.881598    4.916471
196    196    1516799046978766858    4.919676    4.881683    4.936575
197    197    1516799047182037646    4.919675    4.891737    4.919546
198    198    1516799047384711873    4.919747    4.891752    4.934026
199    199    1516799047586931427    4.919874    4.921938    4.945120
200    200    1516799047789114067    4.920003    4.927540    4.946023
201    201    1516799047992558743    4.919980    4.926038    4.915341
202    202    1516799048199844840    4.919499    4.916329    4.824250
203    203    1516799048404036561    4.919390    4.914359    4.897358
204    204    1516799048635651522    4.916047    4.847657    4.317510
205    205    1516799048838743605    4.916085    4.848376    4.923875
206    206    1516799049041503313    4.916161    4.847929    4.931946
207    207    1516799049245453939    4.916099    4.846332    4.903147
208    208    1516799049448833665    4.916102    4.844676    4.916911
209    209    1516799049651820622    4.916151    4.842875    4.926425
210    210    1516799049854804415    4.916200    4.840996    4.926502
211    211    1516799050056910467    4.916349    4.844136    4.947897
212    212    1516799050259694268    4.916419    4.854724    4.931360
213    213    1516799050461305787    4.916621    4.860812    4.960034
214    214    1516799050663857006    4.916716    4.930467    4.937023
215    215    1516799050865259617    4.916938    4.934577    4.965179
216    216    1516799051071077109    4.916666    4.927143    4.858674
217    217    1516799051277091149    4.916375    4.922139    4.854038
218    218    1516799051482285967    4.916177    4.917745    4.873417
219    219    1516799051699508013    4.914661    4.883558    4.603584
220    220    1516799051903895333    4.914561    4.880213    4.892671
221    221    1516799052107291601    4.914569    4.877142    4.916511
222    222    1516799052310630362    4.914584    4.875822    4.917902
223    223    1516799052513709175    4.914627    4.872336    4.924197
224    224    1516799052716807339    4.914668    4.871038    4.923727
225    225    1516799052919268237    4.914776    4.868529    4.939225
226    226    1516799053121741696    4.914881    4.876468    4.938919
227    227    1516799053324791287    4.914925    4.883527    4.924905
228    228    1516799053538387528    4.913857    4.863573    4.681730
229    229    1516799053741290791    4.913920    4.897681    4.928457
230    230    1516799053943842453    4.914019    4.902088    4.937012
231    231    1516799054151229291    4.913615    4.892517    4.821907
232    232    1516799054353651864    4.913728    4.894711    4.940161
233    233    1516799054568289671    4.912580    4.867174    4.659011
234    234    1516799054771081147    4.912659    4.867900    4.931174
235    235    1516799054974347278    4.912689    4.865993    4.919659
236    236    1516799055177966215    4.912682    4.863282    4.911135
237    237    1516799055381205894    4.912714    4.862833    4.920299
238    238    1516799055583677804    4.912823    4.889282    4.938957
239    239    1516799055785794911    4.912967    4.891161    4.947627
240    240    1516799055988488196    4.913052    4.890823    4.933563
241    241    1516799056190744272    4.913180    4.903126    4.944227
242    242    1516799056393472972    4.913260    4.902390    4.932701
243    243    1516799056596071848    4.913353    4.931496    4.935862
244    244    1516799056798407017    4.913470    4.932606    4.942295
245    245    1516799057001916853    4.913471    4.932013    4.913767
246    246    1516799057209318626    4.913092    4.922829    4.821560
247    247    1516799057413764905    4.913004    4.919906    4.891260
248    248    1516799057628617514    4.911907    4.890120    4.654354
249    249    1516799057831661751    4.911960    4.887904    4.925035
250    250    1516799058034624372    4.912020    4.887260    4.927016
251    251    1516799058236939439    4.912141    4.887119    4.942786
252    252    1516799058439149655    4.912271    4.888358    4.945349
253    253    1516799058653673985    4.911231    4.860026    4.661476
254    254    1516799058856835613    4.911274    4.858075    4.922189
255    255    1516799059059756120    4.911339    4.859466    4.928038
256    256    1516799059262360682    4.911434    4.870821    4.935723
257    257    1516799059464897648    4.911534    4.875355    4.937370
258    258    1516799059667158182    4.911659    4.905470    4.944118
259    259    1516799059869420261    4.911783    4.907353    4.944080
260    260    1516799060071893038    4.911886    4.908533    4.938936
261    261    1516799060277802053    4.911672    4.899889    4.856514
262    262    1516799060479645928    4.911833    4.900768    4.954324
263    263    1516799060694327921    4.910820    4.900390    4.658053
264    264    1516799060897594057    4.910853    4.900139    4.919659
265    265    1516799061099679461    4.910993    4.902145    4.948403
266    266    1516799061302297432    4.911084    4.902112    4.935396
267    267    1516799061504472650    4.911214    4.902982    4.946205
268    268    1516799061706596166    4.911348    4.903312    4.947470
269    269    1516799061909016948    4.911454    4.902930    4.940204
270    270    1516799062111251379    4.911576    4.903503    4.944756
271    271    1516799062313468051    4.911699    4.912397    4.945191
272    272    1516799062515539064    4.911834    4.911849    4.948755
273    273    1516799062718285220    4.911908    4.940816    4.932276
274    274    1516799062921650831    4.911927    4.940573    4.917252
275    275    1516799063128900395    4.911607    4.927999    4.825101
276    276    1516799063332284142    4.911626    4.926141    4.916814
277    277    1516799063560528755    4.909488    4.863680    4.381264
278    278    1516799063763578901    4.909543    4.861490    4.924892
279    279    1516799063966069662    4.909646    4.861324    4.938497
280    280    1516799064168705073    4.909736    4.860376    4.934972
281    281    1516799064370866813    4.909865    4.860507    4.946534
282    282    1516799064572922835    4.910003    4.860542    4.949122
283    283    1516799064776887442    4.909977    4.857665    4.902811
284    284    1516799064980014340    4.910023    4.858228    4.923031
285    285    1516799065183082562    4.910073    4.868117    4.924453
286    286    1516799065386061688    4.910131    4.869076    4.926615
287    287    1516799065588791260    4.910209    4.930328    4.932679
288    288    1516799065790952601    4.910334    4.932489    4.946544
289    289    1516799065993435333    4.910431    4.932509    4.938693
290    290    1516799066200397134    4.910156    4.922006    4.831810
291    291    1516799066402932974    4.910249    4.921099    4.937398
292    292    1516799066617247599    4.909372    4.891591    4.666037
293    293    1516799066821476369    4.909328    4.890959    4.896470
294    294    1516799067024705230    4.909366    4.890715    4.920561
295    295    1516799067226984061    4.909481    4.892604    4.943671
296    296    1516799067430059468    4.909531    4.892373    4.924279
297    297    1516799067632475731    4.909633    4.893123    4.940315
298    298    1516799067834768584    4.909745    4.892808    4.943328
299    299    1516799068036849856    4.909874    4.893770    4.948504
300    300    1516799068239370126    4.909966    4.904430    4.937777
301    301    1516799068441889661    4.910057    4.904469    4.937795
302    302    1516799068656417962    4.909193    4.903955    4.661390
303    303    1516799068861119265    4.909114    4.902819    4.885167
304    304    1516799069065854744    4.909032    4.899200    4.884351
305    305    1516799069272053407    4.908836    4.889810    4.849692
306    306    1516799069474686861    4.908921    4.890867    4.935019
307    307    1516799069690629724    4.907964    4.858723    4.630855
308    308    1516799069894180539    4.907979    4.855755    4.912778
309    309    1516799070097000081    4.908052    4.854015    4.930491
310    310    1516799070300653971    4.908059    4.851346    4.910292
311    311    1516799070503129715    4.908157    4.851449    4.938863
312    312    1516799070705919871    4.908230    4.879234    4.931206
313    313    1516799070908724926    4.908302    4.883753    4.930844
314    314    1516799071110820156    4.908427    4.890058    4.948162
315    315    1516799071313413407    4.908514    4.898695    4.935999
316    316    1516799071515526929    4.908637    4.899943    4.947714
317    317    1516799071719140577    4.908645    4.929725    4.911262
318    318    1516799071922767002    4.908652    4.929541    4.910954
319    319    1516799072129234504    4.908446    4.920692    4.843377
320    320    1516799072333000141    4.908443    4.920422    4.907599
321    321    1516799072547517764    4.907636    4.891439    4.661622
322    322    1516799072752297341    4.907560    4.886684    4.883299
323    323    1516799072954738951    4.907659    4.887552    4.939696
324    324    1516799073157213821    4.907754    4.886645    4.938885
325    325    1516799073359607942    4.907855    4.887121    4.940855
326    326    1516799073573137732    4.907135    4.860005    4.683187
327    327    1516799073778055445    4.907052    4.856927    4.880008
328    328    1516799073981448518    4.907081    4.857478    4.916588
329    329    1516799074185955612    4.907029    4.862108    4.889806
330    330    1516799074388986344    4.907084    4.863846    4.925363
331    331    1516799074591097374    4.907205    4.893374    4.947775
332    332    1516799074793747723    4.907287    4.898478    4.934608
333    333    1516799074998564774    4.907212    4.892785    4.882406
334    334    1516799075204807008    4.907035    4.883783    4.848667
335    335    1516799075408552403    4.907038    4.880562    4.908086
336    336    1516799075623187111    4.906264    4.877931    4.659079
337    337    1516799075825950142    4.906339    4.883063    4.931866
338    338    1516799076028405227    4.906436    4.885301    4.939367
339    339    1516799076230651645    4.906547    4.890703    4.944463
340    340    1516799076434404110    4.906551    4.888977    4.907916
341    341    1516799076637088532    4.906630    4.887607    4.933778
342    342    1516799076842334133    4.906529    4.881415    4.872212
343    343    1516799077046118882    4.906531    4.883876    4.907139
344    344    1516799077249305174    4.906574    4.891176    4.921592
345    345    1516799077452855730    4.906592    4.891642    4.912784
346    346    1516799077656091789    4.906632    4.919070    4.920387
347    347    1516799077859634921    4.906650    4.917183    4.912964
348    348    1516799078063584880    4.906640    4.913571    4.903164
349    349    1516799078271523769    4.906356    4.899866    4.809105
350    350    1516799078475269055    4.906361    4.899883    4.908089
351    351    1516799078696603849    4.905163    4.855511    4.518042
352    352    1516799078899937674    4.905199    4.860023    4.918021
353    353    1516799079102834280    4.905265    4.862122    4.928619
354    354    1516799079305222950    4.905365    4.864008    4.940988
355    355    1516799079509538277    4.905334    4.862199    4.894395
356    356    1516799079713034569    4.905359    4.861584    4.914094
357    357    1516799079916438710    4.905389    4.861912    4.916321
358    358    1516799080119693045    4.905430    4.863557    4.919944
359    359    1516799080323033700    4.905464    4.874458    4.917856
360    360    1516799080526628179    4.905481    4.874817    4.911725
361    361    1516799080729897676    4.905520    4.918128    4.919577
362    362    1516799080932994221    4.905570    4.918703    4.923767
363    363    1516799081138716436    4.905446    4.911876    4.860924
364    364    1516799081341811874    4.905497    4.910171    4.923794
365    365    1516799081556687828    4.904772    4.884841    4.653848
366    366    1516799081759610372    4.904835    4.886210    4.927989
367    367    1516799081962244511    4.904916    4.888050    4.935003
368    368    1516799082164581654    4.905017    4.890242    4.942246
369    369    1516799082367208712    4.905098    4.891949    4.935175
370    370    1516799082570328733    4.905146    4.893085    4.923198
371    371    1516799082773022616    4.905222    4.894463    4.933548
372    372    1516799082975109943    4.905337    4.896882    4.948356
373    373    1516799083177587211    4.905426    4.904676    4.938826
374    374    1516799083379001821    4.905582    4.908722    4.964883
375    375    1516799083593599076    4.904895    4.909394    4.659892
376    376    1516799083797000187    4.904925    4.908241    4.916394
377    377    1516799083999303947    4.905025    4.909037    4.943062
378    378    1516799084205351156    4.904887    4.900113    4.853257
379    379    1516799084408642767    4.904924    4.898517    4.919042
380    380    1516799084627224351    4.903996    4.861695    4.574951
381    381    1516799084830899899    4.904011    4.859376    4.909770
382    382    1516799085034569245    4.904026    4.855643    4.909919
383    383    1516799085237834161    4.904067    4.853787    4.919688
384    384    1516799085444231049    4.903912    4.842077    4.845034
385    385    1516799085647595036    4.903947    4.868559    4.917291
386    386    1516799085851605538    4.903941    4.867115    4.901708
387    387    1516799086057401784    4.903824    4.858856    4.859175
388    388    1516799086265676820    4.903555    4.853602    4.801344
389    389    1516799086471088467    4.903464    4.848612    4.868273
390    390    1516799086676026722    4.903403    4.880900    4.879518
391    391    1516799086879241226    4.903447    4.881999    4.920909
392    392    1516799087082302664    4.903501    4.883448    4.924618
393    393    1516799087290186812    4.903260    4.872457    4.810372
394    394    1516799087493232500    4.903315    4.880426    4.925000
395    395    1516799087706364691    4.902757    4.857270    4.691924
396    396    1516799087909696862    4.902795    4.858871    4.918061
397    397    1516799088121679246    4.902311    4.844310    4.717373
398    398    1516799088324950804    4.902354    4.856081    4.919527
399    399    1516799088539578867    4.901715    4.834444    4.659223
400    400    1516799088742901159    4.901756    4.838223    4.918300
401    401    1516799088946341095    4.901790    4.837696    4.915456
402    402    1516799089150299044    4.901793    4.835598    4.902971
403    403    1516799089353415445    4.901846    4.846773    4.923285
404    404    1516799089560120661    4.901685    4.838191    4.837807
405    405    1516799089761913966    4.901817    4.864880    4.955566
406    406    1516799089968421183    4.901669    4.857377    4.842446
407    407    1516799090178848700    4.901291    4.861048    4.752230
408    408    1516799090382038842    4.901341    4.861241    4.921499
409    409    1516799090596609068    4.900723    4.861377    4.660479
410    410    1516799090803816648    4.900538    4.852212    4.826078
411    411    1516799091006992763    4.900590    4.852834    4.921838
412    412    1516799091209705423    4.900668    4.855768    4.933091
413    413    1516799091412968638    4.900714    4.855422    4.919729
414    414    1516799091615998488    4.900773    4.864102    4.925384
415    415    1516799091818482553    4.900863    4.862468    4.938660
416    416    1516799092020334280    4.900990    4.873501    4.954132
417    417    1516799092225165956    4.900944    4.886828    4.882057
418    418    1516799092429134106    4.900949    4.884971    4.902726
419    419    1516799092631519938    4.901043    4.914220    4.941057
420    420    1516799092834113536    4.901126    4.925388    4.935990
421    421    1516799093036639579    4.901212    4.926965    4.937637
422    422    1516799093244098974    4.901017    4.915470    4.820220
423    423    1516799093446308736    4.901121    4.918016    4.945360
424    424    1516799093678226970    4.899545    4.849123    4.311864
425    425    1516799093880978332    4.899621    4.848495    4.932149
426    426    1516799094083164614    4.899729    4.847708    4.945934
427    427    1516799094285942446    4.899802    4.852540    4.931506
428    428    1516799094488804305    4.899871    4.855146    4.929463
429    429    1516799094691371259    4.899956    4.854719    4.936639
430    430    1516799094894997193    4.899981    4.852287    4.910966
431    431    1516799095098411296    4.900019    4.850198    4.916080
432    432    1516799095301336350    4.900083    4.860888    4.927928
433    433    1516799095504343993    4.900142    4.859004    4.925923
434    434    1516799095709966563    4.900057    4.921891    4.863279
435    435    1516799095912261860    4.900155    4.922996    4.943269
436    436    1516799096117134529    4.900111    4.916493    4.881081
437    437    1516799096327491238    4.899767    4.898242    4.753830
438    438    1516799096538583444    4.899384    4.878574    4.737266
439    439    1516799096752903608    4.898827    4.850761    4.665917
440    440    1516799096956406907    4.898861    4.851049    4.913925
441    441    1516799097159044101    4.898942    4.852878    4.934928
442    442    1516799097362047607    4.899003    4.852694    4.926023
443    443    1516799097564513431    4.899092    4.853970    4.939105
444    444    1516799097767278811    4.899165    4.860711    4.931808
445    445    1516799097969907355    4.899245    4.859924    4.935139
446    446    1516799098173731868    4.899261    4.862401    4.906181
447    447    1516799098377918861    4.899257    4.877031    4.897472
448    448    1516799098592582207    4.898693    4.868552    4.658457
449    449    1516799098795573224    4.898754    4.895555    4.926326
450    450    1516799098998633985    4.898811    4.896615    4.924634
451    451    1516799099206219546    4.898628    4.884779    4.817291
452    452    1516799099408670365    4.898717    4.886098    4.939471
453    453    1516799099623369045    4.898159    4.857067    4.657690
454    454    1516799099826010394    4.898239    4.857360    4.934827
455    455    1516799100028767429    4.898312    4.857057    4.932011
456    456    1516799100232852955    4.898316    4.856441    4.899907
457    457    1516799100435537089    4.898393    4.859988    4.933785
458    458    1516799100637875825    4.898487    4.889274    4.942207
459    459    1516799100840528025    4.898565    4.890083    4.934563
460    460    1516799101043358875    4.898633    4.890633    4.930216
461    461    1516799101246601704    4.898680    4.901043    4.920223
462    462    1516799101448771168    4.898782    4.901719    4.946345
463    463    1516799101650980280    4.898881    4.931912    4.945376
464    464    1516799101853042484    4.898988    4.933321    4.948971
465    465    1516799102055933558    4.899052    4.932995    4.928753
466    466    1516799102263010214    4.898900    4.925727    4.829130
467    467    1516799102466187069    4.898948    4.924532    4.921820
468    468    1516799102677663099    4.898572    4.902472    4.728668
469    469    1516799102880057811    4.898661    4.903091    4.940841
470    470    1516799103083438381    4.898700    4.901770    4.916891
471    471    1516799103286214401    4.898769    4.902892    4.931550
472    472    1516799103489984005    4.898788    4.899048    4.907503
473    473    1516799103703963361    4.898289    4.870961    4.673348
474    474    1516799103906723433    4.898359    4.869306    4.931937
475    475    1516799104109499749    4.898429    4.869577    4.931542
476    476    1516799104311899693    4.898517    4.880693    4.940713
477    477    1516799104514509102    4.898594    4.882045    4.935605
478    478    1516799104716933281    4.898680    4.903715    4.940121
479    479    1516799104919926846    4.898737    4.902276    4.926265
480    480    1516799105125158996    4.898682    4.897830    4.872531
481    481    1516799105332210466    4.898537    4.887595    4.829717
482    482    1516799105542752106    4.898219    4.871471    4.749654
483    483    1516799105751510770    4.897991    4.883892    4.790220
484    484    1516799105953868280    4.898080    4.884852    4.941749
485    485    1516799106155961813    4.898182    4.886482    4.948204
486    486    1516799106358090909    4.898282    4.887129    4.947333
487    487    1516799106560143889    4.898385    4.888458    4.949197
488    488    1516799106762357725    4.898480    4.888961    4.945260
489    489    1516799106967723731    4.898421    4.883296    4.869355
490    490    1516799107175165390    4.898260    4.878034    4.820632
491    491    1516799107377876841    4.898330    4.888382    4.933120
492    492    1516799107580264503    4.898416    4.907946    4.941013
493    493    1516799107782835822    4.898492    4.922895    4.936533
494    494    1516799107984986265    4.898589    4.923397    4.946811
495    495    1516799108190126682    4.898541    4.916022    4.874710
496    496    1516799108393599348    4.898573    4.912777    4.914665
497    497    1516799108621693208    4.897419    4.850721    4.384160
498    498    1516799108824659245    4.897478    4.848952    4.926933
499    499    1516799109027710583    4.897532    4.854400    4.924863
500    500    1516799109230546671    4.897597    4.865277    4.930089
501    501    1516799109432707516    4.897693    4.866581    4.946556
502    502    1516799109634715174    4.897797    4.867481    4.950307
503    503    1516799109836953698    4.897889    4.868270    4.944656
504    504    1516799110038763147    4.898001    4.869078    4.955169
505    505    1516799110240845684    4.898100    4.876338    4.948473
506    506    1516799110442745389    4.898207    4.880082    4.952954
507    507    1516799110645304100    4.898282    4.941661    4.936840
508    508    1516799110849819671    4.898265    4.937881    4.889603
509    509    1516799111054434389    4.898244    4.934072    4.887234
510    510    1516799111261498305    4.898107    4.923800    4.829427
511    511    1516799111463266134    4.898219    4.924753    4.956192
512    512    1516799111682940976    4.897493    4.882274    4.552183
513    513    1516799111891249102    4.897301    4.867849    4.800581
514    514    1516799112095357187    4.897305    4.862408    4.899365
515    515    1516799112299758963    4.897295    4.856931    4.892325
516    516    1516799112503192680    4.897331    4.853315    4.915606
517    517    1516799112705122243    4.897436    4.854798    4.952222
518    518    1516799112907077916    4.897539    4.860838    4.951582
519    519    1516799113109288029    4.897630    4.866527    4.945351
520    520    1516799113313386981    4.897634    4.873559    4.899584
521    521    1516799113524844848    4.897299    4.850652    4.729074
522    522    1516799113734214936    4.897062    4.875020    4.776231
523    523    1516799113937413352    4.897108    4.887193    4.921298
524    524    1516799114140993640    4.897136    4.888454    4.912067
525    525    1516799114352379052    4.896809    4.871822    4.730695
526    526    1516799114568765191    4.896255    4.841273    4.621368
527    527    1516799114773761421    4.896220    4.834096    4.878138
528    528    1516799114976994038    4.896266    4.831113    4.920470
529    529    1516799115180074744    4.896318    4.829082    4.924151
530    530    1516799115383796049    4.896342    4.829963    4.908667
531    531    1516799115586709626    4.896401    4.849978    4.928206
532    532    1516799115790325493    4.896429    4.863552    4.911209
533    533    1516799115993376490    4.896482    4.863900    4.924871
534    534    1516799116196194547    4.896545    4.865704    4.930527
535    535    1516799116399307327    4.896595    4.885369    4.923373
536    536    1516799116602673872    4.896633    4.916642    4.917230
537    537    1516799116805876640    4.896678    4.920981    4.921193
538    538    1516799117009218103    4.896718    4.920717    4.917836
539    539    1516799117219645047    4.896442    4.902994    4.752243
540    540    1516799117424015369    4.896436    4.901434    4.893078
541    541    1516799117636230357    4.896082    4.879189    4.712203
542    542    1516799117841017481    4.896059    4.876403    4.883120
543    543    1516799118046048108    4.896024    4.871700    4.877320
544    544    1516799118249615055    4.896054    4.869923    4.912389
545    545    1516799118452236155    4.896125    4.871089    4.935320
546    546    1516799118666112265    4.895703    4.846280    4.675604
547    547    1516799118868939476    4.895766    4.847162    4.930305
548    548    1516799119071589311    4.895836    4.848788    4.934620
549    549    1516799119274614424    4.895890    4.866252    4.925499
550    550    1516799119476820888    4.895979    4.871382    4.945440
551    551    1516799119679598994    4.896043    4.893879    4.931499
552    552    1516799119882988866    4.896080    4.897228    4.916666
553    553    1516799120085523419    4.896154    4.903222    4.937429
554    554    1516799120293394912    4.895997    4.892895    4.810664
555    555    1516799120495691935    4.896081    4.893671    4.943226
556    556    1516799120708407602    4.895717    4.896451    4.701111
557    557    1516799120912041997    4.895743    4.894517    4.910762
558    558    1516799121116332115    4.895742    4.890591    4.894999
559    559    1516799121319448990    4.895791    4.890371    4.923274
560    560    1516799121522262697    4.895853    4.888919    4.930633
561    561    1516799121724956288    4.895919    4.889122    4.933555
562    562    1516799121927174170    4.896006    4.891924    4.945161
563    563    1516799122129380176    4.896093    4.892711    4.945452
564    564    1516799122331740490    4.896173    4.905940    4.941680
565    565    1516799122534179644    4.896249    4.905598    4.939756
566    566    1516799122736461082    4.896332    4.930837    4.943607
567    567    1516799122938536313    4.896423    4.934630    4.948652
568    568    1516799123140655593    4.896512    4.939922    4.947574
569    569    1516799123347996380    4.896381    4.929636    4.822978
570    570    1516799123571453113    4.895574    4.879976    4.475139
571    571    1516799123775843192    4.895569    4.875939    4.892605
572    572    1516799123978152732    4.895650    4.875721    4.942921
573    573    1516799124181142333    4.895704    4.873859    4.926361
574    574    1516799124383932958    4.895765    4.872837    4.931194
575    575    1516799124586646673    4.895829    4.872185    4.933065
576    576    1516799124789789123    4.895875    4.870142    4.922654
577    577    1516799124992595552    4.895935    4.868409    4.930810
578    578    1516799125195839068    4.895977    4.865746    4.920206
579    579    1516799125398730851    4.896033    4.876302    4.928736
580    580    1516799125601735961    4.896084    4.925422    4.925984
581    581    1516799125806395354    4.896067    4.924769    4.886167
582    582    1516799126011910885    4.896015    4.917006    4.865812
583    583    1516799126220612265    4.895832    4.903235    4.791535
584    584    1516799126425045839    4.895825    4.899288    4.891564
585    585    1516799126641611936    4.895322    4.866262    4.617528
586    586    1516799126845457866    4.895339    4.864597    4.905666
587    587    1516799127049677333    4.895341    4.861256    4.896693
588    588    1516799127253756017    4.895349    4.859282    4.900071
589    589    1516799127456247065    4.895422    4.860229    4.938490
590    590    1516799127659526695    4.895462    4.859581    4.919332
591    591    1516799127865073595    4.895410    4.857486    4.865070
592    592    1516799128069359393    4.895410    4.860389    4.895103
593    593    1516799128274608818    4.895371    4.868557    4.872121
594    594    1516799128478029676    4.895405    4.870959    4.915917
595    595    1516799128692496742    4.894995    4.875944    4.662721
596    596    1516799128895849838    4.895033    4.877116    4.917555
597    597    1516799129102045161    4.894956    4.872421    4.849771
598    598    1516799129311619480    4.894745    4.859409    4.771577
599    599    1516799129515103287    4.894778    4.857066    4.914396
600    600    1516799129732384923    4.894260    4.824256    4.602322
601    601    1516799129937570769    4.894226    4.825097    4.873631
602    602    1516799130141398949    4.894245    4.826163    4.906093
603    603    1516799130345559429    4.894252    4.828701    4.898108
604    604    1516799130549146900    4.894281    4.828312    4.911894
605    605    1516799130753255833    4.894289    4.852581    4.899345
606    606    1516799130956579827    4.894328    4.852650    4.918259
607    607    1516799131160422637    4.894347    4.858195    4.905741
608    608    1516799131364387569    4.894361    4.871471    4.902804
609    609    1516799131567828707    4.894395    4.871572    4.915427
610    610    1516799131772135375    4.894396    4.902561    4.894603
611    611    1516799131975016007    4.894452    4.908107    4.929007
612    612    1516799132182756199    4.894318    4.898702    4.813705
613    613    1516799132387897538    4.894286    4.896349    4.874688
614    614    1516799132604973511    4.893789    4.864223    4.606682
615    615    1516799132809459185    4.893783    4.863332    4.890318
616    616    1516799133013147479    4.893809    4.862471    4.909462
617    617    1516799133218631754    4.893764    4.858593    4.866552
618    618    1516799133424776260    4.893695    4.853453    4.850966
619    619    1516799133640167957    4.893268    4.825465    4.642704
620    620    1516799133846722270    4.893184    4.820237    4.841342
621    621    1516799134050837613    4.893193    4.817369    4.899191
622    622    1516799134254267713    4.893229    4.827393    4.915693
623    623    1516799134457606990    4.893268    4.831596    4.917889
624    624    1516799134659742144    4.893354    4.866728    4.947185
625    625    1516799134861816922    4.893441    4.872445    4.948663
626    626    1516799135064217516    4.893516    4.875504    4.940697
627    627    1516799135274830542    4.893277    4.863343    4.748044
628    628    1516799135479229869    4.893276    4.867474    4.892384
629    629    1516799135697577147    4.892744    4.860482    4.579860
630    630    1516799135906324761    4.892579    4.855306    4.790474
631    631    1516799136110192516    4.892598    4.855890    4.905141
632    632    1516799136314428558    4.892604    4.853990    4.896295
633    633    1516799136517728610    4.892645    4.854083    4.918838
634    634    1516799136719957797    4.892727    4.853861    4.944885
635    635    1516799136922067332    4.892813    4.853779    4.947812
636    636    1516799137123928530    4.892907    4.855050    4.953899
637    637    1516799137327831234    4.892925    4.870919    4.904300
638    638    1516799137531060020    4.892968    4.873698    4.920563
639    639    1516799137733778475    4.893030    4.911106    4.932950
640    640    1516799137936811037    4.893080    4.924929    4.925318
641    641    1516799138140413314    4.893109    4.925572    4.911536
642    642    1516799138348138280    4.892984    4.917122    4.814058
643    643    1516799138572618163    4.892236    4.866441    4.454742
644    644    1516799138776317056    4.892263    4.862964    4.909207
645    645    1516799138979144819    4.892321    4.861266    4.930292
646    646    1516799139182030057    4.892377    4.858847    4.928895
647    647    1516799139385983760    4.892394    4.858727    4.903074
648    648    1516799139589191385    4.892438    4.858777    4.921075
649    649    1516799139791730886    4.892506    4.859199    4.937309
650    650    1516799139994069940    4.892582    4.860837    4.942200
651    651    1516799140196078550    4.892669    4.864605    4.950284
652    652    1516799140399369209    4.892709    4.875122    4.919065
653    653    1516799140603104701    4.892733    4.924928    4.908325
654    654    1516799140806894864    4.892755    4.924707    4.907008
655    655    1516799141009982886    4.892802    4.924076    4.923973
656    656    1516799141217937451    4.892672    4.911815    4.808743
657    657    1516799141422648214    4.892660    4.909989    4.884941
658    658    1516799141631951634    4.892482    4.895337    4.777753
659    659    1516799141835005510    4.892530    4.894105    4.924801
660    660    1516799142038427318    4.892565    4.891512    4.915894
661    661    1516799142241351223    4.892618    4.889324    4.927956
662    662    1516799142444673574    4.892657    4.889248    4.918298
663    663    1516799142653334721    4.892503    4.877501    4.792459
664    664    1516799142856142638    4.892560    4.879839    4.930774
665    665    1516799143059764436    4.892588    4.878569    4.911066
666    666    1516799143263831469    4.892599    4.887838    4.900351
667    667    1516799143467468420    4.892626    4.890406    4.910700
668    668    1516799143685956103    4.892122    4.868538    4.576917
669    669    1516799143889651604    4.892147    4.867018    4.909289
670    670    1516799144093772131    4.892158    4.865364    4.899066
671    671    1516799144301366948    4.892044    4.854332    4.817076
672    672    1516799144505100641    4.892068    4.853363    4.908368
673    673    1516799144717823018    4.891773    4.843815    4.700963
674    674    1516799144921515920    4.891799    4.841740    4.909351
675    675    1516799145124501785    4.891850    4.843231    4.926451
676    676    1516799145328033666    4.891882    4.844487    4.913235
677    677    1516799145531092942    4.891930    4.845843    4.924670
678    678    1516799145734849339    4.891953    4.880684    4.907821
679    679    1516799145938620194    4.891976    4.880504    4.907473
680    680    1516799146146555970    4.891852    4.871434    4.809177
681    681    1516799146353988366    4.891747    4.871819    4.820848
682    682    1516799146557534305    4.891777    4.872265    4.912896
683    683    1516799146760621399    4.891824    4.895246    4.923996
684    684    1516799146965878563    4.891795    4.891500    4.871937
685    685    1516799147172448909    4.891720    4.882938    4.840966
686    686    1516799147385312107    4.891426    4.860791    4.697853
687    687    1516799147604569288    4.890911    4.822819    4.560854
688    688    1516799147810132321    4.890873    4.818620    4.864688
689    689    1516799148014130260    4.890889    4.818093    4.902010
690    690    1516799148218388802    4.890896    4.826644    4.895756
691    691    1516799148421856898    4.890930    4.835897    4.914775
692    692    1516799148640271532    4.890449    4.801373    4.578448
693    693    1516799148846702505    4.890381    4.793677    4.844234
694    694    1516799149053966493    4.890286    4.789070    4.824765
695    695    1516799149257221869    4.890328    4.796685    4.919919
696    696    1516799149460840798    4.890358    4.818049    4.911135
697    697    1516799149665292785    4.890359    4.852664    4.891124
698    698    1516799149870230332    4.890343    4.854138    4.879535
699    699    1516799150073451984    4.890386    4.855968    4.920736
700    700    1516799150286724455    4.890087    4.834805    4.688838
701    701    1516799150491437106    4.890079    4.831898    4.884896
702    702    1516799150702419246    4.889859    4.849313    4.739738
703    703    1516799150907113002    4.889852    4.853402    4.885347
704    704    1516799151113271384    4.889796    4.856008    4.850640
705    705    1516799151318931498    4.889757    4.850344    4.862392
706    706    1516799151522426925    4.889791    4.850634    4.914115
707    707    1516799151725689561    4.889833    4.853434    4.919743
708    708    1516799151934244832    4.889697    4.844927    4.794892
709    709    1516799152140614025    4.889634    4.837550    4.845685
710    710    1516799152346690960    4.889582    4.854448    4.852557
711    711    1516799152552182446    4.889549    4.852613    4.866382
712    712    1516799152757734434    4.889514    4.865434    4.864949
713    713    1516799152964505909    4.889439    4.860520    4.836257
714    714    1516799153168184572    4.889467    4.866386    4.909694
715    715    1516799153377936850    4.889292    4.856714    4.767529
716    716    1516799153613245435    4.888266    4.782816    4.249739
717    717    1516799153817836619    4.888266    4.779779    4.887796
718    718    1516799154022095230    4.888276    4.789615    4.895754
719    719    1516799154232077669    4.888097    4.781341    4.762303
720    720    1516799154438162590    4.888047    4.781322    4.852369
721    721    1516799154644516354    4.887988    4.779352    4.846047
722    722    1516799154848069069    4.888022    4.783923    4.912732
723    723    1516799155054587838    4.887958    4.784502    4.842175
724    724    1516799155262293271    4.887855    4.775301    4.814511
725    725    1516799155466263337    4.887876    4.788523    4.902680
726    726    1516799155670854325    4.887876    4.860010    4.887801
727    727    1516799155875195445    4.887884    4.860600    4.893778
728    728    1516799156078910432    4.887912    4.861886    4.908819
729    729    1516799156287935910    4.887767    4.864149    4.784106
730    730    1516799156490002588    4.887850    4.873674    4.948861
731    731    1516799156708279421    4.887403    4.845518    4.581338
732    732    1516799156910990767    4.887465    4.847494    4.933123
733    733    1516799157116315369    4.887441    4.850301    4.870337
734    734    1516799157321771252    4.887414    4.855599    4.867225
735    735    1516799157524661688    4.887469    4.858146    4.928769
736    736    1516799157726735645    4.887551    4.864094    4.948683
737    737    1516799157932397652    4.887517    4.860971    4.862347
738    738    1516799158137700010    4.887494    4.857223    4.870865
739    739    1516799158343230336    4.887464    4.865483    4.865462
740    740    1516799158563103165    4.886972    4.823692    4.548084
741    741    1516799158765594433    4.887041    4.860704    4.938485
742    742    1516799158970755764    4.887024    4.854923    4.874213
743    743    1516799159176346432    4.886993    4.854296    4.864034
744    744    1516799159382664635    4.886938    4.852264    4.846882
745    745    1516799159601994247    4.886468    4.813866    4.559348
746    746    1516799159810020229    4.886360    4.800112    4.807092
747    747    1516799160013086554    4.886410    4.806100    4.924499
748    748    1516799160229445498    4.886037    4.780696    4.621949
749    749    1516799160432199484    4.886098    4.787050    4.932086
750    750    1516799160634677554    4.886167    4.827246    4.938806
751    751    1516799160837233210    4.886234    4.827096    4.936915
752    752    1516799161039106077    4.886322    4.834771    4.953613
753    753    1516799161245888565    4.886255    4.831987    4.835999
754    754    1516799161454350333    4.886135    4.826987    4.797043
755    755    1516799161660703314    4.886081    4.857413    4.846065
756    756    1516799161863592562    4.886137    4.869563    4.928797
757    757    1516799162067842994    4.886150    4.866757    4.895950
758    758    1516799162274283837    4.886094    4.890362    4.844003
759    759    1516799162477260352    4.886147    4.889830    4.926678
760    760    1516799162693022994    4.885799    4.858271    4.634723
761    761    1516799162897294945    4.885811    4.854223    4.895435
762    762    1516799163103240127    4.885772    4.844646    4.855661
763    763    1516799163306301892    4.885822    4.853395    4.924610
764    764    1516799163516287893    4.885656    4.849807    4.762222
765    765    1516799163730145754    4.885370    4.832220    4.676003
766    766    1516799163932618813    4.885439    4.833191    4.938929
767    767    1516799164135871216    4.885484    4.835524    4.919991
768    768    1516799164338677515    4.885542    4.844038    4.930813
769    769    1516799164541803866    4.885591    4.843686    4.923044
770    770    1516799164744185902    4.885662    4.875283    4.941150
771    771    1516799164948753724    4.885666    4.874580    4.888354
772    772    1516799165158208880    4.885518    4.866254    4.774292
773    773    1516799165366505105    4.885407    4.853890    4.800855
774    774    1516799165581566285    4.885087    4.841962    4.649840
775    775    1516799165785782676    4.885102    4.864672    4.896767
776    776    1516799165988875794    4.885152    4.863205    4.923850
777    777    1516799166192055262    4.885199    4.863378    4.921757
778    778    1516799166394770217    4.885259    4.863594    4.933035
779    779    1516799166597804232    4.885310    4.863812    4.925283
780    780    1516799166800535601    4.885370    4.862986    4.932636
781    781    1516799167003269855    4.885430    4.867326    4.932566
782    782    1516799167208030824    4.885428    4.878472    4.883743
783    783    1516799167411142147    4.885476    4.890843    4.923408
784    784    1516799167614693267    4.885511    4.918532    4.912771
785    785    1516799167817699550    4.885562    4.921462    4.925956
786    786    1516799168020380893    4.885622    4.922459    4.933853
787    787    1516799168229853476    4.885477    4.907257    4.773894
788    788    1516799168433119704    4.885520    4.905930    4.919656
789    789    1516799168659617460    4.884861    4.850100    4.415055
790    790    1516799168863446103    4.884888    4.847520    4.906082
791    791    1516799169066962891    4.884924    4.845682    4.913600
792    792    1516799169270386064    4.884963    4.848825    4.915861
793    793    1516799169473090857    4.885023    4.849782    4.933282
794    794    1516799169676283583    4.885069    4.850625    4.921436
795    795    1516799169878952332    4.885130    4.851418    4.934160
796    796    1516799170081692980    4.885188    4.851279    4.932410
797    797    1516799170284265216    4.885252    4.867574    4.936511
798    798    1516799170486489682    4.885326    4.870043    4.945000
799    799    1516799170689118989    4.885388    4.927318    4.935120
800    800    1516799170891284843    4.885463    4.931359    4.946434
801    801    1516799171093098587    4.885548    4.935503    4.955064
802    802    1516799171297853243    4.885546    4.932262    4.883894
803    803    1516799171499961946    4.885623    4.933713    4.947832
804    804    1516799171713852992    4.885350    4.907808    4.675278
805    805    1516799171916552202    4.885409    4.907735    4.933418
806    806    1516799172118885819    4.885479    4.908716    4.942332
807    807    1516799172321675895    4.885535    4.908191    4.931208
808    808    1516799172523907124    4.885607    4.908175    4.944835
809    809    1516799172726501916    4.885669    4.908257    4.935961
810    810    1516799172928742191    4.885740    4.908078    4.944614
811    811    1516799173131186635    4.885806    4.906559    4.939627
812    812    1516799173334401319    4.885849    4.910270    4.920904
813    813    1516799173551567091    4.885483    4.874232    4.604777
814    814    1516799173755021152    4.885519    4.899156    4.915114
815    815    1516799173957920505    4.885571    4.898675    4.928552
816    816    1516799174174741811    4.885217    4.864154    4.612093
817    817    1516799174381608304    4.885153    4.854528    4.834036
818    818    1516799174600588054    4.884737    4.815376    4.566632
819    819    1516799174803192590    4.884799    4.815353    4.935724
820    820    1516799175005573092    4.884867    4.815029    4.941187
821    821    1516799175210476912    4.884861    4.809333    4.880338
822    822    1516799175415928720    4.884840    4.804164    4.867321
823    823    1516799175618953929    4.884889    4.837024    4.925497
824    824    1516799175821484904    4.884952    4.839185    4.937516
825    825    1516799176023539702    4.885029    4.841163    4.949152
826    826    1516799176230189456    4.884973    4.865120    4.839106
827    827    1516799176432558345    4.885040    4.875789    4.941471
828    828    1516799176634898572    4.885108    4.915670    4.942171
829    829    1516799176837637481    4.885165    4.915346    4.932452
830    830    1516799177040167166    4.885227    4.914985    4.937548
831    831    1516799177246351180    4.885184    4.911895    4.850037
832    832    1516799177450072486    4.885212    4.916073    4.908667
833    833    1516799177661507718    4.885020    4.895832    4.729581
834    834    1516799177867911839    4.884971    4.886566    4.844865
835    835    1516799178073152879    4.884956    4.878970    4.872320
836    836    1516799178275985047    4.885010    4.888074    4.930184
837    837    1516799178478030131    4.885085    4.888847    4.949390
838    838    1516799178694151641    4.884761    4.856130    4.627027
839    839    1516799178896322732    4.884833    4.857469    4.946306
840    840    1516799179101289717    4.884826    4.851725    4.878835
841    841    1516799179303934790    4.884885    4.860070    4.934736
842    842    1516799179506126937    4.884956    4.863685    4.945791
843    843    1516799179708532586    4.885021    4.885139    4.940574
844    844    1516799179910449036    4.885100    4.895872    4.952543
845    845    1516799180112540743    4.885174    4.903432    4.948249
846    846    1516799180318640892    4.885134    4.895587    4.852010
847    847    1516799180521573795    4.885184    4.893460    4.927737
848    848    1516799180733556687    4.884979    4.903391    4.717362
849    849    1516799180937761861    4.884993    4.898505    4.897036
850    850    1516799181140823915    4.885040    4.903080    4.924603
851    851    1516799181344192793    4.885077    4.901340    4.917173
852    852    1516799181546726784    4.885138    4.900520    4.937443
853    853    1516799181749973333    4.885178    4.898501    4.920133
854    854    1516799181952987128    4.885226    4.895870    4.925774
855    855    1516799182155766620    4.885279    4.894221    4.931465
856    856    1516799182358980125    4.885320    4.901146    4.920933
857    857    1516799182562015382    4.885367    4.900900    4.925253
858    858    1516799182768728725    4.885310    4.913589    4.837617
859    859    1516799182974953155    4.885268    4.908719    4.849086
860    860    1516799183181824034    4.885208    4.899559    4.833933
861    861    1516799183389995353    4.885112    4.888057    4.803736
862    862    1516799183615646525    4.884532    4.833440    4.431619
863    863    1516799183818950631    4.884572    4.833306    4.918740
864    864    1516799184022964499    4.884591    4.830970    4.901628
865    865    1516799184227064620    4.884609    4.827891    4.899556
866    866    1516799184430805739    4.884636    4.826661    4.908189
867    867    1516799184634196903    4.884672    4.825832    4.916634
868    868    1516799184837490929    4.884712    4.833808    4.918984
869    869    1516799185042127520    4.884714    4.837521    4.886712
870    870    1516799185258314767    4.884400    4.815817    4.625620
871    871    1516799185461996330    4.884428    4.826252    4.909625
872    872    1516799185666250190    4.884442    4.876613    4.895868
873    873    1516799185870727938    4.884448    4.873823    4.890508
874    874    1516799186074289618    4.884480    4.874897    4.912516
875    875    1516799186284666800    4.884327    4.860026    4.753367
876    876    1516799186488977319    4.884338    4.858682    4.894511
877    877    1516799186703871058    4.884062    4.831678    4.653463
878    878    1516799186907220032    4.884100    4.831550    4.917655
879    879    1516799187110718247    4.884134    4.834209    4.914048
880    880    1516799187314045732    4.884172    4.864450    4.918174
881    881    1516799187517066870    4.884219    4.866013    4.925595
882    882    1516799187720713484    4.884248    4.867451    4.910467
883    883    1516799187925529139    4.884246    4.866651    4.882439
884    884    1516799188129655522    4.884263    4.865314    4.898926
885    885    1516799188335046783    4.884245    4.877145    4.868756
886    886    1516799188553925806    4.883865    4.842736    4.568734
887    887    1516799188758048691    4.883882    4.868128    4.899010
888    888    1516799188961476548    4.883918    4.867941    4.915748
889    889    1516799189164753792    4.883957    4.868465    4.919390
890    890    1516799189372608199    4.883874    4.857759    4.811060
891    891    1516799189589145619    4.883559    4.826071    4.618139
892    892    1516799189793140341    4.883580    4.825261    4.902088
893    893    1516799189995813915    4.883636    4.830253    4.934042
894    894    1516799190198743262    4.883685    4.833048    4.927823
895    895    1516799190403520799    4.883684    4.834482    4.883348
896    896    1516799190607872913    4.883695    4.868675    4.893514
897    897    1516799190811878572    4.883715    4.868952    4.901825
898    898    1516799191016395987    4.883722    4.866371    4.889559
899    899    1516799191220672601    4.883735    4.864005    4.895323
900    900    1516799191424431231    4.883761    4.873714    4.907768
901    901    1516799191628863246    4.883770    4.902639    4.891602
902    902    1516799191832387484    4.883803    4.903770    4.913420
903    903    1516799192035338824    4.883850    4.903102    4.927289
904    904    1516799192245699196    4.883703    4.885303    4.753747
905    905    1516799192449161364    4.883737    4.888444    4.914919
906    906    1516799192666462970    4.883407    4.857694    4.601899
907    907    1516799192870270763    4.883433    4.858161    4.906584
908    908    1516799193073307407    4.883478    4.861658    4.925219
909    909    1516799193276721540    4.883514    4.863698    4.916079
910    910    1516799193478884491    4.883582    4.867475    4.946505
911    911    1516799193692963502    4.883338    4.844726    4.671173
912    912    1516799193895517237    4.883397    4.847005    4.936962
913    913    1516799194097616292    4.883466    4.849008    4.948069
914    914    1516799194301625431    4.883486    4.863988    4.901741
915    915    1516799194504387982    4.883539    4.865644    4.931877
916    916    1516799194707311436    4.883587    4.899923    4.927967
917    917    1516799194910535673    4.883627    4.901324    4.920673
918    918    1516799195114071225    4.883659    4.900126    4.913147
919    919    1516799195321601052    4.883587    4.890264    4.818584
920    920    1516799195525882750    4.883600    4.885202    4.895201
921    921    1516799195743174376    4.883276    4.877547    4.602110
922    922    1516799195946283365    4.883319    4.876226    4.923465
923    923    1516799196149458203    4.883360    4.873670    4.921869
924    924    1516799196352563651    4.883403    4.875817    4.923551
925    925    1516799196555616234    4.883448    4.875128    4.924833
926    926    1516799196759185118    4.883479    4.873594    4.912342
927    927    1516799196962515194    4.883516    4.873343    4.918112
928    928    1516799197166626363    4.883533    4.871976    4.899291
929    929    1516799197370476480    4.883556    4.880726    4.905565
930    930    1516799197574174878    4.883584    4.882116    4.909219
931    931    1516799197778255036    4.883601    4.913810    4.900035
932    932    1516799197982171085    4.883623    4.911862    4.903979
933    933    1516799198185750852    4.883653    4.910885    4.912079
934    934    1516799198393195146    4.883585    4.900444    4.820571
935    935    1516799198622918319    4.882949    4.837223    4.353065
936    936    1516799198826801712    4.882972    4.836486    4.904764
937    937    1516799199030655116    4.882996    4.835263    4.905486
938    938    1516799199235918552    4.882984    4.832571    4.871788
939    939    1516799199442451691    4.882940    4.826313    4.841838
940    940    1516799199647793738    4.882926    4.822487    4.869923
941    941    1516799199853303548    4.882908    4.819164    4.865948
942    942    1516799200059462684    4.882874    4.813961    4.850622
943    943    1516799200264111876    4.882877    4.811484    4.886411
944    944    1516799200468308110    4.882893    4.819015    4.897250
945    945    1516799200671466998    4.882934    4.881505    4.922256
946    946    1516799200874728363    4.882972    4.882987    4.919774
947    947    1516799201077168823    4.883032    4.886359    4.939724
948    948    1516799201284250222    4.882974    4.882022    4.829019
949    949    1516799201488363375    4.882991    4.887796    4.899243
950    950    1516799201705477783    4.882682    4.859833    4.605867
951    951    1516799201909161615    4.882710    4.864149    4.909570
952    952    1516799202113237073    4.882729    4.869084    4.900148
953    953    1516799202316796613    4.882760    4.871668    4.912568
954    954    1516799202520405581    4.882789    4.873063    4.911375
955    955    1516799202723302518    4.882837    4.873685    4.928611
956    956    1516799202926496847    4.882877    4.873844    4.921397
957    957    1516799203130932066    4.882886    4.869111    4.891525
958    958    1516799203335720473    4.882886    4.874553    4.883089
959    959    1516799203551876720    4.882604    4.846104    4.626283
960    960    1516799203756686358    4.882604    4.875175    4.882583
961    961    1516799203961339340    4.882608    4.872872    4.886320
962    962    1516799204165493825    4.882624    4.872684    4.898251
963    963    1516799204373769091    4.882538    4.861514    4.801338
964    964    1516799204592755216    4.882188    4.825441    4.566499
965    965    1516799204795966007    4.882228    4.824710    4.920999
966    966    1516799204998870634    4.882275    4.825385    4.928424
967    967    1516799205202025907    4.882316    4.828366    4.922343
968    968    1516799205405426453    4.882351    4.831604    4.916408
969    969    1516799205608832837    4.882386    4.861552    4.916267
970    970    1516799205812689324    4.882410    4.863806    4.905412
971    971    1516799206017678995    4.882405    4.863010    4.878295
972    972    1516799206220832662    4.882446    4.865378    4.922382
973    973    1516799206424662785    4.882470    4.875923    4.906046
974    974    1516799206629485361    4.882470    4.909831    4.882274
975    975    1516799206833791621    4.882482    4.907191    4.894613
976    976    1516799207038461426    4.882486    4.902945    4.885919
977    977    1516799207243047781    4.882492    4.899507    4.887912
978    978    1516799207450557618    4.882426    4.889662    4.819049
979    979    1516799207668619217    4.882104    4.854872    4.585860
980    980    1516799207872998208    4.882115    4.853641    4.892871
981    981    1516799208077440402    4.882124    4.854931    4.891358
982    982    1516799208281408930    4.882145    4.853011    4.902717
983    983    1516799208485058352    4.882173    4.853437    4.910399
984    984    1516799208700387716    4.881919    4.828813    4.644048
985    985    1516799208905498923    4.881913    4.826937    4.875404
986    986    1516799209110201984    4.881916    4.826859    4.885125
987    987    1516799209314616031    4.881926    4.827260    4.892032
988    988    1516799209519929359    4.881915    4.832385    4.870604
989    989    1516799209724113755    4.881930    4.865009    4.897534
990    990    1516799209928384124    4.881944    4.865266    4.895473
991    991    1516799210132053551    4.881972    4.867096    4.909917
992    992    1516799210339983775    4.881898    4.857729    4.809306
993    993    1516799210545972594    4.881870    4.852215    4.854632
994    994    1516799210759253826    4.881668    4.857042    4.688645
995    995    1516799210963029446    4.881694    4.860195    4.907358
996    996    1516799211166685556    4.881722    4.862669    4.910238
997    997    1516799211370302288    4.881752    4.864555    4.911188
998    998    1516799211573822244    4.881783    4.868803    4.913523
999    999    1516799211777449060    4.881812    4.870125    4.910945
