Beat    Tag    Timestamp    Global Rate    Window Rate    Instant Rate
0    0    1516786125494747415    0.000000    0.000000    0.000000
1    1    1516786125689943552    10.246104    5.123052    5.123052
2    2    1516786125884715850    7.692930    5.128620    5.134200
3    3    1516786126079614924    6.839156    5.129367    5.130861
4    4    1516786126274214077    6.414643    5.131714    5.138769
5    5    1516786126468963435    6.158798    5.132332    5.134805
6    6    1516786126663697692    5.988279    5.132811    5.135203
7    7    1516786126858396626    5.866611    5.133285    5.136135
8    8    1516786127053333002    5.774466    5.132859    5.129879
9    9    1516786127248072865    5.703448    5.133103    5.135055
10    10    1516786127442338995    5.648001    5.134547    5.147578
11    11    1516786127637963777    5.599061    5.133417    5.111827
12    12    1516786127832301017    5.561370    5.134564    5.145694
13    13    1516786128026605878    5.529535    5.136131    5.146552
14    14    1516786128221163149    5.501729    5.136241    5.139875
15    15    1516786128415703694    5.477658    5.136792    5.140317
16    16    1516786128620332358    5.438982    5.110816    4.886901
17    17    1516786128814913513    5.421416    5.111124    5.139244
18    18    1516786129009381057    5.405969    5.112349    5.142246
19    19    1516786129204158879    5.391691    5.112249    5.134055
20    20    1516786129398514739    5.379419    5.112015    5.145201
21    21    1516786129592807363    5.368394    5.115499    5.146876
22    22    1516786129787096545    5.358371    5.115624    5.146967
23    23    1516786129981414438    5.349182    5.115591    5.146206
24    24    1516786130175555825    5.340958    5.116679    5.150885
25    25    1516786130370003038    5.333054    5.116923    5.142784
26    26    1516786130564379667    5.325830    5.143908    5.144651
27    27    1516786130758579718    5.319318    5.144916    5.149329
28    28    1516786130952957021    5.313098    5.145155    5.144634
29    29    1516786131147186271    5.307444    5.146608    5.148555
30    30    1516786131341521707    5.302069    5.146662    5.145742
31    31    1516786131535493927    5.297359    5.147511    5.155377
32    32    1516786131729674162    5.292765    5.147799    5.149855
33    33    1516786131923965072    5.288357    5.147871    5.146921
34    34    1516786132117969469    5.284437    5.148234    5.154522
35    35    1516786132312133619    5.280616    5.148984    5.150281
36    36    1516786132506299022    5.277006    5.149544    5.150248
37    37    1516786132700312059    5.273702    5.150041    5.154293
38    38    1516786132894616398    5.270364    5.150234    5.146565
39    39    1516786133088980778    5.267154    5.149875    5.144976
40    40    1516786133283480544    5.264014    5.149440    5.141394
41    41    1516786133477891471    5.261085    5.148276    5.143744
42    42    1516786133682955910    5.251454    5.119589    4.876516
43    43    1516786133877469577    5.248892    5.119005    5.141027
44    44    1516786134072135025    5.246353    5.117274    5.137018
45    45    1516786134267047330    5.243779    5.115315    5.130512
46    46    1516786134461474218    5.241601    5.114631    5.143322
47    47    1516786134655894029    5.239519    5.113567    5.143509
48    48    1516786134850379304    5.237487    5.113094    5.141777
49    49    1516786135044982529    5.235473    5.112470    5.138661
50    50    1516786135239563704    5.233552    5.112257    5.139243
51    51    1516786135433886970    5.231841    5.112486    5.146064
52    52    1516786135628168749    5.230218    5.140826    5.147163
53    53    1516786135822470576    5.228645    5.141386    5.146632
54    54    1516786136017145115    5.226946    5.141362    5.136779
55    55    1516786136211476009    5.225475    5.142899    5.145862
56    56    1516786136405942878    5.223992    5.142793    5.142264
57    57    1516786136600634330    5.222455    5.142075    5.136332
58    58    1516786136795462004    5.220909    5.141170    5.132741
59    59    1516786136990196737    5.219457    5.140822    5.135191
60    60    1516786137184728690    5.218144    5.140952    5.140544
61    61    1516786137379335185    5.216841    5.140204    5.138575
62    62    1516786137573951417    5.215575    5.139320    5.138318
63    63    1516786137768576472    5.214347    5.138466    5.138085
64    64    1516786137963092584    5.213202    5.138885    5.140962
65    65    1516786138157767933    5.212027    5.137975    5.136757
66    66    1516786138352385713    5.210910    5.137577    5.138277
67    67    1516786138557637623    5.205586    5.109853    4.872062
68    68    1516786138752546544    5.204484    5.109642    5.130601
69    69    1516786138946964391    5.203603    5.110469    5.143561
70    70    1516786139141931939    5.202538    5.109332    5.129059
71    71    1516786139336775566    5.201550    5.108713    5.132321
72    72    1516786139531390881    5.200674    5.108715    5.138342
73    73    1516786139726029614    5.199813    5.108679    5.137724
74    74    1516786139920866284    5.198904    5.107842    5.132504
75    75    1516786140116516732    5.197729    5.105300    5.111156
76    76    1516786140311585884    5.196790    5.104124    5.126387
77    77    1516786140506147741    5.196051    5.132126    5.139754
78    78    1516786140700531824    5.195391    5.133509    5.144454
79    79    1516786140894857589    5.194768    5.133752    5.145998
80    80    1516786141089413300    5.194084    5.134837    5.139916
81    81    1516786141283923261    5.193431    5.135717    5.141125
82    82    1516786141477981732    5.192941    5.137187    5.153086
83    83    1516786141672075075    5.192452    5.138626    5.152160
84    84    1516786141866494129    5.191871    5.139729    5.143529
85    85    1516786142060499515    5.191433    5.144079    5.154496
86    86    1516786142254670716    5.190955    5.146456    5.150094
87    87    1516786142448930938    5.190459    5.147255    5.147734
88    88    1516786142643187212    5.189977    5.147593    5.147839
89    89    1516786142837421944    5.189511    5.147835    5.148410
90    90    1516786143031770472    5.189022    5.148384    5.145395
91    91    1516786143226104765    5.188548    5.148849    5.145772
92    92    1516786143420419151    5.188090    5.148171    5.146299
93    93    1516786143624879034    5.184739    5.120842    4.890935
94    94    1516786143819469498    5.184253    5.120392    5.138998
95    95    1516786144015707318    5.183317    5.114546    5.095858
96    96    1516786144211735774    5.182458    5.109692    5.101300
97    97    1516786144405994890    5.182101    5.109695    5.147764
98    98    1516786144599927151    5.181841    5.110541    5.156440
99    99    1516786144794185086    5.181498    5.110480    5.147795
100    100    1516786144988596002    5.181122    5.110317    5.143744
101    101    1516786145183335048    5.180666    5.109261    5.135077
102    102    1516786145377782907    5.180296    5.108912    5.142767
103    103    1516786145583348910    5.177065    5.106027    4.864618
104    104    1516786145789025382    5.173872    5.077287    4.862005
105    105    1516786145993656558    5.171007    5.055741    4.886841
106    106    1516786146187955798    5.170779    5.060165    5.146701
107    107    1516786146395314383    5.167324    5.026845    4.822564
108    108    1516786146593826940    5.166102    5.015297    5.037465
109    109    1516786146788418600    5.165854    5.014458    5.138966
110    110    1516786146989446737    5.164064    4.997874    4.974428
111    111    1516786147192629294    5.161794    4.976872    4.921682
112    112    1516786147387965207    5.161416    4.974673    5.119386
113    113    1516786147582563017    5.161217    5.001966    5.138804
114    114    1516786147777186838    5.161015    5.029773    5.138117
115    115    1516786147971609080    5.160863    5.055733    5.143444
116    116    1516786148166324709    5.160647    5.054669    5.135695
117    117    1516786148370099344    5.158391    5.063842    4.907382
118    118    1516786148575419286    5.155829    5.046447    4.870448
119    119    1516786148770058900    5.155678    5.046324    5.137700
120    120    1516786148964662635    5.155536    5.062738    5.138648
121    121    1516786149159697581    5.155303    5.083707    5.127286
122    122    1516786149354612716    5.155100    5.084795    5.130438
123    123    1516786149548751013    5.155067    5.085984    5.150967
124    124    1516786149743141179    5.154981    5.086588    5.144293
125    125    1516786149937351715    5.154934    5.087136    5.149051
126    126    1516786150131548410    5.154890    5.088480    5.149418
127    127    1516786150325702299    5.154856    5.113513    5.150554
128    128    1516786150519921881    5.154809    5.142704    5.148811
129    129    1516786150714062379    5.154779    5.144023    5.150909
130    130    1516786150908192335    5.154752    5.145278    5.151189
131    131    1516786151102723328    5.154644    5.146612    5.140569
132    132    1516786151297192961    5.154550    5.147792    5.142191
133    133    1516786151491838244    5.154423    5.146450    5.137551
134    134    1516786151686399737    5.154314    5.145996    5.139763
135    135    1516786151880781837    5.154242    5.145542    5.144507
136    136    1516786152075138315    5.154176    5.145118    5.145185
137    137    1516786152269585053    5.154093    5.144343    5.142796
138    138    1516786152463970213    5.154023    5.143905    5.144426
139    139    1516786152658298737    5.153965    5.143408    5.145925
140    140    1516786152853093304    5.153820    5.141650    5.133613
141    141    1516786153047578683    5.153735    5.141770    5.141775
142    142    1516786153242853012    5.153505    5.139644    5.121001
143    143    1516786153437508394    5.153392    5.139617    5.137284
144    144    1516786153641948825    5.151489    5.113653    4.891400
145    145    1516786153836792347    5.151357    5.112447    5.132324
146    146    1516786154031140425    5.151317    5.112469    5.145407
147    147    1516786154225639601    5.151250    5.112332    5.141410
148    148    1516786154419915004    5.151223    5.112619    5.147332
149    149    1516786154614691087    5.151109    5.111449    5.134101
150    150    1516786154809122985    5.151056    5.112397    5.143189
151    151    1516786155003430099    5.151026    5.112863    5.146492
152    152    1516786155197947622    5.150960    5.114842    5.140925
153    153    1516786155392739736    5.150848    5.114484    5.133678
154    154    1516786155587191094    5.150795    5.140748    5.142674
155    155    1516786155781619025    5.150747    5.141846    5.143294
156    156    1516786155975597241    5.150775    5.142825    5.155218
157    157    1516786156170413720    5.150662    5.141985    5.133036
158    158    1516786156364660052    5.150646    5.142062    5.148102
159    159    1516786156558768981    5.150653    5.143827    5.151747
160    160    1516786156752985802    5.150642    5.144396    5.148885
161    161    1516786156947309028    5.150614    5.144353    5.146065
162    162    1516786157141874571    5.150546    5.144227    5.139656
163    163    1516786157337295939    5.150342    5.142562    5.117148
164    164    1516786157532220097    5.150219    5.141312    5.130200
165    165    1516786157726846124    5.150146    5.140788    5.138059
166    166    1516786157920861351    5.150170    5.140690    5.154235
167    167    1516786158114878963    5.150194    5.142802    5.154171
168    168    1516786158309406479    5.150137    5.142059    5.140661
169    169    1516786158503936872    5.150081    5.140944    5.140585
170    170    1516786158708616077    5.148452    5.113441    4.885694
171    171    1516786158903406369    5.148366    5.112220    5.133726
172    172    1516786159098214462    5.148278    5.111587    5.133257
173    173    1516786159293197124    5.148165    5.112733    5.128661
174    174    1516786159487670949    5.148130    5.113910    5.142080
175    175    1516786159681750465    5.148155    5.115340    5.152527
176    176    1516786159875842578    5.148178    5.115139    5.152193
177    177    1516786160069826007    5.148217    5.115228    5.155080
178    178    1516786160264072826    5.148216    5.115963    5.148089
179    179    1516786160458259946    5.148224    5.116861    5.149672
180    180    1516786160652156195    5.148275    5.145250    5.157397
181    181    1516786160846148958    5.148311    5.147362    5.154831
182    182    1516786161040131723    5.148348    5.149550    5.155097
183    183    1516786161234321858    5.148355    5.151652    5.149592
184    184    1516786161428578529    5.148352    5.152229    5.147828
185    185    1516786161622435614    5.148406    5.152820    5.158439
186    186    1516786161816283069    5.148461    5.153469    5.158696
187    187    1516786162010226083    5.148502    5.153576    5.156154
188    188    1516786162204065212    5.148557    5.154660    5.158917
189    189    1516786162397929858    5.148607    5.155516    5.158238
190    190    1516786162592039079    5.148624    5.154951    5.151739
191    191    1516786162786298225    5.148619    5.154243    5.147763
192    192    1516786162980247501    5.148657    5.154331    5.155987
193    193    1516786163174349706    5.148674    5.154565    5.151925
194    194    1516786163368398718    5.148698    5.155117    5.153337
195    195    1516786163572684071    5.147338    5.127552    4.895114
196    196    1516786163767142577    5.147313    5.125946    5.142485
197    197    1516786163961042028    5.147363    5.126060    5.157312
198    198    1516786164155194241    5.147380    5.125238    5.150598
199    199    1516786164349395477    5.147389    5.124354    5.149298
200    200    1516786164543632070    5.147394    5.124019    5.148360
201    201    1516786164737728754    5.147417    5.124446    5.152072
202    202    1516786164931828026    5.147440    5.124052    5.152003
203    203    1516786165126067393    5.147444    5.123692    5.148287
204    204    1516786165320932572    5.147367    5.121550    5.131753
205    205    1516786165515364613    5.147347    5.147527    5.143185
206    206    1516786165709226615    5.147400    5.149108    5.158308
207    207    1516786165903314497    5.147423    5.148608    5.152305
208    208    1516786166097593838    5.147422    5.148272    5.147228
209    209    1516786166291435983    5.147477    5.149223    5.158837
210    210    1516786166485343414    5.147522    5.150096    5.157100
211    211    1516786166679339714    5.147556    5.150362    5.154737
212    212    1516786166873213788    5.147605    5.150960    5.157987
213    213    1516786167067148656    5.147646    5.151768    5.156370
214    214    1516786167261574437    5.147626    5.152934    5.143351
215    215    1516786167455966118    5.147610    5.153042    5.144253
216    216    1516786167650034560    5.147634    5.152493    5.152821
217    217    1516786167844115081    5.147657    5.152513    5.152501
218    218    1516786168038235268    5.147674    5.152936    5.151448
219    219    1516786168232507577    5.147673    5.151793    5.147414
220    220    1516786168426694183    5.147682    5.151053    5.149686
221    221    1516786168631298876    5.146448    5.123058    4.887473
222    222    1516786168826125342    5.146386    5.120560    5.132773
223    223    1516786169020575484    5.146370    5.119209    5.142706
224    224    1516786169215350944    5.146315    5.118293    5.134117
225    225    1516786169409855258    5.146293    5.117998    5.141274
226    226    1516786169604250712    5.146283    5.117141    5.144153
227    227    1516786169798566669    5.146283    5.116525    5.146258
228    228    1516786169992718793    5.146302    5.116441    5.150600
229    229    1516786170186670926    5.146344    5.117280    5.155911
230    230    1516786170380927335    5.146350    5.117097    5.147835
231    231    1516786170575049925    5.146372    5.144692    5.151384
232    232    1516786170769257847    5.146384    5.146329    5.149121
233    233    1516786170963291450    5.146415    5.147433    5.153746
234    234    1516786171157448854    5.146432    5.149071    5.150460
235    235    1516786171351747159    5.146434    5.149617    5.146725
236    236    1516786171546241044    5.146413    5.149356    5.141550
237    237    1516786171740306872    5.146440    5.150020    5.152891
238    238    1516786171934023700    5.146506    5.151174    5.162174
239    239    1516786172127841154    5.146560    5.151532    5.159494
240    240    1516786172322202016    5.146553    5.151255    5.145069
241    241    1516786172516203637    5.146587    5.151576    5.154596
242    242    1516786172710084442    5.146633    5.152444    5.157808
243    243    1516786172904247666    5.146648    5.152100    5.150306
244    244    1516786173098336591    5.146671    5.152282    5.152277
245    245    1516786173292610974    5.146674    5.152345    5.147359
246    246    1516786173486794865    5.146686    5.153168    5.149758
247    247    1516786173691033345    5.145625    5.126296    4.896237
248    248    1516786173885333446    5.145629    5.124763    5.146678
249    249    1516786174079516921    5.145645    5.123802    5.149769
250    250    1516786174273701851    5.145662    5.124264    5.149730
251    251    1516786174467650579    5.145703    5.124403    5.156002
252    252    1516786174661917278    5.145710    5.123390    5.147563
253    253    1516786174856233059    5.145712    5.122989    5.146262
254    254    1516786175050474377    5.145722    5.122589    5.148235
255    255    1516786175244983056    5.145704    5.121974    5.141159
256    256    1516786175439666021    5.145669    5.120666    5.136556
257    257    1516786175634287907    5.145639    5.146006    5.138168
258    258    1516786175828357429    5.145667    5.146617    5.152793
259    259    1516786176022897632    5.145647    5.145672    5.140326
260    260    1516786176216930219    5.145678    5.146076    5.153773
261    261    1516786176411064236    5.145698    5.145585    5.151081
262    262    1516786176605237518    5.145715    5.145833    5.150039
263    263    1516786176799602156    5.145712    5.145703    5.144969
264    264    1516786176993831938    5.145723    5.145733    5.148541
265    265    1516786177188334674    5.145706    5.145749    5.141316
266    266    1516786177382984011    5.145675    5.145838    5.137444
267    267    1516786177577693546    5.145638    5.145606    5.135855
268    268    1516786177771465584    5.145694    5.146394    5.160703
269    269    1516786177965493993    5.145724    5.147750    5.153884
270    270    1516786178159364478    5.145770    5.148180    5.158083
271    271    1516786178353207826    5.145818    5.148950    5.158805
272    272    1516786178557538534    5.144848    5.122161    4.894027
273    273    1516786178752225185    5.144817    5.121316    5.136459
274    274    1516786178946347157    5.144841    5.121599    5.151400
275    275    1516786179140926156    5.144821    5.121399    5.139301
276    276    1516786179335661388    5.144786    5.121173    5.135178
277    277    1516786179530066828    5.144783    5.121971    5.143889
278    278    1516786179724718194    5.144757    5.119666    5.137390
279    279    1516786179918779409    5.144786    5.119579    5.153013
280    280    1516786180112959479    5.144804    5.118768    5.149859
281    281    1516786180307095236    5.144826    5.118002    5.151035
282    282    1516786180501271646    5.144844    5.144739    5.149956
283    283    1516786180695456234    5.144861    5.146069    5.149739
284    284    1516786180889728105    5.144870    5.145671    5.147426
285    285    1516786181084264232    5.144855    5.145785    5.140433
286    286    1516786181278955289    5.144825    5.145902    5.136343
287    287    1516786181473944449    5.144768    5.144357    5.128490
288    288    1516786181668345453    5.144766    5.145020    5.144006
289    289    1516786181862697623    5.144768    5.144249    5.145299
290    290    1516786182056995733    5.144774    5.143937    5.146730
291    291    1516786182251141260    5.144795    5.143911    5.150775
292    292    1516786182445446986    5.144801    5.143569    5.146529
293    293    1516786182639456903    5.144833    5.144031    5.154376
294    294    1516786182833512721    5.144861    5.144603    5.153157
295    295    1516786183027422583    5.144902    5.146261    5.157035
296    296    1516786183221345004    5.144942    5.148297    5.156701
297    297    1516786183415679637    5.144945    5.150033    5.145763
298    298    1516786183620876918    5.143986    5.121556    4.873359
299    299    1516786183815637250    5.143954    5.120486    5.134516
300    300    1516786184010014961    5.143957    5.120277    5.144623
301    301    1516786184204601542    5.143941    5.119121    5.139101
302    302    1516786184399151568    5.143928    5.118481    5.140066
303    303    1516786184593761183    5.143910    5.116910    5.138492
304    304    1516786184788121636    5.143914    5.116113    5.145080
305    305    1516786184982449602    5.143920    5.115019    5.145940
306    306    1516786185176764569    5.143928    5.113992    5.146284
307    307    1516786185371412200    5.143907    5.113173    5.137489
308    308    1516786185566266038    5.143869    5.140360    5.132052
309    309    1516786185761057601    5.143836    5.140277    5.133693
310    310    1516786185955302519    5.143850    5.140628    5.148140
311    311    1516786186150112161    5.143815    5.140039    5.133216
312    312    1516786186344281892    5.143836    5.141044    5.150133
313    313    1516786186538585575    5.143844    5.141852    5.146583
314    314    1516786186733109281    5.143835    5.141421    5.140762
315    315    1516786186927325082    5.143851    5.141717    5.148912
316    316    1516786187121532753    5.143867    5.142001    5.149127
317    317    1516786187315674068    5.143889    5.143340    5.150887
318    318    1516786187510199162    5.143879    5.144210    5.140725
319    319    1516786187704760479    5.143866    5.144819    5.139768
320    320    1516786187898727669    5.143903    5.145555    5.155511
321    321    1516786188092923984    5.143920    5.147179    5.149428
322    322    1516786188287282622    5.143924    5.146678    5.145128
323    323    1516786188481815175    5.143913    5.146072    5.140528
324    324    1516786188686156680    5.143104    5.120203    4.893768
325    325    1516786188881032933    5.143068    5.118473    5.131462
326    326    1516786189075473895    5.143068    5.117861    5.142949
327    327    1516786189270282135    5.143038    5.116116    5.133253
328    328    1516786189464972548    5.143018    5.115682    5.136360
329    329    1516786189659699934    5.142995    5.115248    5.135385
330    330    1516786189853822937    5.143020    5.114841    5.151373
331    331    1516786190047677266    5.143066    5.115735    5.158513
332    332    1516786190241769356    5.143094    5.116433    5.152193
333    333    1516786190435844811    5.143122    5.117630    5.152635
334    334    1516786190629931666    5.143150    5.144628    5.152332
335    335    1516786190824018843    5.143177    5.146718    5.152324
336    336    1516786191018253422    5.143192    5.147264    5.148414
337    337    1516786191212528116    5.143205    5.148679    5.147351
338    338    1516786191406962699    5.143204    5.149357    5.143118
339    339    1516786191601470388    5.143199    5.149940    5.141185
340    340    1516786191795763004    5.143209    5.149490    5.146876
341    341    1516786191989920438    5.143230    5.148686    5.150459
342    342    1516786192183755228    5.143276    5.149368    5.159033
343    343    1516786192377798326    5.143306    5.149454    5.153494
344    344    1516786192571718046    5.143345    5.149897    5.156773
345    345    1516786192765777255    5.143373    5.149971    5.153066
346    346    1516786192959965177    5.143391    5.150095    5.149651
347    347    1516786193154111281    5.143412    5.150436    5.150760
348    348    1516786193348140009    5.143442    5.151513    5.153876
349    349    1516786193553352242    5.142627    5.123260    4.873004
350    350    1516786193748422451    5.142580    5.121221    5.126359
351    351    1516786193942597663    5.142601    5.121174    5.149988
352    352    1516786194136814278    5.142619    5.120173    5.148890
353    353    1516786194331012480    5.142638    5.119767    5.149378
354    354    1516786194525186489    5.142659    5.119100    5.150020
355    355    1516786194719306788    5.142684    5.118939    5.151445
356    356    1516786194913345049    5.142714    5.119332    5.153623
357    357    1516786195107190122    5.142759    5.120121    5.158759
358    358    1516786195301467516    5.142771    5.119469    5.147279
359    359    1516786195495739960    5.142784    5.148303    5.147410
360    360    1516786195690311173    5.142775    5.149625    5.139506
361    361    1516786195884571721    5.142789    5.149399    5.147726
362    362    1516786196079366502    5.142763    5.147867    5.133608
363    363    1516786196273803493    5.142764    5.147234    5.143054
364    364    1516786196468092947    5.142776    5.146928    5.146960
365    365    1516786196662416098    5.142785    5.146391    5.146067
366    366    1516786196856823027    5.142788    5.145415    5.143850
367    367    1516786197051234801    5.142790    5.143915    5.143721
368    368    1516786197245640039    5.142793    5.143577    5.143894
369    369    1516786197440407863    5.142770    5.142266    5.134318
370    370    1516786197635351533    5.142735    5.141282    5.129687
371    371    1516786197829810785    5.142734    5.140757    5.142466
372    372    1516786198024113433    5.142745    5.142057    5.146610
373    373    1516786198218513833    5.142748    5.142154    5.144022
374    374    1516786198412759546    5.142762    5.142270    5.148119
375    375    1516786198617258652    5.142055    5.115501    4.889997
376    376    1516786198811569250    5.142067    5.115754    5.146400
377    377    1516786199005843284    5.142081    5.116114    5.147368
378    378    1516786199200043574    5.142100    5.116651    5.149323
379    379    1516786199393970417    5.142138    5.118853    5.156584
380    380    1516786199588255195    5.142151    5.120580    5.147084
381    381    1516786199782907307    5.142138    5.120075    5.137370
382    382    1516786199976907844    5.142171    5.120867    5.154625
383    383    1516786200172073926    5.142123    5.118859    5.123841
384    384    1516786200366248629    5.142143    5.119046    5.150001
385    385    1516786200560585242    5.142153    5.145815    5.145711
386    386    1516786200754798074    5.142170    5.146074    5.148990
387    387    1516786200950557817    5.142082    5.142143    5.108303
388    388    1516786201145182553    5.142072    5.141021    5.138093
389    389    1516786201339631927    5.142074    5.139640    5.142727
390    390    1516786201534159162    5.142070    5.138999    5.140668
391    391    1516786201729303009    5.142025    5.137702    5.124425
392    392    1516786201923892677    5.142017    5.136147    5.139019
393    393    1516786202118565227    5.142004    5.137449    5.136831
394    394    1516786202313538704    5.141971    5.135342    5.128903
395    395    1516786202508156461    5.141962    5.134601    5.138277
396    396    1516786202702532200    5.141969    5.134171    5.144675
397    397    1516786202897111652    5.141962    5.137284    5.139289
398    398    1516786203091370967    5.141976    5.138248    5.147758
399    399    1516786203285908774    5.141972    5.138015    5.140389
400    400    1516786203480366840    5.141974    5.138198    5.142497
401    401    1516786203689215504    5.141029    5.102269    4.788156
402    402    1516786203883790962    5.141025    5.102306    5.139394
403    403    1516786204078097413    5.141038    5.103259    5.146510
404    404    1516786204272670010    5.141034    5.104303    5.139470
405    405    1516786204466697110    5.141066    5.105843    5.153919
406    406    1516786204660699136    5.141099    5.106817    5.154585
407    407    1516786204855150347    5.141103    5.107152    5.142678
408    408    1516786205049168382    5.141135    5.107781    5.154160
409    409    1516786205243453712    5.141149    5.108439    5.147069
410    410    1516786205437493614    5.141179    5.109531    5.153579
411    411    1516786205631655855    5.141202    5.148163    5.150332
412    412    1516786205826519628    5.141179    5.147399    5.131790
413    413    1516786206020837468    5.141191    5.147369    5.146208
414    414    1516786206215167766    5.141202    5.148011    5.145878
415    415    1516786206409655545    5.141203    5.146791    5.141711
416    416    1516786206603978361    5.141215    5.145941    5.146076
417    417    1516786206798478771    5.141215    5.145811    5.141377
418    418    1516786206992823222    5.141226    5.144946    5.145503
419    419    1516786207187099517    5.141240    5.144970    5.147308
420    420    1516786207381560288    5.141243    5.143857    5.142425
421    421    1516786207576137127    5.141238    5.142760    5.139358
422    422    1516786207771004676    5.141216    5.142750    5.131691
423    423    1516786207965498601    5.141217    5.142284    5.141549
424    424    1516786208159912592    5.141222    5.142063    5.143663
425    425    1516786208354690249    5.141206    5.141296    5.134059
426    426    1516786208562986792    5.140352    5.104623    4.800848
427    427    1516786208757725211    5.140340    5.104003    5.135094
428    428    1516786208952347119    5.140335    5.103281    5.138168
429    429    1516786209146951140    5.140331    5.102427    5.138640
430    430    1516786209341748474    5.140315    5.101551    5.133540
431    431    1516786209536330941    5.140312    5.101536    5.139209
432    432    1516786209731092780    5.140299    5.101811    5.134476
433    433    1516786209925480235    5.140308    5.102089    5.144365
434    434    1516786210119701496    5.140328    5.102590    5.148767
435    435    1516786210314184854    5.140331    5.103357    5.141828
436    436    1516786210508622287    5.140337    5.139709    5.143043
437    437    1516786210703056078    5.140344    5.140514    5.143139
438    438    1516786210897718736    5.140336    5.140406    5.137092
439    439    1516786211092125061    5.140344    5.140928    5.143866
440    440    1516786211286699980    5.140342    5.141516    5.139409
441    441    1516786211480955612    5.140359    5.142381    5.147856
442    442    1516786211675498035    5.140359    5.142961    5.140267
443    443    1516786211870374307    5.140339    5.141668    5.131461
444    444    1516786212064699054    5.140352    5.141395    5.146025
445    445    1516786212259160076    5.140356    5.141454    5.142419
446    446    1516786212453542727    5.140366    5.141598    5.144492
447    447    1516786212648080713    5.140366    5.141323    5.140384
448    448    1516786212842688052    5.140362    5.141469    5.138552
449    449    1516786213037047241    5.140372    5.141594    5.145113
450    450    1516786213231597993    5.140371    5.141658    5.140047
451    451    1516786213425850516    5.140388    5.141666    5.147938
452    452    1516786213634130476    5.139587    5.105603    4.801230
453    453    1516786213833626491    5.139300    5.093589    5.012631
454    454    1516786214028196047    5.139301    5.092954    5.139550
455    455    1516786214223046713    5.139285    5.091944    5.132135
456    456    1516786214417576745    5.139288    5.091561    5.140594
457    457    1516786214612145543    5.139288    5.091482    5.139570
458    458    1516786214806756794    5.139286    5.091471    5.138449
459    459    1516786215000985120    5.139307    5.091811    5.148580
460    460    1516786215195134063    5.139331    5.092853    5.150685
461    461    1516786215389776155    5.139328    5.091843    5.137635
462    462    1516786215584486717    5.139320    5.127268    5.135828
463    463    1516786215779442002    5.139299    5.139233    5.129381
464    464    1516786215973869913    5.139307    5.139607    5.143294
465    465    1516786216168062932    5.139329    5.141346    5.149516
466    466    1516786216362438288    5.139340    5.141754    5.144685
467    467    1516786216556599205    5.139364    5.142833    5.150367
468    468    1516786216750917101    5.139379    5.143609    5.146206
469    469    1516786216945187625    5.139396    5.143497    5.147461
470    470    1516786217139418063    5.139415    5.143281    5.148524
471    471    1516786217333987945    5.139415    5.143472    5.139542
472    472    1516786217528023846    5.139445    5.145258    5.153685
473    473    1516786217722667712    5.139441    5.146082    5.137588
474    474    1516786217917349011    5.139436    5.145412    5.136600
475    475    1516786218111643232    5.139451    5.145144    5.146833
476    476    1516786218306335487    5.139444    5.144305    5.136311
477    477    1516786218500693292    5.139456    5.143784    5.145150
478    478    1516786218709352684    5.138680    5.106117    4.792499
479    479    1516786218903907501    5.138682    5.105375    5.139940
480    480    1516786219098404581    5.138688    5.104680    5.141465
481    481    1516786219293117997    5.138682    5.104306    5.135753
482    482    1516786219487629781    5.138687    5.103067    5.141077
483    483    1516786219682454826    5.138675    5.102595    5.132810
484    484    1516786219877506073    5.138650    5.101632    5.126858
485    485    1516786220072082372    5.138652    5.100898    5.139372
486    486    1516786220266780664    5.138647    5.100883    5.136152
487    487    1516786220461088442    5.138663    5.101012    5.146474
488    488    1516786220655495266    5.138673    5.138370    5.143852
489    489    1516786220849916048    5.138683    5.138724    5.143483
490    490    1516786221044300116    5.138695    5.139022    5.144455
491    491    1516786221238687105    5.138706    5.139884    5.144377
492    492    1516786221432872612    5.138729    5.140746    5.149715
493    493    1516786221627324323    5.138737    5.141733    5.142665
494    494    1516786221822287486    5.138717    5.141966    5.129174
495    495    1516786222016832722    5.138720    5.142048    5.140193
496    496    1516786222211193441    5.138733    5.142941    5.145073
497    497    1516786222405574700    5.138745    5.142746    5.144529
498    498    1516786222599872499    5.138761    5.143035    5.146739
499    499    1516786222794212592    5.138774    5.143249    5.145619
500    500    1516786222988395380    5.138796    5.143781    5.149787
501    501    1516786223182762355    5.138808    5.143834    5.144907
502    502    1516786223377413672    5.138806    5.142601    5.137391
503    503    1516786223585525365    5.138098    5.106728    4.805112
504    504    1516786223780366156    5.138086    5.107047    5.132396
505    505    1516786223975053025    5.138083    5.106678    5.136453
506    506    1516786224169302683    5.138103    5.106967    5.148014
507    507    1516786224363960900    5.138101    5.106245    5.137209
508    508    1516786224558339549    5.138114    5.106034    5.144598
509    509    1516786224752969730    5.138113    5.105278    5.137949
510    510    1516786224947481300    5.138119    5.104421    5.141082
511    511    1516786225142112381    5.138119    5.103733    5.137926
512    512    1516786225336895870    5.138111    5.103389    5.133905
513    513    1516786225531345783    5.138120    5.139220    5.142713
514    514    1516786225726190404    5.138108    5.139210    5.132295
515    515    1516786225920999153    5.138099    5.138888    5.133240
516    516    1516786226115440876    5.138108    5.138381    5.142929
517    517    1516786226309842724    5.138119    5.139059    5.143984
518    518    1516786226504121423    5.138137    5.139322    5.147245
519    519    1516786226698224310    5.138163    5.140716    5.151907
520    520    1516786226892319610    5.138190    5.141816    5.152108
521    521    1516786227086105235    5.138232    5.144052    5.160341
522    522    1516786227280077784    5.138265    5.146199    5.155369
523    523    1516786227474092186    5.138295    5.147352    5.154257
524    524    1516786227668276361    5.138317    5.149103    5.149750
525    525    1516786227862697931    5.138327    5.150130    5.143462
526    526    1516786228056957819    5.138345    5.150612    5.147743
527    527    1516786228251525852    5.138347    5.150171    5.139590
528    528    1516786228445721327    5.138368    5.150392    5.149451
529    529    1516786228654011563    5.137687    5.113031    4.800993
530    530    1516786228848350276    5.137702    5.112394    5.145655
531    531    1516786229042527240    5.137725    5.111372    5.149941
532    532    1516786229236932016    5.137736    5.110243    5.143907
533    533    1516786229431045100    5.137762    5.109985    5.151636
534    534    1516786229625020180    5.137795    5.110531    5.155301
535    535    1516786229819492179    5.137803    5.110399    5.142128
536    536    1516786230014084333    5.137805    5.109531    5.138953
537    537    1516786230208267027    5.137827    5.110538    5.149790
538    538    1516786230402575807    5.137843    5.110242    5.146448
539    539    1516786230596840116    5.137862    5.147135    5.147626
540    540    1516786230791186139    5.137876    5.147115    5.145462
541    541    1516786230985485599    5.137892    5.146791    5.146695
542    542    1516786231180149940    5.137890    5.146103    5.137048
543    543    1516786231374640926    5.137897    5.145103    5.141626
544    544    1516786231569101119    5.137905    5.143819    5.142441
545    545    1516786231764155239    5.137885    5.142279    5.126782
546    546    1516786231958961915    5.137877    5.141712    5.133294
547    547    1516786232153501416    5.137881    5.140769    5.140344
548    548    1516786232348071898    5.137884    5.140077    5.139526
549    549    1516786232542417365    5.137898    5.139863    5.145476
550    550    1516786232736836272    5.137908    5.139670    5.143533
551    551    1516786232931068263    5.137927    5.139848    5.148482
552    552    1516786233125219692    5.137950    5.141204    5.150619
553    553    1516786233319671529    5.137959    5.141307    5.142662
554    554    1516786233513994582    5.137973    5.141670    5.146070
555    555    1516786233723198286    5.137281    5.104533    4.780030
556    556    1516786233917770504    5.137285    5.105144    5.139480
557    557    1516786234112420636    5.137286    5.104856    5.137423
558    558    1516786234306870674    5.137295    5.105170    5.142709
559    559    1516786234501385109    5.137302    5.104730    5.141007
560    560    1516786234695773569    5.137314    5.104809    5.144338
561    561    1516786234890357131    5.137318    5.103893    5.139180
562    562    1516786235084684087    5.137333    5.103436    5.145966
563    563    1516786235279201669    5.137339    5.103264    5.140923
564    564    1516786235473335941    5.137364    5.103756    5.151074
565    565    1516786235667493794    5.137387    5.143251    5.150448
566    566    1516786235862159122    5.137386    5.143005    5.137022
567    567    1516786236057014572    5.137377    5.142462    5.132009
568    568    1516786236251527894    5.137383    5.142294    5.141036
569    569    1516786236445631538    5.137408    5.143381    5.151887
570    570    1516786236639768135    5.137432    5.144047    5.151012
571    571    1516786236834168457    5.137444    5.144532    5.144024
572    572    1516786237028389722    5.137463    5.144812    5.148767
573    573    1516786237222833185    5.137473    5.145008    5.142883
574    574    1516786237417036580    5.137493    5.144825    5.149241
575    575    1516786237611313813    5.137510    5.144509    5.147284
576    576    1516786237806163574    5.137501    5.144021    5.132159
577    577    1516786238000746364    5.137504    5.144742    5.139201
578    578    1516786238195051090    5.137519    5.145295    5.146555
579    579    1516786238389192007    5.137542    5.145196    5.150898
580    580    1516786238596901215    5.136949    5.109514    4.814423
581    581    1516786238791205971    5.136966    5.109764    5.146554
582    582    1516786238985612896    5.136977    5.109279    5.143850
583    583    1516786239180325461    5.136975    5.108577    5.135775
584    584    1516786239375195623    5.136966    5.106837    5.131622
585    585    1516786239569829719    5.136968    5.105907    5.137846
586    586    1516786239764758190    5.136956    5.105702    5.130087
587    587    1516786239959713602    5.136943    5.104731    5.129378
588    588    1516786240154481767    5.136938    5.103523    5.134309
589    589    1516786240348916919    5.136949    5.102757    5.143103
590    590    1516786240543223400    5.136965    5.137896    5.146509
591    591    1516786240737735285    5.136972    5.137349    5.141074
592    592    1516786240932133296    5.136984    5.137372    5.144086
593    593    1516786241126410150    5.137001    5.138523    5.147294
594    594    1516786241320921840    5.137008    5.139469    5.141079
595    595    1516786241515135346    5.137028    5.140581    5.148972
596    596    1516786241708997025    5.137064    5.143401    5.158317
597    597    1516786241903292363    5.137080    5.145148    5.146804
598    598    1516786242097560599    5.137097    5.146472    5.147522
599    599    1516786242292017893    5.137106    5.146413    5.142517
600    600    1516786242486118811    5.137131    5.146957    5.151959
601    601    1516786242680363496    5.137149    5.147666    5.148146
602    602    1516786242874816470    5.137158    5.147520    5.142632
603    603    1516786243068863872    5.137185    5.148128    5.153380
604    604    1516786243262994630    5.137208    5.149137    5.151167
605    605    1516786243456724749    5.137249    5.150419    5.161820
606    606    1516786243664831180    5.136664    5.112908    4.805234
607    607    1516786243859302999    5.136673    5.112447    5.142133
608    608    1516786244053610683    5.136689    5.112343    5.146477
609    609    1516786244247982517    5.136702    5.112567    5.144778
610    610    1516786244442054971    5.136728    5.112641    5.152715
611    611    1516786244636253656    5.136749    5.112761    5.149365
612    612    1516786244830826186    5.136753    5.112449    5.139472
613    613    1516786245024912909    5.136779    5.112347    5.152336
614    614    1516786245219096627    5.136800    5.112208    5.149762
615    615    1516786245413552991    5.136809    5.110311    5.142542
616    616    1516786245608014312    5.136818    5.146195    5.142411
617    617    1516786245802705318    5.136817    5.145615    5.136344
618    618    1516786245997783394    5.136800    5.143576    5.126153
619    619    1516786246192750158    5.136788    5.142003    5.129079
620    620    1516786246387635220    5.136779    5.139854    5.131230
621    621    1516786246582232890    5.136782    5.138801    5.138808
622    622    1516786246777087662    5.136774    5.138056    5.132027
623    623    1516786246971416838    5.136789    5.137415    5.145908
624    624    1516786247165813263    5.136801    5.136855    5.144128
625    625    1516786247360519242    5.136799    5.136196    5.135949
626    626    1516786247554886236    5.136812    5.136445    5.144906
627    627    1516786247749569294    5.136812    5.136466    5.136554
628    628    1516786247944412726    5.136805    5.137085    5.132326
629    629    1516786248139433244    5.136790    5.136943    5.127666
630    630    1516786248334032520    5.136793    5.137697    5.138765
631    631    1516786248535906401    5.136493    5.118563    4.953588
632    632    1516786248736692399    5.136238    5.103070    4.980427
633    633    1516786248930929981    5.136257    5.103309    5.148334
634    634    1516786249125154168    5.136277    5.103757    5.148689
635    635    1516786249319790469    5.136279    5.103939    5.137788
636    636    1516786249514020865    5.136298    5.104295    5.148525
637    637    1516786249708236745    5.136318    5.105512    5.148910
638    638    1516786249903012189    5.136315    5.105689    5.134117
639    639    1516786250097617649    5.136318    5.106771    5.138602
640    640    1516786250292233827    5.136321    5.106727    5.138319
641    641    1516786250486403613    5.136343    5.126898    5.150132
642    642    1516786250680571261    5.136364    5.144353    5.150189
643    643    1516786250874956150    5.136377    5.143963    5.144433
644    644    1516786251069029943    5.136402    5.144361    5.152679
645    645    1516786251263279297    5.136420    5.145386    5.148022
646    646    1516786251457064505    5.136457    5.146564    5.160353
647    647    1516786251651023160    5.136486    5.147246    5.155738
648    648    1516786251845180533    5.136508    5.148884    5.150461
649    649    1516786252039576883    5.136520    5.149439    5.144130
650    650    1516786252233993514    5.136530    5.149968    5.143593
651    651    1516786252427901200    5.136562    5.150663    5.157093
652    652    1516786252621887909    5.136590    5.151143    5.154992
653    653    1516786252816240742    5.136603    5.151228    5.145281
654    654    1516786253010305459    5.136628    5.151252    5.152920
655    655    1516786253204476678    5.136649    5.151460    5.150094
656    656    1516786253398923261    5.136658    5.149705    5.142801
657    657    1516786253607007041    5.136120    5.112517    4.805757
658    658    1516786253801673820    5.136122    5.111186    5.136983
659    659    1516786253996328482    5.136124    5.110511    5.137303
660    660    1516786254191378458    5.136110    5.108857    5.126891
661    661    1516786254386046996    5.136111    5.106872    5.136937
662    662    1516786254580652366    5.136115    5.105259    5.138604
663    663    1516786254775413593    5.136112    5.104195    5.134492
664    664    1516786254969961604    5.136118    5.102936    5.140119
665    665    1516786255164537088    5.136123    5.101883    5.139394
666    666    1516786255359486976    5.136113    5.100574    5.129523
667    667    1516786255554046642    5.136119    5.136002    5.139811
668    668    1516786255748740730    5.136119    5.135931    5.136263
669    669    1516786255943561600    5.136114    5.135492    5.132920
670    670    1516786256138290827    5.136113    5.136338    5.135336
671    671    1516786256333316457    5.136100    5.135396    5.127531
672    672    1516786256527952207    5.136103    5.135316    5.137802
673    673    1516786256722475762    5.136110    5.135942    5.140766
674    674    1516786256917043282    5.136115    5.135891    5.139604
675    675    1516786257111473908    5.136125    5.136273    5.143223
676    676    1516786257306253901    5.136122    5.136722    5.133998
677    677    1516786257500653386    5.136134    5.137145    5.144047
678    678    1516786257695029548    5.136146    5.137984    5.144664
679    679    1516786257889593726    5.136152    5.138661    5.139692
680    680    1516786258084450579    5.136145    5.138325    5.131972
681    681    1516786258279194720    5.136144    5.139068    5.134943
682    682    1516786258473632400    5.136154    5.139591    5.143036
683    683    1516786258682602870    5.135603    5.101710    4.785365
684    684    1516786258877389422    5.135601    5.101140    5.133825
685    685    1516786259071817280    5.135612    5.101147    5.143296
686    686    1516786259266633294    5.135608    5.101054    5.133048
687    687    1516786259461278191    5.135611    5.100415    5.137561
688    688    1516786259655428974    5.135633    5.101001    5.150636
689    689    1516786259849909598    5.135642    5.101219    5.141900
690    690    1516786260045507776    5.135608    5.099290    5.112522
691    691    1516786260240652256    5.135592    5.098249    5.124408
692    692    1516786260435171170    5.135600    5.098039    5.140888
693    693    1516786260629545348    5.135613    5.136259    5.144716
694    694    1516786260823933530    5.135625    5.137310    5.144346
695    695    1516786261018462785    5.135633    5.137043    5.140615
696    696    1516786261212956880    5.135641    5.137892    5.141544
697    697    1516786261407603681    5.135644    5.137887    5.137511
698    698    1516786261602041208    5.135654    5.137130    5.143040
699    699    1516786261798084228    5.135604    5.133010    5.100921
700    700    1516786261992974188    5.135598    5.134877    5.131101
701    701    1516786262187598271    5.135601    5.136249    5.138110
702    702    1516786262382488377    5.135595    5.135270    5.131097
703    703    1516786262576759493    5.135612    5.135542    5.147446
704    704    1516786262771221084    5.135621    5.135348    5.142404
705    705    1516786262965376983    5.135642    5.136333    5.150500
706    706    1516786263159389708    5.135669    5.137603    5.154301
707    707    1516786263354003564    5.135673    5.137691    5.138380
708    708    1516786263562288969    5.135168    5.101396    4.801105
709    709    1516786263756586464    5.135184    5.105943    5.146747
710    710    1516786263950809645    5.135203    5.107681    5.148716
711    711    1516786264145042273    5.135222    5.108703    5.148466
712    712    1516786264339435521    5.135234    5.110000    5.144212
713    713    1516786264533273930    5.135267    5.111130    5.158936
714    714    1516786264727332534    5.135292    5.112183    5.153083
715    715    1516786264921116678    5.135327    5.113155    5.160381
716    716    1516786265114919554    5.135361    5.113703    5.159882
717    717    1516786265309263551    5.135375    5.114409    5.145515
718    718    1516786265503276077    5.135401    5.152018    5.154306
719    719    1516786265697231630    5.135430    5.152925    5.155820
720    720    1516786265891263042    5.135455    5.153435    5.153805
721    721    1516786266085707274    5.135465    5.152873    5.142863
722    722    1516786266280595396    5.135459    5.151559    5.131149
723    723    1516786266474828428    5.135477    5.150512    5.148455
724    724    1516786266668930284    5.135500    5.150397    5.151934
725    725    1516786266863231885    5.135515    5.149025    5.146638
726    726    1516786267057158536    5.135544    5.148697    5.156589
727    727    1516786267251516468    5.135557    5.148660    5.145146
728    728    1516786267445702597    5.135577    5.148200    5.149698
729    729    1516786267639812932    5.135599    5.147790    5.151709
730    730    1516786267834134544    5.135613    5.147021    5.146108
731    731    1516786268028529994    5.135625    5.147150    5.144153
732    732    1516786268223024830    5.135633    5.148192    5.141525
733    733    1516786268417195325    5.135652    5.148358    5.150113
734    734    1516786268625261127    5.135173    5.111610    4.806172
735    735    1516786268819825965    5.135179    5.110922    5.139675
736    736    1516786269014193903    5.135193    5.109770    5.144881
737    737    1516786269208612378    5.135204    5.109612    5.143544
738    738    1516786269403254638    5.135207    5.108421    5.137630
739    739    1516786269597514582    5.135224    5.108031    5.147742
740    740    1516786269792135725    5.135228    5.107249    5.138188
741    741    1516786269986370900    5.135246    5.107667    5.148398
742    742    1516786270180859369    5.135254    5.107684    5.141693
743    743    1516786270375209876    5.135268    5.107214    5.145343
744    744    1516786270569115552    5.135297    5.144418    5.157147
745    745    1516786270763241093    5.135319    5.145581    5.151306
746    746    1516786270957480914    5.135336    5.145920    5.148275
747    747    1516786271151657664    5.135355    5.146561    5.149947
748    748    1516786271346116941    5.135365    5.147045    5.142465
749    749    1516786271540502689    5.135377    5.146712    5.144410
750    750    1516786271734907304    5.135388    5.147285    5.143911
751    751    1516786271928995640    5.135411    5.147675    5.152293
752    752    1516786272123502545    5.135418    5.147625    5.141206
753    753    1516786272318465771    5.135410    5.146003    5.129172
754    754    1516786272512444996    5.135436    5.145808    5.155191
755    755    1516786272706264417    5.135468    5.146618    5.159442
756    756    1516786272900340846    5.135490    5.147051    5.152609
757    757    1516786273094181644    5.135521    5.147942    5.158873
758    758    1516786273288315949    5.135541    5.148803    5.151073
759    759    1516786273482257308    5.135569    5.149981    5.156198
760    760    1516786273690378526    5.135104    5.113857    4.804892
761    761    1516786273884618343    5.135121    5.113461    5.148275
762    762    1516786274078963180    5.135135    5.113884    5.145493
763    763    1516786274273534573    5.135141    5.114910    5.139502
764    764    1516786274467828108    5.135156    5.114088    5.146852
765    765    1516786274662001576    5.135175    5.113162    5.150034
766    766    1516786274856267153    5.135191    5.112667    5.147592
767    767    1516786275050370025    5.135213    5.111982    5.151907
768    768    1516786275244681170    5.135228    5.111520    5.146385
769    769    1516786275438942378    5.135244    5.110684    5.147708
770    770    1516786275633051179    5.135265    5.147548    5.151750
771    771    1516786275827526901    5.135274    5.146923    5.142030
772    772    1516786276021929040    5.135285    5.146770    5.143976
773    773    1516786276216833100    5.135279    5.145890    5.130729
774    774    1516786276411776155    5.135272    5.144171    5.129703
775    775    1516786276606200736    5.135282    5.143506    5.143383
776    776    1516786276800763924    5.135288    5.142719    5.139718
777    777    1516786276995143649    5.135300    5.141987    5.144569
778    778    1516786277189519282    5.135312    5.141816    5.144678
779    779    1516786277386104275    5.135249    5.135680    5.086858
780    780    1516786277580439777    5.135263    5.135082    5.145740
781    781    1516786277774525391    5.135285    5.136111    5.152365
782    782    1516786277968416403    5.135313    5.137459    5.157537
783    783    1516786278162496462    5.135335    5.139635    5.152513
784    784    1516786278357224935    5.135335    5.140202    5.135356
785    785    1516786278561983692    5.134998    5.113042    4.883796
786    786    1516786278756431389    5.135008    5.113344    5.142771
787    787    1516786278950601089    5.135027    5.113893    5.150134
788    788    1516786279144942131    5.135041    5.113983    5.145593
789    789    1516786279339090818    5.135060    5.120363    5.150692
790    790    1516786279533235170    5.135080    5.120864    5.150807
791    791    1516786279727543315    5.135095    5.120281    5.146465
792    792    1516786279921949479    5.135106    5.118930    5.143870
793    793    1516786280116135440    5.135124    5.118653    5.149703
794    794    1516786280310401373    5.135140    5.119865    5.147583
795    795    1516786280504587817    5.135158    5.147729    5.149690
796    796    1516786280698566576    5.135183    5.148972    5.155204
797    797    1516786280892639454    5.135205    5.149229    5.152704
798    798    1516786281086590548    5.135231    5.150263    5.155939
799    799    1516786281280466477    5.135259    5.150987    5.157938
800    800    1516786281474386715    5.135286    5.151581    5.156759
801    801    1516786281668245307    5.135314    5.152775    5.158399
802    802    1516786281862062658    5.135344    5.154339    5.159497
803    803    1516786282056101574    5.135367    5.154729    5.153605
804    804    1516786282250127042    5.135390    5.155368    5.153963
805    805    1516786282444359704    5.135406    5.155245    5.148465
806    806    1516786282638235633    5.135434    5.155519    5.157938
807    807    1516786282831945684    5.135467    5.156483    5.162355
808    808    1516786283025881346    5.135493    5.156525    5.156349
809    809    1516786283219736934    5.135521    5.156579    5.158479
810    810    1516786283413639175    5.135548    5.156626    5.157238
811    811    1516786283618170044    5.135229    5.128403    4.889238
812    812    1516786283812592244    5.135239    5.126813    5.143446
813    813    1516786284006564504    5.135264    5.126988    5.155376
814    814    1516786284200958633    5.135275    5.126019    5.144188
815    815    1516786284395525406    5.135280    5.125141    5.139624
816    816    1516786284589866827    5.135293    5.123919    5.145583
817    817    1516786284784024349    5.135311    5.122744    5.150457
818    818    1516786284978030256    5.135334    5.122560    5.154482
819    819    1516786285172262903    5.135350    5.121571    5.148465
820    820    1516786285366431976    5.135368    5.120871    5.150151
821    821    1516786285560511814    5.135389    5.148425    5.152519
822    822    1516786285755646540    5.135376    5.146537    5.124664
823    823    1516786285949926308    5.135390    5.145722    5.147216
824    824    1516786286144663785    5.135390    5.144814    5.135118
825    825    1516786286339184280    5.135397    5.144936    5.140846
826    826    1516786286533491683    5.135410    5.145026    5.146484
827    827    1516786286727698491    5.135427    5.144896    5.149150
828    828    1516786286921770914    5.135447    5.144719    5.152716
829    829    1516786287115895466    5.135467    5.145005    5.151332
830    830    1516786287310113096    5.135483    5.144877    5.148863
831    831    1516786287504358763    5.135498    5.144438    5.148120
832    832    1516786287698522017    5.135516    5.147010    5.150305
833    833    1516786287892562444    5.135537    5.147645    5.153565
834    834    1516786288086765899    5.135553    5.149060    5.149239
835    835    1516786288281306465    5.135559    5.149006    5.140316
836    836    1516786288475638765    5.135571    5.148941    5.145825
837    837    1516786288679629455    5.135280    5.123132    4.902185
838    838    1516786288874015907    5.135290    5.122308    5.144391
839    839    1516786289068542928    5.135297    5.121252    5.140674
840    840    1516786289262820378    5.135311    5.121095    5.147278
841    841    1516786289456925856    5.135331    5.121463    5.151838
842    842    1516786289651027628    5.135350    5.121624    5.151936
843    843    1516786289845126228    5.135370    5.121471    5.152021
844    844    1516786290039174902    5.135391    5.121878    5.153346
845    845    1516786290233396647    5.135407    5.122714    5.148754
846    846    1516786290427488587    5.135427    5.123345    5.152197
847    847    1516786290621460003    5.135450    5.149780    5.155399
848    848    1516786290815263981    5.135479    5.151325    5.159853
849    849    1516786291009222729    5.135502    5.152833    5.155735
850    850    1516786291203146721    5.135527    5.153772    5.156660
851    851    1516786291397349201    5.135543    5.153514    5.149265
852    852    1516786291591658351    5.135556    5.152964    5.146438
853    853    1516786291785987452    5.135568    5.152352    5.145910
854    854    1516786291980171451    5.135585    5.151993    5.149755
855    855    1516786292174559520    5.135595    5.151551    5.144349
856    856    1516786292369440003    5.135590    5.149459    5.131350
857    857    1516786292563906586    5.135598    5.148147    5.142272
858    858    1516786292758249923    5.135609    5.146718    5.145533
859    859    1516786292952468112    5.135625    5.146030    5.148848
860    860    1516786293146680429    5.135640    5.145267    5.149004
861    861    1516786293340979289    5.135653    5.145012    5.146711
862    862    1516786293545853011    5.135343    5.117198    4.881055
863    863    1516786293740330382    5.135350    5.116809    5.141986
864    864    1516786293934051804    5.135381    5.118021    5.162052
865    865    1516786294127793012    5.135411    5.119716    5.161525
866    866    1516786294321882762    5.135430    5.121789    5.152256
867    867    1516786294516258995    5.135441    5.122026    5.144662
868    868    1516786294710548667    5.135454    5.122167    5.146954
869    869    1516786294905208631    5.135456    5.121008    5.137163
870    870    1516786295099673759    5.135464    5.120345    5.142310
871    871    1516786295294119206    5.135472    5.119961    5.142831
872    872    1516786295488840366    5.135473    5.146714    5.135549
873    873    1516786295683765067    5.135467    5.145529    5.130186
874    874    1516786295878090227    5.135479    5.143931    5.146014
875    875    1516786296072797402    5.135479    5.141377    5.135918
876    876    1516786296267221987    5.135488    5.140491    5.143382
877    877    1516786296461802283    5.135492    5.139952    5.139267
878    878    1516786296656473700    5.135494    5.138944    5.136861
879    879    1516786296850853391    5.135504    5.139684    5.144570
880    880    1516786297045326814    5.135512    5.139662    5.142091
881    881    1516786297239827553    5.135518    5.139516    5.141369
882    882    1516786297434499556    5.135520    5.139646    5.136845
883    883    1516786297628963477    5.135527    5.140864    5.142342
884    884    1516786297823140043    5.135544    5.141257    5.149952
885    885    1516786298017378509    5.135558    5.142496    5.148311
886    886    1516786298211397504    5.135579    5.143569    5.154135
887    887    1516786298406003222    5.135582    5.143501    5.138595
888    888    1516786298611071665    5.135275    5.116142    4.876421
889    889    1516786298805443069    5.135286    5.116164    5.144790
890    890    1516786298999569870    5.135304    5.117071    5.151272
891    891    1516786299194012181    5.135312    5.117224    5.142914
892    892    1516786299388349747    5.135324    5.118100    5.145686
893    893    1516786299582918960    5.135329    5.117824    5.139559
894    894    1516786299777507679    5.135333    5.116745    5.139044
895    895    1516786299971753530    5.135347    5.116725    5.148115
896    896    1516786300165958466    5.135363    5.116239    5.149200
897    897    1516786300360452500    5.135369    5.116531    5.141546
898    898    1516786300555034078    5.135374    5.144133    5.139233
899    899    1516786300749380400    5.135385    5.144199    5.145454
900    900    1516786300943782990    5.135394    5.143469    5.143964
901    901    1516786301138202260    5.135403    5.143530    5.143523
902    902    1516786301332324007    5.135421    5.144101    5.151406
903    903    1516786301526496950    5.135437    5.145150    5.150048
904    904    1516786301720683724    5.135453    5.146214    5.149681
905    905    1516786301914703016    5.135473    5.146814    5.154127
906    906    1516786302108620796    5.135497    5.147575    5.156825
907    907    1516786302302706211    5.135515    5.148658    5.152371
908    908    1516786302496801691    5.135534    5.149947    5.152103
909    909    1516786302690605560    5.135560    5.151386    5.159856
910    910    1516786302884376315    5.135588    5.153063    5.160737
911    911    1516786303078305358    5.135611    5.154366    5.156525
912    912    1516786303272361664    5.135630    5.154539    5.153144
913    913    1516786303466618923    5.135643    5.154315    5.147813
914    914    1516786303671051143    5.135363    5.127239    4.891597
915    915    1516786303865629425    5.135367    5.125770    5.139320
916    916    1516786304060298117    5.135369    5.123798    5.136933
917    917    1516786304254819920    5.135375    5.122652    5.140812
918    918    1516786304449597116    5.135374    5.120864    5.134071
919    919    1516786304644234155    5.135376    5.118680    5.137768
920    920    1516786304838672417    5.135384    5.116932    5.143021
921    921    1516786305033183788    5.135391    5.115407    5.141088
922    922    1516786305227536174    5.135401    5.114633    5.145293
923    923    1516786305421892509    5.135412    5.114374    5.145189
924    924    1516786305616314693    5.135421    5.140692    5.143446
925    925    1516786305810645219    5.135432    5.141346    5.145872
926    926    1516786306005390448    5.135431    5.141144    5.134914
927    927    1516786306199974066    5.135435    5.140981    5.139179
928    928    1516786306394596686    5.135438    5.141389    5.138149
929    929    1516786306589272360    5.135440    5.141287    5.136749
930    930    1516786306783573781    5.135452    5.141649    5.146643
931    931    1516786306977952043    5.135461    5.142001    5.144608
932    932    1516786307172438528    5.135468    5.141646    5.141745
933    933    1516786307367185055    5.135468    5.140615    5.134880
934    934    1516786307561721166    5.135473    5.140314    5.140434
935    935    1516786307756413119    5.135474    5.139359    5.136319
936    936    1516786307950722483    5.135485    5.140511    5.146432
937    937    1516786308145040570    5.135497    5.141212    5.146201
938    938    1516786308339578241    5.135502    5.141437    5.140393
939    939    1516786308544992079    5.135202    5.113207    4.868221
940    940    1516786308739932021    5.135196    5.111538    5.129785
941    941    1516786308934165800    5.135210    5.111916    5.148435
942    942    1516786309128396481    5.135224    5.112585    5.148517
943    943    1516786309322750063    5.135235    5.113612    5.145261
944    944    1516786309516868179    5.135252    5.114705    5.151503
945    945    1516786309710971054    5.135270    5.116246    5.151907
946    946    1516786309905092346    5.135287    5.116739    5.151418
947    947    1516786310099586069    5.135293    5.116279    5.141554
948    948    1516786310293698406    5.135311    5.117393    5.151656
949    949    1516786310488364502    5.135312    5.145694    5.137001
950    950    1516786310682922064    5.135317    5.146707    5.139867
951    951    1516786310877422177    5.135323    5.146001    5.141385
952    952    1516786311071979090    5.135328    5.145138    5.139884
953    953    1516786311266490694    5.135334    5.144719    5.141081
954    954    1516786311460968512    5.135341    5.143767    5.141975
955    955    1516786311655377211    5.135350    5.142959    5.143803
956    956    1516786311850127168    5.135349    5.141296    5.134789
957    957    1516786312044775946    5.135352    5.140886    5.137458
958    958    1516786312239571480    5.135350    5.139081    5.133588
959    959    1516786312434489179    5.135345    5.138417    5.130370
960    960    1516786312629778840    5.135329    5.136485    5.120599
961    961    1516786312824355750    5.135333    5.136282    5.139356
962    962    1516786313018830459    5.135340    5.136499    5.142057
963    963    1516786313213300841    5.135347    5.136608    5.142171
964    964    1516786313407889739    5.135351    5.136314    5.139039
965    965    1516786313612927730    5.135070    5.108425    4.877145
966    966    1516786313808070958    5.135059    5.107399    5.124441
967    967    1516786314002633740    5.135064    5.107624    5.139729
968    968    1516786314197052606    5.135072    5.108606    5.143534
969    969    1516786314391359086    5.135084    5.110202    5.146509
970    970    1516786314585848365    5.135091    5.112292    5.141672
971    971    1516786314780123898    5.135104    5.113081    5.147329
972    972    1516786314974489447    5.135114    5.113366    5.144945
973    973    1516786315168433753    5.135135    5.114742    5.156119
974    974    1516786315362455744    5.135154    5.116225    5.154055
975    975    1516786315556413724    5.135175    5.145393    5.155756
976    976    1516786315750280630    5.135199    5.148775    5.158178
977    977    1516786315944217788    5.135220    5.150434    5.156309
978    978    1516786316138621596    5.135229    5.150474    5.143932
979    979    1516786316332751897    5.135245    5.150941    5.151179
980    980    1516786316526902916    5.135261    5.151839    5.150630
981    981    1516786316721148392    5.135274    5.151918    5.148125
982    982    1516786316915018163    5.135297    5.153235    5.158102
983    983    1516786317109515306    5.135304    5.151767    5.141464
984    984    1516786317303923101    5.135312    5.150743    5.143827
985    985    1516786317498488197    5.135317    5.149133    5.139668
986    986    1516786317692887457    5.135325    5.147722    5.144053
987    987    1516786317887425169    5.135331    5.146131    5.140391
988    988    1516786318081970532    5.135335    5.145756    5.140189
989    989    1516786318276625951    5.135337    5.144366    5.137283
990    990    1516786318471433196    5.135335    5.142630    5.133279
991    991    1516786318676301087    5.135066    5.114690    4.881194
992    992    1516786318870575045    5.135078    5.113633    5.147370
993    993    1516786319064897351    5.135089    5.114090    5.146090
994    994    1516786319259131437    5.135103    5.114544    5.148427
995    995    1516786319453367222    5.135116    5.115406    5.148382
996    996    1516786319647739150    5.135126    5.115478    5.144776
997    997    1516786319841988339    5.135139    5.116232    5.148027
998    998    1516786320037241255    5.135125    5.114381    5.121562
999    999    1516786320231372227    5.135141    5.115754    5.151162
